[2024-05-07T14:59:56.095Z] [INFO] [MerchantConfig715068771] : "************************ LOGGING START ************************"
[2024-05-07T14:59:56.107Z] [INFO] [ApiClient668808948] : "Authentication Type : http_signature"
[2024-05-07T14:59:56.109Z] [INFO] [ApiClient668808948] : "Request Type : POST"
[2024-05-07T14:59:56.114Z] [INFO] [ApiClient668808948] : "signatureHeader : keyid=\"ea34b9a9-fc29-46df-90c2-f6446f285bb1\", algorithm=\"HmacSHA256\", headers=\"host date request-target digest v-c-merchant-id\", signature=\"crf4kQ7Ihf9+YkGXz43oCqcRjnMxPHm+cZbEy6dqXzM=\""
[2024-05-07T14:59:56.114Z] [INFO] [ApiClient668808948] : "digest : SHA-256=+kOT2GbOSDCFtjtfkYT1GVkbFzNF/MmUsO4jf5VJ3VI="
[2024-05-07T14:59:56.115Z] [INFO] [ApiClient668808948] : "v-c-merchant-id : bc_5808459559"
[2024-05-07T14:59:56.116Z] [INFO] [ApiClient668808948] : "date : Tue, 07 May 2024 14:59:56 GMT"
[2024-05-07T14:59:56.116Z] [INFO] [ApiClient668808948] : "host : apitest.cybersource.com"
[2024-05-07T14:59:56.116Z] [INFO] [ApiClient668808948] : "signature : keyid=\"ea34b9a9-fc29-46df-90c2-f6446f285bb1\", algorithm=\"HmacSHA256\", headers=\"host date request-target digest v-c-merchant-id\", signature=\"crf4kQ7Ihf9+YkGXz43oCqcRjnMxPHm+cZbEy6dqXzM=\""
[2024-05-07T14:59:56.117Z] [INFO] [ApiClient668808948] : "User-Agent : Mozilla/5.0"
[2024-05-07T14:59:56.117Z] [INFO] [ApiClient668808948] : "************************  LOGGING END  ************************"
[2024-05-07T15:09:38.719Z] [INFO] [MerchantConfig382825890] : "************************ LOGGING START ************************"
[2024-05-07T15:10:42.967Z] [INFO] [MerchantConfig887083811] : "************************ LOGGING START ************************"
[2024-05-07T15:10:42.974Z] [INFO] [ApiClient79219680] : "Authentication Type : http_signature"
[2024-05-07T15:10:42.974Z] [INFO] [ApiClient79219680] : "Request Type : POST"
[2024-05-07T15:10:42.976Z] [INFO] [ApiClient79219680] : "signatureHeader : keyid=\"ea34b9a9-fc29-46df-90c2-f6446f285bb1\", algorithm=\"HmacSHA256\", headers=\"host date request-target digest v-c-merchant-id\", signature=\"cVVF30zr3e+n8VVMSDSlj89eBFKWrvsYEpkfUHot+MQ=\""
[2024-05-07T15:10:42.976Z] [INFO] [ApiClient79219680] : "digest : SHA-256=6KrGpYd7MvCxHRfAMXbL1Yv6kvcAhhX7IoKJre8gtBo="
[2024-05-07T15:10:42.976Z] [INFO] [ApiClient79219680] : "v-c-merchant-id : bc_5808459559"
[2024-05-07T15:10:42.976Z] [INFO] [ApiClient79219680] : "date : Tue, 07 May 2024 15:10:42 GMT"
[2024-05-07T15:10:42.976Z] [INFO] [ApiClient79219680] : "host : apitest.cybersource.com"
[2024-05-07T15:10:42.976Z] [INFO] [ApiClient79219680] : "signature : keyid=\"ea34b9a9-fc29-46df-90c2-f6446f285bb1\", algorithm=\"HmacSHA256\", headers=\"host date request-target digest v-c-merchant-id\", signature=\"cVVF30zr3e+n8VVMSDSlj89eBFKWrvsYEpkfUHot+MQ=\""
[2024-05-07T15:10:42.976Z] [INFO] [ApiClient79219680] : "User-Agent : Mozilla/5.0"
[2024-05-07T15:10:42.977Z] [INFO] [ApiClient79219680] : "************************  LOGGING END  ************************"
[2024-05-07T15:28:20.648Z] [INFO] [MerchantConfig728283996] : "************************ LOGGING START ************************"
[2024-05-07T15:28:20.653Z] [INFO] [MerchantConfig700004632] : "************************ LOGGING START ************************"
[2024-05-07T15:28:20.656Z] [INFO] [ApiClient192004371] : "Authentication Type : http_signature"
[2024-05-07T15:28:20.656Z] [INFO] [ApiClient192004371] : "Request Type : POST"
[2024-05-07T15:28:20.658Z] [INFO] [ApiClient192004371] : "signatureHeader : keyid=\"ea34b9a9-fc29-46df-90c2-f6446f285bb1\", algorithm=\"HmacSHA256\", headers=\"host date request-target digest v-c-merchant-id\", signature=\"WL5HUUky20TGPXT6G7/QX3h+Timt32oX+yMx/TM0ctM=\""
[2024-05-07T15:28:20.658Z] [INFO] [ApiClient192004371] : "digest : SHA-256=7+dd7n3DEoKmOc3HabXhpwe/5TFYM6pIeiwXQra4O6c="
[2024-05-07T15:28:20.658Z] [INFO] [ApiClient192004371] : "v-c-merchant-id : bc_5808459559"
[2024-05-07T15:28:20.658Z] [INFO] [ApiClient192004371] : "date : Tue, 07 May 2024 15:28:20 GMT"
[2024-05-07T15:28:20.658Z] [INFO] [ApiClient192004371] : "host : apitest.cybersource.com"
[2024-05-07T15:28:20.658Z] [INFO] [ApiClient192004371] : "signature : keyid=\"ea34b9a9-fc29-46df-90c2-f6446f285bb1\", algorithm=\"HmacSHA256\", headers=\"host date request-target digest v-c-merchant-id\", signature=\"WL5HUUky20TGPXT6G7/QX3h+Timt32oX+yMx/TM0ctM=\""
[2024-05-07T15:28:20.659Z] [INFO] [ApiClient192004371] : "User-Agent : Mozilla/5.0"
[2024-05-07T15:28:20.659Z] [INFO] [ApiClient192004371] : "************************  LOGGING END  ************************"
[2024-05-07T15:28:21.376Z] [INFO] [ApiClient192004371] : "Authentication Type : http_signature"
[2024-05-07T15:28:21.376Z] [INFO] [ApiClient192004371] : "Request Type : POST"
[2024-05-07T15:28:21.377Z] [INFO] [ApiClient192004371] : "signatureHeader : keyid=\"ea34b9a9-fc29-46df-90c2-f6446f285bb1\", algorithm=\"HmacSHA256\", headers=\"host date request-target digest v-c-merchant-id\", signature=\"WCuIT6XR8+q5UP+9BTz82WB8vEXReJtDR2r5xpbXu04=\""
[2024-05-07T15:28:21.377Z] [INFO] [ApiClient192004371] : "digest : SHA-256=7+dd7n3DEoKmOc3HabXhpwe/5TFYM6pIeiwXQra4O6c="
[2024-05-07T15:28:21.377Z] [INFO] [ApiClient192004371] : "v-c-merchant-id : bc_5808459559"
[2024-05-07T15:28:21.377Z] [INFO] [ApiClient192004371] : "date : Tue, 07 May 2024 15:28:21 GMT"
[2024-05-07T15:28:21.377Z] [INFO] [ApiClient192004371] : "host : apitest.cybersource.com"
[2024-05-07T15:28:21.377Z] [INFO] [ApiClient192004371] : "signature : keyid=\"ea34b9a9-fc29-46df-90c2-f6446f285bb1\", algorithm=\"HmacSHA256\", headers=\"host date request-target digest v-c-merchant-id\", signature=\"WCuIT6XR8+q5UP+9BTz82WB8vEXReJtDR2r5xpbXu04=\""
[2024-05-07T15:28:21.377Z] [INFO] [ApiClient192004371] : "User-Agent : Mozilla/5.0"
[2024-05-07T15:28:21.377Z] [INFO] [ApiClient192004371] : "************************  LOGGING END  ************************"
[2024-05-07T15:40:52.473Z] [INFO] [MerchantConfig76986607] : "************************ LOGGING START ************************"
[2024-05-07T15:40:52.476Z] [INFO] [MerchantConfig882548934] : "************************ LOGGING START ************************"
[2024-05-07T15:40:52.479Z] [INFO] [ApiClient323899419] : "Authentication Type : http_signature"
[2024-05-07T15:40:52.479Z] [INFO] [ApiClient323899419] : "Request Type : POST"
[2024-05-07T15:40:52.482Z] [INFO] [ApiClient323899419] : "signatureHeader : keyid=\"ea34b9a9-fc29-46df-90c2-f6446f285bb1\", algorithm=\"HmacSHA256\", headers=\"host date request-target digest v-c-merchant-id\", signature=\"ElfJcegCmfdTXJ+yYKpH9TWoCMMbLfTpAUqXBkqqmjg=\""
[2024-05-07T15:40:52.483Z] [INFO] [ApiClient323899419] : "digest : SHA-256=uWUfVt9EYtxUjRKMTtrn36xsY6hafSkiF0G+380pOz8="
[2024-05-07T15:40:52.483Z] [INFO] [ApiClient323899419] : "v-c-merchant-id : bc_5808459559"
[2024-05-07T15:40:52.483Z] [INFO] [ApiClient323899419] : "date : Tue, 07 May 2024 15:40:52 GMT"
[2024-05-07T15:40:52.483Z] [INFO] [ApiClient323899419] : "host : apitest.cybersource.com"
[2024-05-07T15:40:52.483Z] [INFO] [ApiClient323899419] : "signature : keyid=\"ea34b9a9-fc29-46df-90c2-f6446f285bb1\", algorithm=\"HmacSHA256\", headers=\"host date request-target digest v-c-merchant-id\", signature=\"ElfJcegCmfdTXJ+yYKpH9TWoCMMbLfTpAUqXBkqqmjg=\""
[2024-05-07T15:40:52.483Z] [INFO] [ApiClient323899419] : "User-Agent : Mozilla/5.0"
[2024-05-07T15:40:52.483Z] [INFO] [ApiClient323899419] : "************************  LOGGING END  ************************"
[2024-05-07T15:40:53.181Z] [INFO] [ApiClient323899419] : "Authentication Type : http_signature"
[2024-05-07T15:40:53.182Z] [INFO] [ApiClient323899419] : "Request Type : POST"
[2024-05-07T15:40:53.182Z] [INFO] [ApiClient323899419] : "signatureHeader : keyid=\"ea34b9a9-fc29-46df-90c2-f6446f285bb1\", algorithm=\"HmacSHA256\", headers=\"host date request-target digest v-c-merchant-id\", signature=\"sTXO0m+pxWCXp76b6bNMsDtzY5JqMZ0S4ZtZG7US8ec=\""
[2024-05-07T15:40:53.182Z] [INFO] [ApiClient323899419] : "digest : SHA-256=uWUfVt9EYtxUjRKMTtrn36xsY6hafSkiF0G+380pOz8="
[2024-05-07T15:40:53.182Z] [INFO] [ApiClient323899419] : "v-c-merchant-id : bc_5808459559"
[2024-05-07T15:40:53.182Z] [INFO] [ApiClient323899419] : "date : Tue, 07 May 2024 15:40:53 GMT"
[2024-05-07T15:40:53.182Z] [INFO] [ApiClient323899419] : "host : apitest.cybersource.com"
[2024-05-07T15:40:53.182Z] [INFO] [ApiClient323899419] : "signature : keyid=\"ea34b9a9-fc29-46df-90c2-f6446f285bb1\", algorithm=\"HmacSHA256\", headers=\"host date request-target digest v-c-merchant-id\", signature=\"sTXO0m+pxWCXp76b6bNMsDtzY5JqMZ0S4ZtZG7US8ec=\""
[2024-05-07T15:40:53.182Z] [INFO] [ApiClient323899419] : "User-Agent : Mozilla/5.0"
[2024-05-07T15:40:53.182Z] [INFO] [ApiClient323899419] : "************************  LOGGING END  ************************"
[2024-05-07T17:39:11.147Z] [INFO] [MerchantConfig666248777] : "************************ LOGGING START ************************"
[2024-05-07T17:39:11.154Z] [INFO] [ApiClient894435892] : "Authentication Type : http_signature"
[2024-05-07T17:39:11.151Z] [INFO] [MerchantConfig259583274] : "************************ LOGGING START ************************"
[2024-05-07T17:39:11.154Z] [INFO] [ApiClient894435892] : "Request Type : POST"
[2024-05-07T17:39:11.155Z] [INFO] [ApiClient894435892] : "signatureHeader : keyid=\"ea34b9a9-fc29-46df-90c2-f6446f285bb1\", algorithm=\"HmacSHA256\", headers=\"host date request-target digest v-c-merchant-id\", signature=\"Ttz2+H356hM7OLKnEoj1dklcmzGA5dCtY3CJa7Ih2mI=\""
[2024-05-07T17:39:11.156Z] [INFO] [ApiClient894435892] : "digest : SHA-256=Q3buBqaY0uyFbUpfjvqvgdI70EZz9znaEdgCrbKFEHo="
[2024-05-07T17:39:11.156Z] [INFO] [ApiClient894435892] : "v-c-merchant-id : bc_5808459559"
[2024-05-07T17:39:11.156Z] [INFO] [ApiClient894435892] : "date : Tue, 07 May 2024 17:39:11 GMT"
[2024-05-07T17:39:11.156Z] [INFO] [ApiClient894435892] : "host : apitest.cybersource.com"
[2024-05-07T17:39:11.156Z] [INFO] [ApiClient894435892] : "signature : keyid=\"ea34b9a9-fc29-46df-90c2-f6446f285bb1\", algorithm=\"HmacSHA256\", headers=\"host date request-target digest v-c-merchant-id\", signature=\"Ttz2+H356hM7OLKnEoj1dklcmzGA5dCtY3CJa7Ih2mI=\""
[2024-05-07T17:39:11.157Z] [INFO] [ApiClient894435892] : "User-Agent : Mozilla/5.0"
[2024-05-07T17:39:11.157Z] [INFO] [ApiClient894435892] : "************************  LOGGING END  ************************"
[2024-05-07T17:39:11.973Z] [INFO] [ApiClient894435892] : "Authentication Type : http_signature"
[2024-05-07T17:39:11.973Z] [INFO] [ApiClient894435892] : "Request Type : POST"
[2024-05-07T17:39:11.973Z] [INFO] [ApiClient894435892] : "signatureHeader : keyid=\"ea34b9a9-fc29-46df-90c2-f6446f285bb1\", algorithm=\"HmacSHA256\", headers=\"host date request-target digest v-c-merchant-id\", signature=\"j46OmxMDJK2gM0tCShQuExt+ZflBNaphfswV5RFmEIA=\""
[2024-05-07T17:39:11.973Z] [INFO] [ApiClient894435892] : "digest : SHA-256=Q3buBqaY0uyFbUpfjvqvgdI70EZz9znaEdgCrbKFEHo="
[2024-05-07T17:39:11.973Z] [INFO] [ApiClient894435892] : "v-c-merchant-id : bc_5808459559"
[2024-05-07T17:39:11.974Z] [INFO] [ApiClient894435892] : "date : Tue, 07 May 2024 17:39:11 GMT"
[2024-05-07T17:39:11.974Z] [INFO] [ApiClient894435892] : "host : apitest.cybersource.com"
[2024-05-07T17:39:11.974Z] [INFO] [ApiClient894435892] : "signature : keyid=\"ea34b9a9-fc29-46df-90c2-f6446f285bb1\", algorithm=\"HmacSHA256\", headers=\"host date request-target digest v-c-merchant-id\", signature=\"j46OmxMDJK2gM0tCShQuExt+ZflBNaphfswV5RFmEIA=\""
[2024-05-07T17:39:11.974Z] [INFO] [ApiClient894435892] : "User-Agent : Mozilla/5.0"
[2024-05-07T17:39:11.974Z] [INFO] [ApiClient894435892] : "************************  LOGGING END  ************************"
[2024-05-07T17:51:08.094Z] [INFO] [MerchantConfig669917016] : "************************ LOGGING START ************************"
[2024-05-07T17:51:08.101Z] [INFO] [MerchantConfig685620885] : "************************ LOGGING START ************************"
[2024-05-07T17:51:08.104Z] [INFO] [ApiClient25746829] : "Authentication Type : http_signature"
[2024-05-07T17:51:08.104Z] [INFO] [ApiClient25746829] : "Request Type : POST"
[2024-05-07T17:51:08.107Z] [INFO] [ApiClient25746829] : "signatureHeader : keyid=\"ea34b9a9-fc29-46df-90c2-f6446f285bb1\", algorithm=\"HmacSHA256\", headers=\"host date request-target digest v-c-merchant-id\", signature=\"6xminVCeThDGbodpefc4z8GJIelKPp1OSZ5WmnislTc=\""
[2024-05-07T17:51:08.107Z] [INFO] [ApiClient25746829] : "digest : SHA-256=gVzAPhfr2RV1yPAadVbq+1aznvcR5kqIBkY6+jhf64s="
[2024-05-07T17:51:08.108Z] [INFO] [ApiClient25746829] : "v-c-merchant-id : bc_5808459559"
[2024-05-07T17:51:08.108Z] [INFO] [ApiClient25746829] : "date : Tue, 07 May 2024 17:51:08 GMT"
[2024-05-07T17:51:08.108Z] [INFO] [ApiClient25746829] : "host : apitest.cybersource.com"
[2024-05-07T17:51:08.108Z] [INFO] [ApiClient25746829] : "signature : keyid=\"ea34b9a9-fc29-46df-90c2-f6446f285bb1\", algorithm=\"HmacSHA256\", headers=\"host date request-target digest v-c-merchant-id\", signature=\"6xminVCeThDGbodpefc4z8GJIelKPp1OSZ5WmnislTc=\""
[2024-05-07T17:51:08.108Z] [INFO] [ApiClient25746829] : "User-Agent : Mozilla/5.0"
[2024-05-07T17:51:08.108Z] [INFO] [ApiClient25746829] : "************************  LOGGING END  ************************"
[2024-05-07T17:53:03.547Z] [INFO] [MerchantConfig861209718] : "************************ LOGGING START ************************"
[2024-05-07T17:53:03.561Z] [INFO] [ApiClient397493663] : "Authentication Type : http_signature"
[2024-05-07T17:53:03.556Z] [INFO] [MerchantConfig905165055] : "************************ LOGGING START ************************"
[2024-05-07T17:53:03.561Z] [INFO] [ApiClient397493663] : "Request Type : POST"
[2024-05-07T17:53:03.563Z] [INFO] [ApiClient397493663] : "signatureHeader : keyid=\"ea34b9a9-fc29-46df-90c2-f6446f285bb1\", algorithm=\"HmacSHA256\", headers=\"host date request-target digest v-c-merchant-id\", signature=\"pl4YgSUBRUTTiafVEtVfbiApMlW4iuhfAfn5ZnGSHa0=\""
[2024-05-07T17:53:03.563Z] [INFO] [ApiClient397493663] : "digest : SHA-256=URegSrJFP84VQt9snOWjvuO1JwXjPO4gpNWCPu95tVg="
[2024-05-07T17:53:03.564Z] [INFO] [ApiClient397493663] : "v-c-merchant-id : bc_5808459559"
[2024-05-07T17:53:03.564Z] [INFO] [ApiClient397493663] : "date : Tue, 07 May 2024 17:53:03 GMT"
[2024-05-07T17:53:03.564Z] [INFO] [ApiClient397493663] : "host : apitest.cybersource.com"
[2024-05-07T17:53:03.564Z] [INFO] [ApiClient397493663] : "signature : keyid=\"ea34b9a9-fc29-46df-90c2-f6446f285bb1\", algorithm=\"HmacSHA256\", headers=\"host date request-target digest v-c-merchant-id\", signature=\"pl4YgSUBRUTTiafVEtVfbiApMlW4iuhfAfn5ZnGSHa0=\""
[2024-05-07T17:53:03.565Z] [INFO] [ApiClient397493663] : "User-Agent : Mozilla/5.0"
[2024-05-07T17:53:03.565Z] [INFO] [ApiClient397493663] : "************************  LOGGING END  ************************"
[2024-05-07T17:54:42.596Z] [INFO] [MerchantConfig303790457] : "************************ LOGGING START ************************"
[2024-05-07T17:54:42.602Z] [INFO] [MerchantConfig181437673] : "************************ LOGGING START ************************"
[2024-05-07T17:54:42.605Z] [INFO] [ApiClient866584585] : "Authentication Type : http_signature"
[2024-05-07T17:54:42.605Z] [INFO] [ApiClient866584585] : "Request Type : POST"
[2024-05-07T17:54:42.606Z] [INFO] [ApiClient866584585] : "signatureHeader : keyid=\"ea34b9a9-fc29-46df-90c2-f6446f285bb1\", algorithm=\"HmacSHA256\", headers=\"host date request-target digest v-c-merchant-id\", signature=\"Xx7iHiaRxpWL7t/syKO6CxfU8YsIRBuruL6FXIe1qWY=\""
[2024-05-07T17:54:42.606Z] [INFO] [ApiClient866584585] : "digest : SHA-256=vKNE6Qi9kIiKoSAWzWaxNrjs484bcGoo4xVq1XxtCRg="
[2024-05-07T17:54:42.606Z] [INFO] [ApiClient866584585] : "v-c-merchant-id : bc_5808459559"
[2024-05-07T17:54:42.607Z] [INFO] [ApiClient866584585] : "date : Tue, 07 May 2024 17:54:42 GMT"
[2024-05-07T17:54:42.607Z] [INFO] [ApiClient866584585] : "host : apitest.cybersource.com"
[2024-05-07T17:54:42.607Z] [INFO] [ApiClient866584585] : "signature : keyid=\"ea34b9a9-fc29-46df-90c2-f6446f285bb1\", algorithm=\"HmacSHA256\", headers=\"host date request-target digest v-c-merchant-id\", signature=\"Xx7iHiaRxpWL7t/syKO6CxfU8YsIRBuruL6FXIe1qWY=\""
[2024-05-07T17:54:42.607Z] [INFO] [ApiClient866584585] : "User-Agent : Mozilla/5.0"
[2024-05-07T17:54:42.607Z] [INFO] [ApiClient866584585] : "************************  LOGGING END  ************************"
[2024-05-07T17:56:51.032Z] [INFO] [MerchantConfig853507196] : "************************ LOGGING START ************************"
[2024-05-07T17:56:51.035Z] [INFO] [MerchantConfig682213800] : "************************ LOGGING START ************************"
[2024-05-07T17:56:51.036Z] [INFO] [ApiClient801354186] : "Authentication Type : http_signature"
[2024-05-07T17:56:51.037Z] [INFO] [ApiClient801354186] : "Request Type : POST"
[2024-05-07T17:56:51.037Z] [INFO] [ApiClient801354186] : "signatureHeader : keyid=\"ea34b9a9-fc29-46df-90c2-f6446f285bb1\", algorithm=\"HmacSHA256\", headers=\"host date request-target digest v-c-merchant-id\", signature=\"9V7yeeggW8PAarSvJQopt903CUHBeIdPS8MtEX01qn8=\""
[2024-05-07T17:56:51.037Z] [INFO] [ApiClient801354186] : "digest : SHA-256=iGnMMRIZSbvt5WXOeEZkgVvS6uMQuDm3qi0UfuQA6Tk="
[2024-05-07T17:56:51.037Z] [INFO] [ApiClient801354186] : "v-c-merchant-id : bc_5808459559"
[2024-05-07T17:56:51.037Z] [INFO] [ApiClient801354186] : "date : Tue, 07 May 2024 17:56:51 GMT"
[2024-05-07T17:56:51.037Z] [INFO] [ApiClient801354186] : "host : apitest.cybersource.com"
[2024-05-07T17:56:51.037Z] [INFO] [ApiClient801354186] : "signature : keyid=\"ea34b9a9-fc29-46df-90c2-f6446f285bb1\", algorithm=\"HmacSHA256\", headers=\"host date request-target digest v-c-merchant-id\", signature=\"9V7yeeggW8PAarSvJQopt903CUHBeIdPS8MtEX01qn8=\""
[2024-05-07T17:56:51.037Z] [INFO] [ApiClient801354186] : "User-Agent : Mozilla/5.0"
[2024-05-07T17:56:51.038Z] [INFO] [ApiClient801354186] : "************************  LOGGING END  ************************"
[2024-05-07T18:05:20.824Z] [INFO] [MerchantConfig599007250] : "************************ LOGGING START ************************"
[2024-05-07T18:05:20.827Z] [INFO] [MerchantConfig395957008] : "************************ LOGGING START ************************"
[2024-05-07T18:05:20.829Z] [INFO] [ApiClient373535857] : "Authentication Type : http_signature"
[2024-05-07T18:05:20.829Z] [INFO] [ApiClient373535857] : "Request Type : POST"
[2024-05-07T18:05:20.833Z] [INFO] [ApiClient373535857] : "signatureHeader : keyid=\"ea34b9a9-fc29-46df-90c2-f6446f285bb1\", algorithm=\"HmacSHA256\", headers=\"host date request-target digest v-c-merchant-id\", signature=\"Gw5ocTjU4LwjshfO4/rR7PrtLkSTTfYw6LqUwxmvbVs=\""
[2024-05-07T18:05:20.833Z] [INFO] [ApiClient373535857] : "digest : SHA-256=kC8F87ASxi4qdEyGRIEXMwsZTZT3omvcxK2FA1Vh0eE="
[2024-05-07T18:05:20.833Z] [INFO] [ApiClient373535857] : "v-c-merchant-id : bc_5808459559"
[2024-05-07T18:05:20.833Z] [INFO] [ApiClient373535857] : "date : Tue, 07 May 2024 18:05:20 GMT"
[2024-05-07T18:05:20.833Z] [INFO] [ApiClient373535857] : "host : apitest.cybersource.com"
[2024-05-07T18:05:20.833Z] [INFO] [ApiClient373535857] : "signature : keyid=\"ea34b9a9-fc29-46df-90c2-f6446f285bb1\", algorithm=\"HmacSHA256\", headers=\"host date request-target digest v-c-merchant-id\", signature=\"Gw5ocTjU4LwjshfO4/rR7PrtLkSTTfYw6LqUwxmvbVs=\""
[2024-05-07T18:05:20.834Z] [INFO] [ApiClient373535857] : "User-Agent : Mozilla/5.0"
[2024-05-07T18:05:20.834Z] [INFO] [ApiClient373535857] : "************************  LOGGING END  ************************"
[2024-05-07T18:05:21.553Z] [INFO] [ApiClient373535857] : "Authentication Type : http_signature"
[2024-05-07T18:05:21.554Z] [INFO] [ApiClient373535857] : "Request Type : POST"
[2024-05-07T18:05:21.554Z] [INFO] [ApiClient373535857] : "signatureHeader : keyid=\"ea34b9a9-fc29-46df-90c2-f6446f285bb1\", algorithm=\"HmacSHA256\", headers=\"host date request-target digest v-c-merchant-id\", signature=\"5Lg8OZDwERHWZmf4R5/CJSgD/N6zmbt62/xgMI0FSnM=\""
[2024-05-07T18:05:21.554Z] [INFO] [ApiClient373535857] : "digest : SHA-256=kC8F87ASxi4qdEyGRIEXMwsZTZT3omvcxK2FA1Vh0eE="
[2024-05-07T18:05:21.554Z] [INFO] [ApiClient373535857] : "v-c-merchant-id : bc_5808459559"
[2024-05-07T18:05:21.554Z] [INFO] [ApiClient373535857] : "date : Tue, 07 May 2024 18:05:21 GMT"
[2024-05-07T18:05:21.554Z] [INFO] [ApiClient373535857] : "host : apitest.cybersource.com"
[2024-05-07T18:05:21.554Z] [INFO] [ApiClient373535857] : "signature : keyid=\"ea34b9a9-fc29-46df-90c2-f6446f285bb1\", algorithm=\"HmacSHA256\", headers=\"host date request-target digest v-c-merchant-id\", signature=\"5Lg8OZDwERHWZmf4R5/CJSgD/N6zmbt62/xgMI0FSnM=\""
[2024-05-07T18:05:21.554Z] [INFO] [ApiClient373535857] : "User-Agent : Mozilla/5.0"
[2024-05-07T18:05:21.554Z] [INFO] [ApiClient373535857] : "************************  LOGGING END  ************************"
[2024-05-07T18:06:51.602Z] [INFO] [MerchantConfig548186701] : "************************ LOGGING START ************************"
[2024-05-07T18:06:51.611Z] [INFO] [ApiClient816924296] : "Authentication Type : http_signature"
[2024-05-07T18:06:51.607Z] [INFO] [MerchantConfig147108384] : "************************ LOGGING START ************************"
[2024-05-07T18:06:51.611Z] [INFO] [ApiClient816924296] : "Request Type : POST"
[2024-05-07T18:06:51.612Z] [INFO] [ApiClient816924296] : "signatureHeader : keyid=\"ea34b9a9-fc29-46df-90c2-f6446f285bb1\", algorithm=\"HmacSHA256\", headers=\"host date request-target digest v-c-merchant-id\", signature=\"pxHJBXDEozO4KyeatI/5aI4uK3CVIhsc7sis6kdSvKg=\""
[2024-05-07T18:06:51.613Z] [INFO] [ApiClient816924296] : "digest : SHA-256=sdm9orLfDOlBRKMa6n7Fv/vorHaOeYZEDAG+qX2NsEY="
[2024-05-07T18:06:51.613Z] [INFO] [ApiClient816924296] : "v-c-merchant-id : bc_5808459559"
[2024-05-07T18:06:51.613Z] [INFO] [ApiClient816924296] : "date : Tue, 07 May 2024 18:06:51 GMT"
[2024-05-07T18:06:51.613Z] [INFO] [ApiClient816924296] : "host : apitest.cybersource.com"
[2024-05-07T18:06:51.613Z] [INFO] [ApiClient816924296] : "signature : keyid=\"ea34b9a9-fc29-46df-90c2-f6446f285bb1\", algorithm=\"HmacSHA256\", headers=\"host date request-target digest v-c-merchant-id\", signature=\"pxHJBXDEozO4KyeatI/5aI4uK3CVIhsc7sis6kdSvKg=\""
[2024-05-07T18:06:51.613Z] [INFO] [ApiClient816924296] : "User-Agent : Mozilla/5.0"
[2024-05-07T18:06:51.614Z] [INFO] [ApiClient816924296] : "************************  LOGGING END  ************************"
[2024-05-07T18:06:52.292Z] [INFO] [ApiClient816924296] : "Authentication Type : http_signature"
[2024-05-07T18:06:52.293Z] [INFO] [ApiClient816924296] : "Request Type : POST"
[2024-05-07T18:06:52.293Z] [INFO] [ApiClient816924296] : "signatureHeader : keyid=\"ea34b9a9-fc29-46df-90c2-f6446f285bb1\", algorithm=\"HmacSHA256\", headers=\"host date request-target digest v-c-merchant-id\", signature=\"vTe9EpKMU7DZHm2s6/HYKmjDDukoTPUplzatkVW6y+8=\""
[2024-05-07T18:06:52.293Z] [INFO] [ApiClient816924296] : "digest : SHA-256=sdm9orLfDOlBRKMa6n7Fv/vorHaOeYZEDAG+qX2NsEY="
[2024-05-07T18:06:52.294Z] [INFO] [ApiClient816924296] : "v-c-merchant-id : bc_5808459559"
[2024-05-07T18:06:52.294Z] [INFO] [ApiClient816924296] : "date : Tue, 07 May 2024 18:06:52 GMT"
[2024-05-07T18:06:52.294Z] [INFO] [ApiClient816924296] : "host : apitest.cybersource.com"
[2024-05-07T18:06:52.294Z] [INFO] [ApiClient816924296] : "signature : keyid=\"ea34b9a9-fc29-46df-90c2-f6446f285bb1\", algorithm=\"HmacSHA256\", headers=\"host date request-target digest v-c-merchant-id\", signature=\"vTe9EpKMU7DZHm2s6/HYKmjDDukoTPUplzatkVW6y+8=\""
[2024-05-07T18:06:52.294Z] [INFO] [ApiClient816924296] : "User-Agent : Mozilla/5.0"
[2024-05-07T18:06:52.294Z] [INFO] [ApiClient816924296] : "************************  LOGGING END  ************************"
[2024-05-07T18:07:54.344Z] [INFO] [MerchantConfig891366187] : "************************ LOGGING START ************************"
[2024-05-07T18:07:54.349Z] [INFO] [MerchantConfig813639907] : "************************ LOGGING START ************************"
[2024-05-07T18:07:54.351Z] [INFO] [ApiClient330720329] : "Authentication Type : http_signature"
[2024-05-07T18:07:54.351Z] [INFO] [ApiClient330720329] : "Request Type : POST"
[2024-05-07T18:07:54.352Z] [INFO] [ApiClient330720329] : "signatureHeader : keyid=\"ea34b9a9-fc29-46df-90c2-f6446f285bb1\", algorithm=\"HmacSHA256\", headers=\"host date request-target digest v-c-merchant-id\", signature=\"Yb95zn/+ml31poVPJrlaZ8Kj8bY9OqHvFv2U91M3ZYE=\""
[2024-05-07T18:07:54.352Z] [INFO] [ApiClient330720329] : "digest : SHA-256=iFrIgVS6zoJv7S0JKMbO5ok1JjA5neLad+mFXy+oQ9M="
[2024-05-07T18:07:54.352Z] [INFO] [ApiClient330720329] : "v-c-merchant-id : bc_5808459559"
[2024-05-07T18:07:54.352Z] [INFO] [ApiClient330720329] : "date : Tue, 07 May 2024 18:07:54 GMT"
[2024-05-07T18:07:54.352Z] [INFO] [ApiClient330720329] : "host : apitest.cybersource.com"
[2024-05-07T18:07:54.352Z] [INFO] [ApiClient330720329] : "signature : keyid=\"ea34b9a9-fc29-46df-90c2-f6446f285bb1\", algorithm=\"HmacSHA256\", headers=\"host date request-target digest v-c-merchant-id\", signature=\"Yb95zn/+ml31poVPJrlaZ8Kj8bY9OqHvFv2U91M3ZYE=\""
[2024-05-07T18:07:54.353Z] [INFO] [ApiClient330720329] : "User-Agent : Mozilla/5.0"
[2024-05-07T18:07:54.353Z] [INFO] [ApiClient330720329] : "************************  LOGGING END  ************************"
[2024-05-07T18:07:54.912Z] [INFO] [ApiClient330720329] : "Authentication Type : http_signature"
[2024-05-07T18:07:54.912Z] [INFO] [ApiClient330720329] : "Request Type : POST"
[2024-05-07T18:07:54.913Z] [INFO] [ApiClient330720329] : "signatureHeader : keyid=\"ea34b9a9-fc29-46df-90c2-f6446f285bb1\", algorithm=\"HmacSHA256\", headers=\"host date request-target digest v-c-merchant-id\", signature=\"Zu1FZqAOiq7FMZeDJDCw5qOHuKP4WQKPRbuEtyw432A=\""
[2024-05-07T18:07:54.913Z] [INFO] [ApiClient330720329] : "digest : SHA-256=iFrIgVS6zoJv7S0JKMbO5ok1JjA5neLad+mFXy+oQ9M="
[2024-05-07T18:07:54.914Z] [INFO] [ApiClient330720329] : "v-c-merchant-id : bc_5808459559"
[2024-05-07T18:07:54.914Z] [INFO] [ApiClient330720329] : "date : Tue, 07 May 2024 18:07:54 GMT"
[2024-05-07T18:07:54.914Z] [INFO] [ApiClient330720329] : "host : apitest.cybersource.com"
[2024-05-07T18:07:54.914Z] [INFO] [ApiClient330720329] : "signature : keyid=\"ea34b9a9-fc29-46df-90c2-f6446f285bb1\", algorithm=\"HmacSHA256\", headers=\"host date request-target digest v-c-merchant-id\", signature=\"Zu1FZqAOiq7FMZeDJDCw5qOHuKP4WQKPRbuEtyw432A=\""
[2024-05-07T18:07:54.914Z] [INFO] [ApiClient330720329] : "User-Agent : Mozilla/5.0"
[2024-05-07T18:07:54.914Z] [INFO] [ApiClient330720329] : "************************  LOGGING END  ************************"
[2024-05-07T18:10:13.352Z] [INFO] [MerchantConfig69255753] : "************************ LOGGING START ************************"
[2024-05-07T18:10:13.355Z] [INFO] [MerchantConfig639511208] : "************************ LOGGING START ************************"
[2024-05-07T18:10:13.358Z] [INFO] [ApiClient867724942] : "Authentication Type : http_signature"
[2024-05-07T18:10:13.358Z] [INFO] [ApiClient867724942] : "Request Type : POST"
[2024-05-07T18:10:13.358Z] [INFO] [ApiClient867724942] : "signatureHeader : keyid=\"ea34b9a9-fc29-46df-90c2-f6446f285bb1\", algorithm=\"HmacSHA256\", headers=\"host date request-target digest v-c-merchant-id\", signature=\"1p8rkiLozYf8hGHyCU2BpoYoTxXtsenoHlN2GXwbA54=\""
[2024-05-07T18:10:13.358Z] [INFO] [ApiClient867724942] : "digest : SHA-256=CjVoNOwEDNM5g+iQsWBGh0L7CEzCp0qDsL8vrtzFp1c="
[2024-05-07T18:10:13.358Z] [INFO] [ApiClient867724942] : "v-c-merchant-id : bc_5808459559"
[2024-05-07T18:10:13.359Z] [INFO] [ApiClient867724942] : "date : Tue, 07 May 2024 18:10:13 GMT"
[2024-05-07T18:10:13.359Z] [INFO] [ApiClient867724942] : "host : apitest.cybersource.com"
[2024-05-07T18:10:13.359Z] [INFO] [ApiClient867724942] : "signature : keyid=\"ea34b9a9-fc29-46df-90c2-f6446f285bb1\", algorithm=\"HmacSHA256\", headers=\"host date request-target digest v-c-merchant-id\", signature=\"1p8rkiLozYf8hGHyCU2BpoYoTxXtsenoHlN2GXwbA54=\""
[2024-05-07T18:10:13.359Z] [INFO] [ApiClient867724942] : "User-Agent : Mozilla/5.0"
[2024-05-07T18:10:13.359Z] [INFO] [ApiClient867724942] : "************************  LOGGING END  ************************"
[2024-05-07T18:10:13.887Z] [INFO] [ApiClient867724942] : "Authentication Type : http_signature"
[2024-05-07T18:10:13.888Z] [INFO] [ApiClient867724942] : "Request Type : POST"
[2024-05-07T18:10:13.888Z] [INFO] [ApiClient867724942] : "signatureHeader : keyid=\"ea34b9a9-fc29-46df-90c2-f6446f285bb1\", algorithm=\"HmacSHA256\", headers=\"host date request-target digest v-c-merchant-id\", signature=\"O3jviArayppyFvBNqk8jg95BbFlUw/O7mflcAHw+a00=\""
[2024-05-07T18:10:13.888Z] [INFO] [ApiClient867724942] : "digest : SHA-256=CjVoNOwEDNM5g+iQsWBGh0L7CEzCp0qDsL8vrtzFp1c="
[2024-05-07T18:10:13.888Z] [INFO] [ApiClient867724942] : "v-c-merchant-id : bc_5808459559"
[2024-05-07T18:10:13.888Z] [INFO] [ApiClient867724942] : "date : Tue, 07 May 2024 18:10:13 GMT"
[2024-05-07T18:10:13.888Z] [INFO] [ApiClient867724942] : "host : apitest.cybersource.com"
[2024-05-07T18:10:13.888Z] [INFO] [ApiClient867724942] : "signature : keyid=\"ea34b9a9-fc29-46df-90c2-f6446f285bb1\", algorithm=\"HmacSHA256\", headers=\"host date request-target digest v-c-merchant-id\", signature=\"O3jviArayppyFvBNqk8jg95BbFlUw/O7mflcAHw+a00=\""
[2024-05-07T18:10:13.888Z] [INFO] [ApiClient867724942] : "User-Agent : Mozilla/5.0"
[2024-05-07T18:10:13.889Z] [INFO] [ApiClient867724942] : "************************  LOGGING END  ************************"
[2024-05-07T18:12:28.064Z] [INFO] [MerchantConfig67126666] : "************************ LOGGING START ************************"
[2024-05-07T18:12:28.072Z] [INFO] [MerchantConfig121032297] : "************************ LOGGING START ************************"
[2024-05-07T18:12:28.077Z] [INFO] [ApiClient359978687] : "Authentication Type : http_signature"
[2024-05-07T18:12:28.078Z] [INFO] [ApiClient359978687] : "Request Type : POST"
[2024-05-07T18:12:28.081Z] [INFO] [ApiClient359978687] : "signatureHeader : keyid=\"ea34b9a9-fc29-46df-90c2-f6446f285bb1\", algorithm=\"HmacSHA256\", headers=\"host date request-target digest v-c-merchant-id\", signature=\"/EADXuP6x6kDVCQGic8gUmNdCCArVpBt2fe58EPNwDc=\""
[2024-05-07T18:12:28.081Z] [INFO] [ApiClient359978687] : "digest : SHA-256=TkKJdIjT2VvIr/nsDex486W5UCNnND9gM0jiSes+hVs="
[2024-05-07T18:12:28.081Z] [INFO] [ApiClient359978687] : "v-c-merchant-id : bc_5808459559"
[2024-05-07T18:12:28.081Z] [INFO] [ApiClient359978687] : "date : Tue, 07 May 2024 18:12:28 GMT"
[2024-05-07T18:12:28.081Z] [INFO] [ApiClient359978687] : "host : apitest.cybersource.com"
[2024-05-07T18:12:28.081Z] [INFO] [ApiClient359978687] : "signature : keyid=\"ea34b9a9-fc29-46df-90c2-f6446f285bb1\", algorithm=\"HmacSHA256\", headers=\"host date request-target digest v-c-merchant-id\", signature=\"/EADXuP6x6kDVCQGic8gUmNdCCArVpBt2fe58EPNwDc=\""
[2024-05-07T18:12:28.081Z] [INFO] [ApiClient359978687] : "User-Agent : Mozilla/5.0"
[2024-05-07T18:12:28.082Z] [INFO] [ApiClient359978687] : "************************  LOGGING END  ************************"
[2024-05-07T18:12:29.006Z] [INFO] [ApiClient359978687] : "Authentication Type : http_signature"
[2024-05-07T18:12:29.007Z] [INFO] [ApiClient359978687] : "Request Type : POST"
[2024-05-07T18:12:29.007Z] [INFO] [ApiClient359978687] : "signatureHeader : keyid=\"ea34b9a9-fc29-46df-90c2-f6446f285bb1\", algorithm=\"HmacSHA256\", headers=\"host date request-target digest v-c-merchant-id\", signature=\"OBVr/rIi4rAYxVxmvHzh6qUoAhKlIqUIsE3AqnOn2s0=\""
[2024-05-07T18:12:29.007Z] [INFO] [ApiClient359978687] : "digest : SHA-256=TkKJdIjT2VvIr/nsDex486W5UCNnND9gM0jiSes+hVs="
[2024-05-07T18:12:29.007Z] [INFO] [ApiClient359978687] : "v-c-merchant-id : bc_5808459559"
[2024-05-07T18:12:29.007Z] [INFO] [ApiClient359978687] : "date : Tue, 07 May 2024 18:12:29 GMT"
[2024-05-07T18:12:29.007Z] [INFO] [ApiClient359978687] : "host : apitest.cybersource.com"
[2024-05-07T18:12:29.007Z] [INFO] [ApiClient359978687] : "signature : keyid=\"ea34b9a9-fc29-46df-90c2-f6446f285bb1\", algorithm=\"HmacSHA256\", headers=\"host date request-target digest v-c-merchant-id\", signature=\"OBVr/rIi4rAYxVxmvHzh6qUoAhKlIqUIsE3AqnOn2s0=\""
[2024-05-07T18:12:29.007Z] [INFO] [ApiClient359978687] : "User-Agent : Mozilla/5.0"
[2024-05-07T18:12:29.007Z] [INFO] [ApiClient359978687] : "************************  LOGGING END  ************************"
[2024-05-07T18:20:33.378Z] [INFO] [MerchantConfig706033452] : "************************ LOGGING START ************************"
[2024-05-07T18:20:33.386Z] [INFO] [MerchantConfig195157828] : "************************ LOGGING START ************************"
[2024-05-07T18:20:33.390Z] [INFO] [ApiClient514586012] : "Authentication Type : http_signature"
[2024-05-07T18:20:33.390Z] [INFO] [ApiClient514586012] : "Request Type : POST"
[2024-05-07T18:20:33.394Z] [INFO] [ApiClient514586012] : "signatureHeader : keyid=\"ea34b9a9-fc29-46df-90c2-f6446f285bb1\", algorithm=\"HmacSHA256\", headers=\"host date request-target digest v-c-merchant-id\", signature=\"hn1imltYZ4e8xuS6f3PSImV4tj6wqCujlrqsD9MbO5c=\""
[2024-05-07T18:20:33.395Z] [INFO] [ApiClient514586012] : "digest : SHA-256=q7aYL18Oij/HUWCzOVool2lCV1KlLC4zGLGte+KFAGU="
[2024-05-07T18:20:33.395Z] [INFO] [ApiClient514586012] : "v-c-merchant-id : bc_5808459559"
[2024-05-07T18:20:33.395Z] [INFO] [ApiClient514586012] : "date : Tue, 07 May 2024 18:20:33 GMT"
[2024-05-07T18:20:33.395Z] [INFO] [ApiClient514586012] : "host : apitest.cybersource.com"
[2024-05-07T18:20:33.396Z] [INFO] [ApiClient514586012] : "signature : keyid=\"ea34b9a9-fc29-46df-90c2-f6446f285bb1\", algorithm=\"HmacSHA256\", headers=\"host date request-target digest v-c-merchant-id\", signature=\"hn1imltYZ4e8xuS6f3PSImV4tj6wqCujlrqsD9MbO5c=\""
[2024-05-07T18:20:33.396Z] [INFO] [ApiClient514586012] : "User-Agent : Mozilla/5.0"
[2024-05-07T18:20:33.396Z] [INFO] [ApiClient514586012] : "************************  LOGGING END  ************************"
[2024-05-07T18:20:34.508Z] [INFO] [ApiClient514586012] : "Authentication Type : http_signature"
[2024-05-07T18:20:34.508Z] [INFO] [ApiClient514586012] : "Request Type : POST"
[2024-05-07T18:20:34.508Z] [INFO] [ApiClient514586012] : "signatureHeader : keyid=\"ea34b9a9-fc29-46df-90c2-f6446f285bb1\", algorithm=\"HmacSHA256\", headers=\"host date request-target digest v-c-merchant-id\", signature=\"HqoF/VsuMjSkfTrd/TVFwCm69QpO4fmgEpjs+xhNWWA=\""
[2024-05-07T18:20:34.509Z] [INFO] [ApiClient514586012] : "digest : SHA-256=q7aYL18Oij/HUWCzOVool2lCV1KlLC4zGLGte+KFAGU="
[2024-05-07T18:20:34.509Z] [INFO] [ApiClient514586012] : "v-c-merchant-id : bc_5808459559"
[2024-05-07T18:20:34.509Z] [INFO] [ApiClient514586012] : "date : Tue, 07 May 2024 18:20:34 GMT"
[2024-05-07T18:20:34.509Z] [INFO] [ApiClient514586012] : "host : apitest.cybersource.com"
[2024-05-07T18:20:34.509Z] [INFO] [ApiClient514586012] : "signature : keyid=\"ea34b9a9-fc29-46df-90c2-f6446f285bb1\", algorithm=\"HmacSHA256\", headers=\"host date request-target digest v-c-merchant-id\", signature=\"HqoF/VsuMjSkfTrd/TVFwCm69QpO4fmgEpjs+xhNWWA=\""
[2024-05-07T18:20:34.509Z] [INFO] [ApiClient514586012] : "User-Agent : Mozilla/5.0"
[2024-05-07T18:20:34.509Z] [INFO] [ApiClient514586012] : "************************  LOGGING END  ************************"
[2024-05-07T18:23:52.779Z] [INFO] [MerchantConfig735206451] : "************************ LOGGING START ************************"
[2024-05-07T18:23:52.783Z] [INFO] [ApiClient838314761] : "Authentication Type : http_signature"
[2024-05-07T18:23:52.777Z] [INFO] [MerchantConfig427379531] : "************************ LOGGING START ************************"
[2024-05-07T18:23:52.783Z] [INFO] [ApiClient838314761] : "Request Type : POST"
[2024-05-07T18:23:52.783Z] [INFO] [ApiClient838314761] : "signatureHeader : keyid=\"ea34b9a9-fc29-46df-90c2-f6446f285bb1\", algorithm=\"HmacSHA256\", headers=\"host date request-target digest v-c-merchant-id\", signature=\"vE9xjzlVhiRLfmGZU0r0j3AmZp3LflRAPE8fiSukGUg=\""
[2024-05-07T18:23:52.783Z] [INFO] [ApiClient838314761] : "digest : SHA-256=Ic6Gkmn+nLbgC1FmbCrJzOe5UrMPOHiOCJ+NvJhXyEc="
[2024-05-07T18:23:52.783Z] [INFO] [ApiClient838314761] : "v-c-merchant-id : bc_5808459559"
[2024-05-07T18:23:52.783Z] [INFO] [ApiClient838314761] : "date : Tue, 07 May 2024 18:23:52 GMT"
[2024-05-07T18:23:52.784Z] [INFO] [ApiClient838314761] : "host : apitest.cybersource.com"
[2024-05-07T18:23:52.784Z] [INFO] [ApiClient838314761] : "signature : keyid=\"ea34b9a9-fc29-46df-90c2-f6446f285bb1\", algorithm=\"HmacSHA256\", headers=\"host date request-target digest v-c-merchant-id\", signature=\"vE9xjzlVhiRLfmGZU0r0j3AmZp3LflRAPE8fiSukGUg=\""
[2024-05-07T18:23:52.784Z] [INFO] [ApiClient838314761] : "User-Agent : Mozilla/5.0"
[2024-05-07T18:23:52.784Z] [INFO] [ApiClient838314761] : "************************  LOGGING END  ************************"
[2024-05-07T18:23:53.417Z] [INFO] [ApiClient838314761] : "Authentication Type : http_signature"
[2024-05-07T18:23:53.418Z] [INFO] [ApiClient838314761] : "Request Type : POST"
[2024-05-07T18:23:53.418Z] [INFO] [ApiClient838314761] : "signatureHeader : keyid=\"ea34b9a9-fc29-46df-90c2-f6446f285bb1\", algorithm=\"HmacSHA256\", headers=\"host date request-target digest v-c-merchant-id\", signature=\"rhpyDNav0UfVYyIzj+IVCdWWJdYLFeejCTyrr9WQRiU=\""
[2024-05-07T18:23:53.418Z] [INFO] [ApiClient838314761] : "digest : SHA-256=Ic6Gkmn+nLbgC1FmbCrJzOe5UrMPOHiOCJ+NvJhXyEc="
[2024-05-07T18:23:53.418Z] [INFO] [ApiClient838314761] : "v-c-merchant-id : bc_5808459559"
[2024-05-07T18:23:53.418Z] [INFO] [ApiClient838314761] : "date : Tue, 07 May 2024 18:23:53 GMT"
[2024-05-07T18:23:53.418Z] [INFO] [ApiClient838314761] : "host : apitest.cybersource.com"
[2024-05-07T18:23:53.418Z] [INFO] [ApiClient838314761] : "signature : keyid=\"ea34b9a9-fc29-46df-90c2-f6446f285bb1\", algorithm=\"HmacSHA256\", headers=\"host date request-target digest v-c-merchant-id\", signature=\"rhpyDNav0UfVYyIzj+IVCdWWJdYLFeejCTyrr9WQRiU=\""
[2024-05-07T18:23:53.418Z] [INFO] [ApiClient838314761] : "User-Agent : Mozilla/5.0"
[2024-05-07T18:23:53.418Z] [INFO] [ApiClient838314761] : "************************  LOGGING END  ************************"
[2024-05-07T18:25:39.835Z] [INFO] [MerchantConfig27425914] : "************************ LOGGING START ************************"
[2024-05-07T18:25:39.837Z] [INFO] [MerchantConfig631833728] : "************************ LOGGING START ************************"
[2024-05-07T18:25:39.838Z] [INFO] [ApiClient426184628] : "Authentication Type : http_signature"
[2024-05-07T18:25:39.838Z] [INFO] [ApiClient426184628] : "Request Type : POST"
[2024-05-07T18:25:39.838Z] [INFO] [ApiClient426184628] : "signatureHeader : keyid=\"ea34b9a9-fc29-46df-90c2-f6446f285bb1\", algorithm=\"HmacSHA256\", headers=\"host date request-target digest v-c-merchant-id\", signature=\"3xlcuAkz+1bsz9P7K+sD6WqIbh0YgfHQINSGMP+tMfo=\""
[2024-05-07T18:25:39.838Z] [INFO] [ApiClient426184628] : "digest : SHA-256=EgZEdf1aFK56DdkLiBa0fmtxhK+i11AfJbYc2iHPl74="
[2024-05-07T18:25:39.838Z] [INFO] [ApiClient426184628] : "v-c-merchant-id : bc_5808459559"
[2024-05-07T18:25:39.838Z] [INFO] [ApiClient426184628] : "date : Tue, 07 May 2024 18:25:39 GMT"
[2024-05-07T18:25:39.838Z] [INFO] [ApiClient426184628] : "host : apitest.cybersource.com"
[2024-05-07T18:25:39.838Z] [INFO] [ApiClient426184628] : "signature : keyid=\"ea34b9a9-fc29-46df-90c2-f6446f285bb1\", algorithm=\"HmacSHA256\", headers=\"host date request-target digest v-c-merchant-id\", signature=\"3xlcuAkz+1bsz9P7K+sD6WqIbh0YgfHQINSGMP+tMfo=\""
[2024-05-07T18:25:39.838Z] [INFO] [ApiClient426184628] : "User-Agent : Mozilla/5.0"
[2024-05-07T18:25:39.838Z] [INFO] [ApiClient426184628] : "************************  LOGGING END  ************************"
[2024-05-07T18:25:40.308Z] [INFO] [ApiClient426184628] : "Authentication Type : http_signature"
[2024-05-07T18:25:40.309Z] [INFO] [ApiClient426184628] : "Request Type : POST"
[2024-05-07T18:25:40.309Z] [INFO] [ApiClient426184628] : "signatureHeader : keyid=\"ea34b9a9-fc29-46df-90c2-f6446f285bb1\", algorithm=\"HmacSHA256\", headers=\"host date request-target digest v-c-merchant-id\", signature=\"PO1ZRK0bIk1exA6K2zD18CCJfXBdi372cVTDw4Zgdjc=\""
[2024-05-07T18:25:40.309Z] [INFO] [ApiClient426184628] : "digest : SHA-256=EgZEdf1aFK56DdkLiBa0fmtxhK+i11AfJbYc2iHPl74="
[2024-05-07T18:25:40.309Z] [INFO] [ApiClient426184628] : "v-c-merchant-id : bc_5808459559"
[2024-05-07T18:25:40.310Z] [INFO] [ApiClient426184628] : "date : Tue, 07 May 2024 18:25:40 GMT"
[2024-05-07T18:25:40.310Z] [INFO] [ApiClient426184628] : "host : apitest.cybersource.com"
[2024-05-07T18:25:40.310Z] [INFO] [ApiClient426184628] : "signature : keyid=\"ea34b9a9-fc29-46df-90c2-f6446f285bb1\", algorithm=\"HmacSHA256\", headers=\"host date request-target digest v-c-merchant-id\", signature=\"PO1ZRK0bIk1exA6K2zD18CCJfXBdi372cVTDw4Zgdjc=\""
[2024-05-07T18:25:40.310Z] [INFO] [ApiClient426184628] : "User-Agent : Mozilla/5.0"
[2024-05-07T18:25:40.310Z] [INFO] [ApiClient426184628] : "************************  LOGGING END  ************************"
[2024-05-07T18:31:48.257Z] [INFO] [MerchantConfig966878088] : "************************ LOGGING START ************************"
[2024-05-07T18:31:48.253Z] [INFO] [MerchantConfig327093504] : "************************ LOGGING START ************************"
[2024-05-07T18:31:48.259Z] [INFO] [ApiClient206984642] : "Authentication Type : http_signature"
[2024-05-07T18:31:48.259Z] [INFO] [ApiClient206984642] : "Request Type : POST"
[2024-05-07T18:31:48.259Z] [INFO] [ApiClient206984642] : "signatureHeader : keyid=\"ea34b9a9-fc29-46df-90c2-f6446f285bb1\", algorithm=\"HmacSHA256\", headers=\"host date request-target digest v-c-merchant-id\", signature=\"c7M7pHkkJrGxR45G4P/xR9GIRThxpbc31ZYLSlrMiNw=\""
[2024-05-07T18:31:48.259Z] [INFO] [ApiClient206984642] : "digest : SHA-256=EgZEdf1aFK56DdkLiBa0fmtxhK+i11AfJbYc2iHPl74="
[2024-05-07T18:31:48.259Z] [INFO] [ApiClient206984642] : "v-c-merchant-id : bc_5808459559"
[2024-05-07T18:31:48.259Z] [INFO] [ApiClient206984642] : "date : Tue, 07 May 2024 18:31:48 GMT"
[2024-05-07T18:31:48.259Z] [INFO] [ApiClient206984642] : "host : apitest.cybersource.com"
[2024-05-07T18:31:48.259Z] [INFO] [ApiClient206984642] : "signature : keyid=\"ea34b9a9-fc29-46df-90c2-f6446f285bb1\", algorithm=\"HmacSHA256\", headers=\"host date request-target digest v-c-merchant-id\", signature=\"c7M7pHkkJrGxR45G4P/xR9GIRThxpbc31ZYLSlrMiNw=\""
[2024-05-07T18:31:48.259Z] [INFO] [ApiClient206984642] : "User-Agent : Mozilla/5.0"
[2024-05-07T18:31:48.259Z] [INFO] [ApiClient206984642] : "************************  LOGGING END  ************************"
[2024-05-07T18:31:48.862Z] [INFO] [ApiClient206984642] : "Authentication Type : http_signature"
[2024-05-07T18:31:48.862Z] [INFO] [ApiClient206984642] : "Request Type : POST"
[2024-05-07T18:31:48.862Z] [INFO] [ApiClient206984642] : "signatureHeader : keyid=\"ea34b9a9-fc29-46df-90c2-f6446f285bb1\", algorithm=\"HmacSHA256\", headers=\"host date request-target digest v-c-merchant-id\", signature=\"ncv+PGi1CpbZ2iRW5q6IlPefzMSsMNKfIWlEwnSWWIk=\""
[2024-05-07T18:31:48.862Z] [INFO] [ApiClient206984642] : "digest : SHA-256=EgZEdf1aFK56DdkLiBa0fmtxhK+i11AfJbYc2iHPl74="
[2024-05-07T18:31:48.863Z] [INFO] [ApiClient206984642] : "v-c-merchant-id : bc_5808459559"
[2024-05-07T18:31:48.863Z] [INFO] [ApiClient206984642] : "date : Tue, 07 May 2024 18:31:48 GMT"
[2024-05-07T18:31:48.863Z] [INFO] [ApiClient206984642] : "host : apitest.cybersource.com"
[2024-05-07T18:31:48.863Z] [INFO] [ApiClient206984642] : "signature : keyid=\"ea34b9a9-fc29-46df-90c2-f6446f285bb1\", algorithm=\"HmacSHA256\", headers=\"host date request-target digest v-c-merchant-id\", signature=\"ncv+PGi1CpbZ2iRW5q6IlPefzMSsMNKfIWlEwnSWWIk=\""
[2024-05-07T18:31:48.863Z] [INFO] [ApiClient206984642] : "User-Agent : Mozilla/5.0"
[2024-05-07T18:31:48.863Z] [INFO] [ApiClient206984642] : "************************  LOGGING END  ************************"
[2024-05-07T18:32:10.211Z] [INFO] [MerchantConfig361915965] : "************************ LOGGING START ************************"
[2024-05-07T18:32:10.212Z] [INFO] [MerchantConfig968254004] : "************************ LOGGING START ************************"
[2024-05-07T18:32:10.215Z] [INFO] [ApiClient101516632] : "Authentication Type : http_signature"
[2024-05-07T18:32:10.215Z] [INFO] [ApiClient101516632] : "Request Type : POST"
[2024-05-07T18:32:10.215Z] [INFO] [ApiClient101516632] : "signatureHeader : keyid=\"ea34b9a9-fc29-46df-90c2-f6446f285bb1\", algorithm=\"HmacSHA256\", headers=\"host date request-target digest v-c-merchant-id\", signature=\"bajQYVSxpXPcffFCj4tI02LvEeV5QcNlmy1svtK9nfU=\""
[2024-05-07T18:32:10.215Z] [INFO] [ApiClient101516632] : "digest : SHA-256=nC4yF5ASbkQeLlmz30WK+/59inq4XYWXtGq62jDl2+Y="
[2024-05-07T18:32:10.215Z] [INFO] [ApiClient101516632] : "v-c-merchant-id : bc_5808459559"
[2024-05-07T18:32:10.215Z] [INFO] [ApiClient101516632] : "date : Tue, 07 May 2024 18:32:10 GMT"
[2024-05-07T18:32:10.215Z] [INFO] [ApiClient101516632] : "host : apitest.cybersource.com"
[2024-05-07T18:32:10.215Z] [INFO] [ApiClient101516632] : "signature : keyid=\"ea34b9a9-fc29-46df-90c2-f6446f285bb1\", algorithm=\"HmacSHA256\", headers=\"host date request-target digest v-c-merchant-id\", signature=\"bajQYVSxpXPcffFCj4tI02LvEeV5QcNlmy1svtK9nfU=\""
[2024-05-07T18:32:10.215Z] [INFO] [ApiClient101516632] : "User-Agent : Mozilla/5.0"
[2024-05-07T18:32:10.215Z] [INFO] [ApiClient101516632] : "************************  LOGGING END  ************************"
[2024-05-07T18:32:10.743Z] [INFO] [ApiClient101516632] : "Authentication Type : http_signature"
[2024-05-07T18:32:10.744Z] [INFO] [ApiClient101516632] : "Request Type : POST"
[2024-05-07T18:32:10.744Z] [INFO] [ApiClient101516632] : "signatureHeader : keyid=\"ea34b9a9-fc29-46df-90c2-f6446f285bb1\", algorithm=\"HmacSHA256\", headers=\"host date request-target digest v-c-merchant-id\", signature=\"gVMPQp7OMcGpJYb7zgFoWvE4YwpLbsvuiVQnfcbHewo=\""
[2024-05-07T18:32:10.744Z] [INFO] [ApiClient101516632] : "digest : SHA-256=nC4yF5ASbkQeLlmz30WK+/59inq4XYWXtGq62jDl2+Y="
[2024-05-07T18:32:10.744Z] [INFO] [ApiClient101516632] : "v-c-merchant-id : bc_5808459559"
[2024-05-07T18:32:10.744Z] [INFO] [ApiClient101516632] : "date : Tue, 07 May 2024 18:32:10 GMT"
[2024-05-07T18:32:10.744Z] [INFO] [ApiClient101516632] : "host : apitest.cybersource.com"
[2024-05-07T18:32:10.744Z] [INFO] [ApiClient101516632] : "signature : keyid=\"ea34b9a9-fc29-46df-90c2-f6446f285bb1\", algorithm=\"HmacSHA256\", headers=\"host date request-target digest v-c-merchant-id\", signature=\"gVMPQp7OMcGpJYb7zgFoWvE4YwpLbsvuiVQnfcbHewo=\""
[2024-05-07T18:32:10.744Z] [INFO] [ApiClient101516632] : "User-Agent : Mozilla/5.0"
[2024-05-07T18:32:10.744Z] [INFO] [ApiClient101516632] : "************************  LOGGING END  ************************"
[2024-05-07T18:34:47.620Z] [INFO] [MerchantConfig494169353] : "************************ LOGGING START ************************"
[2024-05-07T18:34:47.622Z] [INFO] [ApiClient490761352] : "Authentication Type : http_signature"
[2024-05-07T18:34:47.622Z] [INFO] [ApiClient490761352] : "Request Type : POST"
[2024-05-07T18:34:47.622Z] [INFO] [ApiClient490761352] : "signatureHeader : keyid=\"ea34b9a9-fc29-46df-90c2-f6446f285bb1\", algorithm=\"HmacSHA256\", headers=\"host date request-target digest v-c-merchant-id\", signature=\"RwrVTbKO3Kwk/tcUzcTvSC7hS5ZDcYPyJyHPNXZAAIQ=\""
[2024-05-07T18:34:47.622Z] [INFO] [ApiClient490761352] : "digest : SHA-256=jYMp2Pkk3sbv8RSdbd93F0OVM8rtS6TvNOgAl7bQ2g0="
[2024-05-07T18:34:47.622Z] [INFO] [ApiClient490761352] : "v-c-merchant-id : bc_5808459559"
[2024-05-07T18:34:47.622Z] [INFO] [ApiClient490761352] : "date : Tue, 07 May 2024 18:34:47 GMT"
[2024-05-07T18:34:47.622Z] [INFO] [ApiClient490761352] : "host : apitest.cybersource.com"
[2024-05-07T18:34:47.622Z] [INFO] [ApiClient490761352] : "signature : keyid=\"ea34b9a9-fc29-46df-90c2-f6446f285bb1\", algorithm=\"HmacSHA256\", headers=\"host date request-target digest v-c-merchant-id\", signature=\"RwrVTbKO3Kwk/tcUzcTvSC7hS5ZDcYPyJyHPNXZAAIQ=\""
[2024-05-07T18:34:47.622Z] [INFO] [ApiClient490761352] : "User-Agent : Mozilla/5.0"
[2024-05-07T18:34:47.622Z] [INFO] [ApiClient490761352] : "************************  LOGGING END  ************************"
[2024-05-07T18:34:47.621Z] [INFO] [MerchantConfig579699699] : "************************ LOGGING START ************************"
[2024-05-07T18:34:48.153Z] [INFO] [ApiClient490761352] : "Authentication Type : http_signature"
[2024-05-07T18:34:48.154Z] [INFO] [ApiClient490761352] : "Request Type : POST"
[2024-05-07T18:34:48.155Z] [INFO] [ApiClient490761352] : "signatureHeader : keyid=\"ea34b9a9-fc29-46df-90c2-f6446f285bb1\", algorithm=\"HmacSHA256\", headers=\"host date request-target digest v-c-merchant-id\", signature=\"HgjL3SbMuZK3GGvYO22pq2uNjTEAR6zxeQLm0IlaxAI=\""
[2024-05-07T18:34:48.156Z] [INFO] [ApiClient490761352] : "digest : SHA-256=jYMp2Pkk3sbv8RSdbd93F0OVM8rtS6TvNOgAl7bQ2g0="
[2024-05-07T18:34:48.156Z] [INFO] [ApiClient490761352] : "v-c-merchant-id : bc_5808459559"
[2024-05-07T18:34:48.156Z] [INFO] [ApiClient490761352] : "date : Tue, 07 May 2024 18:34:48 GMT"
[2024-05-07T18:34:48.156Z] [INFO] [ApiClient490761352] : "host : apitest.cybersource.com"
[2024-05-07T18:34:48.156Z] [INFO] [ApiClient490761352] : "signature : keyid=\"ea34b9a9-fc29-46df-90c2-f6446f285bb1\", algorithm=\"HmacSHA256\", headers=\"host date request-target digest v-c-merchant-id\", signature=\"HgjL3SbMuZK3GGvYO22pq2uNjTEAR6zxeQLm0IlaxAI=\""
[2024-05-07T18:34:48.156Z] [INFO] [ApiClient490761352] : "User-Agent : Mozilla/5.0"
[2024-05-07T18:34:48.156Z] [INFO] [ApiClient490761352] : "************************  LOGGING END  ************************"
[2024-05-07T18:35:28.586Z] [INFO] [MerchantConfig396606332] : "************************ LOGGING START ************************"
[2024-05-07T18:35:28.590Z] [INFO] [ApiClient108292962] : "Authentication Type : http_signature"
[2024-05-07T18:35:28.588Z] [INFO] [MerchantConfig250536044] : "************************ LOGGING START ************************"
[2024-05-07T18:35:28.590Z] [INFO] [ApiClient108292962] : "Request Type : POST"
[2024-05-07T18:35:28.591Z] [INFO] [ApiClient108292962] : "signatureHeader : keyid=\"ea34b9a9-fc29-46df-90c2-f6446f285bb1\", algorithm=\"HmacSHA256\", headers=\"host date request-target digest v-c-merchant-id\", signature=\"eyJ9PhoAwA5gbUp9VqWUApxDUt1hgnWkl5a2g5gtHZQ=\""
[2024-05-07T18:35:28.591Z] [INFO] [ApiClient108292962] : "digest : SHA-256=0gFhCe590gw4RYQyvctKycIIFZVIl9dB9KMewmPOShQ="
[2024-05-07T18:35:28.591Z] [INFO] [ApiClient108292962] : "v-c-merchant-id : bc_5808459559"
[2024-05-07T18:35:28.591Z] [INFO] [ApiClient108292962] : "date : Tue, 07 May 2024 18:35:28 GMT"
[2024-05-07T18:35:28.591Z] [INFO] [ApiClient108292962] : "host : apitest.cybersource.com"
[2024-05-07T18:35:28.591Z] [INFO] [ApiClient108292962] : "signature : keyid=\"ea34b9a9-fc29-46df-90c2-f6446f285bb1\", algorithm=\"HmacSHA256\", headers=\"host date request-target digest v-c-merchant-id\", signature=\"eyJ9PhoAwA5gbUp9VqWUApxDUt1hgnWkl5a2g5gtHZQ=\""
[2024-05-07T18:35:28.592Z] [INFO] [ApiClient108292962] : "User-Agent : Mozilla/5.0"
[2024-05-07T18:35:28.592Z] [INFO] [ApiClient108292962] : "************************  LOGGING END  ************************"
[2024-05-07T18:35:29.108Z] [INFO] [ApiClient108292962] : "Authentication Type : http_signature"
[2024-05-07T18:35:29.109Z] [INFO] [ApiClient108292962] : "Request Type : POST"
[2024-05-07T18:35:29.109Z] [INFO] [ApiClient108292962] : "signatureHeader : keyid=\"ea34b9a9-fc29-46df-90c2-f6446f285bb1\", algorithm=\"HmacSHA256\", headers=\"host date request-target digest v-c-merchant-id\", signature=\"EurXBSzT3pwmkU0rxU05Su2kJuwxQ/+F6l3pFMImNTM=\""
[2024-05-07T18:35:29.109Z] [INFO] [ApiClient108292962] : "digest : SHA-256=0gFhCe590gw4RYQyvctKycIIFZVIl9dB9KMewmPOShQ="
[2024-05-07T18:35:29.109Z] [INFO] [ApiClient108292962] : "v-c-merchant-id : bc_5808459559"
[2024-05-07T18:35:29.109Z] [INFO] [ApiClient108292962] : "date : Tue, 07 May 2024 18:35:29 GMT"
[2024-05-07T18:35:29.109Z] [INFO] [ApiClient108292962] : "host : apitest.cybersource.com"
[2024-05-07T18:35:29.109Z] [INFO] [ApiClient108292962] : "signature : keyid=\"ea34b9a9-fc29-46df-90c2-f6446f285bb1\", algorithm=\"HmacSHA256\", headers=\"host date request-target digest v-c-merchant-id\", signature=\"EurXBSzT3pwmkU0rxU05Su2kJuwxQ/+F6l3pFMImNTM=\""
[2024-05-07T18:35:29.109Z] [INFO] [ApiClient108292962] : "User-Agent : Mozilla/5.0"
[2024-05-07T18:35:29.109Z] [INFO] [ApiClient108292962] : "************************  LOGGING END  ************************"
[2024-05-07T18:38:36.091Z] [INFO] [MerchantConfig283638716] : "************************ LOGGING START ************************"
[2024-05-07T18:38:36.095Z] [INFO] [MerchantConfig948122451] : "************************ LOGGING START ************************"
[2024-05-07T18:38:36.097Z] [INFO] [ApiClient294838203] : "Authentication Type : http_signature"
[2024-05-07T18:38:36.097Z] [INFO] [ApiClient294838203] : "Request Type : POST"
[2024-05-07T18:38:36.099Z] [INFO] [ApiClient294838203] : "signatureHeader : keyid=\"ea34b9a9-fc29-46df-90c2-f6446f285bb1\", algorithm=\"HmacSHA256\", headers=\"host date request-target digest v-c-merchant-id\", signature=\"JZr9mOA4AE7JBHLlh7ES81eBb0SnQKfsQc/y6edNhms=\""
[2024-05-07T18:38:36.099Z] [INFO] [ApiClient294838203] : "digest : SHA-256=/vGwDNmLbNHhwFT4lzoqRm6nN4M//MiMbjy4NIhH2KQ="
[2024-05-07T18:38:36.099Z] [INFO] [ApiClient294838203] : "v-c-merchant-id : bc_5808459559"
[2024-05-07T18:38:36.099Z] [INFO] [ApiClient294838203] : "date : Tue, 07 May 2024 18:38:36 GMT"
[2024-05-07T18:38:36.100Z] [INFO] [ApiClient294838203] : "host : apitest.cybersource.com"
[2024-05-07T18:38:36.100Z] [INFO] [ApiClient294838203] : "signature : keyid=\"ea34b9a9-fc29-46df-90c2-f6446f285bb1\", algorithm=\"HmacSHA256\", headers=\"host date request-target digest v-c-merchant-id\", signature=\"JZr9mOA4AE7JBHLlh7ES81eBb0SnQKfsQc/y6edNhms=\""
[2024-05-07T18:38:36.100Z] [INFO] [ApiClient294838203] : "User-Agent : Mozilla/5.0"
[2024-05-07T18:38:36.100Z] [INFO] [ApiClient294838203] : "************************  LOGGING END  ************************"
[2024-05-07T18:38:36.786Z] [INFO] [ApiClient294838203] : "Authentication Type : http_signature"
[2024-05-07T18:38:36.787Z] [INFO] [ApiClient294838203] : "Request Type : POST"
[2024-05-07T18:38:36.787Z] [INFO] [ApiClient294838203] : "signatureHeader : keyid=\"ea34b9a9-fc29-46df-90c2-f6446f285bb1\", algorithm=\"HmacSHA256\", headers=\"host date request-target digest v-c-merchant-id\", signature=\"nI0zFCMZPsuPftJ8gUyjEiKyQsR2GdJUDnUSCPlo7og=\""
[2024-05-07T18:38:36.787Z] [INFO] [ApiClient294838203] : "digest : SHA-256=/vGwDNmLbNHhwFT4lzoqRm6nN4M//MiMbjy4NIhH2KQ="
[2024-05-07T18:38:36.787Z] [INFO] [ApiClient294838203] : "v-c-merchant-id : bc_5808459559"
[2024-05-07T18:38:36.787Z] [INFO] [ApiClient294838203] : "date : Tue, 07 May 2024 18:38:36 GMT"
[2024-05-07T18:38:36.787Z] [INFO] [ApiClient294838203] : "host : apitest.cybersource.com"
[2024-05-07T18:38:36.787Z] [INFO] [ApiClient294838203] : "signature : keyid=\"ea34b9a9-fc29-46df-90c2-f6446f285bb1\", algorithm=\"HmacSHA256\", headers=\"host date request-target digest v-c-merchant-id\", signature=\"nI0zFCMZPsuPftJ8gUyjEiKyQsR2GdJUDnUSCPlo7og=\""
[2024-05-07T18:38:36.788Z] [INFO] [ApiClient294838203] : "User-Agent : Mozilla/5.0"
[2024-05-07T18:38:36.788Z] [INFO] [ApiClient294838203] : "************************  LOGGING END  ************************"
