[2024-05-10T12:56:48.296Z] [INFO] [MerchantConfig542284785] : "************************ LOGGING START ************************"
[2024-05-10T12:56:48.306Z] [INFO] [MerchantConfig385159522] : "************************ LOGGING START ************************"
[2024-05-10T12:56:48.313Z] [INFO] [ApiClient593212246] : "Authentication Type : http_signature"
[2024-05-10T12:56:48.313Z] [INFO] [ApiClient593212246] : "Request Type : POST"
[2024-05-10T12:56:48.317Z] [INFO] [ApiClient593212246] : "signatureHeader : keyid=\"ea34b9a9-fc29-46df-90c2-f6446f285bb1\", algorithm=\"HmacSHA256\", headers=\"host date request-target digest v-c-merchant-id\", signature=\"75AT2Nm21O8F4omh9dPnLKFI4EuzoXtJfj0fpNQh5wA=\""
[2024-05-10T12:56:48.317Z] [INFO] [ApiClient593212246] : "digest : SHA-256=MlPsaJd08AlKjRAW+7nbogOCaBB5R1zvj31Z/Y3ynjw="
[2024-05-10T12:56:48.317Z] [INFO] [ApiClient593212246] : "v-c-merchant-id : bc_5808459559"
[2024-05-10T12:56:48.317Z] [INFO] [ApiClient593212246] : "date : Fri, 10 May 2024 12:56:48 GMT"
[2024-05-10T12:56:48.317Z] [INFO] [ApiClient593212246] : "host : apitest.cybersource.com"
[2024-05-10T12:56:48.317Z] [INFO] [ApiClient593212246] : "signature : keyid=\"ea34b9a9-fc29-46df-90c2-f6446f285bb1\", algorithm=\"HmacSHA256\", headers=\"host date request-target digest v-c-merchant-id\", signature=\"75AT2Nm21O8F4omh9dPnLKFI4EuzoXtJfj0fpNQh5wA=\""
[2024-05-10T12:56:48.317Z] [INFO] [ApiClient593212246] : "User-Agent : Mozilla/5.0"
[2024-05-10T12:56:48.318Z] [INFO] [ApiClient593212246] : "************************  LOGGING END  ************************"
[2024-05-10T12:56:49.197Z] [INFO] [ApiClient593212246] : "Authentication Type : http_signature"
[2024-05-10T12:56:49.197Z] [INFO] [ApiClient593212246] : "Request Type : POST"
[2024-05-10T12:56:49.198Z] [INFO] [ApiClient593212246] : "signatureHeader : keyid=\"ea34b9a9-fc29-46df-90c2-f6446f285bb1\", algorithm=\"HmacSHA256\", headers=\"host date request-target digest v-c-merchant-id\", signature=\"SDwCBCyvNyiCFWgY4Ena+8UrnrohyeLeA18hh7oxcwo=\""
[2024-05-10T12:56:49.198Z] [INFO] [ApiClient593212246] : "digest : SHA-256=MlPsaJd08AlKjRAW+7nbogOCaBB5R1zvj31Z/Y3ynjw="
[2024-05-10T12:56:49.198Z] [INFO] [ApiClient593212246] : "v-c-merchant-id : bc_5808459559"
[2024-05-10T12:56:49.199Z] [INFO] [ApiClient593212246] : "date : Fri, 10 May 2024 12:56:49 GMT"
[2024-05-10T12:56:49.199Z] [INFO] [ApiClient593212246] : "host : apitest.cybersource.com"
[2024-05-10T12:56:49.199Z] [INFO] [ApiClient593212246] : "signature : keyid=\"ea34b9a9-fc29-46df-90c2-f6446f285bb1\", algorithm=\"HmacSHA256\", headers=\"host date request-target digest v-c-merchant-id\", signature=\"SDwCBCyvNyiCFWgY4Ena+8UrnrohyeLeA18hh7oxcwo=\""
[2024-05-10T12:56:49.199Z] [INFO] [ApiClient593212246] : "User-Agent : Mozilla/5.0"
[2024-05-10T12:56:49.199Z] [INFO] [ApiClient593212246] : "************************  LOGGING END  ************************"
[2024-05-10T13:03:53.700Z] [INFO] [MerchantConfig299517275] : "************************ LOGGING START ************************"
[2024-05-10T13:03:53.707Z] [INFO] [MerchantConfig902905360] : "************************ LOGGING START ************************"
[2024-05-10T13:03:53.735Z] [INFO] [ApiClient292922335] : "Authentication Type : http_signature"
[2024-05-10T13:03:53.735Z] [INFO] [ApiClient292922335] : "Request Type : POST"
[2024-05-10T13:03:53.740Z] [INFO] [ApiClient292922335] : "signatureHeader : keyid=\"ea34b9a9-fc29-46df-90c2-f6446f285bb1\", algorithm=\"HmacSHA256\", headers=\"host date request-target digest v-c-merchant-id\", signature=\"GDXkXXV1g0LZOGyJW51mMsTKDJN+aEZ/b1Vq2MLhTMA=\""
[2024-05-10T13:03:53.741Z] [INFO] [ApiClient292922335] : "digest : SHA-256=D3U2QAAFk8X93BAoY+kIMjp75YvtMW9R2+Owj4YrkiQ="
[2024-05-10T13:03:53.742Z] [INFO] [ApiClient292922335] : "v-c-merchant-id : bc_5808459559"
[2024-05-10T13:03:53.742Z] [INFO] [ApiClient292922335] : "date : Fri, 10 May 2024 13:03:53 GMT"
[2024-05-10T13:03:53.743Z] [INFO] [ApiClient292922335] : "host : apitest.cybersource.com"
[2024-05-10T13:03:53.746Z] [INFO] [ApiClient292922335] : "signature : keyid=\"ea34b9a9-fc29-46df-90c2-f6446f285bb1\", algorithm=\"HmacSHA256\", headers=\"host date request-target digest v-c-merchant-id\", signature=\"GDXkXXV1g0LZOGyJW51mMsTKDJN+aEZ/b1Vq2MLhTMA=\""
[2024-05-10T13:03:53.746Z] [INFO] [ApiClient292922335] : "User-Agent : Mozilla/5.0"
[2024-05-10T13:03:53.746Z] [INFO] [ApiClient292922335] : "************************  LOGGING END  ************************"
[2024-05-10T13:03:54.232Z] [INFO] [ApiClient292922335] : "Authentication Type : http_signature"
[2024-05-10T13:03:54.233Z] [INFO] [ApiClient292922335] : "Request Type : POST"
[2024-05-10T13:03:54.233Z] [INFO] [ApiClient292922335] : "signatureHeader : keyid=\"ea34b9a9-fc29-46df-90c2-f6446f285bb1\", algorithm=\"HmacSHA256\", headers=\"host date request-target digest v-c-merchant-id\", signature=\"yC/oB3zX9dkLMDLt5GzZUW4zCBLb0T2h2Gb0QbrMFaQ=\""
[2024-05-10T13:03:54.233Z] [INFO] [ApiClient292922335] : "digest : SHA-256=D3U2QAAFk8X93BAoY+kIMjp75YvtMW9R2+Owj4YrkiQ="
[2024-05-10T13:03:54.233Z] [INFO] [ApiClient292922335] : "v-c-merchant-id : bc_5808459559"
[2024-05-10T13:03:54.233Z] [INFO] [ApiClient292922335] : "date : Fri, 10 May 2024 13:03:54 GMT"
[2024-05-10T13:03:54.233Z] [INFO] [ApiClient292922335] : "host : apitest.cybersource.com"
[2024-05-10T13:03:54.233Z] [INFO] [ApiClient292922335] : "signature : keyid=\"ea34b9a9-fc29-46df-90c2-f6446f285bb1\", algorithm=\"HmacSHA256\", headers=\"host date request-target digest v-c-merchant-id\", signature=\"yC/oB3zX9dkLMDLt5GzZUW4zCBLb0T2h2Gb0QbrMFaQ=\""
[2024-05-10T13:03:54.233Z] [INFO] [ApiClient292922335] : "User-Agent : Mozilla/5.0"
[2024-05-10T13:03:54.234Z] [INFO] [ApiClient292922335] : "************************  LOGGING END  ************************"
[2024-05-10T13:19:57.743Z] [INFO] [MerchantConfig174499262] : "************************ LOGGING START ************************"
[2024-05-10T13:19:57.750Z] [INFO] [MerchantConfig310925645] : "************************ LOGGING START ************************"
[2024-05-10T13:19:57.756Z] [INFO] [ApiClient194715444] : "Authentication Type : http_signature"
[2024-05-10T13:19:57.756Z] [INFO] [ApiClient194715444] : "Request Type : POST"
[2024-05-10T13:19:57.757Z] [INFO] [ApiClient194715444] : "signatureHeader : keyid=\"ea34b9a9-fc29-46df-90c2-f6446f285bb1\", algorithm=\"HmacSHA256\", headers=\"host date request-target digest v-c-merchant-id\", signature=\"4ZmMrT4JvMh/47uyz85PePguhXhmcwWJNQwl0V2PWEc=\""
[2024-05-10T13:19:57.758Z] [INFO] [ApiClient194715444] : "digest : SHA-256=+Bf5fVVrmebqCe9FMKuvDgWm4n1bAD0kszygMHdvL+0="
[2024-05-10T13:19:57.758Z] [INFO] [ApiClient194715444] : "v-c-merchant-id : bc_5808459559"
[2024-05-10T13:19:57.758Z] [INFO] [ApiClient194715444] : "date : Fri, 10 May 2024 13:19:57 GMT"
[2024-05-10T13:19:57.758Z] [INFO] [ApiClient194715444] : "host : apitest.cybersource.com"
[2024-05-10T13:19:57.758Z] [INFO] [ApiClient194715444] : "signature : keyid=\"ea34b9a9-fc29-46df-90c2-f6446f285bb1\", algorithm=\"HmacSHA256\", headers=\"host date request-target digest v-c-merchant-id\", signature=\"4ZmMrT4JvMh/47uyz85PePguhXhmcwWJNQwl0V2PWEc=\""
[2024-05-10T13:19:57.758Z] [INFO] [ApiClient194715444] : "User-Agent : Mozilla/5.0"
[2024-05-10T13:19:57.759Z] [INFO] [ApiClient194715444] : "************************  LOGGING END  ************************"
[2024-05-10T13:19:58.459Z] [INFO] [ApiClient194715444] : "Authentication Type : http_signature"
[2024-05-10T13:19:58.459Z] [INFO] [ApiClient194715444] : "Request Type : POST"
[2024-05-10T13:19:58.459Z] [INFO] [ApiClient194715444] : "signatureHeader : keyid=\"ea34b9a9-fc29-46df-90c2-f6446f285bb1\", algorithm=\"HmacSHA256\", headers=\"host date request-target digest v-c-merchant-id\", signature=\"3JPhxUKUAzd1lGIjOeSN3jRy8fT1VjKAD+DT+VPS+8E=\""
[2024-05-10T13:19:58.460Z] [INFO] [ApiClient194715444] : "digest : SHA-256=+Bf5fVVrmebqCe9FMKuvDgWm4n1bAD0kszygMHdvL+0="
[2024-05-10T13:19:58.460Z] [INFO] [ApiClient194715444] : "v-c-merchant-id : bc_5808459559"
[2024-05-10T13:19:58.460Z] [INFO] [ApiClient194715444] : "date : Fri, 10 May 2024 13:19:58 GMT"
[2024-05-10T13:19:58.460Z] [INFO] [ApiClient194715444] : "host : apitest.cybersource.com"
[2024-05-10T13:19:58.460Z] [INFO] [ApiClient194715444] : "signature : keyid=\"ea34b9a9-fc29-46df-90c2-f6446f285bb1\", algorithm=\"HmacSHA256\", headers=\"host date request-target digest v-c-merchant-id\", signature=\"3JPhxUKUAzd1lGIjOeSN3jRy8fT1VjKAD+DT+VPS+8E=\""
[2024-05-10T13:19:58.460Z] [INFO] [ApiClient194715444] : "User-Agent : Mozilla/5.0"
[2024-05-10T13:19:58.460Z] [INFO] [ApiClient194715444] : "************************  LOGGING END  ************************"
[2024-05-10T13:27:37.990Z] [INFO] [MerchantConfig251906170] : "************************ LOGGING START ************************"
[2024-05-10T13:27:37.996Z] [INFO] [MerchantConfig320422981] : "************************ LOGGING START ************************"
[2024-05-10T13:29:41.474Z] [INFO] [MerchantConfig668763940] : "************************ LOGGING START ************************"
[2024-05-10T13:29:41.481Z] [INFO] [MerchantConfig664587362] : "************************ LOGGING START ************************"
[2024-05-10T13:34:49.652Z] [INFO] [MerchantConfig610459887] : "************************ LOGGING START ************************"
[2024-05-10T13:34:49.657Z] [INFO] [MerchantConfig131574136] : "************************ LOGGING START ************************"
[2024-05-10T13:35:41.079Z] [INFO] [MerchantConfig176922072] : "************************ LOGGING START ************************"
[2024-05-10T13:35:41.083Z] [INFO] [MerchantConfig631778721] : "************************ LOGGING START ************************"
[2024-05-10T13:35:41.086Z] [INFO] [ApiClient527887401] : "Authentication Type : http_signature"
[2024-05-10T13:35:41.086Z] [INFO] [ApiClient527887401] : "Request Type : POST"
[2024-05-10T13:35:41.088Z] [INFO] [ApiClient527887401] : "signatureHeader : keyid=\"ea34b9a9-fc29-46df-90c2-f6446f285bb1\", algorithm=\"HmacSHA256\", headers=\"host date request-target digest v-c-merchant-id\", signature=\"Pe3qVnqgLq1Y3/GqtfzPhWGq7opGAtrHNFd0ekV4OVs=\""
[2024-05-10T13:35:41.088Z] [INFO] [ApiClient527887401] : "digest : SHA-256=M9OyNperpb6RbHJ4VTlVW/pgHbjy4IOFDmb9+6HnYho="
[2024-05-10T13:35:41.088Z] [INFO] [ApiClient527887401] : "v-c-merchant-id : bc_5808459559"
[2024-05-10T13:35:41.088Z] [INFO] [ApiClient527887401] : "date : Fri, 10 May 2024 13:35:41 GMT"
[2024-05-10T13:35:41.088Z] [INFO] [ApiClient527887401] : "host : apitest.cybersource.com"
[2024-05-10T13:35:41.088Z] [INFO] [ApiClient527887401] : "signature : keyid=\"ea34b9a9-fc29-46df-90c2-f6446f285bb1\", algorithm=\"HmacSHA256\", headers=\"host date request-target digest v-c-merchant-id\", signature=\"Pe3qVnqgLq1Y3/GqtfzPhWGq7opGAtrHNFd0ekV4OVs=\""
[2024-05-10T13:35:41.088Z] [INFO] [ApiClient527887401] : "User-Agent : Mozilla/5.0"
[2024-05-10T13:35:41.089Z] [INFO] [ApiClient527887401] : "************************  LOGGING END  ************************"
[2024-05-10T13:35:41.718Z] [INFO] [ApiClient527887401] : "Authentication Type : http_signature"
[2024-05-10T13:35:41.718Z] [INFO] [ApiClient527887401] : "Request Type : POST"
[2024-05-10T13:35:41.719Z] [INFO] [ApiClient527887401] : "signatureHeader : keyid=\"ea34b9a9-fc29-46df-90c2-f6446f285bb1\", algorithm=\"HmacSHA256\", headers=\"host date request-target digest v-c-merchant-id\", signature=\"cO0tMkjof5qWofvlBNrDe8Jun81srZ/rswAvjgOTGbw=\""
[2024-05-10T13:35:41.719Z] [INFO] [ApiClient527887401] : "digest : SHA-256=M9OyNperpb6RbHJ4VTlVW/pgHbjy4IOFDmb9+6HnYho="
[2024-05-10T13:35:41.719Z] [INFO] [ApiClient527887401] : "v-c-merchant-id : bc_5808459559"
[2024-05-10T13:35:41.720Z] [INFO] [ApiClient527887401] : "date : Fri, 10 May 2024 13:35:41 GMT"
[2024-05-10T13:35:41.720Z] [INFO] [ApiClient527887401] : "host : apitest.cybersource.com"
[2024-05-10T13:35:41.720Z] [INFO] [ApiClient527887401] : "signature : keyid=\"ea34b9a9-fc29-46df-90c2-f6446f285bb1\", algorithm=\"HmacSHA256\", headers=\"host date request-target digest v-c-merchant-id\", signature=\"cO0tMkjof5qWofvlBNrDe8Jun81srZ/rswAvjgOTGbw=\""
[2024-05-10T13:35:41.720Z] [INFO] [ApiClient527887401] : "User-Agent : Mozilla/5.0"
[2024-05-10T13:35:41.720Z] [INFO] [ApiClient527887401] : "************************  LOGGING END  ************************"
[2024-05-10T13:52:30.209Z] [INFO] [MerchantConfig192507760] : "************************ LOGGING START ************************"
[2024-05-10T13:52:30.223Z] [INFO] [ApiClient258355689] : "Authentication Type : http_signature"
[2024-05-10T13:52:30.223Z] [INFO] [ApiClient258355689] : "Request Type : POST"
[2024-05-10T13:52:30.228Z] [INFO] [ApiClient258355689] : "signatureHeader : keyid=\"ea34b9a9-fc29-46df-90c2-f6446f285bb1\", algorithm=\"HmacSHA256\", headers=\"host date request-target digest v-c-merchant-id\", signature=\"iSpijMjX1ljMgIpXDimpjOrEm4tPWrF/aBe2pcNptms=\""
[2024-05-10T13:52:30.228Z] [INFO] [ApiClient258355689] : "digest : SHA-256=4sgQfSJtBP4laBUfM/3KtkTbHT+YpHjLoYDs+uqJxxs="
[2024-05-10T13:52:30.228Z] [INFO] [ApiClient258355689] : "v-c-merchant-id : bc_5808459559"
[2024-05-10T13:52:30.228Z] [INFO] [ApiClient258355689] : "date : Fri, 10 May 2024 13:52:30 GMT"
[2024-05-10T13:52:30.229Z] [INFO] [ApiClient258355689] : "host : apitest.cybersource.com"
[2024-05-10T13:52:30.229Z] [INFO] [ApiClient258355689] : "signature : keyid=\"ea34b9a9-fc29-46df-90c2-f6446f285bb1\", algorithm=\"HmacSHA256\", headers=\"host date request-target digest v-c-merchant-id\", signature=\"iSpijMjX1ljMgIpXDimpjOrEm4tPWrF/aBe2pcNptms=\""
[2024-05-10T13:52:30.229Z] [INFO] [ApiClient258355689] : "User-Agent : Mozilla/5.0"
[2024-05-10T13:52:30.229Z] [INFO] [ApiClient258355689] : "************************  LOGGING END  ************************"
[2024-05-10T13:52:30.216Z] [INFO] [MerchantConfig932833743] : "************************ LOGGING START ************************"
[2024-05-10T13:52:31.103Z] [INFO] [ApiClient258355689] : "Authentication Type : http_signature"
[2024-05-10T13:52:31.103Z] [INFO] [ApiClient258355689] : "Request Type : POST"
[2024-05-10T13:52:31.104Z] [INFO] [ApiClient258355689] : "signatureHeader : keyid=\"ea34b9a9-fc29-46df-90c2-f6446f285bb1\", algorithm=\"HmacSHA256\", headers=\"host date request-target digest v-c-merchant-id\", signature=\"MsdpJw9ZVbFu+9oEjOi9xvHCdwElBo640UWiXgQ4tgo=\""
[2024-05-10T13:52:31.104Z] [INFO] [ApiClient258355689] : "digest : SHA-256=4sgQfSJtBP4laBUfM/3KtkTbHT+YpHjLoYDs+uqJxxs="
[2024-05-10T13:52:31.104Z] [INFO] [ApiClient258355689] : "v-c-merchant-id : bc_5808459559"
[2024-05-10T13:52:31.104Z] [INFO] [ApiClient258355689] : "date : Fri, 10 May 2024 13:52:31 GMT"
[2024-05-10T13:52:31.104Z] [INFO] [ApiClient258355689] : "host : apitest.cybersource.com"
[2024-05-10T13:52:31.104Z] [INFO] [ApiClient258355689] : "signature : keyid=\"ea34b9a9-fc29-46df-90c2-f6446f285bb1\", algorithm=\"HmacSHA256\", headers=\"host date request-target digest v-c-merchant-id\", signature=\"MsdpJw9ZVbFu+9oEjOi9xvHCdwElBo640UWiXgQ4tgo=\""
[2024-05-10T13:52:31.104Z] [INFO] [ApiClient258355689] : "User-Agent : Mozilla/5.0"
[2024-05-10T13:52:31.105Z] [INFO] [ApiClient258355689] : "************************  LOGGING END  ************************"
