[2024-06-20T13:21:08.095Z] [INFO] [MerchantConfig15907002] : "************************ LOGGING START ************************"
[2024-06-20T13:21:08.102Z] [INFO] [ApiClient312137124] : "Authentication Type : http_signature"
[2024-06-20T13:21:08.102Z] [INFO] [ApiClient312137124] : "Request Type : POST"
[2024-06-20T13:21:08.104Z] [INFO] [ApiClient312137124] : "signatureHeader : keyid=\"ea34b9a9-fc29-46df-90c2-f6446f285bb1\", algorithm=\"HmacSHA256\", headers=\"host date request-target digest v-c-merchant-id\", signature=\"3ILLlNpNLX0Q40VGZF/KJqrEaOfWAQe2paaMIMkz9IY=\""
[2024-06-20T13:21:08.104Z] [INFO] [ApiClient312137124] : "digest : SHA-256=s2JdVfQfTNbphesVl5zlnj6eQz68Auj2kg1wonPl/bg="
[2024-06-20T13:21:08.104Z] [INFO] [ApiClient312137124] : "v-c-merchant-id : bc_5808459559"
[2024-06-20T13:21:08.105Z] [INFO] [ApiClient312137124] : "date : Thu, 20 Jun 2024 13:21:08 GMT"
[2024-06-20T13:21:08.105Z] [INFO] [ApiClient312137124] : "host : apitest.cybersource.com"
[2024-06-20T13:21:08.105Z] [INFO] [ApiClient312137124] : "signature : keyid=\"ea34b9a9-fc29-46df-90c2-f6446f285bb1\", algorithm=\"HmacSHA256\", headers=\"host date request-target digest v-c-merchant-id\", signature=\"3ILLlNpNLX0Q40VGZF/KJqrEaOfWAQe2paaMIMkz9IY=\""
[2024-06-20T13:21:08.105Z] [INFO] [ApiClient312137124] : "User-Agent : Mozilla/5.0"
[2024-06-20T13:21:08.106Z] [INFO] [ApiClient312137124] : "************************  LOGGING END  ************************"
[2024-06-20T13:21:42.955Z] [INFO] [MerchantConfig568624641] : "************************ LOGGING START ************************"
[2024-06-20T13:21:42.958Z] [INFO] [ApiClient120659886] : "Authentication Type : http_signature"
[2024-06-20T13:21:42.958Z] [INFO] [ApiClient120659886] : "Request Type : POST"
[2024-06-20T13:21:42.959Z] [INFO] [ApiClient120659886] : "signatureHeader : keyid=\"ea34b9a9-fc29-46df-90c2-f6446f285bb1\", algorithm=\"HmacSHA256\", headers=\"host date request-target digest v-c-merchant-id\", signature=\"BoX6POyF6k874XPIWgdu/cHMzLQDNkRqtxD4hKHkDLg=\""
[2024-06-20T13:21:42.959Z] [INFO] [ApiClient120659886] : "digest : SHA-256=dCwVIA/ML65jdCzWvLWYRmim1xWxAzpXnKzlKMntkNQ="
[2024-06-20T13:21:42.959Z] [INFO] [ApiClient120659886] : "v-c-merchant-id : bc_5808459559"
[2024-06-20T13:21:42.959Z] [INFO] [ApiClient120659886] : "date : Thu, 20 Jun 2024 13:21:42 GMT"
[2024-06-20T13:21:42.959Z] [INFO] [ApiClient120659886] : "host : apitest.cybersource.com"
[2024-06-20T13:21:42.959Z] [INFO] [ApiClient120659886] : "signature : keyid=\"ea34b9a9-fc29-46df-90c2-f6446f285bb1\", algorithm=\"HmacSHA256\", headers=\"host date request-target digest v-c-merchant-id\", signature=\"BoX6POyF6k874XPIWgdu/cHMzLQDNkRqtxD4hKHkDLg=\""
[2024-06-20T13:21:42.959Z] [INFO] [ApiClient120659886] : "User-Agent : Mozilla/5.0"
[2024-06-20T13:21:42.960Z] [INFO] [ApiClient120659886] : "************************  LOGGING END  ************************"
[2024-06-20T13:31:47.242Z] [INFO] [MerchantConfig605426198] : "************************ LOGGING START ************************"
[2024-06-20T13:31:47.246Z] [INFO] [ApiClient201156661] : "Authentication Type : http_signature"
[2024-06-20T13:31:47.246Z] [INFO] [ApiClient201156661] : "Request Type : POST"
[2024-06-20T13:31:47.248Z] [INFO] [ApiClient201156661] : "signatureHeader : keyid=\"ea34b9a9-fc29-46df-90c2-f6446f285bb1\", algorithm=\"HmacSHA256\", headers=\"host date request-target digest v-c-merchant-id\", signature=\"KCAPZUaur1IUTh0ClYrvgQYG4/Sy+EZC/noH285PgHE=\""
[2024-06-20T13:31:47.248Z] [INFO] [ApiClient201156661] : "digest : SHA-256=xtwuraqtsGY7nMz9DEV2nccBolx+/97nYqNMxaLXeT4="
[2024-06-20T13:31:47.248Z] [INFO] [ApiClient201156661] : "v-c-merchant-id : bc_5808459559"
[2024-06-20T13:31:47.248Z] [INFO] [ApiClient201156661] : "date : Thu, 20 Jun 2024 13:31:47 GMT"
[2024-06-20T13:31:47.249Z] [INFO] [ApiClient201156661] : "host : apitest.cybersource.com"
[2024-06-20T13:31:47.249Z] [INFO] [ApiClient201156661] : "signature : keyid=\"ea34b9a9-fc29-46df-90c2-f6446f285bb1\", algorithm=\"HmacSHA256\", headers=\"host date request-target digest v-c-merchant-id\", signature=\"KCAPZUaur1IUTh0ClYrvgQYG4/Sy+EZC/noH285PgHE=\""
[2024-06-20T13:31:47.249Z] [INFO] [ApiClient201156661] : "User-Agent : Mozilla/5.0"
[2024-06-20T13:31:47.249Z] [INFO] [ApiClient201156661] : "************************  LOGGING END  ************************"
[2024-06-20T14:19:24.007Z] [INFO] [MerchantConfig747686132] : "************************ LOGGING START ************************"
[2024-06-20T14:19:24.011Z] [INFO] [ApiClient401054050] : "Authentication Type : http_signature"
[2024-06-20T14:19:24.011Z] [INFO] [ApiClient401054050] : "Request Type : POST"
[2024-06-20T14:19:24.012Z] [INFO] [ApiClient401054050] : "signatureHeader : keyid=\"ea34b9a9-fc29-46df-90c2-f6446f285bb1\", algorithm=\"HmacSHA256\", headers=\"host date request-target digest v-c-merchant-id\", signature=\"YxFB6nu4yEYlwb6j7SEMHv3p/4XOLPXMgrLmKQjJyEY=\""
[2024-06-20T14:19:24.012Z] [INFO] [ApiClient401054050] : "digest : SHA-256=I8c6/ihYEkEJxB2xdIn9htQ1oyZepF+4yg/hvfJVf0k="
[2024-06-20T14:19:24.012Z] [INFO] [ApiClient401054050] : "v-c-merchant-id : bc_5808459559"
[2024-06-20T14:19:24.012Z] [INFO] [ApiClient401054050] : "date : Thu, 20 Jun 2024 14:19:24 GMT"
[2024-06-20T14:19:24.012Z] [INFO] [ApiClient401054050] : "host : apitest.cybersource.com"
[2024-06-20T14:19:24.013Z] [INFO] [ApiClient401054050] : "signature : keyid=\"ea34b9a9-fc29-46df-90c2-f6446f285bb1\", algorithm=\"HmacSHA256\", headers=\"host date request-target digest v-c-merchant-id\", signature=\"YxFB6nu4yEYlwb6j7SEMHv3p/4XOLPXMgrLmKQjJyEY=\""
[2024-06-20T14:19:24.013Z] [INFO] [ApiClient401054050] : "User-Agent : Mozilla/5.0"
[2024-06-20T14:19:24.013Z] [INFO] [ApiClient401054050] : "************************  LOGGING END  ************************"
[2024-06-20T14:19:26.691Z] [INFO] [MerchantConfig614330482] : "************************ LOGGING START ************************"
[2024-06-20T14:19:26.693Z] [INFO] [ApiClient507305490] : "Authentication Type : http_signature"
[2024-06-20T14:19:26.693Z] [INFO] [ApiClient507305490] : "Request Type : POST"
[2024-06-20T14:19:26.693Z] [INFO] [ApiClient507305490] : "signatureHeader : keyid=\"ea34b9a9-fc29-46df-90c2-f6446f285bb1\", algorithm=\"HmacSHA256\", headers=\"host date request-target digest v-c-merchant-id\", signature=\"z+fsO+ghFsTyMwISaiMJVpXtZ2eEN8Y6KSOfwO5V7BU=\""
[2024-06-20T14:19:26.693Z] [INFO] [ApiClient507305490] : "digest : SHA-256=3MFbhUoslGIEsyNYF26Ud84ix+ShUAC3A+hjBrX/CLY="
[2024-06-20T14:19:26.693Z] [INFO] [ApiClient507305490] : "v-c-merchant-id : bc_5808459559"
[2024-06-20T14:19:26.693Z] [INFO] [ApiClient507305490] : "date : Thu, 20 Jun 2024 14:19:26 GMT"
[2024-06-20T14:19:26.693Z] [INFO] [ApiClient507305490] : "host : apitest.cybersource.com"
[2024-06-20T14:19:26.693Z] [INFO] [ApiClient507305490] : "signature : keyid=\"ea34b9a9-fc29-46df-90c2-f6446f285bb1\", algorithm=\"HmacSHA256\", headers=\"host date request-target digest v-c-merchant-id\", signature=\"z+fsO+ghFsTyMwISaiMJVpXtZ2eEN8Y6KSOfwO5V7BU=\""
[2024-06-20T14:19:26.693Z] [INFO] [ApiClient507305490] : "User-Agent : Mozilla/5.0"
[2024-06-20T14:19:26.694Z] [INFO] [ApiClient507305490] : "************************  LOGGING END  ************************"
[2024-06-20T14:20:39.824Z] [INFO] [MerchantConfig118043631] : "************************ LOGGING START ************************"
[2024-06-20T14:20:39.826Z] [INFO] [ApiClient409412677] : "Authentication Type : http_signature"
[2024-06-20T14:20:39.826Z] [INFO] [ApiClient409412677] : "Request Type : POST"
[2024-06-20T14:20:39.826Z] [INFO] [ApiClient409412677] : "signatureHeader : keyid=\"ea34b9a9-fc29-46df-90c2-f6446f285bb1\", algorithm=\"HmacSHA256\", headers=\"host date request-target digest v-c-merchant-id\", signature=\"rdCoIs2ScQ+iPV1+RO/hvGHJpkWtyNrEiMlNQTLEIEM=\""
[2024-06-20T14:20:39.826Z] [INFO] [ApiClient409412677] : "digest : SHA-256=B++xob/wsxXBbxqNdCDzmzwv862BLG7lOKZ3CQKKwjE="
[2024-06-20T14:20:39.826Z] [INFO] [ApiClient409412677] : "v-c-merchant-id : bc_5808459559"
[2024-06-20T14:20:39.826Z] [INFO] [ApiClient409412677] : "date : Thu, 20 Jun 2024 14:20:39 GMT"
[2024-06-20T14:20:39.827Z] [INFO] [ApiClient409412677] : "host : apitest.cybersource.com"
[2024-06-20T14:20:39.827Z] [INFO] [ApiClient409412677] : "signature : keyid=\"ea34b9a9-fc29-46df-90c2-f6446f285bb1\", algorithm=\"HmacSHA256\", headers=\"host date request-target digest v-c-merchant-id\", signature=\"rdCoIs2ScQ+iPV1+RO/hvGHJpkWtyNrEiMlNQTLEIEM=\""
[2024-06-20T14:20:39.827Z] [INFO] [ApiClient409412677] : "User-Agent : Mozilla/5.0"
[2024-06-20T14:20:39.827Z] [INFO] [ApiClient409412677] : "************************  LOGGING END  ************************"
[2024-06-20T14:20:42.428Z] [INFO] [MerchantConfig127176889] : "************************ LOGGING START ************************"
[2024-06-20T14:20:42.429Z] [INFO] [ApiClient366513802] : "Authentication Type : http_signature"
[2024-06-20T14:20:42.429Z] [INFO] [ApiClient366513802] : "Request Type : POST"
[2024-06-20T14:20:42.429Z] [INFO] [ApiClient366513802] : "signatureHeader : keyid=\"ea34b9a9-fc29-46df-90c2-f6446f285bb1\", algorithm=\"HmacSHA256\", headers=\"host date request-target digest v-c-merchant-id\", signature=\"3LEFqym2OXyNBkoccR/PhGWkh/620p2SpfUWtHuhLFQ=\""
[2024-06-20T14:20:42.429Z] [INFO] [ApiClient366513802] : "digest : SHA-256=ZcYGFByXaTBn5E+xhby1rd4aNbWta9fIGTIC7lnkrYE="
[2024-06-20T14:20:42.429Z] [INFO] [ApiClient366513802] : "v-c-merchant-id : bc_5808459559"
[2024-06-20T14:20:42.429Z] [INFO] [ApiClient366513802] : "date : Thu, 20 Jun 2024 14:20:42 GMT"
[2024-06-20T14:20:42.429Z] [INFO] [ApiClient366513802] : "host : apitest.cybersource.com"
[2024-06-20T14:20:42.429Z] [INFO] [ApiClient366513802] : "signature : keyid=\"ea34b9a9-fc29-46df-90c2-f6446f285bb1\", algorithm=\"HmacSHA256\", headers=\"host date request-target digest v-c-merchant-id\", signature=\"3LEFqym2OXyNBkoccR/PhGWkh/620p2SpfUWtHuhLFQ=\""
[2024-06-20T14:20:42.429Z] [INFO] [ApiClient366513802] : "User-Agent : Mozilla/5.0"
[2024-06-20T14:20:42.429Z] [INFO] [ApiClient366513802] : "************************  LOGGING END  ************************"
[2024-06-20T14:21:39.751Z] [INFO] [MerchantConfig577944313] : "************************ LOGGING START ************************"
[2024-06-20T14:21:39.755Z] [INFO] [ApiClient666634759] : "Authentication Type : http_signature"
[2024-06-20T14:21:39.755Z] [INFO] [ApiClient666634759] : "Request Type : POST"
[2024-06-20T14:21:39.755Z] [INFO] [ApiClient666634759] : "signatureHeader : keyid=\"ea34b9a9-fc29-46df-90c2-f6446f285bb1\", algorithm=\"HmacSHA256\", headers=\"host date request-target digest v-c-merchant-id\", signature=\"aqv06WIgNwqOqHTTd+Jl4OUp9vqUSq7qy0Vu/EJtnZw=\""
[2024-06-20T14:21:39.756Z] [INFO] [ApiClient666634759] : "digest : SHA-256=WD5kQyivjY3Y/SXVfZfpyIs2zVd/wDWfHgbMEKrs8Y0="
[2024-06-20T14:21:39.756Z] [INFO] [ApiClient666634759] : "v-c-merchant-id : bc_5808459559"
[2024-06-20T14:21:39.756Z] [INFO] [ApiClient666634759] : "date : Thu, 20 Jun 2024 14:21:39 GMT"
[2024-06-20T14:21:39.756Z] [INFO] [ApiClient666634759] : "host : apitest.cybersource.com"
[2024-06-20T14:21:39.756Z] [INFO] [ApiClient666634759] : "signature : keyid=\"ea34b9a9-fc29-46df-90c2-f6446f285bb1\", algorithm=\"HmacSHA256\", headers=\"host date request-target digest v-c-merchant-id\", signature=\"aqv06WIgNwqOqHTTd+Jl4OUp9vqUSq7qy0Vu/EJtnZw=\""
[2024-06-20T14:21:39.756Z] [INFO] [ApiClient666634759] : "User-Agent : Mozilla/5.0"
[2024-06-20T14:21:39.756Z] [INFO] [ApiClient666634759] : "************************  LOGGING END  ************************"
[2024-06-20T14:21:42.273Z] [INFO] [MerchantConfig243511040] : "************************ LOGGING START ************************"
[2024-06-20T14:21:42.276Z] [INFO] [ApiClient191639104] : "Authentication Type : http_signature"
[2024-06-20T14:21:42.276Z] [INFO] [ApiClient191639104] : "Request Type : POST"
[2024-06-20T14:21:42.276Z] [INFO] [ApiClient191639104] : "signatureHeader : keyid=\"ea34b9a9-fc29-46df-90c2-f6446f285bb1\", algorithm=\"HmacSHA256\", headers=\"host date request-target digest v-c-merchant-id\", signature=\"7wkQ0V4g6bzHp6/BPwFmn6Nd43OCeNRHIodVaWKmKE0=\""
[2024-06-20T14:21:42.276Z] [INFO] [ApiClient191639104] : "digest : SHA-256=zCRN/2w3sYZEHlYtKWXAhiMjc9mAX0UqqktWjgA/VGs="
[2024-06-20T14:21:42.276Z] [INFO] [ApiClient191639104] : "v-c-merchant-id : bc_5808459559"
[2024-06-20T14:21:42.276Z] [INFO] [ApiClient191639104] : "date : Thu, 20 Jun 2024 14:21:42 GMT"
[2024-06-20T14:21:42.276Z] [INFO] [ApiClient191639104] : "host : apitest.cybersource.com"
[2024-06-20T14:21:42.276Z] [INFO] [ApiClient191639104] : "signature : keyid=\"ea34b9a9-fc29-46df-90c2-f6446f285bb1\", algorithm=\"HmacSHA256\", headers=\"host date request-target digest v-c-merchant-id\", signature=\"7wkQ0V4g6bzHp6/BPwFmn6Nd43OCeNRHIodVaWKmKE0=\""
[2024-06-20T14:21:42.276Z] [INFO] [ApiClient191639104] : "User-Agent : Mozilla/5.0"
[2024-06-20T14:21:42.276Z] [INFO] [ApiClient191639104] : "************************  LOGGING END  ************************"
[2024-06-20T14:24:05.610Z] [INFO] [MerchantConfig43874837] : "************************ LOGGING START ************************"
[2024-06-20T14:24:05.613Z] [INFO] [ApiClient480653762] : "Authentication Type : http_signature"
[2024-06-20T14:24:05.613Z] [INFO] [ApiClient480653762] : "Request Type : POST"
[2024-06-20T14:24:05.614Z] [INFO] [ApiClient480653762] : "signatureHeader : keyid=\"ea34b9a9-fc29-46df-90c2-f6446f285bb1\", algorithm=\"HmacSHA256\", headers=\"host date request-target digest v-c-merchant-id\", signature=\"G1uj7c1/6z6V7G333+JO4t7HzRDANG0WIplEq9GfeAU=\""
[2024-06-20T14:24:05.614Z] [INFO] [ApiClient480653762] : "digest : SHA-256=LK27KdxBJht/xOeQSJnD3qIM2QpoD0LWh8PmnAT/eo0="
[2024-06-20T14:24:05.614Z] [INFO] [ApiClient480653762] : "v-c-merchant-id : bc_5808459559"
[2024-06-20T14:24:05.614Z] [INFO] [ApiClient480653762] : "date : Thu, 20 Jun 2024 14:24:05 GMT"
[2024-06-20T14:24:05.614Z] [INFO] [ApiClient480653762] : "host : apitest.cybersource.com"
[2024-06-20T14:24:05.614Z] [INFO] [ApiClient480653762] : "signature : keyid=\"ea34b9a9-fc29-46df-90c2-f6446f285bb1\", algorithm=\"HmacSHA256\", headers=\"host date request-target digest v-c-merchant-id\", signature=\"G1uj7c1/6z6V7G333+JO4t7HzRDANG0WIplEq9GfeAU=\""
[2024-06-20T14:24:05.614Z] [INFO] [ApiClient480653762] : "User-Agent : Mozilla/5.0"
[2024-06-20T14:24:05.614Z] [INFO] [ApiClient480653762] : "************************  LOGGING END  ************************"
[2024-06-20T14:24:08.067Z] [INFO] [MerchantConfig379897784] : "************************ LOGGING START ************************"
[2024-06-20T14:24:08.067Z] [INFO] [ApiClient521185520] : "Authentication Type : http_signature"
[2024-06-20T14:24:08.068Z] [INFO] [ApiClient521185520] : "Request Type : POST"
[2024-06-20T14:24:08.068Z] [INFO] [ApiClient521185520] : "signatureHeader : keyid=\"ea34b9a9-fc29-46df-90c2-f6446f285bb1\", algorithm=\"HmacSHA256\", headers=\"host date request-target digest v-c-merchant-id\", signature=\"Nv+GnG+2bqWGdX6Ayf3m7NQIxT+MyCbLoI6tz14sGDU=\""
[2024-06-20T14:24:08.068Z] [INFO] [ApiClient521185520] : "digest : SHA-256=X6tu8l5bq8KfOkeH+YWrgH2VCeAGFG3xDBLQQxfekNQ="
[2024-06-20T14:24:08.068Z] [INFO] [ApiClient521185520] : "v-c-merchant-id : bc_5808459559"
[2024-06-20T14:24:08.068Z] [INFO] [ApiClient521185520] : "date : Thu, 20 Jun 2024 14:24:08 GMT"
[2024-06-20T14:24:08.068Z] [INFO] [ApiClient521185520] : "host : apitest.cybersource.com"
[2024-06-20T14:24:08.068Z] [INFO] [ApiClient521185520] : "signature : keyid=\"ea34b9a9-fc29-46df-90c2-f6446f285bb1\", algorithm=\"HmacSHA256\", headers=\"host date request-target digest v-c-merchant-id\", signature=\"Nv+GnG+2bqWGdX6Ayf3m7NQIxT+MyCbLoI6tz14sGDU=\""
[2024-06-20T14:24:08.068Z] [INFO] [ApiClient521185520] : "User-Agent : Mozilla/5.0"
[2024-06-20T14:24:08.068Z] [INFO] [ApiClient521185520] : "************************  LOGGING END  ************************"
[2024-06-20T14:24:08.543Z] [INFO] [MerchantConfig574903229] : "************************ LOGGING START ************************"
[2024-06-20T14:24:08.544Z] [INFO] [ApiClient203860140] : "Authentication Type : http_signature"
[2024-06-20T14:24:08.545Z] [INFO] [ApiClient203860140] : "Request Type : POST"
[2024-06-20T14:24:08.545Z] [INFO] [ApiClient203860140] : "signatureHeader : keyid=\"ea34b9a9-fc29-46df-90c2-f6446f285bb1\", algorithm=\"HmacSHA256\", headers=\"host date request-target digest v-c-merchant-id\", signature=\"IQu2laGw/4F/oMCBRpc/Ct+TBEIMWJ8rCmXXVYbe7yg=\""
[2024-06-20T14:24:08.545Z] [INFO] [ApiClient203860140] : "digest : SHA-256=A56Re0mfKZDyPtkQyoKvaDyIGKcBp47v1VJIIYBZHK0="
[2024-06-20T14:24:08.545Z] [INFO] [ApiClient203860140] : "v-c-merchant-id : bc_5808459559"
[2024-06-20T14:24:08.545Z] [INFO] [ApiClient203860140] : "date : Thu, 20 Jun 2024 14:24:08 GMT"
[2024-06-20T14:24:08.545Z] [INFO] [ApiClient203860140] : "host : apitest.cybersource.com"
[2024-06-20T14:24:08.545Z] [INFO] [ApiClient203860140] : "signature : keyid=\"ea34b9a9-fc29-46df-90c2-f6446f285bb1\", algorithm=\"HmacSHA256\", headers=\"host date request-target digest v-c-merchant-id\", signature=\"IQu2laGw/4F/oMCBRpc/Ct+TBEIMWJ8rCmXXVYbe7yg=\""
[2024-06-20T14:24:08.545Z] [INFO] [ApiClient203860140] : "User-Agent : Mozilla/5.0"
[2024-06-20T14:24:08.545Z] [INFO] [ApiClient203860140] : "************************  LOGGING END  ************************"
[2024-06-20T14:58:27.704Z] [INFO] [MerchantConfig229582199] : "************************ LOGGING START ************************"
[2024-06-20T14:58:27.708Z] [INFO] [ApiClient104894961] : "Authentication Type : http_signature"
[2024-06-20T14:58:27.708Z] [INFO] [ApiClient104894961] : "Request Type : POST"
[2024-06-20T14:58:27.711Z] [INFO] [ApiClient104894961] : "signatureHeader : keyid=\"ea34b9a9-fc29-46df-90c2-f6446f285bb1\", algorithm=\"HmacSHA256\", headers=\"host date request-target digest v-c-merchant-id\", signature=\"qpI3bPqXf6j0w9bYCXZGzN8GxP2ou2U+0tz0/lvZoaQ=\""
[2024-06-20T14:58:27.712Z] [INFO] [ApiClient104894961] : "digest : SHA-256=ommUwRX6gEOMF+4eUBY0cZDEv5DD6+rHLUA6LxqIob8="
[2024-06-20T14:58:27.712Z] [INFO] [ApiClient104894961] : "v-c-merchant-id : bc_5808459559"
[2024-06-20T14:58:27.712Z] [INFO] [ApiClient104894961] : "date : Thu, 20 Jun 2024 14:58:27 GMT"
[2024-06-20T14:58:27.712Z] [INFO] [ApiClient104894961] : "host : apitest.cybersource.com"
[2024-06-20T14:58:27.712Z] [INFO] [ApiClient104894961] : "signature : keyid=\"ea34b9a9-fc29-46df-90c2-f6446f285bb1\", algorithm=\"HmacSHA256\", headers=\"host date request-target digest v-c-merchant-id\", signature=\"qpI3bPqXf6j0w9bYCXZGzN8GxP2ou2U+0tz0/lvZoaQ=\""
[2024-06-20T14:58:27.712Z] [INFO] [ApiClient104894961] : "User-Agent : Mozilla/5.0"
[2024-06-20T14:58:27.712Z] [INFO] [ApiClient104894961] : "************************  LOGGING END  ************************"
[2024-06-20T14:58:30.874Z] [INFO] [MerchantConfig654411891] : "************************ LOGGING START ************************"
[2024-06-20T14:58:30.876Z] [INFO] [ApiClient423580325] : "Authentication Type : http_signature"
[2024-06-20T14:58:30.876Z] [INFO] [ApiClient423580325] : "Request Type : POST"
[2024-06-20T14:58:30.876Z] [INFO] [ApiClient423580325] : "signatureHeader : keyid=\"ea34b9a9-fc29-46df-90c2-f6446f285bb1\", algorithm=\"HmacSHA256\", headers=\"host date request-target digest v-c-merchant-id\", signature=\"i84Kn83ZSiGIfwBO+h75KXAfk4xemG7UrE6cdC4OVTE=\""
[2024-06-20T14:58:30.877Z] [INFO] [ApiClient423580325] : "digest : SHA-256=b1NBvgMBCiMnhyYQRStikHvYOC3WVZB47Hr2guQoAGw="
[2024-06-20T14:58:30.877Z] [INFO] [ApiClient423580325] : "v-c-merchant-id : bc_5808459559"
[2024-06-20T14:58:30.877Z] [INFO] [ApiClient423580325] : "date : Thu, 20 Jun 2024 14:58:30 GMT"
[2024-06-20T14:58:30.877Z] [INFO] [ApiClient423580325] : "host : apitest.cybersource.com"
[2024-06-20T14:58:30.877Z] [INFO] [ApiClient423580325] : "signature : keyid=\"ea34b9a9-fc29-46df-90c2-f6446f285bb1\", algorithm=\"HmacSHA256\", headers=\"host date request-target digest v-c-merchant-id\", signature=\"i84Kn83ZSiGIfwBO+h75KXAfk4xemG7UrE6cdC4OVTE=\""
[2024-06-20T14:58:30.877Z] [INFO] [ApiClient423580325] : "User-Agent : Mozilla/5.0"
[2024-06-20T14:58:30.877Z] [INFO] [ApiClient423580325] : "************************  LOGGING END  ************************"
[2024-06-20T14:58:31.361Z] [INFO] [MerchantConfig755713373] : "************************ LOGGING START ************************"
[2024-06-20T14:58:31.364Z] [INFO] [ApiClient988369027] : "Authentication Type : http_signature"
[2024-06-20T14:58:31.365Z] [INFO] [ApiClient988369027] : "Request Type : POST"
[2024-06-20T14:58:31.365Z] [INFO] [ApiClient988369027] : "signatureHeader : keyid=\"ea34b9a9-fc29-46df-90c2-f6446f285bb1\", algorithm=\"HmacSHA256\", headers=\"host date request-target digest v-c-merchant-id\", signature=\"D0dQQnhluqn4hqTdwwobdLvTFNZE/tYKKY9qC1m6U/k=\""
[2024-06-20T14:58:31.365Z] [INFO] [ApiClient988369027] : "digest : SHA-256=atAgmb8lqmETDDBY9hbPkWWYNEESApP5kaHjE8P+9cs="
[2024-06-20T14:58:31.365Z] [INFO] [ApiClient988369027] : "v-c-merchant-id : bc_5808459559"
[2024-06-20T14:58:31.365Z] [INFO] [ApiClient988369027] : "date : Thu, 20 Jun 2024 14:58:31 GMT"
[2024-06-20T14:58:31.365Z] [INFO] [ApiClient988369027] : "host : apitest.cybersource.com"
[2024-06-20T14:58:31.365Z] [INFO] [ApiClient988369027] : "signature : keyid=\"ea34b9a9-fc29-46df-90c2-f6446f285bb1\", algorithm=\"HmacSHA256\", headers=\"host date request-target digest v-c-merchant-id\", signature=\"D0dQQnhluqn4hqTdwwobdLvTFNZE/tYKKY9qC1m6U/k=\""
[2024-06-20T14:58:31.365Z] [INFO] [ApiClient988369027] : "User-Agent : Mozilla/5.0"
[2024-06-20T14:58:31.365Z] [INFO] [ApiClient988369027] : "************************  LOGGING END  ************************"
[2024-06-20T15:13:51.882Z] [INFO] [ApiClient908380041] : "Authentication Type : http_signature"
[2024-06-20T15:13:51.878Z] [INFO] [MerchantConfig710834359] : "************************ LOGGING START ************************"
[2024-06-20T15:13:51.882Z] [INFO] [ApiClient908380041] : "Request Type : POST"
[2024-06-20T15:13:51.886Z] [INFO] [ApiClient908380041] : "signatureHeader : keyid=\"ea34b9a9-fc29-46df-90c2-f6446f285bb1\", algorithm=\"HmacSHA256\", headers=\"host date request-target digest v-c-merchant-id\", signature=\"QBW7IZ4DJ6P4fS9jnd39YUjsMfAVNbUt/+qOtH+6QE0=\""
[2024-06-20T15:13:51.887Z] [INFO] [ApiClient908380041] : "digest : SHA-256=Ubu89pJOT+7CPHRhm6c3H+F4ZkQY0CDJa37W1DJc8N0="
[2024-06-20T15:13:51.887Z] [INFO] [ApiClient908380041] : "v-c-merchant-id : bc_5808459559"
[2024-06-20T15:13:51.887Z] [INFO] [ApiClient908380041] : "date : Thu, 20 Jun 2024 15:13:51 GMT"
[2024-06-20T15:13:51.888Z] [INFO] [ApiClient908380041] : "host : apitest.cybersource.com"
[2024-06-20T15:13:51.888Z] [INFO] [ApiClient908380041] : "signature : keyid=\"ea34b9a9-fc29-46df-90c2-f6446f285bb1\", algorithm=\"HmacSHA256\", headers=\"host date request-target digest v-c-merchant-id\", signature=\"QBW7IZ4DJ6P4fS9jnd39YUjsMfAVNbUt/+qOtH+6QE0=\""
[2024-06-20T15:13:51.888Z] [INFO] [ApiClient908380041] : "User-Agent : Mozilla/5.0"
[2024-06-20T15:13:51.888Z] [INFO] [ApiClient908380041] : "************************  LOGGING END  ************************"
[2024-06-20T15:13:54.686Z] [INFO] [ApiClient635505929] : "Authentication Type : http_signature"
[2024-06-20T15:13:54.686Z] [INFO] [ApiClient635505929] : "Request Type : POST"
[2024-06-20T15:13:54.687Z] [INFO] [ApiClient635505929] : "signatureHeader : keyid=\"ea34b9a9-fc29-46df-90c2-f6446f285bb1\", algorithm=\"HmacSHA256\", headers=\"host date request-target digest v-c-merchant-id\", signature=\"xwrJ7Wnol2ZBhsQi3nmHMZK2Xmx3WdQpPFgORlPJctU=\""
[2024-06-20T15:13:54.687Z] [INFO] [ApiClient635505929] : "digest : SHA-256=Tsb2XVh1RfQ/RDNrP1OxsCt/dJ1I/Y0pb+qhOmTuFJA="
[2024-06-20T15:13:54.687Z] [INFO] [ApiClient635505929] : "v-c-merchant-id : bc_5808459559"
[2024-06-20T15:13:54.688Z] [INFO] [ApiClient635505929] : "date : Thu, 20 Jun 2024 15:13:54 GMT"
[2024-06-20T15:13:54.685Z] [INFO] [MerchantConfig522892147] : "************************ LOGGING START ************************"
[2024-06-20T15:13:54.688Z] [INFO] [ApiClient635505929] : "host : apitest.cybersource.com"
[2024-06-20T15:13:54.688Z] [INFO] [ApiClient635505929] : "signature : keyid=\"ea34b9a9-fc29-46df-90c2-f6446f285bb1\", algorithm=\"HmacSHA256\", headers=\"host date request-target digest v-c-merchant-id\", signature=\"xwrJ7Wnol2ZBhsQi3nmHMZK2Xmx3WdQpPFgORlPJctU=\""
[2024-06-20T15:13:54.688Z] [INFO] [ApiClient635505929] : "User-Agent : Mozilla/5.0"
[2024-06-20T15:13:54.689Z] [INFO] [ApiClient635505929] : "************************  LOGGING END  ************************"
[2024-06-20T15:13:55.221Z] [INFO] [ApiClient474619005] : "Authentication Type : http_signature"
[2024-06-20T15:13:55.222Z] [INFO] [ApiClient474619005] : "Request Type : POST"
[2024-06-20T15:13:55.222Z] [INFO] [ApiClient474619005] : "signatureHeader : keyid=\"ea34b9a9-fc29-46df-90c2-f6446f285bb1\", algorithm=\"HmacSHA256\", headers=\"host date request-target digest v-c-merchant-id\", signature=\"VSimz9I1wlvnoUdIP6qf8ZLNjIrD2+bDEg1VAfMQf2E=\""
[2024-06-20T15:13:55.222Z] [INFO] [ApiClient474619005] : "digest : SHA-256=w9aTzaP103J4m93LDiyF+g5VZ7SBMgv7hjnRSX7Kp9g="
[2024-06-20T15:13:55.222Z] [INFO] [ApiClient474619005] : "v-c-merchant-id : bc_5808459559"
[2024-06-20T15:13:55.222Z] [INFO] [ApiClient474619005] : "date : Thu, 20 Jun 2024 15:13:55 GMT"
[2024-06-20T15:13:55.222Z] [INFO] [ApiClient474619005] : "host : apitest.cybersource.com"
[2024-06-20T15:13:55.222Z] [INFO] [ApiClient474619005] : "signature : keyid=\"ea34b9a9-fc29-46df-90c2-f6446f285bb1\", algorithm=\"HmacSHA256\", headers=\"host date request-target digest v-c-merchant-id\", signature=\"VSimz9I1wlvnoUdIP6qf8ZLNjIrD2+bDEg1VAfMQf2E=\""
[2024-06-20T15:13:55.222Z] [INFO] [ApiClient474619005] : "User-Agent : Mozilla/5.0"
[2024-06-20T15:13:55.222Z] [INFO] [ApiClient474619005] : "************************  LOGGING END  ************************"
[2024-06-20T15:13:55.220Z] [INFO] [MerchantConfig547440296] : "************************ LOGGING START ************************"
