[2024-05-16T14:53:19.833Z] [INFO] [MerchantConfig752042010] : "************************ LOGGING START ************************"
[2024-05-16T14:53:19.840Z] [INFO] [ApiClient722214479] : "Authentication Type : http_signature"
[2024-05-16T14:53:19.841Z] [INFO] [ApiClient722214479] : "Request Type : POST"
[2024-05-16T14:53:19.842Z] [INFO] [ApiClient722214479] : "signatureHeader : keyid=\"ea34b9a9-fc29-46df-90c2-f6446f285bb1\", algorithm=\"HmacSHA256\", headers=\"host date request-target digest v-c-merchant-id\", signature=\"s12ZkzemzmKlDwuGKF7aeSBGEPv/TgD5cchuVBcm7Lk=\""
[2024-05-16T14:53:19.842Z] [INFO] [ApiClient722214479] : "digest : SHA-256=6QoHlizCdg38VLzq8HAhEAKGrVLwDySWD8wunp5gIRU="
[2024-05-16T14:53:19.842Z] [INFO] [ApiClient722214479] : "v-c-merchant-id : bc_5808459559"
[2024-05-16T14:53:19.842Z] [INFO] [ApiClient722214479] : "date : Thu, 16 May 2024 14:53:19 GMT"
[2024-05-16T14:53:19.843Z] [INFO] [ApiClient722214479] : "host : apitest.cybersource.com"
[2024-05-16T14:53:19.843Z] [INFO] [ApiClient722214479] : "signature : keyid=\"ea34b9a9-fc29-46df-90c2-f6446f285bb1\", algorithm=\"HmacSHA256\", headers=\"host date request-target digest v-c-merchant-id\", signature=\"s12ZkzemzmKlDwuGKF7aeSBGEPv/TgD5cchuVBcm7Lk=\""
[2024-05-16T14:53:19.843Z] [INFO] [ApiClient722214479] : "User-Agent : Mozilla/5.0"
[2024-05-16T14:53:19.843Z] [INFO] [ApiClient722214479] : "************************  LOGGING END  ************************"
[2024-05-16T14:55:15.667Z] [INFO] [ApiClient105467673] : "Authentication Type : http_signature"
[2024-05-16T14:55:15.665Z] [INFO] [MerchantConfig585272584] : "************************ LOGGING START ************************"
[2024-05-16T14:55:15.668Z] [INFO] [ApiClient105467673] : "Request Type : POST"
[2024-05-16T14:55:15.668Z] [INFO] [ApiClient105467673] : "signatureHeader : keyid=\"ea34b9a9-fc29-46df-90c2-f6446f285bb1\", algorithm=\"HmacSHA256\", headers=\"host date request-target digest v-c-merchant-id\", signature=\"f/DeLNhWF3N5iRTLsa+xXBvDYpAsGbrf+2m7qLMjQ/M=\""
[2024-05-16T14:55:15.668Z] [INFO] [ApiClient105467673] : "digest : SHA-256=iJaWIS890kKwEz9T5TD2tQUOy32EAkTMWNCHLGElC6k="
[2024-05-16T14:55:15.669Z] [INFO] [ApiClient105467673] : "v-c-merchant-id : bc_5808459559"
[2024-05-16T14:55:15.669Z] [INFO] [ApiClient105467673] : "date : Thu, 16 May 2024 14:55:15 GMT"
[2024-05-16T14:55:15.669Z] [INFO] [ApiClient105467673] : "host : apitest.cybersource.com"
[2024-05-16T14:55:15.669Z] [INFO] [ApiClient105467673] : "signature : keyid=\"ea34b9a9-fc29-46df-90c2-f6446f285bb1\", algorithm=\"HmacSHA256\", headers=\"host date request-target digest v-c-merchant-id\", signature=\"f/DeLNhWF3N5iRTLsa+xXBvDYpAsGbrf+2m7qLMjQ/M=\""
[2024-05-16T14:55:15.669Z] [INFO] [ApiClient105467673] : "User-Agent : Mozilla/5.0"
[2024-05-16T14:55:15.669Z] [INFO] [ApiClient105467673] : "************************  LOGGING END  ************************"
[2024-05-16T15:24:21.298Z] [INFO] [ApiClient678414678] : "Authentication Type : http_signature"
[2024-05-16T15:24:21.289Z] [INFO] [MerchantConfig6090569] : "************************ LOGGING START ************************"
[2024-05-16T15:24:21.298Z] [INFO] [ApiClient678414678] : "Request Type : POST"
[2024-05-16T15:24:21.299Z] [INFO] [ApiClient678414678] : "signatureHeader : keyid=\"ea34b9a9-fc29-46df-90c2-f6446f285bb1\", algorithm=\"HmacSHA256\", headers=\"host date request-target digest v-c-merchant-id\", signature=\"X/MXryY6yHlqYFSHro9p5ZlNmUcngm4ICfum1/B0YjU=\""
[2024-05-16T15:24:21.299Z] [INFO] [ApiClient678414678] : "digest : SHA-256=ILhJtefcXmVBbWe4MOkbpGlnERK+CIYTsqJYM6dqiTE="
[2024-05-16T15:24:21.300Z] [INFO] [ApiClient678414678] : "v-c-merchant-id : bc_5808459559"
[2024-05-16T15:24:21.300Z] [INFO] [ApiClient678414678] : "date : Thu, 16 May 2024 15:24:21 GMT"
[2024-05-16T15:24:21.300Z] [INFO] [ApiClient678414678] : "host : apitest.cybersource.com"
[2024-05-16T15:24:21.300Z] [INFO] [ApiClient678414678] : "signature : keyid=\"ea34b9a9-fc29-46df-90c2-f6446f285bb1\", algorithm=\"HmacSHA256\", headers=\"host date request-target digest v-c-merchant-id\", signature=\"X/MXryY6yHlqYFSHro9p5ZlNmUcngm4ICfum1/B0YjU=\""
[2024-05-16T15:24:21.300Z] [INFO] [ApiClient678414678] : "User-Agent : Mozilla/5.0"
[2024-05-16T15:24:21.300Z] [INFO] [ApiClient678414678] : "************************  LOGGING END  ************************"
[2024-05-16T15:44:12.380Z] [INFO] [MerchantConfig347209811] : "************************ LOGGING START ************************"
[2024-05-16T15:44:12.388Z] [INFO] [ApiClient936174726] : "Authentication Type : http_signature"
[2024-05-16T15:44:12.389Z] [INFO] [ApiClient936174726] : "Request Type : POST"
[2024-05-16T15:44:12.404Z] [INFO] [ApiClient936174726] : "signatureHeader : keyid=\"ea34b9a9-fc29-46df-90c2-f6446f285bb1\", algorithm=\"HmacSHA256\", headers=\"host date request-target digest v-c-merchant-id\", signature=\"QSd+0KneW6n1S9zHtygcBCGWDmcX8nh405LAwGDZGBA=\""
[2024-05-16T15:44:12.405Z] [INFO] [ApiClient936174726] : "digest : SHA-256=ILhJtefcXmVBbWe4MOkbpGlnERK+CIYTsqJYM6dqiTE="
[2024-05-16T15:44:12.405Z] [INFO] [ApiClient936174726] : "v-c-merchant-id : bc_5808459559"
[2024-05-16T15:44:12.405Z] [INFO] [ApiClient936174726] : "date : Thu, 16 May 2024 15:44:12 GMT"
[2024-05-16T15:44:12.405Z] [INFO] [ApiClient936174726] : "host : apitest.cybersource.com"
[2024-05-16T15:44:12.405Z] [INFO] [ApiClient936174726] : "signature : keyid=\"ea34b9a9-fc29-46df-90c2-f6446f285bb1\", algorithm=\"HmacSHA256\", headers=\"host date request-target digest v-c-merchant-id\", signature=\"QSd+0KneW6n1S9zHtygcBCGWDmcX8nh405LAwGDZGBA=\""
[2024-05-16T15:44:12.405Z] [INFO] [ApiClient936174726] : "User-Agent : Mozilla/5.0"
[2024-05-16T15:44:12.405Z] [INFO] [ApiClient936174726] : "************************  LOGGING END  ************************"
[2024-05-16T17:40:42.480Z] [INFO] [ApiClient263041316] : "Authentication Type : http_signature"
[2024-05-16T17:40:42.472Z] [INFO] [MerchantConfig983985586] : "************************ LOGGING START ************************"
[2024-05-16T17:40:42.481Z] [INFO] [ApiClient263041316] : "Request Type : POST"
[2024-05-16T17:40:42.484Z] [INFO] [ApiClient263041316] : "signatureHeader : keyid=\"ea34b9a9-fc29-46df-90c2-f6446f285bb1\", algorithm=\"HmacSHA256\", headers=\"host date request-target digest v-c-merchant-id\", signature=\"6Yxy4wRMou2WSAuPSpRwU5EPJzzQ43gTTTqjvXbAkMo=\""
[2024-05-16T17:40:42.484Z] [INFO] [ApiClient263041316] : "digest : SHA-256=xOwtUfOclkh0GbhoLvGca9iQAkqpgW/iV5ZuMs5sHwo="
[2024-05-16T17:40:42.484Z] [INFO] [ApiClient263041316] : "v-c-merchant-id : bc_5808459559"
[2024-05-16T17:40:42.485Z] [INFO] [ApiClient263041316] : "date : Thu, 16 May 2024 17:40:42 GMT"
[2024-05-16T17:40:42.485Z] [INFO] [ApiClient263041316] : "host : apitest.cybersource.com"
[2024-05-16T17:40:42.485Z] [INFO] [ApiClient263041316] : "signature : keyid=\"ea34b9a9-fc29-46df-90c2-f6446f285bb1\", algorithm=\"HmacSHA256\", headers=\"host date request-target digest v-c-merchant-id\", signature=\"6Yxy4wRMou2WSAuPSpRwU5EPJzzQ43gTTTqjvXbAkMo=\""
[2024-05-16T17:40:42.485Z] [INFO] [ApiClient263041316] : "User-Agent : Mozilla/5.0"
[2024-05-16T17:40:42.485Z] [INFO] [ApiClient263041316] : "************************  LOGGING END  ************************"
[2024-05-16T17:46:57.753Z] [INFO] [MerchantConfig394650520] : "************************ LOGGING START ************************"
[2024-05-16T17:46:57.759Z] [INFO] [ApiClient31976008] : "Authentication Type : http_signature"
[2024-05-16T17:46:57.759Z] [INFO] [ApiClient31976008] : "Request Type : POST"
[2024-05-16T17:46:57.760Z] [INFO] [ApiClient31976008] : "signatureHeader : keyid=\"ea34b9a9-fc29-46df-90c2-f6446f285bb1\", algorithm=\"HmacSHA256\", headers=\"host date request-target digest v-c-merchant-id\", signature=\"rHoTHxwlxBR5RayzHR+YBx+zoj0pFo/VV0Rk72UwYt0=\""
[2024-05-16T17:46:57.760Z] [INFO] [ApiClient31976008] : "digest : SHA-256=iJaWIS890kKwEz9T5TD2tQUOy32EAkTMWNCHLGElC6k="
[2024-05-16T17:46:57.760Z] [INFO] [ApiClient31976008] : "v-c-merchant-id : bc_5808459559"
[2024-05-16T17:46:57.761Z] [INFO] [ApiClient31976008] : "date : Thu, 16 May 2024 17:46:57 GMT"
[2024-05-16T17:46:57.761Z] [INFO] [ApiClient31976008] : "host : apitest.cybersource.com"
[2024-05-16T17:46:57.761Z] [INFO] [ApiClient31976008] : "signature : keyid=\"ea34b9a9-fc29-46df-90c2-f6446f285bb1\", algorithm=\"HmacSHA256\", headers=\"host date request-target digest v-c-merchant-id\", signature=\"rHoTHxwlxBR5RayzHR+YBx+zoj0pFo/VV0Rk72UwYt0=\""
[2024-05-16T17:46:57.761Z] [INFO] [ApiClient31976008] : "User-Agent : Mozilla/5.0"
[2024-05-16T17:46:57.761Z] [INFO] [ApiClient31976008] : "************************  LOGGING END  ************************"
[2024-05-16T17:49:25.995Z] [INFO] [MerchantConfig126018409] : "************************ LOGGING START ************************"
[2024-05-16T17:49:25.996Z] [INFO] [ApiClient659340595] : "Authentication Type : http_signature"
[2024-05-16T17:49:25.996Z] [INFO] [ApiClient659340595] : "Request Type : POST"
[2024-05-16T17:49:25.997Z] [INFO] [ApiClient659340595] : "signatureHeader : keyid=\"ea34b9a9-fc29-46df-90c2-f6446f285bb1\", algorithm=\"HmacSHA256\", headers=\"host date request-target digest v-c-merchant-id\", signature=\"Iik7ibWWZ5I6Ahk52hgh21NMMCrG0/Zibz4L8QRncSA=\""
[2024-05-16T17:49:25.998Z] [INFO] [ApiClient659340595] : "digest : SHA-256=iJaWIS890kKwEz9T5TD2tQUOy32EAkTMWNCHLGElC6k="
[2024-05-16T17:49:25.998Z] [INFO] [ApiClient659340595] : "v-c-merchant-id : bc_5808459559"
[2024-05-16T17:49:25.998Z] [INFO] [ApiClient659340595] : "date : Thu, 16 May 2024 17:49:25 GMT"
[2024-05-16T17:49:25.998Z] [INFO] [ApiClient659340595] : "host : apitest.cybersource.com"
[2024-05-16T17:49:25.998Z] [INFO] [ApiClient659340595] : "signature : keyid=\"ea34b9a9-fc29-46df-90c2-f6446f285bb1\", algorithm=\"HmacSHA256\", headers=\"host date request-target digest v-c-merchant-id\", signature=\"Iik7ibWWZ5I6Ahk52hgh21NMMCrG0/Zibz4L8QRncSA=\""
[2024-05-16T17:49:25.998Z] [INFO] [ApiClient659340595] : "User-Agent : Mozilla/5.0"
[2024-05-16T17:49:25.998Z] [INFO] [ApiClient659340595] : "************************  LOGGING END  ************************"
[2024-05-16T17:51:31.675Z] [INFO] [MerchantConfig642477450] : "************************ LOGGING START ************************"
[2024-05-16T17:51:31.677Z] [INFO] [ApiClient583689326] : "Authentication Type : http_signature"
[2024-05-16T17:51:31.677Z] [INFO] [ApiClient583689326] : "Request Type : POST"
[2024-05-16T17:51:31.678Z] [INFO] [ApiClient583689326] : "signatureHeader : keyid=\"ea34b9a9-fc29-46df-90c2-f6446f285bb1\", algorithm=\"HmacSHA256\", headers=\"host date request-target digest v-c-merchant-id\", signature=\"FUF5xi33MEOTgb5ee97M1Cf99nhjuqyjqok3sY2Kj+U=\""
[2024-05-16T17:51:31.678Z] [INFO] [ApiClient583689326] : "digest : SHA-256=iJaWIS890kKwEz9T5TD2tQUOy32EAkTMWNCHLGElC6k="
[2024-05-16T17:51:31.678Z] [INFO] [ApiClient583689326] : "v-c-merchant-id : bc_5808459559"
[2024-05-16T17:51:31.678Z] [INFO] [ApiClient583689326] : "date : Thu, 16 May 2024 17:51:31 GMT"
[2024-05-16T17:51:31.678Z] [INFO] [ApiClient583689326] : "host : apitest.cybersource.com"
[2024-05-16T17:51:31.678Z] [INFO] [ApiClient583689326] : "signature : keyid=\"ea34b9a9-fc29-46df-90c2-f6446f285bb1\", algorithm=\"HmacSHA256\", headers=\"host date request-target digest v-c-merchant-id\", signature=\"FUF5xi33MEOTgb5ee97M1Cf99nhjuqyjqok3sY2Kj+U=\""
[2024-05-16T17:51:31.678Z] [INFO] [ApiClient583689326] : "User-Agent : Mozilla/5.0"
[2024-05-16T17:51:31.678Z] [INFO] [ApiClient583689326] : "************************  LOGGING END  ************************"
[2024-05-16T17:52:25.809Z] [INFO] [MerchantConfig150652266] : "************************ LOGGING START ************************"
[2024-05-16T17:52:25.810Z] [INFO] [ApiClient13015570] : "Authentication Type : http_signature"
[2024-05-16T17:52:25.810Z] [INFO] [ApiClient13015570] : "Request Type : POST"
[2024-05-16T17:52:25.810Z] [INFO] [ApiClient13015570] : "signatureHeader : keyid=\"ea34b9a9-fc29-46df-90c2-f6446f285bb1\", algorithm=\"HmacSHA256\", headers=\"host date request-target digest v-c-merchant-id\", signature=\"4hdyd2579K7ACTaVaLAkwVgeeEGgNOrGjNstYrrcOYk=\""
[2024-05-16T17:52:25.810Z] [INFO] [ApiClient13015570] : "digest : SHA-256=iJaWIS890kKwEz9T5TD2tQUOy32EAkTMWNCHLGElC6k="
[2024-05-16T17:52:25.810Z] [INFO] [ApiClient13015570] : "v-c-merchant-id : bc_5808459559"
[2024-05-16T17:52:25.811Z] [INFO] [ApiClient13015570] : "date : Thu, 16 May 2024 17:52:25 GMT"
[2024-05-16T17:52:25.811Z] [INFO] [ApiClient13015570] : "host : apitest.cybersource.com"
[2024-05-16T17:52:25.811Z] [INFO] [ApiClient13015570] : "signature : keyid=\"ea34b9a9-fc29-46df-90c2-f6446f285bb1\", algorithm=\"HmacSHA256\", headers=\"host date request-target digest v-c-merchant-id\", signature=\"4hdyd2579K7ACTaVaLAkwVgeeEGgNOrGjNstYrrcOYk=\""
[2024-05-16T17:52:25.811Z] [INFO] [ApiClient13015570] : "User-Agent : Mozilla/5.0"
[2024-05-16T17:52:25.811Z] [INFO] [ApiClient13015570] : "************************  LOGGING END  ************************"
[2024-05-16T18:13:18.935Z] [INFO] [MerchantConfig971826898] : "************************ LOGGING START ************************"
[2024-05-16T18:13:18.938Z] [INFO] [ApiClient525567757] : "Authentication Type : http_signature"
[2024-05-16T18:13:18.938Z] [INFO] [ApiClient525567757] : "Request Type : POST"
[2024-05-16T18:13:18.942Z] [INFO] [ApiClient525567757] : "signatureHeader : keyid=\"ea34b9a9-fc29-46df-90c2-f6446f285bb1\", algorithm=\"HmacSHA256\", headers=\"host date request-target digest v-c-merchant-id\", signature=\"xxJJsWCxPvbmvqF6Si2PXkRC6yKXXOA4mD1+pG9nGl4=\""
[2024-05-16T18:13:18.943Z] [INFO] [ApiClient525567757] : "digest : SHA-256=iJaWIS890kKwEz9T5TD2tQUOy32EAkTMWNCHLGElC6k="
[2024-05-16T18:13:18.943Z] [INFO] [ApiClient525567757] : "v-c-merchant-id : bc_5808459559"
[2024-05-16T18:13:18.943Z] [INFO] [ApiClient525567757] : "date : Thu, 16 May 2024 18:13:18 GMT"
[2024-05-16T18:13:18.943Z] [INFO] [ApiClient525567757] : "host : apitest.cybersource.com"
[2024-05-16T18:13:18.943Z] [INFO] [ApiClient525567757] : "signature : keyid=\"ea34b9a9-fc29-46df-90c2-f6446f285bb1\", algorithm=\"HmacSHA256\", headers=\"host date request-target digest v-c-merchant-id\", signature=\"xxJJsWCxPvbmvqF6Si2PXkRC6yKXXOA4mD1+pG9nGl4=\""
[2024-05-16T18:13:18.943Z] [INFO] [ApiClient525567757] : "User-Agent : Mozilla/5.0"
[2024-05-16T18:13:18.943Z] [INFO] [ApiClient525567757] : "************************  LOGGING END  ************************"
[2024-05-16T18:52:01.330Z] [INFO] [MerchantConfig2406398] : "************************ LOGGING START ************************"
[2024-05-16T18:52:01.334Z] [INFO] [ApiClient38640423] : "Authentication Type : http_signature"
[2024-05-16T18:52:01.334Z] [INFO] [ApiClient38640423] : "Request Type : POST"
[2024-05-16T18:52:01.339Z] [INFO] [ApiClient38640423] : "signatureHeader : keyid=\"ea34b9a9-fc29-46df-90c2-f6446f285bb1\", algorithm=\"HmacSHA256\", headers=\"host date request-target digest v-c-merchant-id\", signature=\"B8VswwJPVC0kmf9KidACWQHde6l4OzmHeX9i1mLK+Rg=\""
[2024-05-16T18:52:01.339Z] [INFO] [ApiClient38640423] : "digest : SHA-256=iJaWIS890kKwEz9T5TD2tQUOy32EAkTMWNCHLGElC6k="
[2024-05-16T18:52:01.339Z] [INFO] [ApiClient38640423] : "v-c-merchant-id : bc_5808459559"
[2024-05-16T18:52:01.339Z] [INFO] [ApiClient38640423] : "date : Thu, 16 May 2024 18:52:01 GMT"
[2024-05-16T18:52:01.339Z] [INFO] [ApiClient38640423] : "host : apitest.cybersource.com"
[2024-05-16T18:52:01.339Z] [INFO] [ApiClient38640423] : "signature : keyid=\"ea34b9a9-fc29-46df-90c2-f6446f285bb1\", algorithm=\"HmacSHA256\", headers=\"host date request-target digest v-c-merchant-id\", signature=\"B8VswwJPVC0kmf9KidACWQHde6l4OzmHeX9i1mLK+Rg=\""
[2024-05-16T18:52:01.339Z] [INFO] [ApiClient38640423] : "User-Agent : Mozilla/5.0"
[2024-05-16T18:52:01.340Z] [INFO] [ApiClient38640423] : "************************  LOGGING END  ************************"
[2024-05-16T18:54:08.305Z] [INFO] [ApiClient745068165] : "Authentication Type : http_signature"
[2024-05-16T18:54:08.305Z] [INFO] [ApiClient745068165] : "Request Type : POST"
[2024-05-16T18:54:08.305Z] [INFO] [ApiClient745068165] : "signatureHeader : keyid=\"ea34b9a9-fc29-46df-90c2-f6446f285bb1\", algorithm=\"HmacSHA256\", headers=\"host date request-target digest v-c-merchant-id\", signature=\"5VL3eFEC7rggeFT/QzVbtYBRpW2g53JOoP9uGWqVhx0=\""
[2024-05-16T18:54:08.305Z] [INFO] [ApiClient745068165] : "digest : SHA-256=iJaWIS890kKwEz9T5TD2tQUOy32EAkTMWNCHLGElC6k="
[2024-05-16T18:54:08.305Z] [INFO] [ApiClient745068165] : "v-c-merchant-id : bc_5808459559"
[2024-05-16T18:54:08.305Z] [INFO] [ApiClient745068165] : "date : Thu, 16 May 2024 18:54:08 GMT"
[2024-05-16T18:54:08.302Z] [INFO] [MerchantConfig233344297] : "************************ LOGGING START ************************"
[2024-05-16T18:54:08.305Z] [INFO] [ApiClient745068165] : "host : apitest.cybersource.com"
[2024-05-16T18:54:08.305Z] [INFO] [ApiClient745068165] : "signature : keyid=\"ea34b9a9-fc29-46df-90c2-f6446f285bb1\", algorithm=\"HmacSHA256\", headers=\"host date request-target digest v-c-merchant-id\", signature=\"5VL3eFEC7rggeFT/QzVbtYBRpW2g53JOoP9uGWqVhx0=\""
[2024-05-16T18:54:08.305Z] [INFO] [ApiClient745068165] : "User-Agent : Mozilla/5.0"
[2024-05-16T18:54:08.305Z] [INFO] [ApiClient745068165] : "************************  LOGGING END  ************************"
[2024-05-16T19:18:55.948Z] [INFO] [ApiClient416149723] : "Authentication Type : http_signature"
[2024-05-16T19:18:55.948Z] [INFO] [ApiClient416149723] : "Request Type : POST"
[2024-05-16T19:18:55.951Z] [INFO] [ApiClient416149723] : "signatureHeader : keyid=\"ea34b9a9-fc29-46df-90c2-f6446f285bb1\", algorithm=\"HmacSHA256\", headers=\"host date request-target digest v-c-merchant-id\", signature=\"0sqXf8X9ps+Hp7ydczZHLyJGhQidpju2KceIuM75NEk=\""
[2024-05-16T19:18:55.951Z] [INFO] [ApiClient416149723] : "digest : SHA-256=iJaWIS890kKwEz9T5TD2tQUOy32EAkTMWNCHLGElC6k="
[2024-05-16T19:18:55.951Z] [INFO] [ApiClient416149723] : "v-c-merchant-id : bc_5808459559"
[2024-05-16T19:18:55.951Z] [INFO] [ApiClient416149723] : "date : Thu, 16 May 2024 19:18:55 GMT"
[2024-05-16T19:18:55.951Z] [INFO] [ApiClient416149723] : "host : apitest.cybersource.com"
[2024-05-16T19:18:55.951Z] [INFO] [ApiClient416149723] : "signature : keyid=\"ea34b9a9-fc29-46df-90c2-f6446f285bb1\", algorithm=\"HmacSHA256\", headers=\"host date request-target digest v-c-merchant-id\", signature=\"0sqXf8X9ps+Hp7ydczZHLyJGhQidpju2KceIuM75NEk=\""
[2024-05-16T19:18:55.951Z] [INFO] [ApiClient416149723] : "User-Agent : Mozilla/5.0"
[2024-05-16T19:18:55.951Z] [INFO] [ApiClient416149723] : "************************  LOGGING END  ************************"
[2024-05-16T19:18:55.946Z] [INFO] [MerchantConfig700946029] : "************************ LOGGING START ************************"
[2024-05-16T19:29:36.228Z] [INFO] [ApiClient342613963] : "Authentication Type : http_signature"
[2024-05-16T19:29:36.223Z] [INFO] [MerchantConfig564283449] : "************************ LOGGING START ************************"
[2024-05-16T19:29:36.229Z] [INFO] [ApiClient342613963] : "Request Type : POST"
[2024-05-16T19:29:36.231Z] [INFO] [ApiClient342613963] : "signatureHeader : keyid=\"ea34b9a9-fc29-46df-90c2-f6446f285bb1\", algorithm=\"HmacSHA256\", headers=\"host date request-target digest v-c-merchant-id\", signature=\"OUoCBM4qvLgLgvygl9Bi8NXSKOuI6kNBoLywlcfICZU=\""
[2024-05-16T19:29:36.232Z] [INFO] [ApiClient342613963] : "digest : SHA-256=iJaWIS890kKwEz9T5TD2tQUOy32EAkTMWNCHLGElC6k="
[2024-05-16T19:29:36.232Z] [INFO] [ApiClient342613963] : "v-c-merchant-id : bc_5808459559"
[2024-05-16T19:29:36.232Z] [INFO] [ApiClient342613963] : "date : Thu, 16 May 2024 19:29:36 GMT"
[2024-05-16T19:29:36.232Z] [INFO] [ApiClient342613963] : "host : apitest.cybersource.com"
[2024-05-16T19:29:36.232Z] [INFO] [ApiClient342613963] : "signature : keyid=\"ea34b9a9-fc29-46df-90c2-f6446f285bb1\", algorithm=\"HmacSHA256\", headers=\"host date request-target digest v-c-merchant-id\", signature=\"OUoCBM4qvLgLgvygl9Bi8NXSKOuI6kNBoLywlcfICZU=\""
[2024-05-16T19:29:36.232Z] [INFO] [ApiClient342613963] : "User-Agent : Mozilla/5.0"
[2024-05-16T19:29:36.232Z] [INFO] [ApiClient342613963] : "************************  LOGGING END  ************************"
[2024-05-16T19:33:56.197Z] [INFO] [MerchantConfig707197153] : "************************ LOGGING START ************************"
[2024-05-16T19:33:56.206Z] [INFO] [ApiClient573082304] : "Authentication Type : http_signature"
[2024-05-16T19:33:56.206Z] [INFO] [ApiClient573082304] : "Request Type : POST"
[2024-05-16T19:33:56.209Z] [INFO] [ApiClient573082304] : "signatureHeader : keyid=\"ea34b9a9-fc29-46df-90c2-f6446f285bb1\", algorithm=\"HmacSHA256\", headers=\"host date request-target digest v-c-merchant-id\", signature=\"wjNuJ7M5Y6loK+zh/iHKW8XSoFg7vszZU8OUXDmnWEA=\""
[2024-05-16T19:33:56.209Z] [INFO] [ApiClient573082304] : "digest : SHA-256=iJaWIS890kKwEz9T5TD2tQUOy32EAkTMWNCHLGElC6k="
[2024-05-16T19:33:56.209Z] [INFO] [ApiClient573082304] : "v-c-merchant-id : bc_5808459559"
[2024-05-16T19:33:56.209Z] [INFO] [ApiClient573082304] : "date : Thu, 16 May 2024 19:33:56 GMT"
[2024-05-16T19:33:56.209Z] [INFO] [ApiClient573082304] : "host : apitest.cybersource.com"
[2024-05-16T19:33:56.209Z] [INFO] [ApiClient573082304] : "signature : keyid=\"ea34b9a9-fc29-46df-90c2-f6446f285bb1\", algorithm=\"HmacSHA256\", headers=\"host date request-target digest v-c-merchant-id\", signature=\"wjNuJ7M5Y6loK+zh/iHKW8XSoFg7vszZU8OUXDmnWEA=\""
[2024-05-16T19:33:56.209Z] [INFO] [ApiClient573082304] : "User-Agent : Mozilla/5.0"
[2024-05-16T19:33:56.209Z] [INFO] [ApiClient573082304] : "************************  LOGGING END  ************************"
[2024-05-16T19:35:21.165Z] [INFO] [ApiClient181342982] : "Authentication Type : http_signature"
[2024-05-16T19:35:21.165Z] [INFO] [ApiClient181342982] : "Request Type : POST"
[2024-05-16T19:35:21.165Z] [INFO] [ApiClient181342982] : "signatureHeader : keyid=\"ea34b9a9-fc29-46df-90c2-f6446f285bb1\", algorithm=\"HmacSHA256\", headers=\"host date request-target digest v-c-merchant-id\", signature=\"60G4APoDjZ34fvuhywsxSNOX1jthk/myEGjjDOBs8cU=\""
[2024-05-16T19:35:21.165Z] [INFO] [ApiClient181342982] : "digest : SHA-256=iJaWIS890kKwEz9T5TD2tQUOy32EAkTMWNCHLGElC6k="
[2024-05-16T19:35:21.165Z] [INFO] [ApiClient181342982] : "v-c-merchant-id : bc_5808459559"
[2024-05-16T19:35:21.165Z] [INFO] [ApiClient181342982] : "date : Thu, 16 May 2024 19:35:21 GMT"
[2024-05-16T19:35:21.165Z] [INFO] [ApiClient181342982] : "host : apitest.cybersource.com"
[2024-05-16T19:35:21.165Z] [INFO] [ApiClient181342982] : "signature : keyid=\"ea34b9a9-fc29-46df-90c2-f6446f285bb1\", algorithm=\"HmacSHA256\", headers=\"host date request-target digest v-c-merchant-id\", signature=\"60G4APoDjZ34fvuhywsxSNOX1jthk/myEGjjDOBs8cU=\""
[2024-05-16T19:35:21.165Z] [INFO] [ApiClient181342982] : "User-Agent : Mozilla/5.0"
[2024-05-16T19:35:21.165Z] [INFO] [ApiClient181342982] : "************************  LOGGING END  ************************"
[2024-05-16T19:35:21.162Z] [INFO] [MerchantConfig241438954] : "************************ LOGGING START ************************"
[2024-05-16T19:39:24.288Z] [INFO] [ApiClient899353891] : "Authentication Type : http_signature"
[2024-05-16T19:39:24.285Z] [INFO] [MerchantConfig875848300] : "************************ LOGGING START ************************"
[2024-05-16T19:39:24.288Z] [INFO] [ApiClient899353891] : "Request Type : POST"
[2024-05-16T19:39:24.288Z] [INFO] [ApiClient899353891] : "signatureHeader : keyid=\"ea34b9a9-fc29-46df-90c2-f6446f285bb1\", algorithm=\"HmacSHA256\", headers=\"host date request-target digest v-c-merchant-id\", signature=\"IMLIG41w6SWkqUwxGHevum1QPeuUUFJCtwzHpunTuOg=\""
[2024-05-16T19:39:24.289Z] [INFO] [ApiClient899353891] : "digest : SHA-256=iJaWIS890kKwEz9T5TD2tQUOy32EAkTMWNCHLGElC6k="
[2024-05-16T19:39:24.289Z] [INFO] [ApiClient899353891] : "v-c-merchant-id : bc_5808459559"
[2024-05-16T19:39:24.289Z] [INFO] [ApiClient899353891] : "date : Thu, 16 May 2024 19:39:24 GMT"
[2024-05-16T19:39:24.289Z] [INFO] [ApiClient899353891] : "host : apitest.cybersource.com"
[2024-05-16T19:39:24.289Z] [INFO] [ApiClient899353891] : "signature : keyid=\"ea34b9a9-fc29-46df-90c2-f6446f285bb1\", algorithm=\"HmacSHA256\", headers=\"host date request-target digest v-c-merchant-id\", signature=\"IMLIG41w6SWkqUwxGHevum1QPeuUUFJCtwzHpunTuOg=\""
[2024-05-16T19:39:24.289Z] [INFO] [ApiClient899353891] : "User-Agent : Mozilla/5.0"
[2024-05-16T19:39:24.289Z] [INFO] [ApiClient899353891] : "************************  LOGGING END  ************************"
[2024-05-16T19:54:05.833Z] [INFO] [MerchantConfig529894459] : "************************ LOGGING START ************************"
[2024-05-16T19:54:05.835Z] [INFO] [ApiClient768149238] : "Authentication Type : http_signature"
[2024-05-16T19:54:05.836Z] [INFO] [ApiClient768149238] : "Request Type : POST"
[2024-05-16T19:54:05.837Z] [INFO] [ApiClient768149238] : "signatureHeader : keyid=\"ea34b9a9-fc29-46df-90c2-f6446f285bb1\", algorithm=\"HmacSHA256\", headers=\"host date request-target digest v-c-merchant-id\", signature=\"BrFUcItKTJbNcDR0iZpVAs18mibleo9L8qvjuRaUmA0=\""
[2024-05-16T19:54:05.838Z] [INFO] [ApiClient768149238] : "digest : SHA-256=ILhJtefcXmVBbWe4MOkbpGlnERK+CIYTsqJYM6dqiTE="
[2024-05-16T19:54:05.838Z] [INFO] [ApiClient768149238] : "v-c-merchant-id : bc_5808459559"
[2024-05-16T19:54:05.838Z] [INFO] [ApiClient768149238] : "date : Thu, 16 May 2024 19:54:05 GMT"
[2024-05-16T19:54:05.838Z] [INFO] [ApiClient768149238] : "host : apitest.cybersource.com"
[2024-05-16T19:54:05.838Z] [INFO] [ApiClient768149238] : "signature : keyid=\"ea34b9a9-fc29-46df-90c2-f6446f285bb1\", algorithm=\"HmacSHA256\", headers=\"host date request-target digest v-c-merchant-id\", signature=\"BrFUcItKTJbNcDR0iZpVAs18mibleo9L8qvjuRaUmA0=\""
[2024-05-16T19:54:05.838Z] [INFO] [ApiClient768149238] : "User-Agent : Mozilla/5.0"
[2024-05-16T19:54:05.838Z] [INFO] [ApiClient768149238] : "************************  LOGGING END  ************************"
[2024-05-16T20:14:09.761Z] [INFO] [MerchantConfig946403473] : "************************ LOGGING START ************************"
[2024-05-16T20:14:09.770Z] [INFO] [ApiClient910409922] : "Authentication Type : http_signature"
[2024-05-16T20:14:09.770Z] [INFO] [ApiClient910409922] : "Request Type : POST"
[2024-05-16T20:14:09.772Z] [INFO] [ApiClient910409922] : "signatureHeader : keyid=\"ea34b9a9-fc29-46df-90c2-f6446f285bb1\", algorithm=\"HmacSHA256\", headers=\"host date request-target digest v-c-merchant-id\", signature=\"3yGcJ++ngh7o5HPUJOadJEaQ3pT5IDaCjOG0o+AQV5I=\""
[2024-05-16T20:14:09.773Z] [INFO] [ApiClient910409922] : "digest : SHA-256=iJaWIS890kKwEz9T5TD2tQUOy32EAkTMWNCHLGElC6k="
[2024-05-16T20:14:09.773Z] [INFO] [ApiClient910409922] : "v-c-merchant-id : bc_5808459559"
[2024-05-16T20:14:09.773Z] [INFO] [ApiClient910409922] : "date : Thu, 16 May 2024 20:14:09 GMT"
[2024-05-16T20:14:09.773Z] [INFO] [ApiClient910409922] : "host : apitest.cybersource.com"
[2024-05-16T20:14:09.773Z] [INFO] [ApiClient910409922] : "signature : keyid=\"ea34b9a9-fc29-46df-90c2-f6446f285bb1\", algorithm=\"HmacSHA256\", headers=\"host date request-target digest v-c-merchant-id\", signature=\"3yGcJ++ngh7o5HPUJOadJEaQ3pT5IDaCjOG0o+AQV5I=\""
[2024-05-16T20:14:09.773Z] [INFO] [ApiClient910409922] : "User-Agent : Mozilla/5.0"
[2024-05-16T20:14:09.773Z] [INFO] [ApiClient910409922] : "************************  LOGGING END  ************************"
[2024-05-16T21:01:58.378Z] [INFO] [ApiClient461986343] : "Authentication Type : http_signature"
[2024-05-16T21:01:58.370Z] [INFO] [MerchantConfig739800896] : "************************ LOGGING START ************************"
[2024-05-16T21:01:58.379Z] [INFO] [ApiClient461986343] : "Request Type : POST"
[2024-05-16T21:01:58.380Z] [INFO] [ApiClient461986343] : "signatureHeader : keyid=\"ea34b9a9-fc29-46df-90c2-f6446f285bb1\", algorithm=\"HmacSHA256\", headers=\"host date request-target digest v-c-merchant-id\", signature=\"yZm7AlIadXi/W5rj5VvHTprg9decBkRs4iuHWGIB0eg=\""
[2024-05-16T21:01:58.381Z] [INFO] [ApiClient461986343] : "digest : SHA-256=ILhJtefcXmVBbWe4MOkbpGlnERK+CIYTsqJYM6dqiTE="
[2024-05-16T21:01:58.381Z] [INFO] [ApiClient461986343] : "v-c-merchant-id : bc_5808459559"
[2024-05-16T21:01:58.381Z] [INFO] [ApiClient461986343] : "date : Thu, 16 May 2024 21:01:58 GMT"
[2024-05-16T21:01:58.381Z] [INFO] [ApiClient461986343] : "host : apitest.cybersource.com"
[2024-05-16T21:01:58.381Z] [INFO] [ApiClient461986343] : "signature : keyid=\"ea34b9a9-fc29-46df-90c2-f6446f285bb1\", algorithm=\"HmacSHA256\", headers=\"host date request-target digest v-c-merchant-id\", signature=\"yZm7AlIadXi/W5rj5VvHTprg9decBkRs4iuHWGIB0eg=\""
[2024-05-16T21:01:58.381Z] [INFO] [ApiClient461986343] : "User-Agent : Mozilla/5.0"
[2024-05-16T21:01:58.381Z] [INFO] [ApiClient461986343] : "************************  LOGGING END  ************************"
[2024-05-16T21:02:58.741Z] [INFO] [MerchantConfig554984169] : "************************ LOGGING START ************************"
[2024-05-16T21:02:58.743Z] [INFO] [ApiClient183690372] : "Authentication Type : http_signature"
[2024-05-16T21:02:58.743Z] [INFO] [ApiClient183690372] : "Request Type : POST"
[2024-05-16T21:02:58.744Z] [INFO] [ApiClient183690372] : "signatureHeader : keyid=\"ea34b9a9-fc29-46df-90c2-f6446f285bb1\", algorithm=\"HmacSHA256\", headers=\"host date request-target digest v-c-merchant-id\", signature=\"1Y577BFRwG3LxVgAG6Jq7cEibtlICNC5e5Ygjiq3dVg=\""
[2024-05-16T21:02:58.744Z] [INFO] [ApiClient183690372] : "digest : SHA-256=iJaWIS890kKwEz9T5TD2tQUOy32EAkTMWNCHLGElC6k="
[2024-05-16T21:02:58.744Z] [INFO] [ApiClient183690372] : "v-c-merchant-id : bc_5808459559"
[2024-05-16T21:02:58.744Z] [INFO] [ApiClient183690372] : "date : Thu, 16 May 2024 21:02:58 GMT"
[2024-05-16T21:02:58.744Z] [INFO] [ApiClient183690372] : "host : apitest.cybersource.com"
[2024-05-16T21:02:58.744Z] [INFO] [ApiClient183690372] : "signature : keyid=\"ea34b9a9-fc29-46df-90c2-f6446f285bb1\", algorithm=\"HmacSHA256\", headers=\"host date request-target digest v-c-merchant-id\", signature=\"1Y577BFRwG3LxVgAG6Jq7cEibtlICNC5e5Ygjiq3dVg=\""
[2024-05-16T21:02:58.745Z] [INFO] [ApiClient183690372] : "User-Agent : Mozilla/5.0"
[2024-05-16T21:02:58.745Z] [INFO] [ApiClient183690372] : "************************  LOGGING END  ************************"
[2024-05-16T21:10:48.531Z] [INFO] [MerchantConfig710694981] : "************************ LOGGING START ************************"
[2024-05-16T21:10:48.537Z] [INFO] [ApiClient680550198] : "Authentication Type : http_signature"
[2024-05-16T21:10:48.537Z] [INFO] [ApiClient680550198] : "Request Type : POST"
[2024-05-16T21:10:48.544Z] [INFO] [ApiClient680550198] : "signatureHeader : keyid=\"ea34b9a9-fc29-46df-90c2-f6446f285bb1\", algorithm=\"HmacSHA256\", headers=\"host date request-target digest v-c-merchant-id\", signature=\"r2drlhxT0XGOwcL3CJPzrNSBv8yei6SxEByZdjD3e7M=\""
[2024-05-16T21:10:48.544Z] [INFO] [ApiClient680550198] : "digest : SHA-256=ILhJtefcXmVBbWe4MOkbpGlnERK+CIYTsqJYM6dqiTE="
[2024-05-16T21:10:48.545Z] [INFO] [ApiClient680550198] : "v-c-merchant-id : bc_5808459559"
[2024-05-16T21:10:48.545Z] [INFO] [ApiClient680550198] : "date : Thu, 16 May 2024 21:10:48 GMT"
[2024-05-16T21:10:48.545Z] [INFO] [ApiClient680550198] : "host : apitest.cybersource.com"
[2024-05-16T21:10:48.545Z] [INFO] [ApiClient680550198] : "signature : keyid=\"ea34b9a9-fc29-46df-90c2-f6446f285bb1\", algorithm=\"HmacSHA256\", headers=\"host date request-target digest v-c-merchant-id\", signature=\"r2drlhxT0XGOwcL3CJPzrNSBv8yei6SxEByZdjD3e7M=\""
[2024-05-16T21:10:48.545Z] [INFO] [ApiClient680550198] : "User-Agent : Mozilla/5.0"
[2024-05-16T21:10:48.545Z] [INFO] [ApiClient680550198] : "************************  LOGGING END  ************************"
[2024-05-16T21:11:41.835Z] [INFO] [ApiClient241077346] : "Authentication Type : http_signature"
[2024-05-16T21:11:41.836Z] [INFO] [ApiClient241077346] : "Request Type : POST"
[2024-05-16T21:11:41.836Z] [INFO] [ApiClient241077346] : "signatureHeader : keyid=\"ea34b9a9-fc29-46df-90c2-f6446f285bb1\", algorithm=\"HmacSHA256\", headers=\"host date request-target digest v-c-merchant-id\", signature=\"sUBM3J9dwYP28izjaU/uMkBytotzHvK7YqftYaJyrAo=\""
[2024-05-16T21:11:41.836Z] [INFO] [ApiClient241077346] : "digest : SHA-256=ILhJtefcXmVBbWe4MOkbpGlnERK+CIYTsqJYM6dqiTE="
[2024-05-16T21:11:41.833Z] [INFO] [MerchantConfig168882476] : "************************ LOGGING START ************************"
[2024-05-16T21:11:41.836Z] [INFO] [ApiClient241077346] : "v-c-merchant-id : bc_5808459559"
[2024-05-16T21:11:41.836Z] [INFO] [ApiClient241077346] : "date : Thu, 16 May 2024 21:11:41 GMT"
[2024-05-16T21:11:41.837Z] [INFO] [ApiClient241077346] : "host : apitest.cybersource.com"
[2024-05-16T21:11:41.837Z] [INFO] [ApiClient241077346] : "signature : keyid=\"ea34b9a9-fc29-46df-90c2-f6446f285bb1\", algorithm=\"HmacSHA256\", headers=\"host date request-target digest v-c-merchant-id\", signature=\"sUBM3J9dwYP28izjaU/uMkBytotzHvK7YqftYaJyrAo=\""
[2024-05-16T21:11:41.837Z] [INFO] [ApiClient241077346] : "User-Agent : Mozilla/5.0"
[2024-05-16T21:11:41.837Z] [INFO] [ApiClient241077346] : "************************  LOGGING END  ************************"
[2024-05-16T21:17:55.624Z] [INFO] [MerchantConfig175179668] : "************************ LOGGING START ************************"
[2024-05-16T21:17:55.627Z] [INFO] [ApiClient50316096] : "Authentication Type : http_signature"
[2024-05-16T21:17:55.628Z] [INFO] [ApiClient50316096] : "Request Type : POST"
[2024-05-16T21:17:55.631Z] [INFO] [ApiClient50316096] : "signatureHeader : keyid=\"ea34b9a9-fc29-46df-90c2-f6446f285bb1\", algorithm=\"HmacSHA256\", headers=\"host date request-target digest v-c-merchant-id\", signature=\"xfalWEsjshWHyDvL6LJ/X08LLckGtKOoRoDEW9yaWOk=\""
[2024-05-16T21:17:55.631Z] [INFO] [ApiClient50316096] : "digest : SHA-256=ILhJtefcXmVBbWe4MOkbpGlnERK+CIYTsqJYM6dqiTE="
[2024-05-16T21:17:55.631Z] [INFO] [ApiClient50316096] : "v-c-merchant-id : bc_5808459559"
[2024-05-16T21:17:55.631Z] [INFO] [ApiClient50316096] : "date : Thu, 16 May 2024 21:17:55 GMT"
[2024-05-16T21:17:55.631Z] [INFO] [ApiClient50316096] : "host : apitest.cybersource.com"
[2024-05-16T21:17:55.631Z] [INFO] [ApiClient50316096] : "signature : keyid=\"ea34b9a9-fc29-46df-90c2-f6446f285bb1\", algorithm=\"HmacSHA256\", headers=\"host date request-target digest v-c-merchant-id\", signature=\"xfalWEsjshWHyDvL6LJ/X08LLckGtKOoRoDEW9yaWOk=\""
[2024-05-16T21:17:55.631Z] [INFO] [ApiClient50316096] : "User-Agent : Mozilla/5.0"
[2024-05-16T21:17:55.632Z] [INFO] [ApiClient50316096] : "************************  LOGGING END  ************************"
[2024-05-16T21:24:49.584Z] [INFO] [MerchantConfig720473562] : "************************ LOGGING START ************************"
[2024-05-16T21:24:49.588Z] [INFO] [ApiClient456948655] : "Authentication Type : http_signature"
[2024-05-16T21:24:49.588Z] [INFO] [ApiClient456948655] : "Request Type : POST"
[2024-05-16T21:24:49.589Z] [INFO] [ApiClient456948655] : "signatureHeader : keyid=\"ea34b9a9-fc29-46df-90c2-f6446f285bb1\", algorithm=\"HmacSHA256\", headers=\"host date request-target digest v-c-merchant-id\", signature=\"LMOb6TyA9/xCzrlR3k1nNNV9ERjWIZ44Z5axP2o1QDY=\""
[2024-05-16T21:24:49.590Z] [INFO] [ApiClient456948655] : "digest : SHA-256=iJaWIS890kKwEz9T5TD2tQUOy32EAkTMWNCHLGElC6k="
[2024-05-16T21:24:49.590Z] [INFO] [ApiClient456948655] : "v-c-merchant-id : bc_5808459559"
[2024-05-16T21:24:49.590Z] [INFO] [ApiClient456948655] : "date : Thu, 16 May 2024 21:24:49 GMT"
[2024-05-16T21:24:49.590Z] [INFO] [ApiClient456948655] : "host : apitest.cybersource.com"
[2024-05-16T21:24:49.590Z] [INFO] [ApiClient456948655] : "signature : keyid=\"ea34b9a9-fc29-46df-90c2-f6446f285bb1\", algorithm=\"HmacSHA256\", headers=\"host date request-target digest v-c-merchant-id\", signature=\"LMOb6TyA9/xCzrlR3k1nNNV9ERjWIZ44Z5axP2o1QDY=\""
[2024-05-16T21:24:49.590Z] [INFO] [ApiClient456948655] : "User-Agent : Mozilla/5.0"
[2024-05-16T21:24:49.590Z] [INFO] [ApiClient456948655] : "************************  LOGGING END  ************************"
[2024-05-16T21:24:51.934Z] [INFO] [MerchantConfig933448815] : "************************ LOGGING START ************************"
[2024-05-16T21:24:51.935Z] [INFO] [ApiClient73827542] : "Authentication Type : http_signature"
[2024-05-16T21:24:51.936Z] [INFO] [ApiClient73827542] : "Request Type : POST"
[2024-05-16T21:24:51.936Z] [INFO] [ApiClient73827542] : "signatureHeader : keyid=\"ea34b9a9-fc29-46df-90c2-f6446f285bb1\", algorithm=\"HmacSHA256\", headers=\"host date request-target digest v-c-merchant-id\", signature=\"sNmn3caOhkj9mGo7lydrXQIigCZSLg874dtbCqRaYBI=\""
[2024-05-16T21:24:51.936Z] [INFO] [ApiClient73827542] : "digest : SHA-256=gfjJZd11db8rJFLz8pwOZUYlI8/6LFunIyid3Zsgqrc="
[2024-05-16T21:24:51.936Z] [INFO] [ApiClient73827542] : "v-c-merchant-id : bc_5808459559"
[2024-05-16T21:24:51.936Z] [INFO] [ApiClient73827542] : "date : Thu, 16 May 2024 21:24:51 GMT"
[2024-05-16T21:24:51.936Z] [INFO] [ApiClient73827542] : "host : apitest.cybersource.com"
[2024-05-16T21:24:51.936Z] [INFO] [ApiClient73827542] : "signature : keyid=\"ea34b9a9-fc29-46df-90c2-f6446f285bb1\", algorithm=\"HmacSHA256\", headers=\"host date request-target digest v-c-merchant-id\", signature=\"sNmn3caOhkj9mGo7lydrXQIigCZSLg874dtbCqRaYBI=\""
[2024-05-16T21:24:51.936Z] [INFO] [ApiClient73827542] : "User-Agent : Mozilla/5.0"
[2024-05-16T21:24:51.937Z] [INFO] [ApiClient73827542] : "************************  LOGGING END  ************************"
