[2024-06-28T14:10:13.938Z] [INFO] [MerchantConfig611288044] : "************************ LOGGING START ************************"
[2024-06-28T14:10:13.942Z] [INFO] [ApiClient932969358] : "Authentication Type : http_signature"
[2024-06-28T14:10:13.942Z] [INFO] [ApiClient932969358] : "Request Type : POST"
[2024-06-28T14:10:13.943Z] [INFO] [ApiClient932969358] : "signatureHeader : keyid=\"ea34b9a9-fc29-46df-90c2-f6446f285bb1\", algorithm=\"HmacSHA256\", headers=\"host date request-target digest v-c-merchant-id\", signature=\"zjktrxvZLYb62a7ISHVKG2lgULvF2vNirO3Pxd2gBXQ=\""
[2024-06-28T14:10:13.943Z] [INFO] [ApiClient932969358] : "digest : SHA-256=FUncp5spPYvj0kH7rTR5j4ImX97A7s1K+bR+4CRELy4="
[2024-06-28T14:10:13.943Z] [INFO] [ApiClient932969358] : "v-c-merchant-id : bc_5808459559"
[2024-06-28T14:10:13.943Z] [INFO] [ApiClient932969358] : "date : Fri, 28 Jun 2024 14:10:13 GMT"
[2024-06-28T14:10:13.943Z] [INFO] [ApiClient932969358] : "host : apitest.cybersource.com"
[2024-06-28T14:10:13.943Z] [INFO] [ApiClient932969358] : "signature : keyid=\"ea34b9a9-fc29-46df-90c2-f6446f285bb1\", algorithm=\"HmacSHA256\", headers=\"host date request-target digest v-c-merchant-id\", signature=\"zjktrxvZLYb62a7ISHVKG2lgULvF2vNirO3Pxd2gBXQ=\""
[2024-06-28T14:10:13.943Z] [INFO] [ApiClient932969358] : "User-Agent : Mozilla/5.0"
[2024-06-28T14:10:13.943Z] [INFO] [ApiClient932969358] : "************************  LOGGING END  ************************"
[2024-06-28T14:10:18.151Z] [INFO] [MerchantConfig863000727] : "************************ LOGGING START ************************"
[2024-06-28T14:10:18.152Z] [INFO] [ApiClient529283297] : "Authentication Type : http_signature"
[2024-06-28T14:10:18.152Z] [INFO] [ApiClient529283297] : "Request Type : POST"
[2024-06-28T14:10:18.153Z] [INFO] [ApiClient529283297] : "signatureHeader : keyid=\"ea34b9a9-fc29-46df-90c2-f6446f285bb1\", algorithm=\"HmacSHA256\", headers=\"host date request-target digest v-c-merchant-id\", signature=\"ZglDNQXc6RXedXra6WQ327gYfAZTuf3Dx0DkMj+3gVA=\""
[2024-06-28T14:10:18.153Z] [INFO] [ApiClient529283297] : "digest : SHA-256=R63YeIl/FGKFMCSvi8m2EjsVFjXFWOAOZRmcL70BXCo="
[2024-06-28T14:10:18.153Z] [INFO] [ApiClient529283297] : "v-c-merchant-id : bc_5808459559"
[2024-06-28T14:10:18.153Z] [INFO] [ApiClient529283297] : "date : Fri, 28 Jun 2024 14:10:18 GMT"
[2024-06-28T14:10:18.153Z] [INFO] [ApiClient529283297] : "host : apitest.cybersource.com"
[2024-06-28T14:10:18.153Z] [INFO] [ApiClient529283297] : "signature : keyid=\"ea34b9a9-fc29-46df-90c2-f6446f285bb1\", algorithm=\"HmacSHA256\", headers=\"host date request-target digest v-c-merchant-id\", signature=\"ZglDNQXc6RXedXra6WQ327gYfAZTuf3Dx0DkMj+3gVA=\""
[2024-06-28T14:10:18.153Z] [INFO] [ApiClient529283297] : "User-Agent : Mozilla/5.0"
[2024-06-28T14:10:18.153Z] [INFO] [ApiClient529283297] : "************************  LOGGING END  ************************"
[2024-06-28T14:10:18.647Z] [INFO] [ApiClient310326526] : "Authentication Type : http_signature"
[2024-06-28T14:10:18.648Z] [INFO] [ApiClient310326526] : "Request Type : POST"
[2024-06-28T14:10:18.648Z] [INFO] [ApiClient310326526] : "signatureHeader : keyid=\"ea34b9a9-fc29-46df-90c2-f6446f285bb1\", algorithm=\"HmacSHA256\", headers=\"host date request-target digest v-c-merchant-id\", signature=\"LMhq80vwB3hPu+N7DXohymFa34PcHTIvf9Ve/Hp9Yr8=\""
[2024-06-28T14:10:18.649Z] [INFO] [ApiClient310326526] : "digest : SHA-256=EyJ037lWDou4v13eDdSX+ZgJFEadtBsPJHqcGqtu39o="
[2024-06-28T14:10:18.649Z] [INFO] [ApiClient310326526] : "v-c-merchant-id : bc_5808459559"
[2024-06-28T14:10:18.649Z] [INFO] [ApiClient310326526] : "date : Fri, 28 Jun 2024 14:10:18 GMT"
[2024-06-28T14:10:18.649Z] [INFO] [ApiClient310326526] : "host : apitest.cybersource.com"
[2024-06-28T14:10:18.649Z] [INFO] [ApiClient310326526] : "signature : keyid=\"ea34b9a9-fc29-46df-90c2-f6446f285bb1\", algorithm=\"HmacSHA256\", headers=\"host date request-target digest v-c-merchant-id\", signature=\"LMhq80vwB3hPu+N7DXohymFa34PcHTIvf9Ve/Hp9Yr8=\""
[2024-06-28T14:10:18.649Z] [INFO] [ApiClient310326526] : "User-Agent : Mozilla/5.0"
[2024-06-28T14:10:18.646Z] [INFO] [MerchantConfig218393097] : "************************ LOGGING START ************************"
[2024-06-28T14:10:18.649Z] [INFO] [ApiClient310326526] : "************************  LOGGING END  ************************"
