[2024-03-25T15:22:20.186Z] [INFO] [MerchantConfig975120379] : "************************ LOGGING START ************************"
[2024-03-25T15:22:20.192Z] [INFO] [ApiClient948975742] : "Authentication Type : http_signature"
[2024-03-25T15:22:20.193Z] [INFO] [ApiClient948975742] : "Request Type : POST"
[2024-03-25T15:22:20.194Z] [INFO] [ApiClient948975742] : "signatureHeader : keyid=\"ea34b9a9-fc29-46df-90c2-f6446f285bb1\", algorithm=\"HmacSHA256\", headers=\"host date request-target digest v-c-merchant-id\", signature=\"Wwarnb9eyEjvyTNXvr6AN5Fbh4n1m+zEcFLlWhKmYtA=\""
[2024-03-25T15:22:20.194Z] [INFO] [ApiClient948975742] : "digest : SHA-256=ylLpAsgp9jgryh/ogeY8fL503r6tZRXOjSLQlqp0C/k="
[2024-03-25T15:22:20.194Z] [INFO] [ApiClient948975742] : "v-c-merchant-id : bc_5808459559"
[2024-03-25T15:22:20.194Z] [INFO] [ApiClient948975742] : "date : Mon, 25 Mar 2024 15:22:20 GMT"
[2024-03-25T15:22:20.195Z] [INFO] [ApiClient948975742] : "host : apitest.cybersource.com"
[2024-03-25T15:22:20.195Z] [INFO] [ApiClient948975742] : "signature : keyid=\"ea34b9a9-fc29-46df-90c2-f6446f285bb1\", algorithm=\"HmacSHA256\", headers=\"host date request-target digest v-c-merchant-id\", signature=\"Wwarnb9eyEjvyTNXvr6AN5Fbh4n1m+zEcFLlWhKmYtA=\""
[2024-03-25T15:22:20.195Z] [INFO] [ApiClient948975742] : "User-Agent : Mozilla/5.0"
[2024-03-25T15:22:20.195Z] [INFO] [ApiClient948975742] : "************************  LOGGING END  ************************"
[2024-03-25T15:23:38.153Z] [INFO] [MerchantConfig940298896] : "************************ LOGGING START ************************"
[2024-03-25T15:23:38.157Z] [INFO] [ApiClient550700636] : "Authentication Type : http_signature"
[2024-03-25T15:23:38.158Z] [INFO] [ApiClient550700636] : "Request Type : POST"
[2024-03-25T15:23:38.160Z] [INFO] [ApiClient550700636] : "signatureHeader : keyid=\"ea34b9a9-fc29-46df-90c2-f6446f285bb1\", algorithm=\"HmacSHA256\", headers=\"host date request-target digest v-c-merchant-id\", signature=\"fbrMlvBkc1f3Ki3trjMvIpfKXyZM5Zg4F7PNJ++O8Gc=\""
[2024-03-25T15:23:38.160Z] [INFO] [ApiClient550700636] : "digest : SHA-256=4SR8go2cM4CxRV8fggxTGFbGMf+kmt8z43127M5uV7Y="
[2024-03-25T15:23:38.160Z] [INFO] [ApiClient550700636] : "v-c-merchant-id : bc_5808459559"
[2024-03-25T15:23:38.160Z] [INFO] [ApiClient550700636] : "date : Mon, 25 Mar 2024 15:23:38 GMT"
[2024-03-25T15:23:38.161Z] [INFO] [ApiClient550700636] : "host : apitest.cybersource.com"
[2024-03-25T15:23:38.161Z] [INFO] [ApiClient550700636] : "signature : keyid=\"ea34b9a9-fc29-46df-90c2-f6446f285bb1\", algorithm=\"HmacSHA256\", headers=\"host date request-target digest v-c-merchant-id\", signature=\"fbrMlvBkc1f3Ki3trjMvIpfKXyZM5Zg4F7PNJ++O8Gc=\""
[2024-03-25T15:23:38.161Z] [INFO] [ApiClient550700636] : "User-Agent : Mozilla/5.0"
[2024-03-25T15:23:38.161Z] [INFO] [ApiClient550700636] : "************************  LOGGING END  ************************"
[2024-03-25T15:24:22.727Z] [INFO] [MerchantConfig461043963] : "************************ LOGGING START ************************"
[2024-03-25T15:24:22.731Z] [INFO] [ApiClient830350783] : "Authentication Type : http_signature"
[2024-03-25T15:24:22.731Z] [INFO] [ApiClient830350783] : "Request Type : POST"
[2024-03-25T15:24:22.732Z] [INFO] [ApiClient830350783] : "signatureHeader : keyid=\"ea34b9a9-fc29-46df-90c2-f6446f285bb1\", algorithm=\"HmacSHA256\", headers=\"host date request-target digest v-c-merchant-id\", signature=\"hj1VfkeB1cpVQ3NWeCPQu+drQW4nO0rD1FHkoBUeY80=\""
[2024-03-25T15:24:22.732Z] [INFO] [ApiClient830350783] : "digest : SHA-256=4SR8go2cM4CxRV8fggxTGFbGMf+kmt8z43127M5uV7Y="
[2024-03-25T15:24:22.732Z] [INFO] [ApiClient830350783] : "v-c-merchant-id : bc_5808459559"
[2024-03-25T15:24:22.732Z] [INFO] [ApiClient830350783] : "date : Mon, 25 Mar 2024 15:24:22 GMT"
[2024-03-25T15:24:22.732Z] [INFO] [ApiClient830350783] : "host : apitest.cybersource.com"
[2024-03-25T15:24:22.733Z] [INFO] [ApiClient830350783] : "signature : keyid=\"ea34b9a9-fc29-46df-90c2-f6446f285bb1\", algorithm=\"HmacSHA256\", headers=\"host date request-target digest v-c-merchant-id\", signature=\"hj1VfkeB1cpVQ3NWeCPQu+drQW4nO0rD1FHkoBUeY80=\""
[2024-03-25T15:24:22.733Z] [INFO] [ApiClient830350783] : "User-Agent : Mozilla/5.0"
[2024-03-25T15:24:22.733Z] [INFO] [ApiClient830350783] : "************************  LOGGING END  ************************"
[2024-03-25T15:26:19.847Z] [INFO] [MerchantConfig944141704] : "************************ LOGGING START ************************"
[2024-03-25T15:26:19.856Z] [INFO] [ApiClient962752342] : "Authentication Type : http_signature"
[2024-03-25T15:26:19.856Z] [INFO] [ApiClient962752342] : "Request Type : POST"
[2024-03-25T15:26:19.858Z] [INFO] [ApiClient962752342] : "signatureHeader : keyid=\"ea34b9a9-fc29-46df-90c2-f6446f285bb1\", algorithm=\"HmacSHA256\", headers=\"host date request-target digest v-c-merchant-id\", signature=\"XOSvAT5Jh2GfYOQ3VRCXsZQvMAnQnV3Z2LhiarRynD4=\""
[2024-03-25T15:26:19.858Z] [INFO] [ApiClient962752342] : "digest : SHA-256=gCGEY4vCEnSRUUF+cQgEyoFCMNmjh9mvK8PCd4yud88="
[2024-03-25T15:26:19.858Z] [INFO] [ApiClient962752342] : "v-c-merchant-id : bc_5808459559"
[2024-03-25T15:26:19.859Z] [INFO] [ApiClient962752342] : "date : Mon, 25 Mar 2024 15:26:19 GMT"
[2024-03-25T15:26:19.859Z] [INFO] [ApiClient962752342] : "host : apitest.cybersource.com"
[2024-03-25T15:26:19.859Z] [INFO] [ApiClient962752342] : "signature : keyid=\"ea34b9a9-fc29-46df-90c2-f6446f285bb1\", algorithm=\"HmacSHA256\", headers=\"host date request-target digest v-c-merchant-id\", signature=\"XOSvAT5Jh2GfYOQ3VRCXsZQvMAnQnV3Z2LhiarRynD4=\""
[2024-03-25T15:26:19.859Z] [INFO] [ApiClient962752342] : "User-Agent : Mozilla/5.0"
[2024-03-25T15:26:19.860Z] [INFO] [ApiClient962752342] : "************************  LOGGING END  ************************"
[2024-03-25T15:57:28.486Z] [INFO] [MerchantConfig96710254] : "************************ LOGGING START ************************"
[2024-03-25T15:57:28.497Z] [INFO] [ApiClient496835225] : "Authentication Type : http_signature"
[2024-03-25T15:57:28.498Z] [INFO] [ApiClient496835225] : "Request Type : POST"
[2024-03-25T15:57:28.503Z] [INFO] [ApiClient496835225] : "signatureHeader : keyid=\"ea34b9a9-fc29-46df-90c2-f6446f285bb1\", algorithm=\"HmacSHA256\", headers=\"host date request-target digest v-c-merchant-id\", signature=\"h7O6ib8vdIW1FgPTQGvAWZ3l5E0Y2uDrWVei2YsjcqE=\""
[2024-03-25T15:57:28.503Z] [INFO] [ApiClient496835225] : "digest : SHA-256=gCGEY4vCEnSRUUF+cQgEyoFCMNmjh9mvK8PCd4yud88="
[2024-03-25T15:57:28.504Z] [INFO] [ApiClient496835225] : "v-c-merchant-id : bc_5808459559"
[2024-03-25T15:57:28.504Z] [INFO] [ApiClient496835225] : "date : Mon, 25 Mar 2024 15:57:28 GMT"
[2024-03-25T15:57:28.504Z] [INFO] [ApiClient496835225] : "host : apitest.cybersource.com"
[2024-03-25T15:57:28.505Z] [INFO] [ApiClient496835225] : "signature : keyid=\"ea34b9a9-fc29-46df-90c2-f6446f285bb1\", algorithm=\"HmacSHA256\", headers=\"host date request-target digest v-c-merchant-id\", signature=\"h7O6ib8vdIW1FgPTQGvAWZ3l5E0Y2uDrWVei2YsjcqE=\""
[2024-03-25T15:57:28.505Z] [INFO] [ApiClient496835225] : "User-Agent : Mozilla/5.0"
[2024-03-25T15:57:28.506Z] [INFO] [ApiClient496835225] : "************************  LOGGING END  ************************"
[2024-03-25T17:28:01.743Z] [INFO] [MerchantConfig492750645] : "************************ LOGGING START ************************"
[2024-03-25T17:28:01.748Z] [INFO] [ApiClient820765170] : "Authentication Type : http_signature"
[2024-03-25T17:28:01.748Z] [INFO] [ApiClient820765170] : "Request Type : POST"
[2024-03-25T17:28:01.752Z] [INFO] [ApiClient820765170] : "signatureHeader : keyid=\"ea34b9a9-fc29-46df-90c2-f6446f285bb1\", algorithm=\"HmacSHA256\", headers=\"host date request-target digest v-c-merchant-id\", signature=\"6OxNxUKc14RZKk5yUALbcX/BW2IiRcOIC1j+jsYPof8=\""
[2024-03-25T17:28:01.752Z] [INFO] [ApiClient820765170] : "digest : SHA-256=gCGEY4vCEnSRUUF+cQgEyoFCMNmjh9mvK8PCd4yud88="
[2024-03-25T17:28:01.752Z] [INFO] [ApiClient820765170] : "v-c-merchant-id : bc_5808459559"
[2024-03-25T17:28:01.752Z] [INFO] [ApiClient820765170] : "date : Mon, 25 Mar 2024 17:28:01 GMT"
[2024-03-25T17:28:01.752Z] [INFO] [ApiClient820765170] : "host : apitest.cybersource.com"
[2024-03-25T17:28:01.753Z] [INFO] [ApiClient820765170] : "signature : keyid=\"ea34b9a9-fc29-46df-90c2-f6446f285bb1\", algorithm=\"HmacSHA256\", headers=\"host date request-target digest v-c-merchant-id\", signature=\"6OxNxUKc14RZKk5yUALbcX/BW2IiRcOIC1j+jsYPof8=\""
[2024-03-25T17:28:01.753Z] [INFO] [ApiClient820765170] : "User-Agent : Mozilla/5.0"
[2024-03-25T17:28:01.753Z] [INFO] [ApiClient820765170] : "************************  LOGGING END  ************************"
[2024-03-25T18:27:26.094Z] [INFO] [MerchantConfig298297328] : "************************ LOGGING START ************************"
[2024-03-25T18:27:26.097Z] [INFO] [ApiClient309736932] : "Authentication Type : http_signature"
[2024-03-25T18:27:26.097Z] [INFO] [ApiClient309736932] : "Request Type : POST"
[2024-03-25T18:27:26.102Z] [INFO] [ApiClient309736932] : "signatureHeader : keyid=\"ea34b9a9-fc29-46df-90c2-f6446f285bb1\", algorithm=\"HmacSHA256\", headers=\"host date request-target digest v-c-merchant-id\", signature=\"g3aWHKQ4d2/6vSat+700A9l23gCu69p8fwVZw8nnWLc=\""
[2024-03-25T18:27:26.102Z] [INFO] [ApiClient309736932] : "digest : SHA-256=gCGEY4vCEnSRUUF+cQgEyoFCMNmjh9mvK8PCd4yud88="
[2024-03-25T18:27:26.102Z] [INFO] [ApiClient309736932] : "v-c-merchant-id : bc_5808459559"
[2024-03-25T18:27:26.102Z] [INFO] [ApiClient309736932] : "date : Mon, 25 Mar 2024 18:27:26 GMT"
[2024-03-25T18:27:26.102Z] [INFO] [ApiClient309736932] : "host : apitest.cybersource.com"
[2024-03-25T18:27:26.102Z] [INFO] [ApiClient309736932] : "signature : keyid=\"ea34b9a9-fc29-46df-90c2-f6446f285bb1\", algorithm=\"HmacSHA256\", headers=\"host date request-target digest v-c-merchant-id\", signature=\"g3aWHKQ4d2/6vSat+700A9l23gCu69p8fwVZw8nnWLc=\""
[2024-03-25T18:27:26.102Z] [INFO] [ApiClient309736932] : "User-Agent : Mozilla/5.0"
[2024-03-25T18:27:26.102Z] [INFO] [ApiClient309736932] : "************************  LOGGING END  ************************"
[2024-03-25T18:29:03.056Z] [INFO] [MerchantConfig315440910] : "************************ LOGGING START ************************"
[2024-03-25T18:29:03.061Z] [INFO] [ApiClient230484685] : "Authentication Type : http_signature"
[2024-03-25T18:29:03.061Z] [INFO] [ApiClient230484685] : "Request Type : POST"
[2024-03-25T18:29:03.062Z] [INFO] [ApiClient230484685] : "signatureHeader : keyid=\"ea34b9a9-fc29-46df-90c2-f6446f285bb1\", algorithm=\"HmacSHA256\", headers=\"host date request-target digest v-c-merchant-id\", signature=\"gyf0t+kmjYrcAjVbEl8t5fZlTPC29y7hfBD66KzJaNQ=\""
[2024-03-25T18:29:03.062Z] [INFO] [ApiClient230484685] : "digest : SHA-256=gCGEY4vCEnSRUUF+cQgEyoFCMNmjh9mvK8PCd4yud88="
[2024-03-25T18:29:03.062Z] [INFO] [ApiClient230484685] : "v-c-merchant-id : bc_5808459559"
[2024-03-25T18:29:03.062Z] [INFO] [ApiClient230484685] : "date : Mon, 25 Mar 2024 18:29:03 GMT"
[2024-03-25T18:29:03.062Z] [INFO] [ApiClient230484685] : "host : apitest.cybersource.com"
[2024-03-25T18:29:03.062Z] [INFO] [ApiClient230484685] : "signature : keyid=\"ea34b9a9-fc29-46df-90c2-f6446f285bb1\", algorithm=\"HmacSHA256\", headers=\"host date request-target digest v-c-merchant-id\", signature=\"gyf0t+kmjYrcAjVbEl8t5fZlTPC29y7hfBD66KzJaNQ=\""
[2024-03-25T18:29:03.062Z] [INFO] [ApiClient230484685] : "User-Agent : Mozilla/5.0"
[2024-03-25T18:29:03.062Z] [INFO] [ApiClient230484685] : "************************  LOGGING END  ************************"
[2024-03-25T18:40:08.839Z] [INFO] [MerchantConfig504864889] : "************************ LOGGING START ************************"
[2024-03-25T18:40:08.844Z] [INFO] [ApiClient873606331] : "Authentication Type : http_signature"
[2024-03-25T18:40:08.844Z] [INFO] [ApiClient873606331] : "Request Type : POST"
[2024-03-25T18:40:08.845Z] [INFO] [ApiClient873606331] : "signatureHeader : keyid=\"ea34b9a9-fc29-46df-90c2-f6446f285bb1\", algorithm=\"HmacSHA256\", headers=\"host date request-target digest v-c-merchant-id\", signature=\"uiLA9gjhI07CRXcNSqh9gEK/IaN6ivVpj6UEPOPHMBE=\""
[2024-03-25T18:40:08.845Z] [INFO] [ApiClient873606331] : "digest : SHA-256=akM9Zfq9AHViHh02C24u2j49JKTKkSI716GGjnMbBSI="
[2024-03-25T18:40:08.845Z] [INFO] [ApiClient873606331] : "v-c-merchant-id : bc_5808459559"
[2024-03-25T18:40:08.845Z] [INFO] [ApiClient873606331] : "date : Mon, 25 Mar 2024 18:40:08 GMT"
[2024-03-25T18:40:08.845Z] [INFO] [ApiClient873606331] : "host : apitest.cybersource.com"
[2024-03-25T18:40:08.845Z] [INFO] [ApiClient873606331] : "signature : keyid=\"ea34b9a9-fc29-46df-90c2-f6446f285bb1\", algorithm=\"HmacSHA256\", headers=\"host date request-target digest v-c-merchant-id\", signature=\"uiLA9gjhI07CRXcNSqh9gEK/IaN6ivVpj6UEPOPHMBE=\""
[2024-03-25T18:40:08.845Z] [INFO] [ApiClient873606331] : "User-Agent : Mozilla/5.0"
[2024-03-25T18:40:08.846Z] [INFO] [ApiClient873606331] : "************************  LOGGING END  ************************"
