[2024-06-25T15:00:40.869Z] [INFO] [MerchantConfig74348518] : "************************ LOGGING START ************************"
[2024-06-25T15:00:40.873Z] [INFO] [ApiClient877802643] : "Authentication Type : http_signature"
[2024-06-25T15:00:40.873Z] [INFO] [ApiClient877802643] : "Request Type : POST"
[2024-06-25T15:00:40.876Z] [INFO] [ApiClient877802643] : "signatureHeader : keyid=\"ea34b9a9-fc29-46df-90c2-f6446f285bb1\", algorithm=\"HmacSHA256\", headers=\"host date request-target digest v-c-merchant-id\", signature=\"jgUq0wlo+YGPHFjOa6/6RWz/iYEanEJB33ecNoqWyUc=\""
[2024-06-25T15:00:40.876Z] [INFO] [ApiClient877802643] : "digest : SHA-256=degO4pMucJphNJ8980EmtcsJYwG6j1SLnunQKmqbTno="
[2024-06-25T15:00:40.876Z] [INFO] [ApiClient877802643] : "v-c-merchant-id : bc_5808459559"
[2024-06-25T15:00:40.876Z] [INFO] [ApiClient877802643] : "date : Tue, 25 Jun 2024 15:00:40 GMT"
[2024-06-25T15:00:40.876Z] [INFO] [ApiClient877802643] : "host : apitest.cybersource.com"
[2024-06-25T15:00:40.876Z] [INFO] [ApiClient877802643] : "signature : keyid=\"ea34b9a9-fc29-46df-90c2-f6446f285bb1\", algorithm=\"HmacSHA256\", headers=\"host date request-target digest v-c-merchant-id\", signature=\"jgUq0wlo+YGPHFjOa6/6RWz/iYEanEJB33ecNoqWyUc=\""
[2024-06-25T15:00:40.877Z] [INFO] [ApiClient877802643] : "User-Agent : Mozilla/5.0"
[2024-06-25T15:00:40.877Z] [INFO] [ApiClient877802643] : "************************  LOGGING END  ************************"
[2024-06-25T15:00:44.247Z] [INFO] [MerchantConfig258399882] : "************************ LOGGING START ************************"
[2024-06-25T15:00:44.248Z] [INFO] [ApiClient233890681] : "Authentication Type : http_signature"
[2024-06-25T15:00:44.248Z] [INFO] [ApiClient233890681] : "Request Type : POST"
[2024-06-25T15:00:44.248Z] [INFO] [ApiClient233890681] : "signatureHeader : keyid=\"ea34b9a9-fc29-46df-90c2-f6446f285bb1\", algorithm=\"HmacSHA256\", headers=\"host date request-target digest v-c-merchant-id\", signature=\"+u9Up2lf2+IwJ5EJ/8t8hlowuKFW0uWqIc3r3BTS/G0=\""
[2024-06-25T15:00:44.248Z] [INFO] [ApiClient233890681] : "digest : SHA-256=JzFNVhdqdVb8mDQl5Uc9ezFYw+DIcDWVkC+Ricm0xtE="
[2024-06-25T15:00:44.249Z] [INFO] [ApiClient233890681] : "v-c-merchant-id : bc_5808459559"
[2024-06-25T15:00:44.249Z] [INFO] [ApiClient233890681] : "date : Tue, 25 Jun 2024 15:00:44 GMT"
[2024-06-25T15:00:44.249Z] [INFO] [ApiClient233890681] : "host : apitest.cybersource.com"
[2024-06-25T15:00:44.249Z] [INFO] [ApiClient233890681] : "signature : keyid=\"ea34b9a9-fc29-46df-90c2-f6446f285bb1\", algorithm=\"HmacSHA256\", headers=\"host date request-target digest v-c-merchant-id\", signature=\"+u9Up2lf2+IwJ5EJ/8t8hlowuKFW0uWqIc3r3BTS/G0=\""
[2024-06-25T15:00:44.249Z] [INFO] [ApiClient233890681] : "User-Agent : Mozilla/5.0"
[2024-06-25T15:00:44.249Z] [INFO] [ApiClient233890681] : "************************  LOGGING END  ************************"
[2024-06-25T15:00:44.869Z] [INFO] [ApiClient485665133] : "Authentication Type : http_signature"
[2024-06-25T15:00:44.869Z] [INFO] [ApiClient485665133] : "Request Type : POST"
[2024-06-25T15:00:44.869Z] [INFO] [ApiClient485665133] : "signatureHeader : keyid=\"ea34b9a9-fc29-46df-90c2-f6446f285bb1\", algorithm=\"HmacSHA256\", headers=\"host date request-target digest v-c-merchant-id\", signature=\"s3U1B5JcOAZwam/jQ/PiudXjdx195iOlvP01ZiHcgT4=\""
[2024-06-25T15:00:44.870Z] [INFO] [ApiClient485665133] : "digest : SHA-256=rLG68PjETnKJAvEB4Rewx6vyJeF/fipHjgjOgBcquKA="
[2024-06-25T15:00:44.870Z] [INFO] [ApiClient485665133] : "v-c-merchant-id : bc_5808459559"
[2024-06-25T15:00:44.870Z] [INFO] [ApiClient485665133] : "date : Tue, 25 Jun 2024 15:00:44 GMT"
[2024-06-25T15:00:44.870Z] [INFO] [ApiClient485665133] : "host : apitest.cybersource.com"
[2024-06-25T15:00:44.870Z] [INFO] [ApiClient485665133] : "signature : keyid=\"ea34b9a9-fc29-46df-90c2-f6446f285bb1\", algorithm=\"HmacSHA256\", headers=\"host date request-target digest v-c-merchant-id\", signature=\"s3U1B5JcOAZwam/jQ/PiudXjdx195iOlvP01ZiHcgT4=\""
[2024-06-25T15:00:44.868Z] [INFO] [MerchantConfig733294604] : "************************ LOGGING START ************************"
[2024-06-25T15:00:44.870Z] [INFO] [ApiClient485665133] : "User-Agent : Mozilla/5.0"
[2024-06-25T15:00:44.870Z] [INFO] [ApiClient485665133] : "************************  LOGGING END  ************************"
