[2024-05-13T13:08:18.655Z] [INFO] [MerchantConfig108791770] : "************************ LOGGING START ************************"
[2024-05-13T13:08:18.660Z] [INFO] [MerchantConfig126441346] : "************************ LOGGING START ************************"
[2024-05-13T13:08:18.664Z] [INFO] [ApiClient879824396] : "Authentication Type : http_signature"
[2024-05-13T13:08:18.664Z] [INFO] [ApiClient879824396] : "Request Type : POST"
[2024-05-13T13:08:18.666Z] [INFO] [ApiClient879824396] : "signatureHeader : keyid=\"ea34b9a9-fc29-46df-90c2-f6446f285bb1\", algorithm=\"HmacSHA256\", headers=\"host date request-target digest v-c-merchant-id\", signature=\"NpOTJOY5L6AtGJ91lu3g88pQKohZuE+oqB1HOzlqPG0=\""
[2024-05-13T13:08:18.666Z] [INFO] [ApiClient879824396] : "digest : SHA-256=uCFJewINLRjo4zD+tg6MWXFEnbrIjl09maj35wQ2oyY="
[2024-05-13T13:08:18.666Z] [INFO] [ApiClient879824396] : "v-c-merchant-id : bc_5808459559"
[2024-05-13T13:08:18.666Z] [INFO] [ApiClient879824396] : "date : Mon, 13 May 2024 13:08:18 GMT"
[2024-05-13T13:08:18.667Z] [INFO] [ApiClient879824396] : "host : apitest.cybersource.com"
[2024-05-13T13:08:18.667Z] [INFO] [ApiClient879824396] : "signature : keyid=\"ea34b9a9-fc29-46df-90c2-f6446f285bb1\", algorithm=\"HmacSHA256\", headers=\"host date request-target digest v-c-merchant-id\", signature=\"NpOTJOY5L6AtGJ91lu3g88pQKohZuE+oqB1HOzlqPG0=\""
[2024-05-13T13:08:18.667Z] [INFO] [ApiClient879824396] : "User-Agent : Mozilla/5.0"
[2024-05-13T13:08:18.667Z] [INFO] [ApiClient879824396] : "************************  LOGGING END  ************************"
[2024-05-13T13:09:46.200Z] [INFO] [MerchantConfig657079184] : "************************ LOGGING START ************************"
[2024-05-13T13:09:46.204Z] [INFO] [MerchantConfig149144292] : "************************ LOGGING START ************************"
[2024-05-13T13:09:46.207Z] [INFO] [ApiClient156396806] : "Authentication Type : http_signature"
[2024-05-13T13:09:46.207Z] [INFO] [ApiClient156396806] : "Request Type : POST"
[2024-05-13T13:09:46.207Z] [INFO] [ApiClient156396806] : "signatureHeader : keyid=\"ea34b9a9-fc29-46df-90c2-f6446f285bb1\", algorithm=\"HmacSHA256\", headers=\"host date request-target digest v-c-merchant-id\", signature=\"dVe7H2Y2l/kaU0ht6toClwLVugyRdbNBvn7X78Vekn8=\""
[2024-05-13T13:09:46.208Z] [INFO] [ApiClient156396806] : "digest : SHA-256=VSzDDt79qIum/Bis6h9vcwNkXCdsFgXig+pt3wB/plw="
[2024-05-13T13:09:46.208Z] [INFO] [ApiClient156396806] : "v-c-merchant-id : bc_5808459559"
[2024-05-13T13:09:46.208Z] [INFO] [ApiClient156396806] : "date : Mon, 13 May 2024 13:09:46 GMT"
[2024-05-13T13:09:46.208Z] [INFO] [ApiClient156396806] : "host : apitest.cybersource.com"
[2024-05-13T13:09:46.208Z] [INFO] [ApiClient156396806] : "signature : keyid=\"ea34b9a9-fc29-46df-90c2-f6446f285bb1\", algorithm=\"HmacSHA256\", headers=\"host date request-target digest v-c-merchant-id\", signature=\"dVe7H2Y2l/kaU0ht6toClwLVugyRdbNBvn7X78Vekn8=\""
[2024-05-13T13:09:46.208Z] [INFO] [ApiClient156396806] : "User-Agent : Mozilla/5.0"
[2024-05-13T13:09:46.209Z] [INFO] [ApiClient156396806] : "************************  LOGGING END  ************************"
[2024-05-13T13:09:46.584Z] [INFO] [ApiClient156396806] : "Authentication Type : http_signature"
[2024-05-13T13:09:46.585Z] [INFO] [ApiClient156396806] : "Request Type : POST"
[2024-05-13T13:09:46.585Z] [INFO] [ApiClient156396806] : "signatureHeader : keyid=\"ea34b9a9-fc29-46df-90c2-f6446f285bb1\", algorithm=\"HmacSHA256\", headers=\"host date request-target digest v-c-merchant-id\", signature=\"gBnQFjxOJq54H7CcZXgnTG5/b8s4o0+lgaB5qsNCXMs=\""
[2024-05-13T13:09:46.586Z] [INFO] [ApiClient156396806] : "digest : SHA-256=VSzDDt79qIum/Bis6h9vcwNkXCdsFgXig+pt3wB/plw="
[2024-05-13T13:09:46.586Z] [INFO] [ApiClient156396806] : "v-c-merchant-id : bc_5808459559"
[2024-05-13T13:09:46.586Z] [INFO] [ApiClient156396806] : "date : Mon, 13 May 2024 13:09:46 GMT"
[2024-05-13T13:09:46.586Z] [INFO] [ApiClient156396806] : "host : apitest.cybersource.com"
[2024-05-13T13:09:46.587Z] [INFO] [ApiClient156396806] : "signature : keyid=\"ea34b9a9-fc29-46df-90c2-f6446f285bb1\", algorithm=\"HmacSHA256\", headers=\"host date request-target digest v-c-merchant-id\", signature=\"gBnQFjxOJq54H7CcZXgnTG5/b8s4o0+lgaB5qsNCXMs=\""
[2024-05-13T13:09:46.587Z] [INFO] [ApiClient156396806] : "User-Agent : Mozilla/5.0"
[2024-05-13T13:09:46.587Z] [INFO] [ApiClient156396806] : "************************  LOGGING END  ************************"
[2024-05-13T15:39:40.799Z] [INFO] [MerchantConfig930872517] : "************************ LOGGING START ************************"
[2024-05-13T15:39:40.819Z] [INFO] [ApiClient158921635] : "Authentication Type : http_signature"
[2024-05-13T15:39:40.819Z] [INFO] [ApiClient158921635] : "Request Type : POST"
[2024-05-13T15:39:40.821Z] [INFO] [ApiClient158921635] : "signatureHeader : keyid=\"ea34b9a9-fc29-46df-90c2-f6446f285bb1\", algorithm=\"HmacSHA256\", headers=\"host date request-target digest v-c-merchant-id\", signature=\"M8+tUJ1ELiIGGvDFwvNBtMCiPnu2FHg59Jd4WBnFudA=\""
[2024-05-13T15:39:40.821Z] [INFO] [ApiClient158921635] : "digest : SHA-256=kfFuYk6U94bH86+Ba2267OszNV89Ybilvrlj5oRN1+w="
[2024-05-13T15:39:40.821Z] [INFO] [ApiClient158921635] : "v-c-merchant-id : bc_5808459559"
[2024-05-13T15:39:40.822Z] [INFO] [ApiClient158921635] : "date : Mon, 13 May 2024 15:39:40 GMT"
[2024-05-13T15:39:40.822Z] [INFO] [ApiClient158921635] : "host : apitest.cybersource.com"
[2024-05-13T15:39:40.822Z] [INFO] [ApiClient158921635] : "signature : keyid=\"ea34b9a9-fc29-46df-90c2-f6446f285bb1\", algorithm=\"HmacSHA256\", headers=\"host date request-target digest v-c-merchant-id\", signature=\"M8+tUJ1ELiIGGvDFwvNBtMCiPnu2FHg59Jd4WBnFudA=\""
[2024-05-13T15:39:40.822Z] [INFO] [ApiClient158921635] : "User-Agent : Mozilla/5.0"
[2024-05-13T15:39:40.823Z] [INFO] [ApiClient158921635] : "************************  LOGGING END  ************************"
[2024-05-13T15:39:40.809Z] [INFO] [MerchantConfig170875080] : "************************ LOGGING START ************************"
[2024-05-13T15:39:42.794Z] [INFO] [ApiClient158921635] : "Authentication Type : http_signature"
[2024-05-13T15:39:42.795Z] [INFO] [ApiClient158921635] : "Request Type : POST"
[2024-05-13T15:39:42.796Z] [INFO] [ApiClient158921635] : "signatureHeader : keyid=\"ea34b9a9-fc29-46df-90c2-f6446f285bb1\", algorithm=\"HmacSHA256\", headers=\"host date request-target digest v-c-merchant-id\", signature=\"19rWP0K2IQisyShPi/AuR436ziuH8M60OWIQdm9kHC8=\""
[2024-05-13T15:39:42.797Z] [INFO] [ApiClient158921635] : "digest : SHA-256=kfFuYk6U94bH86+Ba2267OszNV89Ybilvrlj5oRN1+w="
[2024-05-13T15:39:42.797Z] [INFO] [ApiClient158921635] : "v-c-merchant-id : bc_5808459559"
[2024-05-13T15:39:42.797Z] [INFO] [ApiClient158921635] : "date : Mon, 13 May 2024 15:39:42 GMT"
[2024-05-13T15:39:42.797Z] [INFO] [ApiClient158921635] : "host : apitest.cybersource.com"
[2024-05-13T15:39:42.797Z] [INFO] [ApiClient158921635] : "signature : keyid=\"ea34b9a9-fc29-46df-90c2-f6446f285bb1\", algorithm=\"HmacSHA256\", headers=\"host date request-target digest v-c-merchant-id\", signature=\"19rWP0K2IQisyShPi/AuR436ziuH8M60OWIQdm9kHC8=\""
[2024-05-13T15:39:42.797Z] [INFO] [ApiClient158921635] : "User-Agent : Mozilla/5.0"
[2024-05-13T15:39:42.797Z] [INFO] [ApiClient158921635] : "************************  LOGGING END  ************************"
[2024-05-13T15:54:37.327Z] [INFO] [MerchantConfig463374013] : "************************ LOGGING START ************************"
[2024-05-13T15:54:37.333Z] [INFO] [MerchantConfig381146999] : "************************ LOGGING START ************************"
[2024-05-13T15:54:37.337Z] [INFO] [ApiClient220383536] : "Authentication Type : http_signature"
[2024-05-13T15:54:37.338Z] [INFO] [ApiClient220383536] : "Request Type : POST"
[2024-05-13T15:54:37.338Z] [INFO] [ApiClient220383536] : "signatureHeader : keyid=\"ea34b9a9-fc29-46df-90c2-f6446f285bb1\", algorithm=\"HmacSHA256\", headers=\"host date request-target digest v-c-merchant-id\", signature=\"rwMZkW0TV7JUtytF/9xuldopnnMxWS54RnV+7ppXGMk=\""
[2024-05-13T15:54:37.339Z] [INFO] [ApiClient220383536] : "digest : SHA-256=gAfrMcu+AXvAQdIloqlIHSfvwhxbUd65mnEw8Mjn09E="
[2024-05-13T15:54:37.339Z] [INFO] [ApiClient220383536] : "v-c-merchant-id : bc_5808459559"
[2024-05-13T15:54:37.339Z] [INFO] [ApiClient220383536] : "date : Mon, 13 May 2024 15:54:37 GMT"
[2024-05-13T15:54:37.339Z] [INFO] [ApiClient220383536] : "host : apitest.cybersource.com"
[2024-05-13T15:54:37.340Z] [INFO] [ApiClient220383536] : "signature : keyid=\"ea34b9a9-fc29-46df-90c2-f6446f285bb1\", algorithm=\"HmacSHA256\", headers=\"host date request-target digest v-c-merchant-id\", signature=\"rwMZkW0TV7JUtytF/9xuldopnnMxWS54RnV+7ppXGMk=\""
[2024-05-13T15:54:37.340Z] [INFO] [ApiClient220383536] : "User-Agent : Mozilla/5.0"
[2024-05-13T15:54:37.340Z] [INFO] [ApiClient220383536] : "************************  LOGGING END  ************************"
[2024-05-13T15:54:38.227Z] [INFO] [ApiClient220383536] : "Authentication Type : http_signature"
[2024-05-13T15:54:38.227Z] [INFO] [ApiClient220383536] : "Request Type : POST"
[2024-05-13T15:54:38.227Z] [INFO] [ApiClient220383536] : "signatureHeader : keyid=\"ea34b9a9-fc29-46df-90c2-f6446f285bb1\", algorithm=\"HmacSHA256\", headers=\"host date request-target digest v-c-merchant-id\", signature=\"nkgB7nnDL3q6JVh+hIYy5d/fNSZaagzXJsg0x/Neigg=\""
[2024-05-13T15:54:38.228Z] [INFO] [ApiClient220383536] : "digest : SHA-256=gAfrMcu+AXvAQdIloqlIHSfvwhxbUd65mnEw8Mjn09E="
[2024-05-13T15:54:38.228Z] [INFO] [ApiClient220383536] : "v-c-merchant-id : bc_5808459559"
[2024-05-13T15:54:38.228Z] [INFO] [ApiClient220383536] : "date : Mon, 13 May 2024 15:54:38 GMT"
[2024-05-13T15:54:38.228Z] [INFO] [ApiClient220383536] : "host : apitest.cybersource.com"
[2024-05-13T15:54:38.228Z] [INFO] [ApiClient220383536] : "signature : keyid=\"ea34b9a9-fc29-46df-90c2-f6446f285bb1\", algorithm=\"HmacSHA256\", headers=\"host date request-target digest v-c-merchant-id\", signature=\"nkgB7nnDL3q6JVh+hIYy5d/fNSZaagzXJsg0x/Neigg=\""
[2024-05-13T15:54:38.228Z] [INFO] [ApiClient220383536] : "User-Agent : Mozilla/5.0"
[2024-05-13T15:54:38.228Z] [INFO] [ApiClient220383536] : "************************  LOGGING END  ************************"
[2024-05-13T19:14:23.385Z] [INFO] [MerchantConfig940481911] : "************************ LOGGING START ************************"
[2024-05-13T19:14:23.401Z] [INFO] [ApiClient819884869] : "Authentication Type : http_signature"
[2024-05-13T19:14:23.391Z] [INFO] [MerchantConfig98708211] : "************************ LOGGING START ************************"
[2024-05-13T19:14:23.402Z] [INFO] [ApiClient819884869] : "Request Type : POST"
[2024-05-13T19:14:23.404Z] [INFO] [ApiClient819884869] : "signatureHeader : keyid=\"ea34b9a9-fc29-46df-90c2-f6446f285bb1\", algorithm=\"HmacSHA256\", headers=\"host date request-target digest v-c-merchant-id\", signature=\"76Y+Ij2Zd9gzzcPahgwgHyhPjxX0tBNXuEy+xyyMY70=\""
[2024-05-13T19:14:23.404Z] [INFO] [ApiClient819884869] : "digest : SHA-256=J/pVC50evYXrUPFKXWdt81OyQMaEFX2pQhDsY4+8eFM="
[2024-05-13T19:14:23.404Z] [INFO] [ApiClient819884869] : "v-c-merchant-id : bc_5808459559"
[2024-05-13T19:14:23.404Z] [INFO] [ApiClient819884869] : "date : Mon, 13 May 2024 19:14:23 GMT"
[2024-05-13T19:14:23.404Z] [INFO] [ApiClient819884869] : "host : apitest.cybersource.com"
[2024-05-13T19:14:23.405Z] [INFO] [ApiClient819884869] : "signature : keyid=\"ea34b9a9-fc29-46df-90c2-f6446f285bb1\", algorithm=\"HmacSHA256\", headers=\"host date request-target digest v-c-merchant-id\", signature=\"76Y+Ij2Zd9gzzcPahgwgHyhPjxX0tBNXuEy+xyyMY70=\""
[2024-05-13T19:14:23.405Z] [INFO] [ApiClient819884869] : "User-Agent : Mozilla/5.0"
[2024-05-13T19:14:23.405Z] [INFO] [ApiClient819884869] : "************************  LOGGING END  ************************"
[2024-05-13T19:14:24.302Z] [INFO] [ApiClient819884869] : "Authentication Type : http_signature"
[2024-05-13T19:14:24.302Z] [INFO] [ApiClient819884869] : "Request Type : POST"
[2024-05-13T19:14:24.302Z] [INFO] [ApiClient819884869] : "signatureHeader : keyid=\"ea34b9a9-fc29-46df-90c2-f6446f285bb1\", algorithm=\"HmacSHA256\", headers=\"host date request-target digest v-c-merchant-id\", signature=\"IFXBiztmdwsntFCkCa6jnVTmA5OLzVKX9OAbEa6n/Ck=\""
[2024-05-13T19:14:24.303Z] [INFO] [ApiClient819884869] : "digest : SHA-256=J/pVC50evYXrUPFKXWdt81OyQMaEFX2pQhDsY4+8eFM="
[2024-05-13T19:14:24.303Z] [INFO] [ApiClient819884869] : "v-c-merchant-id : bc_5808459559"
[2024-05-13T19:14:24.303Z] [INFO] [ApiClient819884869] : "date : Mon, 13 May 2024 19:14:24 GMT"
[2024-05-13T19:14:24.303Z] [INFO] [ApiClient819884869] : "host : apitest.cybersource.com"
[2024-05-13T19:14:24.303Z] [INFO] [ApiClient819884869] : "signature : keyid=\"ea34b9a9-fc29-46df-90c2-f6446f285bb1\", algorithm=\"HmacSHA256\", headers=\"host date request-target digest v-c-merchant-id\", signature=\"IFXBiztmdwsntFCkCa6jnVTmA5OLzVKX9OAbEa6n/Ck=\""
[2024-05-13T19:14:24.303Z] [INFO] [ApiClient819884869] : "User-Agent : Mozilla/5.0"
[2024-05-13T19:14:24.303Z] [INFO] [ApiClient819884869] : "************************  LOGGING END  ************************"
[2024-05-13T19:17:17.766Z] [INFO] [MerchantConfig71661150] : "************************ LOGGING START ************************"
[2024-05-13T19:17:17.768Z] [INFO] [MerchantConfig230002530] : "************************ LOGGING START ************************"
[2024-05-13T19:17:17.768Z] [INFO] [ApiClient685012592] : "Authentication Type : http_signature"
[2024-05-13T19:17:17.768Z] [INFO] [ApiClient685012592] : "Request Type : POST"
[2024-05-13T19:17:17.769Z] [INFO] [ApiClient685012592] : "signatureHeader : keyid=\"ea34b9a9-fc29-46df-90c2-f6446f285bb1\", algorithm=\"HmacSHA256\", headers=\"host date request-target digest v-c-merchant-id\", signature=\"vk8WtZc0umIy04I62tmuzLzVX8buEN23VAtJJyaF0Sc=\""
[2024-05-13T19:17:17.769Z] [INFO] [ApiClient685012592] : "digest : SHA-256=5M3VEiNbMOlurJdRTwM4TDY12dSDqFW1UgG+fXSzJsw="
[2024-05-13T19:17:17.769Z] [INFO] [ApiClient685012592] : "v-c-merchant-id : bc_5808459559"
[2024-05-13T19:17:17.769Z] [INFO] [ApiClient685012592] : "date : Mon, 13 May 2024 19:17:17 GMT"
[2024-05-13T19:17:17.769Z] [INFO] [ApiClient685012592] : "host : apitest.cybersource.com"
[2024-05-13T19:17:17.769Z] [INFO] [ApiClient685012592] : "signature : keyid=\"ea34b9a9-fc29-46df-90c2-f6446f285bb1\", algorithm=\"HmacSHA256\", headers=\"host date request-target digest v-c-merchant-id\", signature=\"vk8WtZc0umIy04I62tmuzLzVX8buEN23VAtJJyaF0Sc=\""
[2024-05-13T19:17:17.769Z] [INFO] [ApiClient685012592] : "User-Agent : Mozilla/5.0"
[2024-05-13T19:17:17.769Z] [INFO] [ApiClient685012592] : "************************  LOGGING END  ************************"
[2024-05-13T19:18:03.041Z] [INFO] [MerchantConfig488021176] : "************************ LOGGING START ************************"
[2024-05-13T19:18:03.045Z] [INFO] [ApiClient61074276] : "Authentication Type : http_signature"
[2024-05-13T19:18:03.045Z] [INFO] [ApiClient61074276] : "Request Type : POST"
[2024-05-13T19:18:03.045Z] [INFO] [ApiClient61074276] : "signatureHeader : keyid=\"ea34b9a9-fc29-46df-90c2-f6446f285bb1\", algorithm=\"HmacSHA256\", headers=\"host date request-target digest v-c-merchant-id\", signature=\"kFuxpFAwzWZd1ubN7gX23q03IR27bKkx9AYn4qf1gQE=\""
[2024-05-13T19:18:03.045Z] [INFO] [ApiClient61074276] : "digest : SHA-256=TA/c9RM4IAf7bX3fSP8U0JBK/37vbwA76dfOMsjX/lA="
[2024-05-13T19:18:03.045Z] [INFO] [ApiClient61074276] : "v-c-merchant-id : bc_5808459559"
[2024-05-13T19:18:03.046Z] [INFO] [ApiClient61074276] : "date : Mon, 13 May 2024 19:18:03 GMT"
[2024-05-13T19:18:03.046Z] [INFO] [ApiClient61074276] : "host : apitest.cybersource.com"
[2024-05-13T19:18:03.046Z] [INFO] [ApiClient61074276] : "signature : keyid=\"ea34b9a9-fc29-46df-90c2-f6446f285bb1\", algorithm=\"HmacSHA256\", headers=\"host date request-target digest v-c-merchant-id\", signature=\"kFuxpFAwzWZd1ubN7gX23q03IR27bKkx9AYn4qf1gQE=\""
[2024-05-13T19:18:03.046Z] [INFO] [ApiClient61074276] : "User-Agent : Mozilla/5.0"
[2024-05-13T19:18:03.046Z] [INFO] [ApiClient61074276] : "************************  LOGGING END  ************************"
[2024-05-13T19:18:03.044Z] [INFO] [MerchantConfig461333588] : "************************ LOGGING START ************************"
[2024-05-13T19:18:03.459Z] [INFO] [ApiClient61074276] : "Authentication Type : http_signature"
[2024-05-13T19:18:03.459Z] [INFO] [ApiClient61074276] : "Request Type : POST"
[2024-05-13T19:18:03.460Z] [INFO] [ApiClient61074276] : "signatureHeader : keyid=\"ea34b9a9-fc29-46df-90c2-f6446f285bb1\", algorithm=\"HmacSHA256\", headers=\"host date request-target digest v-c-merchant-id\", signature=\"wGCXL7WAhe/tvRV9iLEiQTb1N12NWF2oBJScfDTzVsE=\""
[2024-05-13T19:18:03.460Z] [INFO] [ApiClient61074276] : "digest : SHA-256=TA/c9RM4IAf7bX3fSP8U0JBK/37vbwA76dfOMsjX/lA="
[2024-05-13T19:18:03.460Z] [INFO] [ApiClient61074276] : "v-c-merchant-id : bc_5808459559"
[2024-05-13T19:18:03.460Z] [INFO] [ApiClient61074276] : "date : Mon, 13 May 2024 19:18:03 GMT"
[2024-05-13T19:18:03.460Z] [INFO] [ApiClient61074276] : "host : apitest.cybersource.com"
[2024-05-13T19:18:03.460Z] [INFO] [ApiClient61074276] : "signature : keyid=\"ea34b9a9-fc29-46df-90c2-f6446f285bb1\", algorithm=\"HmacSHA256\", headers=\"host date request-target digest v-c-merchant-id\", signature=\"wGCXL7WAhe/tvRV9iLEiQTb1N12NWF2oBJScfDTzVsE=\""
[2024-05-13T19:18:03.460Z] [INFO] [ApiClient61074276] : "User-Agent : Mozilla/5.0"
[2024-05-13T19:18:03.460Z] [INFO] [ApiClient61074276] : "************************  LOGGING END  ************************"
[2024-05-13T19:20:01.289Z] [INFO] [MerchantConfig861356196] : "************************ LOGGING START ************************"
[2024-05-13T19:20:01.291Z] [INFO] [ApiClient713360460] : "Authentication Type : http_signature"
[2024-05-13T19:20:01.291Z] [INFO] [ApiClient713360460] : "Request Type : POST"
[2024-05-13T19:20:01.292Z] [INFO] [ApiClient713360460] : "signatureHeader : keyid=\"ea34b9a9-fc29-46df-90c2-f6446f285bb1\", algorithm=\"HmacSHA256\", headers=\"host date request-target digest v-c-merchant-id\", signature=\"8L0mcm6vnrrS9ugE/RFAeQj8eJl6f9Hs60Vz0zG7aps=\""
[2024-05-13T19:20:01.292Z] [INFO] [ApiClient713360460] : "digest : SHA-256=MvTM4bLo22DO7OxAxcREXFEXPpI/4MTUMqnHj5EUG+4="
[2024-05-13T19:20:01.293Z] [INFO] [ApiClient713360460] : "v-c-merchant-id : bc_5808459559"
[2024-05-13T19:20:01.293Z] [INFO] [ApiClient713360460] : "date : Mon, 13 May 2024 19:20:01 GMT"
[2024-05-13T19:20:01.293Z] [INFO] [ApiClient713360460] : "host : apitest.cybersource.com"
[2024-05-13T19:20:01.293Z] [INFO] [ApiClient713360460] : "signature : keyid=\"ea34b9a9-fc29-46df-90c2-f6446f285bb1\", algorithm=\"HmacSHA256\", headers=\"host date request-target digest v-c-merchant-id\", signature=\"8L0mcm6vnrrS9ugE/RFAeQj8eJl6f9Hs60Vz0zG7aps=\""
[2024-05-13T19:20:01.293Z] [INFO] [ApiClient713360460] : "User-Agent : Mozilla/5.0"
[2024-05-13T19:20:01.293Z] [INFO] [ApiClient713360460] : "************************  LOGGING END  ************************"
[2024-05-13T19:20:01.286Z] [INFO] [MerchantConfig932925070] : "************************ LOGGING START ************************"
[2024-05-13T19:21:00.854Z] [INFO] [MerchantConfig939889605] : "************************ LOGGING START ************************"
[2024-05-13T19:21:00.850Z] [INFO] [MerchantConfig454241464] : "************************ LOGGING START ************************"
[2024-05-13T19:21:00.855Z] [INFO] [ApiClient961359493] : "Authentication Type : http_signature"
[2024-05-13T19:21:00.855Z] [INFO] [ApiClient961359493] : "Request Type : POST"
[2024-05-13T19:21:00.856Z] [INFO] [ApiClient961359493] : "signatureHeader : keyid=\"ea34b9a9-fc29-46df-90c2-f6446f285bb1\", algorithm=\"HmacSHA256\", headers=\"host date request-target digest v-c-merchant-id\", signature=\"VYgf/ZBrHdwK621a5Ka5yVt/Y+mQ1OxXa8AUNDOdbNk=\""
[2024-05-13T19:21:00.856Z] [INFO] [ApiClient961359493] : "digest : SHA-256=OkAlynzP06sXLZgalTWIF27HgA4lMIjIfj9LYTBcyNQ="
[2024-05-13T19:21:00.856Z] [INFO] [ApiClient961359493] : "v-c-merchant-id : bc_5808459559"
[2024-05-13T19:21:00.856Z] [INFO] [ApiClient961359493] : "date : Mon, 13 May 2024 19:21:00 GMT"
[2024-05-13T19:21:00.856Z] [INFO] [ApiClient961359493] : "host : apitest.cybersource.com"
[2024-05-13T19:21:00.856Z] [INFO] [ApiClient961359493] : "signature : keyid=\"ea34b9a9-fc29-46df-90c2-f6446f285bb1\", algorithm=\"HmacSHA256\", headers=\"host date request-target digest v-c-merchant-id\", signature=\"VYgf/ZBrHdwK621a5Ka5yVt/Y+mQ1OxXa8AUNDOdbNk=\""
[2024-05-13T19:21:00.856Z] [INFO] [ApiClient961359493] : "User-Agent : Mozilla/5.0"
[2024-05-13T19:21:00.856Z] [INFO] [ApiClient961359493] : "************************  LOGGING END  ************************"
[2024-05-13T19:21:40.928Z] [INFO] [MerchantConfig862981554] : "************************ LOGGING START ************************"
[2024-05-13T19:21:40.930Z] [INFO] [MerchantConfig593136305] : "************************ LOGGING START ************************"
[2024-05-13T19:21:40.930Z] [INFO] [ApiClient776514139] : "Authentication Type : http_signature"
[2024-05-13T19:21:40.931Z] [INFO] [ApiClient776514139] : "Request Type : POST"
[2024-05-13T19:21:40.932Z] [INFO] [ApiClient776514139] : "signatureHeader : keyid=\"ea34b9a9-fc29-46df-90c2-f6446f285bb1\", algorithm=\"HmacSHA256\", headers=\"host date request-target digest v-c-merchant-id\", signature=\"oE/iowjTUjFs+4K/w5+GBLiUJBL7csyuBmgiM68T/8I=\""
[2024-05-13T19:21:40.932Z] [INFO] [ApiClient776514139] : "digest : SHA-256=puDIYDDhSggjnrxAvdM8EfLubxVFMWueEo934qgvS6w="
[2024-05-13T19:21:40.932Z] [INFO] [ApiClient776514139] : "v-c-merchant-id : bc_5808459559"
[2024-05-13T19:21:40.932Z] [INFO] [ApiClient776514139] : "date : Mon, 13 May 2024 19:21:40 GMT"
[2024-05-13T19:21:40.932Z] [INFO] [ApiClient776514139] : "host : apitest.cybersource.com"
[2024-05-13T19:21:40.932Z] [INFO] [ApiClient776514139] : "signature : keyid=\"ea34b9a9-fc29-46df-90c2-f6446f285bb1\", algorithm=\"HmacSHA256\", headers=\"host date request-target digest v-c-merchant-id\", signature=\"oE/iowjTUjFs+4K/w5+GBLiUJBL7csyuBmgiM68T/8I=\""
[2024-05-13T19:21:40.932Z] [INFO] [ApiClient776514139] : "User-Agent : Mozilla/5.0"
[2024-05-13T19:21:40.932Z] [INFO] [ApiClient776514139] : "************************  LOGGING END  ************************"
[2024-05-13T19:21:41.349Z] [INFO] [ApiClient776514139] : "Authentication Type : http_signature"
[2024-05-13T19:21:41.349Z] [INFO] [ApiClient776514139] : "Request Type : POST"
[2024-05-13T19:21:41.349Z] [INFO] [ApiClient776514139] : "signatureHeader : keyid=\"ea34b9a9-fc29-46df-90c2-f6446f285bb1\", algorithm=\"HmacSHA256\", headers=\"host date request-target digest v-c-merchant-id\", signature=\"Na9N7jAGNIlXOO8/88KNV98+3XP0nWqVKjtVzQWG/Ik=\""
[2024-05-13T19:21:41.349Z] [INFO] [ApiClient776514139] : "digest : SHA-256=puDIYDDhSggjnrxAvdM8EfLubxVFMWueEo934qgvS6w="
[2024-05-13T19:21:41.349Z] [INFO] [ApiClient776514139] : "v-c-merchant-id : bc_5808459559"
[2024-05-13T19:21:41.349Z] [INFO] [ApiClient776514139] : "date : Mon, 13 May 2024 19:21:41 GMT"
[2024-05-13T19:21:41.349Z] [INFO] [ApiClient776514139] : "host : apitest.cybersource.com"
[2024-05-13T19:21:41.349Z] [INFO] [ApiClient776514139] : "signature : keyid=\"ea34b9a9-fc29-46df-90c2-f6446f285bb1\", algorithm=\"HmacSHA256\", headers=\"host date request-target digest v-c-merchant-id\", signature=\"Na9N7jAGNIlXOO8/88KNV98+3XP0nWqVKjtVzQWG/Ik=\""
[2024-05-13T19:21:41.349Z] [INFO] [ApiClient776514139] : "User-Agent : Mozilla/5.0"
[2024-05-13T19:21:41.349Z] [INFO] [ApiClient776514139] : "************************  LOGGING END  ************************"
[2024-05-13T19:25:41.367Z] [INFO] [MerchantConfig345334490] : "************************ LOGGING START ************************"
[2024-05-13T19:25:41.371Z] [INFO] [MerchantConfig562668389] : "************************ LOGGING START ************************"
[2024-05-13T19:25:41.375Z] [INFO] [ApiClient579862146] : "Authentication Type : http_signature"
[2024-05-13T19:25:41.375Z] [INFO] [ApiClient579862146] : "Request Type : POST"
[2024-05-13T19:25:41.376Z] [INFO] [ApiClient579862146] : "signatureHeader : keyid=\"ea34b9a9-fc29-46df-90c2-f6446f285bb1\", algorithm=\"HmacSHA256\", headers=\"host date request-target digest v-c-merchant-id\", signature=\"HyGUZ41LN9sQ2xnGRaepQVb2nX/afb/CBdNDAGxPU4Q=\""
[2024-05-13T19:25:41.376Z] [INFO] [ApiClient579862146] : "digest : SHA-256=4mLcsJwzjLsRmPSTW6xuQfuoS5lE1NuDmi9a/Z3guhM="
[2024-05-13T19:25:41.376Z] [INFO] [ApiClient579862146] : "v-c-merchant-id : bc_5808459559"
[2024-05-13T19:25:41.376Z] [INFO] [ApiClient579862146] : "date : Mon, 13 May 2024 19:25:41 GMT"
[2024-05-13T19:25:41.376Z] [INFO] [ApiClient579862146] : "host : apitest.cybersource.com"
[2024-05-13T19:25:41.376Z] [INFO] [ApiClient579862146] : "signature : keyid=\"ea34b9a9-fc29-46df-90c2-f6446f285bb1\", algorithm=\"HmacSHA256\", headers=\"host date request-target digest v-c-merchant-id\", signature=\"HyGUZ41LN9sQ2xnGRaepQVb2nX/afb/CBdNDAGxPU4Q=\""
[2024-05-13T19:25:41.376Z] [INFO] [ApiClient579862146] : "User-Agent : Mozilla/5.0"
[2024-05-13T19:25:41.376Z] [INFO] [ApiClient579862146] : "************************  LOGGING END  ************************"
[2024-05-13T19:25:41.890Z] [INFO] [ApiClient579862146] : "Authentication Type : http_signature"
[2024-05-13T19:25:41.890Z] [INFO] [ApiClient579862146] : "Request Type : POST"
[2024-05-13T19:25:41.890Z] [INFO] [ApiClient579862146] : "signatureHeader : keyid=\"ea34b9a9-fc29-46df-90c2-f6446f285bb1\", algorithm=\"HmacSHA256\", headers=\"host date request-target digest v-c-merchant-id\", signature=\"na0HtrQMqvxsMzRnWSnSvM6JEISFTj7ysWXniwxBJQc=\""
[2024-05-13T19:25:41.890Z] [INFO] [ApiClient579862146] : "digest : SHA-256=4mLcsJwzjLsRmPSTW6xuQfuoS5lE1NuDmi9a/Z3guhM="
[2024-05-13T19:25:41.890Z] [INFO] [ApiClient579862146] : "v-c-merchant-id : bc_5808459559"
[2024-05-13T19:25:41.890Z] [INFO] [ApiClient579862146] : "date : Mon, 13 May 2024 19:25:41 GMT"
[2024-05-13T19:25:41.890Z] [INFO] [ApiClient579862146] : "host : apitest.cybersource.com"
[2024-05-13T19:25:41.890Z] [INFO] [ApiClient579862146] : "signature : keyid=\"ea34b9a9-fc29-46df-90c2-f6446f285bb1\", algorithm=\"HmacSHA256\", headers=\"host date request-target digest v-c-merchant-id\", signature=\"na0HtrQMqvxsMzRnWSnSvM6JEISFTj7ysWXniwxBJQc=\""
[2024-05-13T19:25:41.890Z] [INFO] [ApiClient579862146] : "User-Agent : Mozilla/5.0"
[2024-05-13T19:25:41.890Z] [INFO] [ApiClient579862146] : "************************  LOGGING END  ************************"
[2024-05-13T19:33:34.953Z] [INFO] [ApiClient624793217] : "Authentication Type : http_signature"
[2024-05-13T19:33:34.938Z] [INFO] [MerchantConfig664211211] : "************************ LOGGING START ************************"
[2024-05-13T19:33:34.953Z] [INFO] [ApiClient624793217] : "Request Type : POST"
[2024-05-13T19:33:34.956Z] [INFO] [ApiClient624793217] : "signatureHeader : keyid=\"ea34b9a9-fc29-46df-90c2-f6446f285bb1\", algorithm=\"HmacSHA256\", headers=\"host date request-target digest v-c-merchant-id\", signature=\"KYvWU9SKvjtGiFIfRnQ+SHwi7wDL1neXH+xbNRS9Vlg=\""
[2024-05-13T19:33:34.956Z] [INFO] [ApiClient624793217] : "digest : SHA-256=HVCiz8LulZNAvQIBQvYp866hta/nuPEJlOmU/1uOxGA="
[2024-05-13T19:33:34.948Z] [INFO] [MerchantConfig895237007] : "************************ LOGGING START ************************"
[2024-05-13T19:33:34.956Z] [INFO] [ApiClient624793217] : "v-c-merchant-id : bc_5808459559"
[2024-05-13T19:33:34.956Z] [INFO] [ApiClient624793217] : "date : Mon, 13 May 2024 19:33:34 GMT"
[2024-05-13T19:33:34.956Z] [INFO] [ApiClient624793217] : "host : apitest.cybersource.com"
[2024-05-13T19:33:34.957Z] [INFO] [ApiClient624793217] : "signature : keyid=\"ea34b9a9-fc29-46df-90c2-f6446f285bb1\", algorithm=\"HmacSHA256\", headers=\"host date request-target digest v-c-merchant-id\", signature=\"KYvWU9SKvjtGiFIfRnQ+SHwi7wDL1neXH+xbNRS9Vlg=\""
[2024-05-13T19:33:34.957Z] [INFO] [ApiClient624793217] : "User-Agent : Mozilla/5.0"
[2024-05-13T19:33:34.957Z] [INFO] [ApiClient624793217] : "************************  LOGGING END  ************************"
[2024-05-13T19:33:35.726Z] [INFO] [ApiClient624793217] : "Authentication Type : http_signature"
[2024-05-13T19:33:35.726Z] [INFO] [ApiClient624793217] : "Request Type : POST"
[2024-05-13T19:33:35.727Z] [INFO] [ApiClient624793217] : "signatureHeader : keyid=\"ea34b9a9-fc29-46df-90c2-f6446f285bb1\", algorithm=\"HmacSHA256\", headers=\"host date request-target digest v-c-merchant-id\", signature=\"21L1WFkvUOk8sbV1Xi8d8vfYueW2Jdaq2dAnUleMdCY=\""
[2024-05-13T19:33:35.727Z] [INFO] [ApiClient624793217] : "digest : SHA-256=HVCiz8LulZNAvQIBQvYp866hta/nuPEJlOmU/1uOxGA="
[2024-05-13T19:33:35.727Z] [INFO] [ApiClient624793217] : "v-c-merchant-id : bc_5808459559"
[2024-05-13T19:33:35.727Z] [INFO] [ApiClient624793217] : "date : Mon, 13 May 2024 19:33:35 GMT"
[2024-05-13T19:33:35.727Z] [INFO] [ApiClient624793217] : "host : apitest.cybersource.com"
[2024-05-13T19:33:35.727Z] [INFO] [ApiClient624793217] : "signature : keyid=\"ea34b9a9-fc29-46df-90c2-f6446f285bb1\", algorithm=\"HmacSHA256\", headers=\"host date request-target digest v-c-merchant-id\", signature=\"21L1WFkvUOk8sbV1Xi8d8vfYueW2Jdaq2dAnUleMdCY=\""
[2024-05-13T19:33:35.727Z] [INFO] [ApiClient624793217] : "User-Agent : Mozilla/5.0"
[2024-05-13T19:33:35.727Z] [INFO] [ApiClient624793217] : "************************  LOGGING END  ************************"
[2024-05-13T19:35:33.447Z] [INFO] [MerchantConfig287703922] : "************************ LOGGING START ************************"
[2024-05-13T19:35:33.452Z] [INFO] [ApiClient113618805] : "Authentication Type : http_signature"
[2024-05-13T19:35:33.452Z] [INFO] [ApiClient113618805] : "Request Type : POST"
[2024-05-13T19:35:33.452Z] [INFO] [ApiClient113618805] : "signatureHeader : keyid=\"ea34b9a9-fc29-46df-90c2-f6446f285bb1\", algorithm=\"HmacSHA256\", headers=\"host date request-target digest v-c-merchant-id\", signature=\"rQSafGAb375oWYuHSHE2U4XV+frMYQsX2hgxAOSwghA=\""
[2024-05-13T19:35:33.452Z] [INFO] [ApiClient113618805] : "digest : SHA-256=Ufo2C59GQjT0shAghG8pVXYzLK+lbMCNcGBTcWKg8+g="
[2024-05-13T19:35:33.453Z] [INFO] [ApiClient113618805] : "v-c-merchant-id : bc_5808459559"
[2024-05-13T19:35:33.453Z] [INFO] [ApiClient113618805] : "date : Mon, 13 May 2024 19:35:33 GMT"
[2024-05-13T19:35:33.453Z] [INFO] [ApiClient113618805] : "host : apitest.cybersource.com"
[2024-05-13T19:35:33.450Z] [INFO] [MerchantConfig767601479] : "************************ LOGGING START ************************"
[2024-05-13T19:35:33.453Z] [INFO] [ApiClient113618805] : "signature : keyid=\"ea34b9a9-fc29-46df-90c2-f6446f285bb1\", algorithm=\"HmacSHA256\", headers=\"host date request-target digest v-c-merchant-id\", signature=\"rQSafGAb375oWYuHSHE2U4XV+frMYQsX2hgxAOSwghA=\""
[2024-05-13T19:35:33.453Z] [INFO] [ApiClient113618805] : "User-Agent : Mozilla/5.0"
[2024-05-13T19:35:33.453Z] [INFO] [ApiClient113618805] : "************************  LOGGING END  ************************"
[2024-05-13T19:35:33.921Z] [INFO] [ApiClient113618805] : "Authentication Type : http_signature"
[2024-05-13T19:35:33.921Z] [INFO] [ApiClient113618805] : "Request Type : POST"
[2024-05-13T19:35:33.921Z] [INFO] [ApiClient113618805] : "signatureHeader : keyid=\"ea34b9a9-fc29-46df-90c2-f6446f285bb1\", algorithm=\"HmacSHA256\", headers=\"host date request-target digest v-c-merchant-id\", signature=\"AnwAbyN88xefRhjtCVgflf8s6hZMlrs0WOJ+yoXZc3Y=\""
[2024-05-13T19:35:33.921Z] [INFO] [ApiClient113618805] : "digest : SHA-256=Ufo2C59GQjT0shAghG8pVXYzLK+lbMCNcGBTcWKg8+g="
[2024-05-13T19:35:33.921Z] [INFO] [ApiClient113618805] : "v-c-merchant-id : bc_5808459559"
[2024-05-13T19:35:33.921Z] [INFO] [ApiClient113618805] : "date : Mon, 13 May 2024 19:35:33 GMT"
[2024-05-13T19:35:33.921Z] [INFO] [ApiClient113618805] : "host : apitest.cybersource.com"
[2024-05-13T19:35:33.921Z] [INFO] [ApiClient113618805] : "signature : keyid=\"ea34b9a9-fc29-46df-90c2-f6446f285bb1\", algorithm=\"HmacSHA256\", headers=\"host date request-target digest v-c-merchant-id\", signature=\"AnwAbyN88xefRhjtCVgflf8s6hZMlrs0WOJ+yoXZc3Y=\""
[2024-05-13T19:35:33.921Z] [INFO] [ApiClient113618805] : "User-Agent : Mozilla/5.0"
[2024-05-13T19:35:33.921Z] [INFO] [ApiClient113618805] : "************************  LOGGING END  ************************"
[2024-05-13T19:38:23.949Z] [INFO] [MerchantConfig477610663] : "************************ LOGGING START ************************"
[2024-05-13T19:38:23.952Z] [INFO] [MerchantConfig21989856] : "************************ LOGGING START ************************"
[2024-05-13T19:38:23.953Z] [INFO] [ApiClient348132837] : "Authentication Type : http_signature"
[2024-05-13T19:38:23.953Z] [INFO] [ApiClient348132837] : "Request Type : POST"
[2024-05-13T19:38:23.953Z] [INFO] [ApiClient348132837] : "signatureHeader : keyid=\"ea34b9a9-fc29-46df-90c2-f6446f285bb1\", algorithm=\"HmacSHA256\", headers=\"host date request-target digest v-c-merchant-id\", signature=\"beE7fiFZrz/UHaBbzny6gZBuMpzkIrgbJ7557EnK/4w=\""
[2024-05-13T19:38:23.953Z] [INFO] [ApiClient348132837] : "digest : SHA-256=r8aBRvvVW8RXF5vZrT2uXqpo7/Wg0fRLOm9AvT6K/+Q="
[2024-05-13T19:38:23.953Z] [INFO] [ApiClient348132837] : "v-c-merchant-id : bc_5808459559"
[2024-05-13T19:38:23.953Z] [INFO] [ApiClient348132837] : "date : Mon, 13 May 2024 19:38:23 GMT"
[2024-05-13T19:38:23.953Z] [INFO] [ApiClient348132837] : "host : apitest.cybersource.com"
[2024-05-13T19:38:23.953Z] [INFO] [ApiClient348132837] : "signature : keyid=\"ea34b9a9-fc29-46df-90c2-f6446f285bb1\", algorithm=\"HmacSHA256\", headers=\"host date request-target digest v-c-merchant-id\", signature=\"beE7fiFZrz/UHaBbzny6gZBuMpzkIrgbJ7557EnK/4w=\""
[2024-05-13T19:38:23.953Z] [INFO] [ApiClient348132837] : "User-Agent : Mozilla/5.0"
[2024-05-13T19:38:23.953Z] [INFO] [ApiClient348132837] : "************************  LOGGING END  ************************"
[2024-05-13T19:38:24.431Z] [INFO] [ApiClient348132837] : "Authentication Type : http_signature"
[2024-05-13T19:38:24.432Z] [INFO] [ApiClient348132837] : "Request Type : POST"
[2024-05-13T19:38:24.432Z] [INFO] [ApiClient348132837] : "signatureHeader : keyid=\"ea34b9a9-fc29-46df-90c2-f6446f285bb1\", algorithm=\"HmacSHA256\", headers=\"host date request-target digest v-c-merchant-id\", signature=\"k9ergiZzjR37CFsgw5apRzQRnMvYTTV3TxcJReecBzQ=\""
[2024-05-13T19:38:24.432Z] [INFO] [ApiClient348132837] : "digest : SHA-256=r8aBRvvVW8RXF5vZrT2uXqpo7/Wg0fRLOm9AvT6K/+Q="
[2024-05-13T19:38:24.432Z] [INFO] [ApiClient348132837] : "v-c-merchant-id : bc_5808459559"
[2024-05-13T19:38:24.432Z] [INFO] [ApiClient348132837] : "date : Mon, 13 May 2024 19:38:24 GMT"
[2024-05-13T19:38:24.432Z] [INFO] [ApiClient348132837] : "host : apitest.cybersource.com"
[2024-05-13T19:38:24.432Z] [INFO] [ApiClient348132837] : "signature : keyid=\"ea34b9a9-fc29-46df-90c2-f6446f285bb1\", algorithm=\"HmacSHA256\", headers=\"host date request-target digest v-c-merchant-id\", signature=\"k9ergiZzjR37CFsgw5apRzQRnMvYTTV3TxcJReecBzQ=\""
[2024-05-13T19:38:24.432Z] [INFO] [ApiClient348132837] : "User-Agent : Mozilla/5.0"
[2024-05-13T19:38:24.432Z] [INFO] [ApiClient348132837] : "************************  LOGGING END  ************************"
[2024-05-13T19:40:05.989Z] [INFO] [MerchantConfig160120145] : "************************ LOGGING START ************************"
[2024-05-13T19:40:05.990Z] [INFO] [ApiClient585304004] : "Authentication Type : http_signature"
[2024-05-13T19:40:05.983Z] [INFO] [MerchantConfig475114877] : "************************ LOGGING START ************************"
[2024-05-13T19:40:05.990Z] [INFO] [ApiClient585304004] : "Request Type : POST"
[2024-05-13T19:40:05.990Z] [INFO] [ApiClient585304004] : "signatureHeader : keyid=\"ea34b9a9-fc29-46df-90c2-f6446f285bb1\", algorithm=\"HmacSHA256\", headers=\"host date request-target digest v-c-merchant-id\", signature=\"oR4nDlNMfy0IsUhxJqA2IY38qEm10zVRazSjzotqyGU=\""
[2024-05-13T19:40:05.990Z] [INFO] [ApiClient585304004] : "digest : SHA-256=+cHFyVl5oe/4PCXufSp27JvH3YfUcVmMGbf0IHvjXxY="
[2024-05-13T19:40:05.990Z] [INFO] [ApiClient585304004] : "v-c-merchant-id : bc_5808459559"
[2024-05-13T19:40:05.990Z] [INFO] [ApiClient585304004] : "date : Mon, 13 May 2024 19:40:05 GMT"
[2024-05-13T19:40:05.990Z] [INFO] [ApiClient585304004] : "host : apitest.cybersource.com"
[2024-05-13T19:40:05.990Z] [INFO] [ApiClient585304004] : "signature : keyid=\"ea34b9a9-fc29-46df-90c2-f6446f285bb1\", algorithm=\"HmacSHA256\", headers=\"host date request-target digest v-c-merchant-id\", signature=\"oR4nDlNMfy0IsUhxJqA2IY38qEm10zVRazSjzotqyGU=\""
[2024-05-13T19:40:05.990Z] [INFO] [ApiClient585304004] : "User-Agent : Mozilla/5.0"
[2024-05-13T19:40:05.990Z] [INFO] [ApiClient585304004] : "************************  LOGGING END  ************************"
[2024-05-13T19:40:06.361Z] [INFO] [ApiClient585304004] : "Authentication Type : http_signature"
[2024-05-13T19:40:06.361Z] [INFO] [ApiClient585304004] : "Request Type : POST"
[2024-05-13T19:40:06.361Z] [INFO] [ApiClient585304004] : "signatureHeader : keyid=\"ea34b9a9-fc29-46df-90c2-f6446f285bb1\", algorithm=\"HmacSHA256\", headers=\"host date request-target digest v-c-merchant-id\", signature=\"n8CweOL3DlVAALBoh0RXqqXBue7ZmiBtkS3lxOqfRHA=\""
[2024-05-13T19:40:06.361Z] [INFO] [ApiClient585304004] : "digest : SHA-256=+cHFyVl5oe/4PCXufSp27JvH3YfUcVmMGbf0IHvjXxY="
[2024-05-13T19:40:06.361Z] [INFO] [ApiClient585304004] : "v-c-merchant-id : bc_5808459559"
[2024-05-13T19:40:06.361Z] [INFO] [ApiClient585304004] : "date : Mon, 13 May 2024 19:40:06 GMT"
[2024-05-13T19:40:06.361Z] [INFO] [ApiClient585304004] : "host : apitest.cybersource.com"
[2024-05-13T19:40:06.361Z] [INFO] [ApiClient585304004] : "signature : keyid=\"ea34b9a9-fc29-46df-90c2-f6446f285bb1\", algorithm=\"HmacSHA256\", headers=\"host date request-target digest v-c-merchant-id\", signature=\"n8CweOL3DlVAALBoh0RXqqXBue7ZmiBtkS3lxOqfRHA=\""
[2024-05-13T19:40:06.361Z] [INFO] [ApiClient585304004] : "User-Agent : Mozilla/5.0"
[2024-05-13T19:40:06.361Z] [INFO] [ApiClient585304004] : "************************  LOGGING END  ************************"
[2024-05-13T19:53:54.070Z] [INFO] [MerchantConfig456413124] : "************************ LOGGING START ************************"
[2024-05-13T19:53:54.074Z] [INFO] [ApiClient193830853] : "Authentication Type : http_signature"
[2024-05-13T19:53:54.074Z] [INFO] [ApiClient193830853] : "Request Type : POST"
[2024-05-13T19:53:54.074Z] [INFO] [ApiClient193830853] : "signatureHeader : keyid=\"ea34b9a9-fc29-46df-90c2-f6446f285bb1\", algorithm=\"HmacSHA256\", headers=\"host date request-target digest v-c-merchant-id\", signature=\"+qWtGzJ7xbhgzh5/hKsYtIQJXc1O+WnhS4tlMbQEaV0=\""
[2024-05-13T19:53:54.074Z] [INFO] [ApiClient193830853] : "digest : SHA-256=sVv5STHoWFkpExDcvsaoBMgExOY2HJV21WfNOP/eChQ="
[2024-05-13T19:53:54.074Z] [INFO] [ApiClient193830853] : "v-c-merchant-id : bc_5808459559"
[2024-05-13T19:53:54.074Z] [INFO] [ApiClient193830853] : "date : Mon, 13 May 2024 19:53:54 GMT"
[2024-05-13T19:53:54.074Z] [INFO] [ApiClient193830853] : "host : apitest.cybersource.com"
[2024-05-13T19:53:54.074Z] [INFO] [ApiClient193830853] : "signature : keyid=\"ea34b9a9-fc29-46df-90c2-f6446f285bb1\", algorithm=\"HmacSHA256\", headers=\"host date request-target digest v-c-merchant-id\", signature=\"+qWtGzJ7xbhgzh5/hKsYtIQJXc1O+WnhS4tlMbQEaV0=\""
[2024-05-13T19:53:54.074Z] [INFO] [ApiClient193830853] : "User-Agent : Mozilla/5.0"
[2024-05-13T19:53:54.074Z] [INFO] [ApiClient193830853] : "************************  LOGGING END  ************************"
[2024-05-13T19:53:54.072Z] [INFO] [MerchantConfig547551213] : "************************ LOGGING START ************************"
[2024-05-13T19:53:54.633Z] [INFO] [ApiClient193830853] : "Authentication Type : http_signature"
[2024-05-13T19:53:54.633Z] [INFO] [ApiClient193830853] : "Request Type : POST"
[2024-05-13T19:53:54.634Z] [INFO] [ApiClient193830853] : "signatureHeader : keyid=\"ea34b9a9-fc29-46df-90c2-f6446f285bb1\", algorithm=\"HmacSHA256\", headers=\"host date request-target digest v-c-merchant-id\", signature=\"Wx9Ze780coVIIKKHhTkWDoKg4vhWhFIDFJK1vqoL2sk=\""
[2024-05-13T19:53:54.634Z] [INFO] [ApiClient193830853] : "digest : SHA-256=sVv5STHoWFkpExDcvsaoBMgExOY2HJV21WfNOP/eChQ="
[2024-05-13T19:53:54.634Z] [INFO] [ApiClient193830853] : "v-c-merchant-id : bc_5808459559"
[2024-05-13T19:53:54.634Z] [INFO] [ApiClient193830853] : "date : Mon, 13 May 2024 19:53:54 GMT"
[2024-05-13T19:53:54.634Z] [INFO] [ApiClient193830853] : "host : apitest.cybersource.com"
[2024-05-13T19:53:54.634Z] [INFO] [ApiClient193830853] : "signature : keyid=\"ea34b9a9-fc29-46df-90c2-f6446f285bb1\", algorithm=\"HmacSHA256\", headers=\"host date request-target digest v-c-merchant-id\", signature=\"Wx9Ze780coVIIKKHhTkWDoKg4vhWhFIDFJK1vqoL2sk=\""
[2024-05-13T19:53:54.634Z] [INFO] [ApiClient193830853] : "User-Agent : Mozilla/5.0"
[2024-05-13T19:53:54.634Z] [INFO] [ApiClient193830853] : "************************  LOGGING END  ************************"
[2024-05-13T19:58:43.920Z] [INFO] [MerchantConfig180058999] : "************************ LOGGING START ************************"
[2024-05-13T19:58:43.921Z] [INFO] [MerchantConfig962369049] : "************************ LOGGING START ************************"
[2024-05-13T19:58:43.922Z] [INFO] [ApiClient643846444] : "Authentication Type : http_signature"
[2024-05-13T19:58:43.922Z] [INFO] [ApiClient643846444] : "Request Type : POST"
[2024-05-13T19:58:43.923Z] [INFO] [ApiClient643846444] : "signatureHeader : keyid=\"ea34b9a9-fc29-46df-90c2-f6446f285bb1\", algorithm=\"HmacSHA256\", headers=\"host date request-target digest v-c-merchant-id\", signature=\"RKGAx3hGMjAHhMUr0IqcAQUbZLQkLUUNsMo1yVKdwKM=\""
[2024-05-13T19:58:43.923Z] [INFO] [ApiClient643846444] : "digest : SHA-256=etLhelFlhtfKFlCDqhmmm7PjummqR34HvfzRl/wfqKw="
[2024-05-13T19:58:43.923Z] [INFO] [ApiClient643846444] : "v-c-merchant-id : bc_5808459559"
[2024-05-13T19:58:43.923Z] [INFO] [ApiClient643846444] : "date : Mon, 13 May 2024 19:58:43 GMT"
[2024-05-13T19:58:43.923Z] [INFO] [ApiClient643846444] : "host : apitest.cybersource.com"
[2024-05-13T19:58:43.923Z] [INFO] [ApiClient643846444] : "signature : keyid=\"ea34b9a9-fc29-46df-90c2-f6446f285bb1\", algorithm=\"HmacSHA256\", headers=\"host date request-target digest v-c-merchant-id\", signature=\"RKGAx3hGMjAHhMUr0IqcAQUbZLQkLUUNsMo1yVKdwKM=\""
[2024-05-13T19:58:43.923Z] [INFO] [ApiClient643846444] : "User-Agent : Mozilla/5.0"
[2024-05-13T19:58:43.923Z] [INFO] [ApiClient643846444] : "************************  LOGGING END  ************************"
[2024-05-13T19:58:44.301Z] [INFO] [ApiClient643846444] : "Authentication Type : http_signature"
[2024-05-13T19:58:44.301Z] [INFO] [ApiClient643846444] : "Request Type : POST"
[2024-05-13T19:58:44.301Z] [INFO] [ApiClient643846444] : "signatureHeader : keyid=\"ea34b9a9-fc29-46df-90c2-f6446f285bb1\", algorithm=\"HmacSHA256\", headers=\"host date request-target digest v-c-merchant-id\", signature=\"tbmyi/1XvA43zbXmPkoY++XJRzvpbtRX+p4f8PpdRqY=\""
[2024-05-13T19:58:44.301Z] [INFO] [ApiClient643846444] : "digest : SHA-256=etLhelFlhtfKFlCDqhmmm7PjummqR34HvfzRl/wfqKw="
[2024-05-13T19:58:44.301Z] [INFO] [ApiClient643846444] : "v-c-merchant-id : bc_5808459559"
[2024-05-13T19:58:44.301Z] [INFO] [ApiClient643846444] : "date : Mon, 13 May 2024 19:58:44 GMT"
[2024-05-13T19:58:44.301Z] [INFO] [ApiClient643846444] : "host : apitest.cybersource.com"
[2024-05-13T19:58:44.301Z] [INFO] [ApiClient643846444] : "signature : keyid=\"ea34b9a9-fc29-46df-90c2-f6446f285bb1\", algorithm=\"HmacSHA256\", headers=\"host date request-target digest v-c-merchant-id\", signature=\"tbmyi/1XvA43zbXmPkoY++XJRzvpbtRX+p4f8PpdRqY=\""
[2024-05-13T19:58:44.301Z] [INFO] [ApiClient643846444] : "User-Agent : Mozilla/5.0"
[2024-05-13T19:58:44.301Z] [INFO] [ApiClient643846444] : "************************  LOGGING END  ************************"
[2024-05-13T20:33:00.731Z] [INFO] [MerchantConfig482653305] : "************************ LOGGING START ************************"
[2024-05-13T20:33:00.736Z] [INFO] [MerchantConfig403223968] : "************************ LOGGING START ************************"
[2024-05-13T20:33:00.738Z] [INFO] [ApiClient398100594] : "Authentication Type : http_signature"
[2024-05-13T20:33:00.739Z] [INFO] [ApiClient398100594] : "Request Type : POST"
[2024-05-13T20:33:00.742Z] [INFO] [ApiClient398100594] : "signatureHeader : keyid=\"ea34b9a9-fc29-46df-90c2-f6446f285bb1\", algorithm=\"HmacSHA256\", headers=\"host date request-target digest v-c-merchant-id\", signature=\"vsil2orR7ffCJ51F3lXfOM7uvN3qzc0qil96JbZ490I=\""
[2024-05-13T20:33:00.742Z] [INFO] [ApiClient398100594] : "digest : SHA-256=P3P5AWuWiPtBFgLkuORGaH2yOnu+BDxZOhEAJopLofw="
[2024-05-13T20:33:00.742Z] [INFO] [ApiClient398100594] : "v-c-merchant-id : bc_5808459559"
[2024-05-13T20:33:00.742Z] [INFO] [ApiClient398100594] : "date : Mon, 13 May 2024 20:33:00 GMT"
[2024-05-13T20:33:00.742Z] [INFO] [ApiClient398100594] : "host : apitest.cybersource.com"
[2024-05-13T20:33:00.742Z] [INFO] [ApiClient398100594] : "signature : keyid=\"ea34b9a9-fc29-46df-90c2-f6446f285bb1\", algorithm=\"HmacSHA256\", headers=\"host date request-target digest v-c-merchant-id\", signature=\"vsil2orR7ffCJ51F3lXfOM7uvN3qzc0qil96JbZ490I=\""
[2024-05-13T20:33:00.742Z] [INFO] [ApiClient398100594] : "User-Agent : Mozilla/5.0"
[2024-05-13T20:33:00.742Z] [INFO] [ApiClient398100594] : "************************  LOGGING END  ************************"
[2024-05-13T20:33:01.617Z] [INFO] [ApiClient398100594] : "Authentication Type : http_signature"
[2024-05-13T20:33:01.618Z] [INFO] [ApiClient398100594] : "Request Type : POST"
[2024-05-13T20:33:01.618Z] [INFO] [ApiClient398100594] : "signatureHeader : keyid=\"ea34b9a9-fc29-46df-90c2-f6446f285bb1\", algorithm=\"HmacSHA256\", headers=\"host date request-target digest v-c-merchant-id\", signature=\"R0MJf5+X9BYFT+Ro01urxophqaTkxqF4fLH1ilmXMQI=\""
[2024-05-13T20:33:01.618Z] [INFO] [ApiClient398100594] : "digest : SHA-256=P3P5AWuWiPtBFgLkuORGaH2yOnu+BDxZOhEAJopLofw="
[2024-05-13T20:33:01.618Z] [INFO] [ApiClient398100594] : "v-c-merchant-id : bc_5808459559"
[2024-05-13T20:33:01.618Z] [INFO] [ApiClient398100594] : "date : Mon, 13 May 2024 20:33:01 GMT"
[2024-05-13T20:33:01.618Z] [INFO] [ApiClient398100594] : "host : apitest.cybersource.com"
[2024-05-13T20:33:01.618Z] [INFO] [ApiClient398100594] : "signature : keyid=\"ea34b9a9-fc29-46df-90c2-f6446f285bb1\", algorithm=\"HmacSHA256\", headers=\"host date request-target digest v-c-merchant-id\", signature=\"R0MJf5+X9BYFT+Ro01urxophqaTkxqF4fLH1ilmXMQI=\""
[2024-05-13T20:33:01.618Z] [INFO] [ApiClient398100594] : "User-Agent : Mozilla/5.0"
[2024-05-13T20:33:01.618Z] [INFO] [ApiClient398100594] : "************************  LOGGING END  ************************"
[2024-05-13T20:56:46.615Z] [INFO] [MerchantConfig213949133] : "************************ LOGGING START ************************"
[2024-05-13T20:56:46.619Z] [INFO] [ApiClient393354691] : "Authentication Type : http_signature"
[2024-05-13T20:56:46.617Z] [INFO] [MerchantConfig583021637] : "************************ LOGGING START ************************"
[2024-05-13T20:56:46.619Z] [INFO] [ApiClient393354691] : "Request Type : POST"
[2024-05-13T20:56:46.619Z] [INFO] [ApiClient393354691] : "signatureHeader : keyid=\"ea34b9a9-fc29-46df-90c2-f6446f285bb1\", algorithm=\"HmacSHA256\", headers=\"host date request-target digest v-c-merchant-id\", signature=\"u+B1kug5F+Or06TFAqezO6szBjhr+gAzH/00CfZXDw0=\""
[2024-05-13T20:56:46.619Z] [INFO] [ApiClient393354691] : "digest : SHA-256=v8Uul//WQzuMs2uhCISGMy8gCLRJ0zpGJyVPlQqSeOM="
[2024-05-13T20:56:46.620Z] [INFO] [ApiClient393354691] : "v-c-merchant-id : bc_5808459559"
[2024-05-13T20:56:46.620Z] [INFO] [ApiClient393354691] : "date : Mon, 13 May 2024 20:56:46 GMT"
[2024-05-13T20:56:46.620Z] [INFO] [ApiClient393354691] : "host : apitest.cybersource.com"
[2024-05-13T20:56:46.620Z] [INFO] [ApiClient393354691] : "signature : keyid=\"ea34b9a9-fc29-46df-90c2-f6446f285bb1\", algorithm=\"HmacSHA256\", headers=\"host date request-target digest v-c-merchant-id\", signature=\"u+B1kug5F+Or06TFAqezO6szBjhr+gAzH/00CfZXDw0=\""
[2024-05-13T20:56:46.620Z] [INFO] [ApiClient393354691] : "User-Agent : Mozilla/5.0"
[2024-05-13T20:56:46.620Z] [INFO] [ApiClient393354691] : "************************  LOGGING END  ************************"
[2024-05-13T20:56:48.039Z] [INFO] [ApiClient393354691] : "Authentication Type : http_signature"
[2024-05-13T20:56:48.040Z] [INFO] [ApiClient393354691] : "Request Type : POST"
[2024-05-13T20:56:48.041Z] [INFO] [ApiClient393354691] : "signatureHeader : keyid=\"ea34b9a9-fc29-46df-90c2-f6446f285bb1\", algorithm=\"HmacSHA256\", headers=\"host date request-target digest v-c-merchant-id\", signature=\"29fVA3M9bcDooaG9HHXo5ln54y00pBHfGPILX3s5TC4=\""
[2024-05-13T20:56:48.041Z] [INFO] [ApiClient393354691] : "digest : SHA-256=v8Uul//WQzuMs2uhCISGMy8gCLRJ0zpGJyVPlQqSeOM="
[2024-05-13T20:56:48.042Z] [INFO] [ApiClient393354691] : "v-c-merchant-id : bc_5808459559"
[2024-05-13T20:56:48.042Z] [INFO] [ApiClient393354691] : "date : Mon, 13 May 2024 20:56:48 GMT"
[2024-05-13T20:56:48.042Z] [INFO] [ApiClient393354691] : "host : apitest.cybersource.com"
[2024-05-13T20:56:48.042Z] [INFO] [ApiClient393354691] : "signature : keyid=\"ea34b9a9-fc29-46df-90c2-f6446f285bb1\", algorithm=\"HmacSHA256\", headers=\"host date request-target digest v-c-merchant-id\", signature=\"29fVA3M9bcDooaG9HHXo5ln54y00pBHfGPILX3s5TC4=\""
[2024-05-13T20:56:48.042Z] [INFO] [ApiClient393354691] : "User-Agent : Mozilla/5.0"
[2024-05-13T20:56:48.042Z] [INFO] [ApiClient393354691] : "************************  LOGGING END  ************************"
[2024-05-13T20:58:26.802Z] [INFO] [MerchantConfig769295094] : "************************ LOGGING START ************************"
[2024-05-13T20:58:26.806Z] [INFO] [MerchantConfig386908447] : "************************ LOGGING START ************************"
[2024-05-13T20:58:26.806Z] [INFO] [ApiClient114879347] : "Authentication Type : http_signature"
[2024-05-13T20:58:26.807Z] [INFO] [ApiClient114879347] : "Request Type : POST"
[2024-05-13T20:58:26.807Z] [INFO] [ApiClient114879347] : "signatureHeader : keyid=\"ea34b9a9-fc29-46df-90c2-f6446f285bb1\", algorithm=\"HmacSHA256\", headers=\"host date request-target digest v-c-merchant-id\", signature=\"d5LiIONHl8JHpLrTPTmSXCEJd5j2AO0vEmwqGq65cVY=\""
[2024-05-13T20:58:26.807Z] [INFO] [ApiClient114879347] : "digest : SHA-256=2tHvC3OTxPllh4fJSZenbzKo4CZ38doil7GWEYsZ0Rc="
[2024-05-13T20:58:26.807Z] [INFO] [ApiClient114879347] : "v-c-merchant-id : bc_5808459559"
[2024-05-13T20:58:26.807Z] [INFO] [ApiClient114879347] : "date : Mon, 13 May 2024 20:58:26 GMT"
[2024-05-13T20:58:26.807Z] [INFO] [ApiClient114879347] : "host : apitest.cybersource.com"
[2024-05-13T20:58:26.807Z] [INFO] [ApiClient114879347] : "signature : keyid=\"ea34b9a9-fc29-46df-90c2-f6446f285bb1\", algorithm=\"HmacSHA256\", headers=\"host date request-target digest v-c-merchant-id\", signature=\"d5LiIONHl8JHpLrTPTmSXCEJd5j2AO0vEmwqGq65cVY=\""
[2024-05-13T20:58:26.807Z] [INFO] [ApiClient114879347] : "User-Agent : Mozilla/5.0"
[2024-05-13T20:58:26.807Z] [INFO] [ApiClient114879347] : "************************  LOGGING END  ************************"
[2024-05-13T20:58:27.594Z] [INFO] [ApiClient114879347] : "Authentication Type : http_signature"
[2024-05-13T20:58:27.594Z] [INFO] [ApiClient114879347] : "Request Type : POST"
[2024-05-13T20:58:27.595Z] [INFO] [ApiClient114879347] : "signatureHeader : keyid=\"ea34b9a9-fc29-46df-90c2-f6446f285bb1\", algorithm=\"HmacSHA256\", headers=\"host date request-target digest v-c-merchant-id\", signature=\"2C1larkmug9OIiutx4zP8cYw9GbKs4ifpgxplXkISAQ=\""
[2024-05-13T20:58:27.595Z] [INFO] [ApiClient114879347] : "digest : SHA-256=2tHvC3OTxPllh4fJSZenbzKo4CZ38doil7GWEYsZ0Rc="
[2024-05-13T20:58:27.595Z] [INFO] [ApiClient114879347] : "v-c-merchant-id : bc_5808459559"
[2024-05-13T20:58:27.595Z] [INFO] [ApiClient114879347] : "date : Mon, 13 May 2024 20:58:27 GMT"
[2024-05-13T20:58:27.596Z] [INFO] [ApiClient114879347] : "host : apitest.cybersource.com"
[2024-05-13T20:58:27.596Z] [INFO] [ApiClient114879347] : "signature : keyid=\"ea34b9a9-fc29-46df-90c2-f6446f285bb1\", algorithm=\"HmacSHA256\", headers=\"host date request-target digest v-c-merchant-id\", signature=\"2C1larkmug9OIiutx4zP8cYw9GbKs4ifpgxplXkISAQ=\""
[2024-05-13T20:58:27.596Z] [INFO] [ApiClient114879347] : "User-Agent : Mozilla/5.0"
[2024-05-13T20:58:27.596Z] [INFO] [ApiClient114879347] : "************************  LOGGING END  ************************"
[2024-05-13T21:00:40.913Z] [INFO] [MerchantConfig984095627] : "************************ LOGGING START ************************"
[2024-05-13T21:00:40.916Z] [INFO] [ApiClient19171561] : "Authentication Type : http_signature"
[2024-05-13T21:00:40.916Z] [INFO] [ApiClient19171561] : "Request Type : POST"
[2024-05-13T21:00:40.915Z] [INFO] [MerchantConfig964042681] : "************************ LOGGING START ************************"
[2024-05-13T21:00:40.916Z] [INFO] [ApiClient19171561] : "signatureHeader : keyid=\"ea34b9a9-fc29-46df-90c2-f6446f285bb1\", algorithm=\"HmacSHA256\", headers=\"host date request-target digest v-c-merchant-id\", signature=\"I8F71+axzraoNgnnvqTYr45WbwKU6ayduU+904zAbeE=\""
[2024-05-13T21:00:40.916Z] [INFO] [ApiClient19171561] : "digest : SHA-256=4N09IFjSMLhpDl+kYnue9TOA+7B8/ZQri0FfmJOhV5M="
[2024-05-13T21:00:40.916Z] [INFO] [ApiClient19171561] : "v-c-merchant-id : bc_5808459559"
[2024-05-13T21:00:40.916Z] [INFO] [ApiClient19171561] : "date : Mon, 13 May 2024 21:00:40 GMT"
[2024-05-13T21:00:40.916Z] [INFO] [ApiClient19171561] : "host : apitest.cybersource.com"
[2024-05-13T21:00:40.916Z] [INFO] [ApiClient19171561] : "signature : keyid=\"ea34b9a9-fc29-46df-90c2-f6446f285bb1\", algorithm=\"HmacSHA256\", headers=\"host date request-target digest v-c-merchant-id\", signature=\"I8F71+axzraoNgnnvqTYr45WbwKU6ayduU+904zAbeE=\""
[2024-05-13T21:00:40.916Z] [INFO] [ApiClient19171561] : "User-Agent : Mozilla/5.0"
[2024-05-13T21:00:40.917Z] [INFO] [ApiClient19171561] : "************************  LOGGING END  ************************"
[2024-05-13T21:00:42.412Z] [INFO] [ApiClient19171561] : "Authentication Type : http_signature"
[2024-05-13T21:00:42.413Z] [INFO] [ApiClient19171561] : "Request Type : POST"
[2024-05-13T21:00:42.414Z] [INFO] [ApiClient19171561] : "signatureHeader : keyid=\"ea34b9a9-fc29-46df-90c2-f6446f285bb1\", algorithm=\"HmacSHA256\", headers=\"host date request-target digest v-c-merchant-id\", signature=\"js9XUsAm+6J/NIMwj4bfdh+yuke9iloZsxfqLHUlVOc=\""
[2024-05-13T21:00:42.414Z] [INFO] [ApiClient19171561] : "digest : SHA-256=4N09IFjSMLhpDl+kYnue9TOA+7B8/ZQri0FfmJOhV5M="
[2024-05-13T21:00:42.414Z] [INFO] [ApiClient19171561] : "v-c-merchant-id : bc_5808459559"
[2024-05-13T21:00:42.414Z] [INFO] [ApiClient19171561] : "date : Mon, 13 May 2024 21:00:42 GMT"
[2024-05-13T21:00:42.414Z] [INFO] [ApiClient19171561] : "host : apitest.cybersource.com"
[2024-05-13T21:00:42.414Z] [INFO] [ApiClient19171561] : "signature : keyid=\"ea34b9a9-fc29-46df-90c2-f6446f285bb1\", algorithm=\"HmacSHA256\", headers=\"host date request-target digest v-c-merchant-id\", signature=\"js9XUsAm+6J/NIMwj4bfdh+yuke9iloZsxfqLHUlVOc=\""
[2024-05-13T21:00:42.414Z] [INFO] [ApiClient19171561] : "User-Agent : Mozilla/5.0"
[2024-05-13T21:00:42.414Z] [INFO] [ApiClient19171561] : "************************  LOGGING END  ************************"
[2024-05-13T21:05:35.278Z] [INFO] [MerchantConfig856204441] : "************************ LOGGING START ************************"
[2024-05-13T21:05:35.282Z] [INFO] [MerchantConfig265286363] : "************************ LOGGING START ************************"
[2024-05-13T21:05:35.282Z] [INFO] [ApiClient81712635] : "Authentication Type : http_signature"
[2024-05-13T21:05:35.282Z] [INFO] [ApiClient81712635] : "Request Type : POST"
[2024-05-13T21:05:35.283Z] [INFO] [ApiClient81712635] : "signatureHeader : keyid=\"ea34b9a9-fc29-46df-90c2-f6446f285bb1\", algorithm=\"HmacSHA256\", headers=\"host date request-target digest v-c-merchant-id\", signature=\"dPsk2gthIKYO60Xjl4iuZG2GZOiBBjlVTZ74KBg69mw=\""
[2024-05-13T21:05:35.283Z] [INFO] [ApiClient81712635] : "digest : SHA-256=BkEJiZNE6TGRQ1xSHbl8Lrf40Em9oRpjVEvD62rkkx0="
[2024-05-13T21:05:35.283Z] [INFO] [ApiClient81712635] : "v-c-merchant-id : bc_5808459559"
[2024-05-13T21:05:35.283Z] [INFO] [ApiClient81712635] : "date : Mon, 13 May 2024 21:05:35 GMT"
[2024-05-13T21:05:35.283Z] [INFO] [ApiClient81712635] : "host : apitest.cybersource.com"
[2024-05-13T21:05:35.283Z] [INFO] [ApiClient81712635] : "signature : keyid=\"ea34b9a9-fc29-46df-90c2-f6446f285bb1\", algorithm=\"HmacSHA256\", headers=\"host date request-target digest v-c-merchant-id\", signature=\"dPsk2gthIKYO60Xjl4iuZG2GZOiBBjlVTZ74KBg69mw=\""
[2024-05-13T21:05:35.283Z] [INFO] [ApiClient81712635] : "User-Agent : Mozilla/5.0"
[2024-05-13T21:05:35.283Z] [INFO] [ApiClient81712635] : "************************  LOGGING END  ************************"
[2024-05-13T21:05:37.010Z] [INFO] [ApiClient81712635] : "Authentication Type : http_signature"
[2024-05-13T21:05:37.010Z] [INFO] [ApiClient81712635] : "Request Type : POST"
[2024-05-13T21:05:37.010Z] [INFO] [ApiClient81712635] : "signatureHeader : keyid=\"ea34b9a9-fc29-46df-90c2-f6446f285bb1\", algorithm=\"HmacSHA256\", headers=\"host date request-target digest v-c-merchant-id\", signature=\"SHtrYpmlCCUmGoWR/JndmWuAct3H6O954lvrhIiePxI=\""
[2024-05-13T21:05:37.010Z] [INFO] [ApiClient81712635] : "digest : SHA-256=BkEJiZNE6TGRQ1xSHbl8Lrf40Em9oRpjVEvD62rkkx0="
[2024-05-13T21:05:37.010Z] [INFO] [ApiClient81712635] : "v-c-merchant-id : bc_5808459559"
[2024-05-13T21:05:37.010Z] [INFO] [ApiClient81712635] : "date : Mon, 13 May 2024 21:05:37 GMT"
[2024-05-13T21:05:37.011Z] [INFO] [ApiClient81712635] : "host : apitest.cybersource.com"
[2024-05-13T21:05:37.011Z] [INFO] [ApiClient81712635] : "signature : keyid=\"ea34b9a9-fc29-46df-90c2-f6446f285bb1\", algorithm=\"HmacSHA256\", headers=\"host date request-target digest v-c-merchant-id\", signature=\"SHtrYpmlCCUmGoWR/JndmWuAct3H6O954lvrhIiePxI=\""
[2024-05-13T21:05:37.011Z] [INFO] [ApiClient81712635] : "User-Agent : Mozilla/5.0"
[2024-05-13T21:05:37.011Z] [INFO] [ApiClient81712635] : "************************  LOGGING END  ************************"
