[2024-04-02T17:32:21.009Z] [INFO] [MerchantConfig448228538] : "************************ LOGGING START ************************"
[2024-04-02T17:32:21.016Z] [INFO] [ApiClient189741639] : "Authentication Type : http_signature"
[2024-04-02T17:32:21.016Z] [INFO] [ApiClient189741639] : "Request Type : POST"
[2024-04-02T17:32:21.017Z] [INFO] [ApiClient189741639] : "signatureHeader : keyid=\"ea34b9a9-fc29-46df-90c2-f6446f285bb1\", algorithm=\"HmacSHA256\", headers=\"host date request-target digest v-c-merchant-id\", signature=\"8+hPeBqNYCBlnhTuz4HTsfY6fZKlKagSBtE/bTRxEEc=\""
[2024-04-02T17:32:21.017Z] [INFO] [ApiClient189741639] : "digest : SHA-256=akM9Zfq9AHViHh02C24u2j49JKTKkSI716GGjnMbBSI="
[2024-04-02T17:32:21.017Z] [INFO] [ApiClient189741639] : "v-c-merchant-id : bc_5808459559"
[2024-04-02T17:32:21.017Z] [INFO] [ApiClient189741639] : "date : Tue, 02 Apr 2024 17:32:21 GMT"
[2024-04-02T17:32:21.017Z] [INFO] [ApiClient189741639] : "host : apitest.cybersource.com"
[2024-04-02T17:32:21.017Z] [INFO] [ApiClient189741639] : "signature : keyid=\"ea34b9a9-fc29-46df-90c2-f6446f285bb1\", algorithm=\"HmacSHA256\", headers=\"host date request-target digest v-c-merchant-id\", signature=\"8+hPeBqNYCBlnhTuz4HTsfY6fZKlKagSBtE/bTRxEEc=\""
[2024-04-02T17:32:21.017Z] [INFO] [ApiClient189741639] : "User-Agent : Mozilla/5.0"
[2024-04-02T17:32:21.017Z] [INFO] [ApiClient189741639] : "************************  LOGGING END  ************************"
[2024-04-02T17:35:05.030Z] [INFO] [MerchantConfig420728607] : "************************ LOGGING START ************************"
[2024-04-02T17:35:05.033Z] [INFO] [ApiClient74833491] : "Authentication Type : http_signature"
[2024-04-02T17:35:05.033Z] [INFO] [ApiClient74833491] : "Request Type : POST"
[2024-04-02T17:35:05.033Z] [INFO] [ApiClient74833491] : "signatureHeader : keyid=\"ea34b9a9-fc29-46df-90c2-f6446f285bb1\", algorithm=\"HmacSHA256\", headers=\"host date request-target digest v-c-merchant-id\", signature=\"HxjG/MJkuk5/EhdLgxb5DYbLRrg6m27Php9tTISzEXE=\""
[2024-04-02T17:35:05.033Z] [INFO] [ApiClient74833491] : "digest : SHA-256=akM9Zfq9AHViHh02C24u2j49JKTKkSI716GGjnMbBSI="
[2024-04-02T17:35:05.033Z] [INFO] [ApiClient74833491] : "v-c-merchant-id : bc_5808459559"
[2024-04-02T17:35:05.033Z] [INFO] [ApiClient74833491] : "date : Tue, 02 Apr 2024 17:35:05 GMT"
[2024-04-02T17:35:05.034Z] [INFO] [ApiClient74833491] : "host : apitest.cybersource.com"
[2024-04-02T17:35:05.034Z] [INFO] [ApiClient74833491] : "signature : keyid=\"ea34b9a9-fc29-46df-90c2-f6446f285bb1\", algorithm=\"HmacSHA256\", headers=\"host date request-target digest v-c-merchant-id\", signature=\"HxjG/MJkuk5/EhdLgxb5DYbLRrg6m27Php9tTISzEXE=\""
[2024-04-02T17:35:05.034Z] [INFO] [ApiClient74833491] : "User-Agent : Mozilla/5.0"
[2024-04-02T17:35:05.034Z] [INFO] [ApiClient74833491] : "************************  LOGGING END  ************************"
[2024-04-02T18:15:05.240Z] [INFO] [MerchantConfig221013742] : "************************ LOGGING START ************************"
[2024-04-02T18:15:05.244Z] [INFO] [ApiClient626322300] : "Authentication Type : http_signature"
[2024-04-02T18:15:05.244Z] [INFO] [ApiClient626322300] : "Request Type : POST"
[2024-04-02T18:15:05.246Z] [INFO] [ApiClient626322300] : "signatureHeader : keyid=\"ea34b9a9-fc29-46df-90c2-f6446f285bb1\", algorithm=\"HmacSHA256\", headers=\"host date request-target digest v-c-merchant-id\", signature=\"eUHkOF4COXKH5meRvgyaemN/9y2cFeON+Iji8w6kwBE=\""
[2024-04-02T18:15:05.247Z] [INFO] [ApiClient626322300] : "digest : SHA-256=0YoREUcglafF+xBHui+KAF7t7uU7W5LZDgP73ZOhqvA="
[2024-04-02T18:15:05.247Z] [INFO] [ApiClient626322300] : "v-c-merchant-id : bc_5808459559"
[2024-04-02T18:15:05.247Z] [INFO] [ApiClient626322300] : "date : Tue, 02 Apr 2024 18:15:05 GMT"
[2024-04-02T18:15:05.248Z] [INFO] [ApiClient626322300] : "host : apitest.cybersource.com"
[2024-04-02T18:15:05.248Z] [INFO] [ApiClient626322300] : "signature : keyid=\"ea34b9a9-fc29-46df-90c2-f6446f285bb1\", algorithm=\"HmacSHA256\", headers=\"host date request-target digest v-c-merchant-id\", signature=\"eUHkOF4COXKH5meRvgyaemN/9y2cFeON+Iji8w6kwBE=\""
[2024-04-02T18:15:05.249Z] [INFO] [ApiClient626322300] : "User-Agent : Mozilla/5.0"
[2024-04-02T18:15:05.249Z] [INFO] [ApiClient626322300] : "************************  LOGGING END  ************************"
[2024-04-02T19:01:21.337Z] [INFO] [MerchantConfig363161042] : "************************ LOGGING START ************************"
[2024-04-02T19:01:21.342Z] [INFO] [ApiClient273927093] : "Authentication Type : http_signature"
[2024-04-02T19:01:21.342Z] [INFO] [ApiClient273927093] : "Request Type : POST"
[2024-04-02T19:01:21.346Z] [INFO] [ApiClient273927093] : "signatureHeader : keyid=\"ea34b9a9-fc29-46df-90c2-f6446f285bb1\", algorithm=\"HmacSHA256\", headers=\"host date request-target digest v-c-merchant-id\", signature=\"1KSZ7YyBbQx0ZPiwfpoNkzjwW+OFVUqG63SHXxVn07w=\""
[2024-04-02T19:01:21.347Z] [INFO] [ApiClient273927093] : "digest : SHA-256=HXztjqjYpPRCNSr3FGFPijH4rr1cOBq4cGzvHPEXDCs="
[2024-04-02T19:01:21.347Z] [INFO] [ApiClient273927093] : "v-c-merchant-id : bc_5808459559"
[2024-04-02T19:01:21.347Z] [INFO] [ApiClient273927093] : "date : Tue, 02 Apr 2024 19:01:21 GMT"
[2024-04-02T19:01:21.347Z] [INFO] [ApiClient273927093] : "host : apitest.cybersource.com"
[2024-04-02T19:01:21.347Z] [INFO] [ApiClient273927093] : "signature : keyid=\"ea34b9a9-fc29-46df-90c2-f6446f285bb1\", algorithm=\"HmacSHA256\", headers=\"host date request-target digest v-c-merchant-id\", signature=\"1KSZ7YyBbQx0ZPiwfpoNkzjwW+OFVUqG63SHXxVn07w=\""
[2024-04-02T19:01:21.347Z] [INFO] [ApiClient273927093] : "User-Agent : Mozilla/5.0"
[2024-04-02T19:01:21.347Z] [INFO] [ApiClient273927093] : "************************  LOGGING END  ************************"
[2024-04-02T19:02:42.717Z] [INFO] [MerchantConfig634466829] : "************************ LOGGING START ************************"
[2024-04-02T19:02:42.721Z] [INFO] [ApiClient952347384] : "Authentication Type : http_signature"
[2024-04-02T19:02:42.721Z] [INFO] [ApiClient952347384] : "Request Type : POST"
[2024-04-02T19:02:42.722Z] [INFO] [ApiClient952347384] : "signatureHeader : keyid=\"ea34b9a9-fc29-46df-90c2-f6446f285bb1\", algorithm=\"HmacSHA256\", headers=\"host date request-target digest v-c-merchant-id\", signature=\"EZoejnJMPf1ZJDEOJPUNrZlgg/o6PwLn9Pshl8y7/Vc=\""
[2024-04-02T19:02:42.722Z] [INFO] [ApiClient952347384] : "digest : SHA-256=HXztjqjYpPRCNSr3FGFPijH4rr1cOBq4cGzvHPEXDCs="
[2024-04-02T19:02:42.722Z] [INFO] [ApiClient952347384] : "v-c-merchant-id : bc_5808459559"
[2024-04-02T19:02:42.722Z] [INFO] [ApiClient952347384] : "date : Tue, 02 Apr 2024 19:02:42 GMT"
[2024-04-02T19:02:42.722Z] [INFO] [ApiClient952347384] : "host : apitest.cybersource.com"
[2024-04-02T19:02:42.722Z] [INFO] [ApiClient952347384] : "signature : keyid=\"ea34b9a9-fc29-46df-90c2-f6446f285bb1\", algorithm=\"HmacSHA256\", headers=\"host date request-target digest v-c-merchant-id\", signature=\"EZoejnJMPf1ZJDEOJPUNrZlgg/o6PwLn9Pshl8y7/Vc=\""
[2024-04-02T19:02:42.722Z] [INFO] [ApiClient952347384] : "User-Agent : Mozilla/5.0"
[2024-04-02T19:02:42.722Z] [INFO] [ApiClient952347384] : "************************  LOGGING END  ************************"
[2024-04-02T19:03:11.822Z] [INFO] [MerchantConfig494364081] : "************************ LOGGING START ************************"
[2024-04-02T19:03:11.827Z] [INFO] [ApiClient913714423] : "Authentication Type : http_signature"
[2024-04-02T19:03:11.827Z] [INFO] [ApiClient913714423] : "Request Type : POST"
[2024-04-02T19:03:11.828Z] [INFO] [ApiClient913714423] : "signatureHeader : keyid=\"ea34b9a9-fc29-46df-90c2-f6446f285bb1\", algorithm=\"HmacSHA256\", headers=\"host date request-target digest v-c-merchant-id\", signature=\"iCF+6xJNFuXzKCru76mvR2li7qnFMdO0SCtO3v0c5oM=\""
[2024-04-02T19:03:11.828Z] [INFO] [ApiClient913714423] : "digest : SHA-256=lLmt841RTOnHSjO+I96NHDxkePOGR0sMXHWi7h01ls0="
[2024-04-02T19:03:11.828Z] [INFO] [ApiClient913714423] : "v-c-merchant-id : bc_5808459559"
[2024-04-02T19:03:11.828Z] [INFO] [ApiClient913714423] : "date : Tue, 02 Apr 2024 19:03:11 GMT"
[2024-04-02T19:03:11.828Z] [INFO] [ApiClient913714423] : "host : apitest.cybersource.com"
[2024-04-02T19:03:11.828Z] [INFO] [ApiClient913714423] : "signature : keyid=\"ea34b9a9-fc29-46df-90c2-f6446f285bb1\", algorithm=\"HmacSHA256\", headers=\"host date request-target digest v-c-merchant-id\", signature=\"iCF+6xJNFuXzKCru76mvR2li7qnFMdO0SCtO3v0c5oM=\""
[2024-04-02T19:03:11.828Z] [INFO] [ApiClient913714423] : "User-Agent : Mozilla/5.0"
[2024-04-02T19:03:11.828Z] [INFO] [ApiClient913714423] : "************************  LOGGING END  ************************"
[2024-04-02T19:05:47.604Z] [INFO] [MerchantConfig943767654] : "************************ LOGGING START ************************"
[2024-04-02T19:05:47.607Z] [INFO] [ApiClient406981473] : "Authentication Type : http_signature"
[2024-04-02T19:05:47.620Z] [INFO] [ApiClient264195566] : "Authentication Type : http_signature"
[2024-04-02T19:05:47.619Z] [INFO] [MerchantConfig275796828] : "************************ LOGGING START ************************"
[2024-04-02T19:05:47.607Z] [INFO] [ApiClient406981473] : "Request Type : POST"
[2024-04-02T19:05:47.620Z] [INFO] [ApiClient264195566] : "Request Type : POST"
[2024-04-02T19:05:47.608Z] [INFO] [ApiClient406981473] : "signatureHeader : keyid=\"ea34b9a9-fc29-46df-90c2-f6446f285bb1\", algorithm=\"HmacSHA256\", headers=\"host date request-target digest v-c-merchant-id\", signature=\"8LJzCoGz0m1/+xKv2+Ha+VXYOja0OTeFTFn5IM3JTzs=\""
[2024-04-02T19:05:47.620Z] [INFO] [ApiClient264195566] : "signatureHeader : keyid=\"ea34b9a9-fc29-46df-90c2-f6446f285bb1\", algorithm=\"HmacSHA256\", headers=\"host date request-target digest v-c-merchant-id\", signature=\"8LJzCoGz0m1/+xKv2+Ha+VXYOja0OTeFTFn5IM3JTzs=\""
[2024-04-02T19:05:47.608Z] [INFO] [ApiClient406981473] : "digest : SHA-256=HXztjqjYpPRCNSr3FGFPijH4rr1cOBq4cGzvHPEXDCs="
[2024-04-02T19:05:47.621Z] [INFO] [ApiClient264195566] : "digest : SHA-256=HXztjqjYpPRCNSr3FGFPijH4rr1cOBq4cGzvHPEXDCs="
[2024-04-02T19:05:47.608Z] [INFO] [ApiClient406981473] : "v-c-merchant-id : bc_5808459559"
[2024-04-02T19:05:47.621Z] [INFO] [ApiClient264195566] : "v-c-merchant-id : bc_5808459559"
[2024-04-02T19:05:47.608Z] [INFO] [ApiClient406981473] : "date : Tue, 02 Apr 2024 19:05:47 GMT"
[2024-04-02T19:05:47.608Z] [INFO] [ApiClient406981473] : "host : apitest.cybersource.com"
[2024-04-02T19:05:47.621Z] [INFO] [ApiClient264195566] : "date : Tue, 02 Apr 2024 19:05:47 GMT"
[2024-04-02T19:05:47.608Z] [INFO] [ApiClient406981473] : "signature : keyid=\"ea34b9a9-fc29-46df-90c2-f6446f285bb1\", algorithm=\"HmacSHA256\", headers=\"host date request-target digest v-c-merchant-id\", signature=\"8LJzCoGz0m1/+xKv2+Ha+VXYOja0OTeFTFn5IM3JTzs=\""
[2024-04-02T19:05:47.608Z] [INFO] [ApiClient406981473] : "User-Agent : Mozilla/5.0"
[2024-04-02T19:05:47.621Z] [INFO] [ApiClient264195566] : "host : apitest.cybersource.com"
[2024-04-02T19:05:47.608Z] [INFO] [ApiClient406981473] : "************************  LOGGING END  ************************"
[2024-04-02T19:05:47.621Z] [INFO] [ApiClient264195566] : "signature : keyid=\"ea34b9a9-fc29-46df-90c2-f6446f285bb1\", algorithm=\"HmacSHA256\", headers=\"host date request-target digest v-c-merchant-id\", signature=\"8LJzCoGz0m1/+xKv2+Ha+VXYOja0OTeFTFn5IM3JTzs=\""
[2024-04-02T19:05:47.621Z] [INFO] [ApiClient264195566] : "User-Agent : Mozilla/5.0"
[2024-04-02T19:05:47.621Z] [INFO] [ApiClient264195566] : "************************  LOGGING END  ************************"
[2024-04-02T19:07:01.823Z] [INFO] [MerchantConfig963263926] : "************************ LOGGING START ************************"
[2024-04-02T19:07:01.828Z] [INFO] [ApiClient330930248] : "Authentication Type : http_signature"
[2024-04-02T19:07:01.828Z] [INFO] [ApiClient330930248] : "Request Type : POST"
[2024-04-02T19:07:01.829Z] [INFO] [ApiClient330930248] : "signatureHeader : keyid=\"ea34b9a9-fc29-46df-90c2-f6446f285bb1\", algorithm=\"HmacSHA256\", headers=\"host date request-target digest v-c-merchant-id\", signature=\"9VBEqoDAWRJT8RcMasohw3kD2KCwuOs3NqeBx2FaBws=\""
[2024-04-02T19:07:01.830Z] [INFO] [ApiClient330930248] : "digest : SHA-256=HXztjqjYpPRCNSr3FGFPijH4rr1cOBq4cGzvHPEXDCs="
[2024-04-02T19:07:01.830Z] [INFO] [ApiClient330930248] : "v-c-merchant-id : bc_5808459559"
[2024-04-02T19:07:01.830Z] [INFO] [ApiClient330930248] : "date : Tue, 02 Apr 2024 19:07:01 GMT"
[2024-04-02T19:07:01.830Z] [INFO] [ApiClient330930248] : "host : apitest.cybersource.com"
[2024-04-02T19:07:01.830Z] [INFO] [ApiClient330930248] : "signature : keyid=\"ea34b9a9-fc29-46df-90c2-f6446f285bb1\", algorithm=\"HmacSHA256\", headers=\"host date request-target digest v-c-merchant-id\", signature=\"9VBEqoDAWRJT8RcMasohw3kD2KCwuOs3NqeBx2FaBws=\""
[2024-04-02T19:07:01.830Z] [INFO] [ApiClient330930248] : "User-Agent : Mozilla/5.0"
[2024-04-02T19:07:01.830Z] [INFO] [ApiClient330930248] : "************************  LOGGING END  ************************"
[2024-04-02T19:07:25.066Z] [INFO] [MerchantConfig940512805] : "************************ LOGGING START ************************"
[2024-04-02T19:07:25.069Z] [INFO] [ApiClient871998246] : "Authentication Type : http_signature"
[2024-04-02T19:07:25.069Z] [INFO] [ApiClient871998246] : "Request Type : POST"
[2024-04-02T19:07:25.071Z] [INFO] [ApiClient871998246] : "signatureHeader : keyid=\"ea34b9a9-fc29-46df-90c2-f6446f285bb1\", algorithm=\"HmacSHA256\", headers=\"host date request-target digest v-c-merchant-id\", signature=\"c6AC0mdFWFZlwtgRlg9WQHt17cFsZQqAy2TuxnpgdG0=\""
[2024-04-02T19:07:25.071Z] [INFO] [ApiClient871998246] : "digest : SHA-256=HXztjqjYpPRCNSr3FGFPijH4rr1cOBq4cGzvHPEXDCs="
[2024-04-02T19:07:25.072Z] [INFO] [ApiClient871998246] : "v-c-merchant-id : bc_5808459559"
[2024-04-02T19:07:25.072Z] [INFO] [ApiClient871998246] : "date : Tue, 02 Apr 2024 19:07:25 GMT"
[2024-04-02T19:07:25.072Z] [INFO] [ApiClient871998246] : "host : apitest.cybersource.com"
[2024-04-02T19:07:25.072Z] [INFO] [ApiClient871998246] : "signature : keyid=\"ea34b9a9-fc29-46df-90c2-f6446f285bb1\", algorithm=\"HmacSHA256\", headers=\"host date request-target digest v-c-merchant-id\", signature=\"c6AC0mdFWFZlwtgRlg9WQHt17cFsZQqAy2TuxnpgdG0=\""
[2024-04-02T19:07:25.072Z] [INFO] [ApiClient871998246] : "User-Agent : Mozilla/5.0"
[2024-04-02T19:07:25.072Z] [INFO] [ApiClient871998246] : "************************  LOGGING END  ************************"
[2024-04-02T19:12:30.788Z] [INFO] [MerchantConfig717703737] : "************************ LOGGING START ************************"
[2024-04-02T19:12:30.791Z] [INFO] [ApiClient903746839] : "Authentication Type : http_signature"
[2024-04-02T19:12:30.791Z] [INFO] [ApiClient903746839] : "Request Type : POST"
[2024-04-02T19:12:30.792Z] [INFO] [ApiClient903746839] : "signatureHeader : keyid=\"ea34b9a9-fc29-46df-90c2-f6446f285bb1\", algorithm=\"HmacSHA256\", headers=\"host date request-target digest v-c-merchant-id\", signature=\"Zv8F0MC4tcB46Mp6S7bPaqkndMxev8ulMIcqIS1A9Kk=\""
[2024-04-02T19:12:30.792Z] [INFO] [ApiClient903746839] : "digest : SHA-256=HXztjqjYpPRCNSr3FGFPijH4rr1cOBq4cGzvHPEXDCs="
[2024-04-02T19:12:30.792Z] [INFO] [ApiClient903746839] : "v-c-merchant-id : bc_5808459559"
[2024-04-02T19:12:30.792Z] [INFO] [ApiClient903746839] : "date : Tue, 02 Apr 2024 19:12:30 GMT"
[2024-04-02T19:12:30.792Z] [INFO] [ApiClient903746839] : "host : apitest.cybersource.com"
[2024-04-02T19:12:30.792Z] [INFO] [ApiClient903746839] : "signature : keyid=\"ea34b9a9-fc29-46df-90c2-f6446f285bb1\", algorithm=\"HmacSHA256\", headers=\"host date request-target digest v-c-merchant-id\", signature=\"Zv8F0MC4tcB46Mp6S7bPaqkndMxev8ulMIcqIS1A9Kk=\""
[2024-04-02T19:12:30.792Z] [INFO] [ApiClient903746839] : "User-Agent : Mozilla/5.0"
[2024-04-02T19:12:30.792Z] [INFO] [ApiClient903746839] : "************************  LOGGING END  ************************"
[2024-04-02T19:14:15.891Z] [INFO] [MerchantConfig782116745] : "************************ LOGGING START ************************"
[2024-04-02T19:14:15.893Z] [INFO] [ApiClient33169384] : "Authentication Type : http_signature"
[2024-04-02T19:14:15.893Z] [INFO] [ApiClient33169384] : "Request Type : POST"
[2024-04-02T19:14:15.893Z] [INFO] [ApiClient33169384] : "signatureHeader : keyid=\"ea34b9a9-fc29-46df-90c2-f6446f285bb1\", algorithm=\"HmacSHA256\", headers=\"host date request-target digest v-c-merchant-id\", signature=\"vyHkrsG30ISoPPTT8u1VDXzJx/z+eXEi+Jt23/DeF8E=\""
[2024-04-02T19:14:15.894Z] [INFO] [ApiClient33169384] : "digest : SHA-256=HXztjqjYpPRCNSr3FGFPijH4rr1cOBq4cGzvHPEXDCs="
[2024-04-02T19:14:15.894Z] [INFO] [ApiClient33169384] : "v-c-merchant-id : bc_5808459559"
[2024-04-02T19:14:15.894Z] [INFO] [ApiClient33169384] : "date : Tue, 02 Apr 2024 19:14:15 GMT"
[2024-04-02T19:14:15.894Z] [INFO] [ApiClient33169384] : "host : apitest.cybersource.com"
[2024-04-02T19:14:15.894Z] [INFO] [ApiClient33169384] : "signature : keyid=\"ea34b9a9-fc29-46df-90c2-f6446f285bb1\", algorithm=\"HmacSHA256\", headers=\"host date request-target digest v-c-merchant-id\", signature=\"vyHkrsG30ISoPPTT8u1VDXzJx/z+eXEi+Jt23/DeF8E=\""
[2024-04-02T19:14:15.894Z] [INFO] [ApiClient33169384] : "User-Agent : Mozilla/5.0"
[2024-04-02T19:14:15.894Z] [INFO] [ApiClient33169384] : "************************  LOGGING END  ************************"
[2024-04-02T19:18:01.369Z] [INFO] [MerchantConfig67778078] : "************************ LOGGING START ************************"
[2024-04-02T19:18:01.376Z] [INFO] [ApiClient708948559] : "Authentication Type : http_signature"
[2024-04-02T19:18:01.377Z] [INFO] [ApiClient708948559] : "Request Type : POST"
[2024-04-02T19:18:01.378Z] [INFO] [ApiClient708948559] : "signatureHeader : keyid=\"ea34b9a9-fc29-46df-90c2-f6446f285bb1\", algorithm=\"HmacSHA256\", headers=\"host date request-target digest v-c-merchant-id\", signature=\"zE1a/Z7Tb2JPFURYTBO3R8UZgve3RVw1+SfUMVy4IKI=\""
[2024-04-02T19:18:01.378Z] [INFO] [ApiClient708948559] : "digest : SHA-256=4NTlw5a4dx4Mmbv+FvnyA5ynMyuNgdK/BH6CZzktRWY="
[2024-04-02T19:18:01.379Z] [INFO] [ApiClient708948559] : "v-c-merchant-id : bc_5808459559"
[2024-04-02T19:18:01.379Z] [INFO] [ApiClient708948559] : "date : Tue, 02 Apr 2024 19:18:01 GMT"
[2024-04-02T19:18:01.379Z] [INFO] [ApiClient708948559] : "host : apitest.cybersource.com"
[2024-04-02T19:18:01.379Z] [INFO] [ApiClient708948559] : "signature : keyid=\"ea34b9a9-fc29-46df-90c2-f6446f285bb1\", algorithm=\"HmacSHA256\", headers=\"host date request-target digest v-c-merchant-id\", signature=\"zE1a/Z7Tb2JPFURYTBO3R8UZgve3RVw1+SfUMVy4IKI=\""
[2024-04-02T19:18:01.379Z] [INFO] [ApiClient708948559] : "User-Agent : Mozilla/5.0"
[2024-04-02T19:18:01.380Z] [INFO] [ApiClient708948559] : "************************  LOGGING END  ************************"
