[2024-04-10T19:08:43.401Z] [INFO] [MerchantConfig609253698] : "************************ LOGGING START ************************"
[2024-04-10T19:08:43.406Z] [INFO] [ApiClient405534347] : "Authentication Type : http_signature"
[2024-04-10T19:08:43.407Z] [INFO] [ApiClient405534347] : "Request Type : POST"
[2024-04-10T19:08:43.410Z] [INFO] [ApiClient405534347] : "signatureHeader : keyid=\"ea34b9a9-fc29-46df-90c2-f6446f285bb1\", algorithm=\"HmacSHA256\", headers=\"host date request-target digest v-c-merchant-id\", signature=\"S3cnnJcgFIYa2MoawNDqU6Bumn0OmLak/bQ2MMGrJjQ=\""
[2024-04-10T19:08:43.410Z] [INFO] [ApiClient405534347] : "digest : SHA-256=ELLMPyV3E9gicAfkfMr1NhYy+VK60QW62FQRriLoFjA="
[2024-04-10T19:08:43.410Z] [INFO] [ApiClient405534347] : "v-c-merchant-id : bc_5808459559"
[2024-04-10T19:08:43.411Z] [INFO] [ApiClient405534347] : "date : Wed, 10 Apr 2024 19:08:43 GMT"
[2024-04-10T19:08:43.411Z] [INFO] [ApiClient405534347] : "host : apitest.cybersource.com"
[2024-04-10T19:08:43.411Z] [INFO] [ApiClient405534347] : "signature : keyid=\"ea34b9a9-fc29-46df-90c2-f6446f285bb1\", algorithm=\"HmacSHA256\", headers=\"host date request-target digest v-c-merchant-id\", signature=\"S3cnnJcgFIYa2MoawNDqU6Bumn0OmLak/bQ2MMGrJjQ=\""
[2024-04-10T19:08:43.411Z] [INFO] [ApiClient405534347] : "User-Agent : Mozilla/5.0"
[2024-04-10T19:08:43.411Z] [INFO] [ApiClient405534347] : "************************  LOGGING END  ************************"
[2024-04-10T19:18:07.888Z] [INFO] [MerchantConfig290889784] : "************************ LOGGING START ************************"
[2024-04-10T19:18:07.893Z] [INFO] [ApiClient192553500] : "Authentication Type : http_signature"
[2024-04-10T19:18:07.893Z] [INFO] [ApiClient192553500] : "Request Type : POST"
[2024-04-10T19:18:07.895Z] [INFO] [ApiClient192553500] : "signatureHeader : keyid=\"ea34b9a9-fc29-46df-90c2-f6446f285bb1\", algorithm=\"HmacSHA256\", headers=\"host date request-target digest v-c-merchant-id\", signature=\"mNwJ0f3mxkD9YFWvbnZYlV2xBiH0ANHy/ZIHRJZ9wps=\""
[2024-04-10T19:18:07.895Z] [INFO] [ApiClient192553500] : "digest : SHA-256=bg+olUV2PkAmsTDsGMNsM9NqyLHAZ1RCKv7alReZxsM="
[2024-04-10T19:18:07.895Z] [INFO] [ApiClient192553500] : "v-c-merchant-id : bc_5808459559"
[2024-04-10T19:18:07.895Z] [INFO] [ApiClient192553500] : "date : Wed, 10 Apr 2024 19:18:07 GMT"
[2024-04-10T19:18:07.895Z] [INFO] [ApiClient192553500] : "host : apitest.cybersource.com"
[2024-04-10T19:18:07.896Z] [INFO] [ApiClient192553500] : "signature : keyid=\"ea34b9a9-fc29-46df-90c2-f6446f285bb1\", algorithm=\"HmacSHA256\", headers=\"host date request-target digest v-c-merchant-id\", signature=\"mNwJ0f3mxkD9YFWvbnZYlV2xBiH0ANHy/ZIHRJZ9wps=\""
[2024-04-10T19:18:07.896Z] [INFO] [ApiClient192553500] : "User-Agent : Mozilla/5.0"
[2024-04-10T19:18:07.896Z] [INFO] [ApiClient192553500] : "************************  LOGGING END  ************************"
[2024-04-10T19:23:23.188Z] [INFO] [MerchantConfig458844804] : "************************ LOGGING START ************************"
[2024-04-10T19:23:23.192Z] [INFO] [ApiClient178377513] : "Authentication Type : http_signature"
[2024-04-10T19:23:23.193Z] [INFO] [ApiClient178377513] : "Request Type : POST"
[2024-04-10T19:23:23.194Z] [INFO] [ApiClient178377513] : "signatureHeader : keyid=\"ea34b9a9-fc29-46df-90c2-f6446f285bb1\", algorithm=\"HmacSHA256\", headers=\"host date request-target digest v-c-merchant-id\", signature=\"ABqDtF0U04pkrCnYzJ5PSf8zAlXFYQHk4tWmM486Oec=\""
[2024-04-10T19:23:23.194Z] [INFO] [ApiClient178377513] : "digest : SHA-256=bx1KOtFkQYEnAnnk22LrMyBxRDysUONa+AVTITt4zz8="
[2024-04-10T19:23:23.194Z] [INFO] [ApiClient178377513] : "v-c-merchant-id : bc_5808459559"
[2024-04-10T19:23:23.194Z] [INFO] [ApiClient178377513] : "date : Wed, 10 Apr 2024 19:23:23 GMT"
[2024-04-10T19:23:23.194Z] [INFO] [ApiClient178377513] : "host : apitest.cybersource.com"
[2024-04-10T19:23:23.194Z] [INFO] [ApiClient178377513] : "signature : keyid=\"ea34b9a9-fc29-46df-90c2-f6446f285bb1\", algorithm=\"HmacSHA256\", headers=\"host date request-target digest v-c-merchant-id\", signature=\"ABqDtF0U04pkrCnYzJ5PSf8zAlXFYQHk4tWmM486Oec=\""
[2024-04-10T19:23:23.194Z] [INFO] [ApiClient178377513] : "User-Agent : Mozilla/5.0"
[2024-04-10T19:23:23.195Z] [INFO] [ApiClient178377513] : "************************  LOGGING END  ************************"
[2024-04-10T19:24:13.519Z] [INFO] [MerchantConfig414257242] : "************************ LOGGING START ************************"
[2024-04-10T19:24:13.522Z] [INFO] [ApiClient650545609] : "Authentication Type : http_signature"
[2024-04-10T19:24:13.523Z] [INFO] [ApiClient650545609] : "Request Type : POST"
[2024-04-10T19:24:13.523Z] [INFO] [ApiClient650545609] : "signatureHeader : keyid=\"ea34b9a9-fc29-46df-90c2-f6446f285bb1\", algorithm=\"HmacSHA256\", headers=\"host date request-target digest v-c-merchant-id\", signature=\"inO4zllTZS2S5V6IqzJfHPofioUfEYnNx+FjV/EKbZ8=\""
[2024-04-10T19:24:13.523Z] [INFO] [ApiClient650545609] : "digest : SHA-256=kU61pu/Hji7xpoEThDH/4/mqSlOIVzJgjSk/cVMBUuM="
[2024-04-10T19:24:13.524Z] [INFO] [ApiClient650545609] : "v-c-merchant-id : bc_5808459559"
[2024-04-10T19:24:13.524Z] [INFO] [ApiClient650545609] : "date : Wed, 10 Apr 2024 19:24:13 GMT"
[2024-04-10T19:24:13.524Z] [INFO] [ApiClient650545609] : "host : apitest.cybersource.com"
[2024-04-10T19:24:13.524Z] [INFO] [ApiClient650545609] : "signature : keyid=\"ea34b9a9-fc29-46df-90c2-f6446f285bb1\", algorithm=\"HmacSHA256\", headers=\"host date request-target digest v-c-merchant-id\", signature=\"inO4zllTZS2S5V6IqzJfHPofioUfEYnNx+FjV/EKbZ8=\""
[2024-04-10T19:24:13.524Z] [INFO] [ApiClient650545609] : "User-Agent : Mozilla/5.0"
[2024-04-10T19:24:13.524Z] [INFO] [ApiClient650545609] : "************************  LOGGING END  ************************"
[2024-04-10T19:30:53.426Z] [INFO] [MerchantConfig120416898] : "************************ LOGGING START ************************"
[2024-04-10T19:30:53.430Z] [INFO] [ApiClient706824173] : "Authentication Type : http_signature"
[2024-04-10T19:30:53.430Z] [INFO] [ApiClient706824173] : "Request Type : POST"
[2024-04-10T19:30:53.432Z] [INFO] [ApiClient706824173] : "signatureHeader : keyid=\"ea34b9a9-fc29-46df-90c2-f6446f285bb1\", algorithm=\"HmacSHA256\", headers=\"host date request-target digest v-c-merchant-id\", signature=\"0GFSVvz1LA/kBCQPxtoKmWQqxGQryXwpFgd2heXGvMA=\""
[2024-04-10T19:30:53.432Z] [INFO] [ApiClient706824173] : "digest : SHA-256=/N5kkcSfAF2rqZNqBFZy1Rjv1kivIMkdKqrUETn/lSI="
[2024-04-10T19:30:53.432Z] [INFO] [ApiClient706824173] : "v-c-merchant-id : bc_5808459559"
[2024-04-10T19:30:53.432Z] [INFO] [ApiClient706824173] : "date : Wed, 10 Apr 2024 19:30:53 GMT"
[2024-04-10T19:30:53.432Z] [INFO] [ApiClient706824173] : "host : apitest.cybersource.com"
[2024-04-10T19:30:53.432Z] [INFO] [ApiClient706824173] : "signature : keyid=\"ea34b9a9-fc29-46df-90c2-f6446f285bb1\", algorithm=\"HmacSHA256\", headers=\"host date request-target digest v-c-merchant-id\", signature=\"0GFSVvz1LA/kBCQPxtoKmWQqxGQryXwpFgd2heXGvMA=\""
[2024-04-10T19:30:53.432Z] [INFO] [ApiClient706824173] : "User-Agent : Mozilla/5.0"
[2024-04-10T19:30:53.433Z] [INFO] [ApiClient706824173] : "************************  LOGGING END  ************************"
[2024-04-10T20:16:44.035Z] [INFO] [MerchantConfig352918394] : "************************ LOGGING START ************************"
[2024-04-10T20:16:44.040Z] [INFO] [ApiClient608004337] : "Authentication Type : http_signature"
[2024-04-10T20:16:44.041Z] [INFO] [ApiClient608004337] : "Request Type : POST"
[2024-04-10T20:16:44.042Z] [INFO] [ApiClient608004337] : "signatureHeader : keyid=\"ea34b9a9-fc29-46df-90c2-f6446f285bb1\", algorithm=\"HmacSHA256\", headers=\"host date request-target digest v-c-merchant-id\", signature=\"PkOw6M94opBjTUdcmXoUXNhxs/C5AF5PteXim1Bufp0=\""
[2024-04-10T20:16:44.042Z] [INFO] [ApiClient608004337] : "digest : SHA-256=zJP9vIAfAAd6qXH2tY8zKkP8R3n2DU57ELH4DTfOZYI="
[2024-04-10T20:16:44.042Z] [INFO] [ApiClient608004337] : "v-c-merchant-id : bc_5808459559"
[2024-04-10T20:16:44.042Z] [INFO] [ApiClient608004337] : "date : Wed, 10 Apr 2024 20:16:44 GMT"
[2024-04-10T20:16:44.042Z] [INFO] [ApiClient608004337] : "host : apitest.cybersource.com"
[2024-04-10T20:16:44.042Z] [INFO] [ApiClient608004337] : "signature : keyid=\"ea34b9a9-fc29-46df-90c2-f6446f285bb1\", algorithm=\"HmacSHA256\", headers=\"host date request-target digest v-c-merchant-id\", signature=\"PkOw6M94opBjTUdcmXoUXNhxs/C5AF5PteXim1Bufp0=\""
[2024-04-10T20:16:44.043Z] [INFO] [ApiClient608004337] : "User-Agent : Mozilla/5.0"
[2024-04-10T20:16:44.043Z] [INFO] [ApiClient608004337] : "************************  LOGGING END  ************************"
[2024-04-10T20:38:49.139Z] [INFO] [MerchantConfig798563528] : "************************ LOGGING START ************************"
[2024-04-10T20:38:49.146Z] [INFO] [ApiClient725624876] : "Authentication Type : http_signature"
[2024-04-10T20:38:49.147Z] [INFO] [ApiClient725624876] : "Request Type : POST"
[2024-04-10T20:38:49.149Z] [INFO] [ApiClient725624876] : "signatureHeader : keyid=\"ea34b9a9-fc29-46df-90c2-f6446f285bb1\", algorithm=\"HmacSHA256\", headers=\"host date request-target digest v-c-merchant-id\", signature=\"YkhKw/TZ2AfiQuAEcTSkm0TuvJcQWvhJNhgnn38hCjk=\""
[2024-04-10T20:38:49.149Z] [INFO] [ApiClient725624876] : "digest : SHA-256=8hvPKFIShCdH5w/lVslfOXTs5hn8fYqY1BJWG6sT/eI="
[2024-04-10T20:38:49.149Z] [INFO] [ApiClient725624876] : "v-c-merchant-id : bc_5808459559"
[2024-04-10T20:38:49.149Z] [INFO] [ApiClient725624876] : "date : Wed, 10 Apr 2024 20:38:49 GMT"
[2024-04-10T20:38:49.149Z] [INFO] [ApiClient725624876] : "host : apitest.cybersource.com"
[2024-04-10T20:38:49.150Z] [INFO] [ApiClient725624876] : "signature : keyid=\"ea34b9a9-fc29-46df-90c2-f6446f285bb1\", algorithm=\"HmacSHA256\", headers=\"host date request-target digest v-c-merchant-id\", signature=\"YkhKw/TZ2AfiQuAEcTSkm0TuvJcQWvhJNhgnn38hCjk=\""
[2024-04-10T20:38:49.150Z] [INFO] [ApiClient725624876] : "User-Agent : Mozilla/5.0"
[2024-04-10T20:38:49.150Z] [INFO] [ApiClient725624876] : "************************  LOGGING END  ************************"
[2024-04-10T20:39:45.599Z] [INFO] [MerchantConfig404084632] : "************************ LOGGING START ************************"
[2024-04-10T20:39:45.601Z] [INFO] [ApiClient531531540] : "Authentication Type : http_signature"
[2024-04-10T20:39:45.601Z] [INFO] [ApiClient531531540] : "Request Type : POST"
[2024-04-10T20:39:45.601Z] [INFO] [ApiClient531531540] : "signatureHeader : keyid=\"ea34b9a9-fc29-46df-90c2-f6446f285bb1\", algorithm=\"HmacSHA256\", headers=\"host date request-target digest v-c-merchant-id\", signature=\"xCWHbAVWbbXNYKnNsUOn5yuVx0owvf3t6fCO6z2Wukg=\""
[2024-04-10T20:39:45.602Z] [INFO] [ApiClient531531540] : "digest : SHA-256=gTIV1efopDoHjyQXpb6+Bl08TWquJiZyEkEJgzYmWqY="
[2024-04-10T20:39:45.602Z] [INFO] [ApiClient531531540] : "v-c-merchant-id : bc_5808459559"
[2024-04-10T20:39:45.602Z] [INFO] [ApiClient531531540] : "date : Wed, 10 Apr 2024 20:39:45 GMT"
[2024-04-10T20:39:45.602Z] [INFO] [ApiClient531531540] : "host : apitest.cybersource.com"
[2024-04-10T20:39:45.602Z] [INFO] [ApiClient531531540] : "signature : keyid=\"ea34b9a9-fc29-46df-90c2-f6446f285bb1\", algorithm=\"HmacSHA256\", headers=\"host date request-target digest v-c-merchant-id\", signature=\"xCWHbAVWbbXNYKnNsUOn5yuVx0owvf3t6fCO6z2Wukg=\""
[2024-04-10T20:39:45.602Z] [INFO] [ApiClient531531540] : "User-Agent : Mozilla/5.0"
[2024-04-10T20:39:45.602Z] [INFO] [ApiClient531531540] : "************************  LOGGING END  ************************"
[2024-04-10T20:42:05.280Z] [INFO] [MerchantConfig20138572] : "************************ LOGGING START ************************"
[2024-04-10T20:42:05.285Z] [INFO] [ApiClient103300889] : "Authentication Type : http_signature"
[2024-04-10T20:42:05.285Z] [INFO] [ApiClient103300889] : "Request Type : POST"
[2024-04-10T20:42:05.287Z] [INFO] [ApiClient103300889] : "signatureHeader : keyid=\"ea34b9a9-fc29-46df-90c2-f6446f285bb1\", algorithm=\"HmacSHA256\", headers=\"host date request-target digest v-c-merchant-id\", signature=\"YGbdHxfA3InDh6i5RTDYp/BBg3cIpYBlpfIl3WzOAM0=\""
[2024-04-10T20:42:05.287Z] [INFO] [ApiClient103300889] : "digest : SHA-256=Ka16UP+6phr+fxOTZ67YJB6hCYo8NXSlpNlUR3JkLtg="
[2024-04-10T20:42:05.287Z] [INFO] [ApiClient103300889] : "v-c-merchant-id : bc_5808459559"
[2024-04-10T20:42:05.287Z] [INFO] [ApiClient103300889] : "date : Wed, 10 Apr 2024 20:42:05 GMT"
[2024-04-10T20:42:05.287Z] [INFO] [ApiClient103300889] : "host : apitest.cybersource.com"
[2024-04-10T20:42:05.288Z] [INFO] [ApiClient103300889] : "signature : keyid=\"ea34b9a9-fc29-46df-90c2-f6446f285bb1\", algorithm=\"HmacSHA256\", headers=\"host date request-target digest v-c-merchant-id\", signature=\"YGbdHxfA3InDh6i5RTDYp/BBg3cIpYBlpfIl3WzOAM0=\""
[2024-04-10T20:42:05.288Z] [INFO] [ApiClient103300889] : "User-Agent : Mozilla/5.0"
[2024-04-10T20:42:05.288Z] [INFO] [ApiClient103300889] : "************************  LOGGING END  ************************"
[2024-04-10T20:43:04.972Z] [INFO] [MerchantConfig521878629] : "************************ LOGGING START ************************"
[2024-04-10T20:43:04.976Z] [INFO] [ApiClient729504365] : "Authentication Type : http_signature"
[2024-04-10T20:43:04.976Z] [INFO] [ApiClient729504365] : "Request Type : POST"
[2024-04-10T20:43:04.977Z] [INFO] [ApiClient729504365] : "signatureHeader : keyid=\"ea34b9a9-fc29-46df-90c2-f6446f285bb1\", algorithm=\"HmacSHA256\", headers=\"host date request-target digest v-c-merchant-id\", signature=\"fdKLLBREjNcCTzpM71uBZ0E0ZYZ6Auoh3e2EHLqVGpM=\""
[2024-04-10T20:43:04.977Z] [INFO] [ApiClient729504365] : "digest : SHA-256=F5Y/GZTkfy6NNW8nUYx6EcrF2/Q51FGEpBG/OFR98S0="
[2024-04-10T20:43:04.977Z] [INFO] [ApiClient729504365] : "v-c-merchant-id : bc_5808459559"
[2024-04-10T20:43:04.977Z] [INFO] [ApiClient729504365] : "date : Wed, 10 Apr 2024 20:43:04 GMT"
[2024-04-10T20:43:04.977Z] [INFO] [ApiClient729504365] : "host : apitest.cybersource.com"
[2024-04-10T20:43:04.977Z] [INFO] [ApiClient729504365] : "signature : keyid=\"ea34b9a9-fc29-46df-90c2-f6446f285bb1\", algorithm=\"HmacSHA256\", headers=\"host date request-target digest v-c-merchant-id\", signature=\"fdKLLBREjNcCTzpM71uBZ0E0ZYZ6Auoh3e2EHLqVGpM=\""
[2024-04-10T20:43:04.978Z] [INFO] [ApiClient729504365] : "User-Agent : Mozilla/5.0"
[2024-04-10T20:43:04.978Z] [INFO] [ApiClient729504365] : "************************  LOGGING END  ************************"
[2024-04-10T20:54:43.878Z] [INFO] [MerchantConfig510326599] : "************************ LOGGING START ************************"
[2024-04-10T20:54:43.887Z] [INFO] [ApiClient342741254] : "Authentication Type : http_signature"
[2024-04-10T20:54:43.887Z] [INFO] [ApiClient342741254] : "Request Type : POST"
[2024-04-10T20:54:43.889Z] [INFO] [ApiClient342741254] : "signatureHeader : keyid=\"ea34b9a9-fc29-46df-90c2-f6446f285bb1\", algorithm=\"HmacSHA256\", headers=\"host date request-target digest v-c-merchant-id\", signature=\"LLqyjzG/b9s0KO/mzodKL7W4eJwTKoMT2e3TWD+WaVA=\""
[2024-04-10T20:54:43.890Z] [INFO] [ApiClient342741254] : "digest : SHA-256=wnMzCRrFy5+9jOe0i17yeIWHRdklmW7bDAWCwWVwE1w="
[2024-04-10T20:54:43.890Z] [INFO] [ApiClient342741254] : "v-c-merchant-id : bc_5808459559"
[2024-04-10T20:54:43.891Z] [INFO] [ApiClient342741254] : "date : Wed, 10 Apr 2024 20:54:43 GMT"
[2024-04-10T20:54:43.893Z] [INFO] [ApiClient342741254] : "host : apitest.cybersource.com"
[2024-04-10T20:54:43.893Z] [INFO] [ApiClient342741254] : "signature : keyid=\"ea34b9a9-fc29-46df-90c2-f6446f285bb1\", algorithm=\"HmacSHA256\", headers=\"host date request-target digest v-c-merchant-id\", signature=\"LLqyjzG/b9s0KO/mzodKL7W4eJwTKoMT2e3TWD+WaVA=\""
[2024-04-10T20:54:43.893Z] [INFO] [ApiClient342741254] : "User-Agent : Mozilla/5.0"
[2024-04-10T20:54:43.894Z] [INFO] [ApiClient342741254] : "************************  LOGGING END  ************************"
[2024-04-10T20:57:46.824Z] [INFO] [MerchantConfig401022023] : "************************ LOGGING START ************************"
[2024-04-10T20:57:46.827Z] [INFO] [ApiClient336263087] : "Authentication Type : http_signature"
[2024-04-10T20:57:46.827Z] [INFO] [ApiClient336263087] : "Request Type : POST"
[2024-04-10T20:57:46.829Z] [INFO] [ApiClient336263087] : "signatureHeader : keyid=\"ea34b9a9-fc29-46df-90c2-f6446f285bb1\", algorithm=\"HmacSHA256\", headers=\"host date request-target digest v-c-merchant-id\", signature=\"oIsc6Pd6Xr3Og6RbYdt0Vr9GD64CzJNXbgxPKviTCds=\""
[2024-04-10T20:57:46.829Z] [INFO] [ApiClient336263087] : "digest : SHA-256=3rx3G1wqGVqADMXMmngiaTYeu1+a39ElYChwMvpRMVY="
[2024-04-10T20:57:46.829Z] [INFO] [ApiClient336263087] : "v-c-merchant-id : bc_5808459559"
[2024-04-10T20:57:46.829Z] [INFO] [ApiClient336263087] : "date : Wed, 10 Apr 2024 20:57:46 GMT"
[2024-04-10T20:57:46.829Z] [INFO] [ApiClient336263087] : "host : apitest.cybersource.com"
[2024-04-10T20:57:46.829Z] [INFO] [ApiClient336263087] : "signature : keyid=\"ea34b9a9-fc29-46df-90c2-f6446f285bb1\", algorithm=\"HmacSHA256\", headers=\"host date request-target digest v-c-merchant-id\", signature=\"oIsc6Pd6Xr3Og6RbYdt0Vr9GD64CzJNXbgxPKviTCds=\""
[2024-04-10T20:57:46.829Z] [INFO] [ApiClient336263087] : "User-Agent : Mozilla/5.0"
[2024-04-10T20:57:46.829Z] [INFO] [ApiClient336263087] : "************************  LOGGING END  ************************"
[2024-04-10T20:58:56.615Z] [INFO] [MerchantConfig655520839] : "************************ LOGGING START ************************"
[2024-04-10T20:58:56.621Z] [INFO] [ApiClient855994224] : "Authentication Type : http_signature"
[2024-04-10T20:58:56.621Z] [INFO] [ApiClient855994224] : "Request Type : POST"
[2024-04-10T20:58:56.623Z] [INFO] [ApiClient855994224] : "signatureHeader : keyid=\"ea34b9a9-fc29-46df-90c2-f6446f285bb1\", algorithm=\"HmacSHA256\", headers=\"host date request-target digest v-c-merchant-id\", signature=\"rMkG5VnNSbV99EkVVsCQHudz6G5+QsExRBdr5rtDpEU=\""
[2024-04-10T20:58:56.623Z] [INFO] [ApiClient855994224] : "digest : SHA-256=jhcSrWQjYnbSwCMK/JIejb8gHOVx/GN+ogYRzVzqdsU="
[2024-04-10T20:58:56.623Z] [INFO] [ApiClient855994224] : "v-c-merchant-id : bc_5808459559"
[2024-04-10T20:58:56.623Z] [INFO] [ApiClient855994224] : "date : Wed, 10 Apr 2024 20:58:56 GMT"
[2024-04-10T20:58:56.623Z] [INFO] [ApiClient855994224] : "host : apitest.cybersource.com"
[2024-04-10T20:58:56.623Z] [INFO] [ApiClient855994224] : "signature : keyid=\"ea34b9a9-fc29-46df-90c2-f6446f285bb1\", algorithm=\"HmacSHA256\", headers=\"host date request-target digest v-c-merchant-id\", signature=\"rMkG5VnNSbV99EkVVsCQHudz6G5+QsExRBdr5rtDpEU=\""
[2024-04-10T20:58:56.623Z] [INFO] [ApiClient855994224] : "User-Agent : Mozilla/5.0"
[2024-04-10T20:58:56.624Z] [INFO] [ApiClient855994224] : "************************  LOGGING END  ************************"
[2024-04-10T21:02:43.672Z] [INFO] [MerchantConfig281048329] : "************************ LOGGING START ************************"
[2024-04-10T21:02:43.678Z] [INFO] [ApiClient605520028] : "Authentication Type : http_signature"
[2024-04-10T21:02:43.678Z] [INFO] [ApiClient605520028] : "Request Type : POST"
[2024-04-10T21:02:43.680Z] [INFO] [ApiClient605520028] : "signatureHeader : keyid=\"ea34b9a9-fc29-46df-90c2-f6446f285bb1\", algorithm=\"HmacSHA256\", headers=\"host date request-target digest v-c-merchant-id\", signature=\"Mn9DhDx1mrkEA1ySGoAaGuFQy1yNeNLz9v47Z19XmLg=\""
[2024-04-10T21:02:43.680Z] [INFO] [ApiClient605520028] : "digest : SHA-256=ws+rfsJoUH+94a+ReVN5kc9br3q3xULvbsbYbNdZwWE="
[2024-04-10T21:02:43.680Z] [INFO] [ApiClient605520028] : "v-c-merchant-id : bc_5808459559"
[2024-04-10T21:02:43.680Z] [INFO] [ApiClient605520028] : "date : Wed, 10 Apr 2024 21:02:43 GMT"
[2024-04-10T21:02:43.680Z] [INFO] [ApiClient605520028] : "host : apitest.cybersource.com"
[2024-04-10T21:02:43.681Z] [INFO] [ApiClient605520028] : "signature : keyid=\"ea34b9a9-fc29-46df-90c2-f6446f285bb1\", algorithm=\"HmacSHA256\", headers=\"host date request-target digest v-c-merchant-id\", signature=\"Mn9DhDx1mrkEA1ySGoAaGuFQy1yNeNLz9v47Z19XmLg=\""
[2024-04-10T21:02:43.681Z] [INFO] [ApiClient605520028] : "User-Agent : Mozilla/5.0"
[2024-04-10T21:02:43.681Z] [INFO] [ApiClient605520028] : "************************  LOGGING END  ************************"
[2024-04-10T21:03:52.763Z] [INFO] [MerchantConfig898223266] : "************************ LOGGING START ************************"
[2024-04-10T21:03:52.769Z] [INFO] [ApiClient967056387] : "Authentication Type : http_signature"
[2024-04-10T21:03:52.769Z] [INFO] [ApiClient967056387] : "Request Type : POST"
[2024-04-10T21:03:52.770Z] [INFO] [ApiClient967056387] : "signatureHeader : keyid=\"ea34b9a9-fc29-46df-90c2-f6446f285bb1\", algorithm=\"HmacSHA256\", headers=\"host date request-target digest v-c-merchant-id\", signature=\"4KHokigX83E0Owm5RhPBxvvvLoP++EqooPtKf64VeY8=\""
[2024-04-10T21:03:52.770Z] [INFO] [ApiClient967056387] : "digest : SHA-256=7wIiPzpHRLOLmxfVB6XwPiZ/Lpx8Jc/YZ2UaMDHu7Tw="
[2024-04-10T21:03:52.770Z] [INFO] [ApiClient967056387] : "v-c-merchant-id : bc_5808459559"
[2024-04-10T21:03:52.770Z] [INFO] [ApiClient967056387] : "date : Wed, 10 Apr 2024 21:03:52 GMT"
[2024-04-10T21:03:52.770Z] [INFO] [ApiClient967056387] : "host : apitest.cybersource.com"
[2024-04-10T21:03:52.771Z] [INFO] [ApiClient967056387] : "signature : keyid=\"ea34b9a9-fc29-46df-90c2-f6446f285bb1\", algorithm=\"HmacSHA256\", headers=\"host date request-target digest v-c-merchant-id\", signature=\"4KHokigX83E0Owm5RhPBxvvvLoP++EqooPtKf64VeY8=\""
[2024-04-10T21:03:52.771Z] [INFO] [ApiClient967056387] : "User-Agent : Mozilla/5.0"
[2024-04-10T21:03:52.771Z] [INFO] [ApiClient967056387] : "************************  LOGGING END  ************************"
