[2024-05-14T18:36:28.865Z] [INFO] [MerchantConfig245454728] : "************************ LOGGING START ************************"
[2024-05-14T18:36:28.872Z] [INFO] [MerchantConfig168091627] : "************************ LOGGING START ************************"
[2024-05-14T18:36:28.876Z] [INFO] [ApiClient36417836] : "Authentication Type : http_signature"
[2024-05-14T18:36:28.876Z] [INFO] [ApiClient36417836] : "Request Type : POST"
[2024-05-14T18:36:28.877Z] [INFO] [ApiClient36417836] : "signatureHeader : keyid=\"ea34b9a9-fc29-46df-90c2-f6446f285bb1\", algorithm=\"HmacSHA256\", headers=\"host date request-target digest v-c-merchant-id\", signature=\"Gt+YqAN6IrcKklFo5fT3rW8Mp2YPEp1wA345uoqty6g=\""
[2024-05-14T18:36:28.877Z] [INFO] [ApiClient36417836] : "digest : SHA-256=m/9ExMF9PcnOqVXCRLJTt8gBxDIUnigGD7kLlCwrgMI="
[2024-05-14T18:36:28.877Z] [INFO] [ApiClient36417836] : "v-c-merchant-id : bc_5808459559"
[2024-05-14T18:36:28.877Z] [INFO] [ApiClient36417836] : "date : Tue, 14 May 2024 18:36:28 GMT"
[2024-05-14T18:36:28.877Z] [INFO] [ApiClient36417836] : "host : apitest.cybersource.com"
[2024-05-14T18:36:28.877Z] [INFO] [ApiClient36417836] : "signature : keyid=\"ea34b9a9-fc29-46df-90c2-f6446f285bb1\", algorithm=\"HmacSHA256\", headers=\"host date request-target digest v-c-merchant-id\", signature=\"Gt+YqAN6IrcKklFo5fT3rW8Mp2YPEp1wA345uoqty6g=\""
[2024-05-14T18:36:28.877Z] [INFO] [ApiClient36417836] : "User-Agent : Mozilla/5.0"
[2024-05-14T18:36:28.877Z] [INFO] [ApiClient36417836] : "************************  LOGGING END  ************************"
[2024-05-14T18:36:29.657Z] [INFO] [ApiClient36417836] : "Authentication Type : http_signature"
[2024-05-14T18:36:29.658Z] [INFO] [ApiClient36417836] : "Request Type : POST"
[2024-05-14T18:36:29.658Z] [INFO] [ApiClient36417836] : "signatureHeader : keyid=\"ea34b9a9-fc29-46df-90c2-f6446f285bb1\", algorithm=\"HmacSHA256\", headers=\"host date request-target digest v-c-merchant-id\", signature=\"2B1hv5ANcrOFSgaIEq1MSrMQMVtm2SQBV+0z4TjmIr4=\""
[2024-05-14T18:36:29.658Z] [INFO] [ApiClient36417836] : "digest : SHA-256=m/9ExMF9PcnOqVXCRLJTt8gBxDIUnigGD7kLlCwrgMI="
[2024-05-14T18:36:29.659Z] [INFO] [ApiClient36417836] : "v-c-merchant-id : bc_5808459559"
[2024-05-14T18:36:29.659Z] [INFO] [ApiClient36417836] : "date : Tue, 14 May 2024 18:36:29 GMT"
[2024-05-14T18:36:29.659Z] [INFO] [ApiClient36417836] : "host : apitest.cybersource.com"
[2024-05-14T18:36:29.659Z] [INFO] [ApiClient36417836] : "signature : keyid=\"ea34b9a9-fc29-46df-90c2-f6446f285bb1\", algorithm=\"HmacSHA256\", headers=\"host date request-target digest v-c-merchant-id\", signature=\"2B1hv5ANcrOFSgaIEq1MSrMQMVtm2SQBV+0z4TjmIr4=\""
[2024-05-14T18:36:29.659Z] [INFO] [ApiClient36417836] : "User-Agent : Mozilla/5.0"
[2024-05-14T18:36:29.659Z] [INFO] [ApiClient36417836] : "************************  LOGGING END  ************************"
[2024-05-14T18:39:47.960Z] [INFO] [MerchantConfig917074987] : "************************ LOGGING START ************************"
[2024-05-14T18:39:47.964Z] [INFO] [MerchantConfig515080521] : "************************ LOGGING START ************************"
[2024-05-14T18:39:47.966Z] [INFO] [ApiClient91714689] : "Authentication Type : http_signature"
[2024-05-14T18:39:47.967Z] [INFO] [ApiClient91714689] : "Request Type : POST"
[2024-05-14T18:39:47.967Z] [INFO] [ApiClient91714689] : "signatureHeader : keyid=\"ea34b9a9-fc29-46df-90c2-f6446f285bb1\", algorithm=\"HmacSHA256\", headers=\"host date request-target digest v-c-merchant-id\", signature=\"VvoBf8j6CRXp0CBZWwGw5B/xQ8hRGMqWtRvY3LnRZQ4=\""
[2024-05-14T18:39:47.967Z] [INFO] [ApiClient91714689] : "digest : SHA-256=pkSHu386xib9RCJ32Gd6L+w9fvQrG4x0PZruEDi+Cwo="
[2024-05-14T18:39:47.967Z] [INFO] [ApiClient91714689] : "v-c-merchant-id : bc_5808459559"
[2024-05-14T18:39:47.967Z] [INFO] [ApiClient91714689] : "date : Tue, 14 May 2024 18:39:47 GMT"
[2024-05-14T18:39:47.968Z] [INFO] [ApiClient91714689] : "host : apitest.cybersource.com"
[2024-05-14T18:39:47.968Z] [INFO] [ApiClient91714689] : "signature : keyid=\"ea34b9a9-fc29-46df-90c2-f6446f285bb1\", algorithm=\"HmacSHA256\", headers=\"host date request-target digest v-c-merchant-id\", signature=\"VvoBf8j6CRXp0CBZWwGw5B/xQ8hRGMqWtRvY3LnRZQ4=\""
[2024-05-14T18:39:47.968Z] [INFO] [ApiClient91714689] : "User-Agent : Mozilla/5.0"
[2024-05-14T18:39:47.968Z] [INFO] [ApiClient91714689] : "************************  LOGGING END  ************************"
[2024-05-14T18:39:48.512Z] [INFO] [ApiClient91714689] : "Authentication Type : http_signature"
[2024-05-14T18:39:48.512Z] [INFO] [ApiClient91714689] : "Request Type : POST"
[2024-05-14T18:39:48.513Z] [INFO] [ApiClient91714689] : "signatureHeader : keyid=\"ea34b9a9-fc29-46df-90c2-f6446f285bb1\", algorithm=\"HmacSHA256\", headers=\"host date request-target digest v-c-merchant-id\", signature=\"EDNEqe6J5l1b6W7+y3JUGucu3h66rdD7PNkVzFUKRoo=\""
[2024-05-14T18:39:48.513Z] [INFO] [ApiClient91714689] : "digest : SHA-256=pkSHu386xib9RCJ32Gd6L+w9fvQrG4x0PZruEDi+Cwo="
[2024-05-14T18:39:48.513Z] [INFO] [ApiClient91714689] : "v-c-merchant-id : bc_5808459559"
[2024-05-14T18:39:48.513Z] [INFO] [ApiClient91714689] : "date : Tue, 14 May 2024 18:39:48 GMT"
[2024-05-14T18:39:48.513Z] [INFO] [ApiClient91714689] : "host : apitest.cybersource.com"
[2024-05-14T18:39:48.513Z] [INFO] [ApiClient91714689] : "signature : keyid=\"ea34b9a9-fc29-46df-90c2-f6446f285bb1\", algorithm=\"HmacSHA256\", headers=\"host date request-target digest v-c-merchant-id\", signature=\"EDNEqe6J5l1b6W7+y3JUGucu3h66rdD7PNkVzFUKRoo=\""
[2024-05-14T18:39:48.513Z] [INFO] [ApiClient91714689] : "User-Agent : Mozilla/5.0"
[2024-05-14T18:39:48.513Z] [INFO] [ApiClient91714689] : "************************  LOGGING END  ************************"
[2024-05-14T18:40:34.890Z] [INFO] [MerchantConfig647455129] : "************************ LOGGING START ************************"
[2024-05-14T18:40:34.897Z] [INFO] [ApiClient234801225] : "Authentication Type : http_signature"
[2024-05-14T18:40:34.898Z] [INFO] [ApiClient234801225] : "Request Type : POST"
[2024-05-14T18:40:34.898Z] [INFO] [ApiClient234801225] : "signatureHeader : keyid=\"ea34b9a9-fc29-46df-90c2-f6446f285bb1\", algorithm=\"HmacSHA256\", headers=\"host date request-target digest v-c-merchant-id\", signature=\"ZMQ0Ca+Ig4uWif7+6MH0i1+ttmLW0e8w5aG84Iz0h9c=\""
[2024-05-14T18:40:34.895Z] [INFO] [MerchantConfig903924514] : "************************ LOGGING START ************************"
[2024-05-14T18:40:34.898Z] [INFO] [ApiClient234801225] : "digest : SHA-256=mU58vrHFGOGa6UK2YZPQuDfUMCzHdlME/8uIcUwz57A="
[2024-05-14T18:40:34.898Z] [INFO] [ApiClient234801225] : "v-c-merchant-id : bc_5808459559"
[2024-05-14T18:40:34.898Z] [INFO] [ApiClient234801225] : "date : Tue, 14 May 2024 18:40:34 GMT"
[2024-05-14T18:40:34.898Z] [INFO] [ApiClient234801225] : "host : apitest.cybersource.com"
[2024-05-14T18:40:34.898Z] [INFO] [ApiClient234801225] : "signature : keyid=\"ea34b9a9-fc29-46df-90c2-f6446f285bb1\", algorithm=\"HmacSHA256\", headers=\"host date request-target digest v-c-merchant-id\", signature=\"ZMQ0Ca+Ig4uWif7+6MH0i1+ttmLW0e8w5aG84Iz0h9c=\""
[2024-05-14T18:40:34.898Z] [INFO] [ApiClient234801225] : "User-Agent : Mozilla/5.0"
[2024-05-14T18:40:34.898Z] [INFO] [ApiClient234801225] : "************************  LOGGING END  ************************"
[2024-05-14T18:40:35.550Z] [INFO] [ApiClient234801225] : "Authentication Type : http_signature"
[2024-05-14T18:40:35.551Z] [INFO] [ApiClient234801225] : "Request Type : POST"
[2024-05-14T18:40:35.551Z] [INFO] [ApiClient234801225] : "signatureHeader : keyid=\"ea34b9a9-fc29-46df-90c2-f6446f285bb1\", algorithm=\"HmacSHA256\", headers=\"host date request-target digest v-c-merchant-id\", signature=\"Lbg3WVxKr18UgR3WSBhCNareA2U+Q1nlLGcTL3SqJWU=\""
[2024-05-14T18:40:35.551Z] [INFO] [ApiClient234801225] : "digest : SHA-256=mU58vrHFGOGa6UK2YZPQuDfUMCzHdlME/8uIcUwz57A="
[2024-05-14T18:40:35.551Z] [INFO] [ApiClient234801225] : "v-c-merchant-id : bc_5808459559"
[2024-05-14T18:40:35.551Z] [INFO] [ApiClient234801225] : "date : Tue, 14 May 2024 18:40:35 GMT"
[2024-05-14T18:40:35.551Z] [INFO] [ApiClient234801225] : "host : apitest.cybersource.com"
[2024-05-14T18:40:35.551Z] [INFO] [ApiClient234801225] : "signature : keyid=\"ea34b9a9-fc29-46df-90c2-f6446f285bb1\", algorithm=\"HmacSHA256\", headers=\"host date request-target digest v-c-merchant-id\", signature=\"Lbg3WVxKr18UgR3WSBhCNareA2U+Q1nlLGcTL3SqJWU=\""
[2024-05-14T18:40:35.551Z] [INFO] [ApiClient234801225] : "User-Agent : Mozilla/5.0"
[2024-05-14T18:40:35.551Z] [INFO] [ApiClient234801225] : "************************  LOGGING END  ************************"
[2024-05-14T19:07:31.413Z] [INFO] [MerchantConfig156935246] : "************************ LOGGING START ************************"
[2024-05-14T19:07:31.429Z] [INFO] [ApiClient399003702] : "Authentication Type : http_signature"
[2024-05-14T19:07:31.429Z] [INFO] [ApiClient399003702] : "Request Type : POST"
[2024-05-14T19:07:31.431Z] [INFO] [ApiClient399003702] : "signatureHeader : keyid=\"ea34b9a9-fc29-46df-90c2-f6446f285bb1\", algorithm=\"HmacSHA256\", headers=\"host date request-target digest v-c-merchant-id\", signature=\"C4/ceUV5w01exwy0qJpFAUqTNJMjN3tr5mqdqsJZpqw=\""
[2024-05-14T19:07:31.431Z] [INFO] [ApiClient399003702] : "digest : SHA-256=T+1flZYGu8ZuJw+WBKsFQtwpPx5ICbE2BnrVHD8vNow="
[2024-05-14T19:07:31.431Z] [INFO] [ApiClient399003702] : "v-c-merchant-id : bc_5808459559"
[2024-05-14T19:07:31.432Z] [INFO] [ApiClient399003702] : "date : Tue, 14 May 2024 19:07:31 GMT"
[2024-05-14T19:07:31.432Z] [INFO] [ApiClient399003702] : "host : apitest.cybersource.com"
[2024-05-14T19:07:31.432Z] [INFO] [ApiClient399003702] : "signature : keyid=\"ea34b9a9-fc29-46df-90c2-f6446f285bb1\", algorithm=\"HmacSHA256\", headers=\"host date request-target digest v-c-merchant-id\", signature=\"C4/ceUV5w01exwy0qJpFAUqTNJMjN3tr5mqdqsJZpqw=\""
[2024-05-14T19:07:31.432Z] [INFO] [ApiClient399003702] : "User-Agent : Mozilla/5.0"
[2024-05-14T19:07:31.432Z] [INFO] [ApiClient399003702] : "************************  LOGGING END  ************************"
[2024-05-14T19:07:31.422Z] [INFO] [MerchantConfig211251984] : "************************ LOGGING START ************************"
[2024-05-14T19:07:33.053Z] [INFO] [ApiClient399003702] : "Authentication Type : http_signature"
[2024-05-14T19:07:33.053Z] [INFO] [ApiClient399003702] : "Request Type : POST"
[2024-05-14T19:07:33.054Z] [INFO] [ApiClient399003702] : "signatureHeader : keyid=\"ea34b9a9-fc29-46df-90c2-f6446f285bb1\", algorithm=\"HmacSHA256\", headers=\"host date request-target digest v-c-merchant-id\", signature=\"YCwb5DvRqSC7+t8vWXQcG0cNwQ46LsBmOU27YVlzHCs=\""
[2024-05-14T19:07:33.054Z] [INFO] [ApiClient399003702] : "digest : SHA-256=T+1flZYGu8ZuJw+WBKsFQtwpPx5ICbE2BnrVHD8vNow="
[2024-05-14T19:07:33.054Z] [INFO] [ApiClient399003702] : "v-c-merchant-id : bc_5808459559"
[2024-05-14T19:07:33.054Z] [INFO] [ApiClient399003702] : "date : Tue, 14 May 2024 19:07:33 GMT"
[2024-05-14T19:07:33.054Z] [INFO] [ApiClient399003702] : "host : apitest.cybersource.com"
[2024-05-14T19:07:33.054Z] [INFO] [ApiClient399003702] : "signature : keyid=\"ea34b9a9-fc29-46df-90c2-f6446f285bb1\", algorithm=\"HmacSHA256\", headers=\"host date request-target digest v-c-merchant-id\", signature=\"YCwb5DvRqSC7+t8vWXQcG0cNwQ46LsBmOU27YVlzHCs=\""
[2024-05-14T19:07:33.055Z] [INFO] [ApiClient399003702] : "User-Agent : Mozilla/5.0"
[2024-05-14T19:07:33.055Z] [INFO] [ApiClient399003702] : "************************  LOGGING END  ************************"
