[2024-04-04T18:00:34.512Z] [INFO] [MerchantConfig691311172] : "************************ LOGGING START ************************"
[2024-04-04T18:00:34.517Z] [INFO] [ApiClient636677686] : "Authentication Type : http_signature"
[2024-04-04T18:00:34.517Z] [INFO] [ApiClient636677686] : "Request Type : POST"
[2024-04-04T18:00:34.518Z] [INFO] [ApiClient636677686] : "signatureHeader : keyid=\"ea34b9a9-fc29-46df-90c2-f6446f285bb1\", algorithm=\"HmacSHA256\", headers=\"host date request-target digest v-c-merchant-id\", signature=\"xzcwwfVH3W5mozkse03VRF+7O6oUAYi2s3fh6CeDmTE=\""
[2024-04-04T18:00:34.518Z] [INFO] [ApiClient636677686] : "digest : SHA-256=14z5lE453LuBf50zArfKl6m3icyQRtx1AXuJ9HE8h8w="
[2024-04-04T18:00:34.518Z] [INFO] [ApiClient636677686] : "v-c-merchant-id : bc_5808459559"
[2024-04-04T18:00:34.518Z] [INFO] [ApiClient636677686] : "date : Thu, 04 Apr 2024 18:00:34 GMT"
[2024-04-04T18:00:34.518Z] [INFO] [ApiClient636677686] : "host : apitest.cybersource.com"
[2024-04-04T18:00:34.519Z] [INFO] [ApiClient636677686] : "signature : keyid=\"ea34b9a9-fc29-46df-90c2-f6446f285bb1\", algorithm=\"HmacSHA256\", headers=\"host date request-target digest v-c-merchant-id\", signature=\"xzcwwfVH3W5mozkse03VRF+7O6oUAYi2s3fh6CeDmTE=\""
[2024-04-04T18:00:34.519Z] [INFO] [ApiClient636677686] : "User-Agent : Mozilla/5.0"
[2024-04-04T18:00:34.519Z] [INFO] [ApiClient636677686] : "************************  LOGGING END  ************************"
[2024-04-04T18:06:16.810Z] [INFO] [MerchantConfig442304291] : "************************ LOGGING START ************************"
[2024-04-04T18:06:16.813Z] [INFO] [ApiClient527280507] : "Authentication Type : http_signature"
[2024-04-04T18:06:16.813Z] [INFO] [ApiClient527280507] : "Request Type : POST"
[2024-04-04T18:06:16.814Z] [INFO] [ApiClient527280507] : "signatureHeader : keyid=\"ea34b9a9-fc29-46df-90c2-f6446f285bb1\", algorithm=\"HmacSHA256\", headers=\"host date request-target digest v-c-merchant-id\", signature=\"IBUMVklPbr2Et3v84SNVoYvYZx0SQgKslmbw7PoUCPo=\""
[2024-04-04T18:06:16.814Z] [INFO] [ApiClient527280507] : "digest : SHA-256=Li7mDWGVFb2KUEJkJLVsxEZNIS1dG8m1QydF9/qUpFI="
[2024-04-04T18:06:16.814Z] [INFO] [ApiClient527280507] : "v-c-merchant-id : bc_5808459559"
[2024-04-04T18:06:16.814Z] [INFO] [ApiClient527280507] : "date : Thu, 04 Apr 2024 18:06:16 GMT"
[2024-04-04T18:06:16.814Z] [INFO] [ApiClient527280507] : "host : apitest.cybersource.com"
[2024-04-04T18:06:16.814Z] [INFO] [ApiClient527280507] : "signature : keyid=\"ea34b9a9-fc29-46df-90c2-f6446f285bb1\", algorithm=\"HmacSHA256\", headers=\"host date request-target digest v-c-merchant-id\", signature=\"IBUMVklPbr2Et3v84SNVoYvYZx0SQgKslmbw7PoUCPo=\""
[2024-04-04T18:06:16.814Z] [INFO] [ApiClient527280507] : "User-Agent : Mozilla/5.0"
[2024-04-04T18:06:16.814Z] [INFO] [ApiClient527280507] : "************************  LOGGING END  ************************"
[2024-04-04T18:10:43.266Z] [INFO] [MerchantConfig776587514] : "************************ LOGGING START ************************"
[2024-04-04T18:10:43.269Z] [INFO] [ApiClient236588467] : "Authentication Type : http_signature"
[2024-04-04T18:10:43.269Z] [INFO] [ApiClient236588467] : "Request Type : POST"
[2024-04-04T18:10:43.270Z] [INFO] [ApiClient236588467] : "signatureHeader : keyid=\"ea34b9a9-fc29-46df-90c2-f6446f285bb1\", algorithm=\"HmacSHA256\", headers=\"host date request-target digest v-c-merchant-id\", signature=\"wvsQAOElRZU8DKv8QQ3AqwhJg44iaSDF9hlFR9PqkEw=\""
[2024-04-04T18:10:43.270Z] [INFO] [ApiClient236588467] : "digest : SHA-256=l45JkwzLJZ7hAqwYLYDW0LnRDVgdhyy9O7rE8L763Bs="
[2024-04-04T18:10:43.270Z] [INFO] [ApiClient236588467] : "v-c-merchant-id : bc_5808459559"
[2024-04-04T18:10:43.270Z] [INFO] [ApiClient236588467] : "date : Thu, 04 Apr 2024 18:10:43 GMT"
[2024-04-04T18:10:43.270Z] [INFO] [ApiClient236588467] : "host : apitest.cybersource.com"
[2024-04-04T18:10:43.270Z] [INFO] [ApiClient236588467] : "signature : keyid=\"ea34b9a9-fc29-46df-90c2-f6446f285bb1\", algorithm=\"HmacSHA256\", headers=\"host date request-target digest v-c-merchant-id\", signature=\"wvsQAOElRZU8DKv8QQ3AqwhJg44iaSDF9hlFR9PqkEw=\""
[2024-04-04T18:10:43.270Z] [INFO] [ApiClient236588467] : "User-Agent : Mozilla/5.0"
[2024-04-04T18:10:43.270Z] [INFO] [ApiClient236588467] : "************************  LOGGING END  ************************"
[2024-04-04T18:10:58.762Z] [INFO] [MerchantConfig488116551] : "************************ LOGGING START ************************"
[2024-04-04T18:10:58.764Z] [INFO] [ApiClient2129234] : "Authentication Type : http_signature"
[2024-04-04T18:10:58.764Z] [INFO] [ApiClient2129234] : "Request Type : POST"
[2024-04-04T18:10:58.765Z] [INFO] [ApiClient2129234] : "signatureHeader : keyid=\"ea34b9a9-fc29-46df-90c2-f6446f285bb1\", algorithm=\"HmacSHA256\", headers=\"host date request-target digest v-c-merchant-id\", signature=\"dfvBCeG57jTEpOua7kZcGuzyPkSievNoIjtX9PKG7qU=\""
[2024-04-04T18:10:58.765Z] [INFO] [ApiClient2129234] : "digest : SHA-256=9oBIYWRSs/vd+F0RPILFxW7BaNy+CBbzaERHoKuxl0I="
[2024-04-04T18:10:58.765Z] [INFO] [ApiClient2129234] : "v-c-merchant-id : bc_5808459559"
[2024-04-04T18:10:58.765Z] [INFO] [ApiClient2129234] : "date : Thu, 04 Apr 2024 18:10:58 GMT"
[2024-04-04T18:10:58.765Z] [INFO] [ApiClient2129234] : "host : apitest.cybersource.com"
[2024-04-04T18:10:58.765Z] [INFO] [ApiClient2129234] : "signature : keyid=\"ea34b9a9-fc29-46df-90c2-f6446f285bb1\", algorithm=\"HmacSHA256\", headers=\"host date request-target digest v-c-merchant-id\", signature=\"dfvBCeG57jTEpOua7kZcGuzyPkSievNoIjtX9PKG7qU=\""
[2024-04-04T18:10:58.766Z] [INFO] [ApiClient2129234] : "User-Agent : Mozilla/5.0"
[2024-04-04T18:10:58.766Z] [INFO] [ApiClient2129234] : "************************  LOGGING END  ************************"
[2024-04-04T18:25:36.742Z] [INFO] [MerchantConfig770815637] : "************************ LOGGING START ************************"
[2024-04-04T18:25:36.745Z] [INFO] [ApiClient854716518] : "Authentication Type : http_signature"
[2024-04-04T18:25:36.745Z] [INFO] [ApiClient854716518] : "Request Type : POST"
[2024-04-04T18:25:36.746Z] [INFO] [ApiClient854716518] : "signatureHeader : keyid=\"ea34b9a9-fc29-46df-90c2-f6446f285bb1\", algorithm=\"HmacSHA256\", headers=\"host date request-target digest v-c-merchant-id\", signature=\"/CnK314MKKLIDFsDPoyfwcnwM9rr5GoHGlwpeSIvkLc=\""
[2024-04-04T18:25:36.746Z] [INFO] [ApiClient854716518] : "digest : SHA-256=l45JkwzLJZ7hAqwYLYDW0LnRDVgdhyy9O7rE8L763Bs="
[2024-04-04T18:25:36.746Z] [INFO] [ApiClient854716518] : "v-c-merchant-id : bc_5808459559"
[2024-04-04T18:25:36.746Z] [INFO] [ApiClient854716518] : "date : Thu, 04 Apr 2024 18:25:36 GMT"
[2024-04-04T18:25:36.746Z] [INFO] [ApiClient854716518] : "host : apitest.cybersource.com"
[2024-04-04T18:25:36.746Z] [INFO] [ApiClient854716518] : "signature : keyid=\"ea34b9a9-fc29-46df-90c2-f6446f285bb1\", algorithm=\"HmacSHA256\", headers=\"host date request-target digest v-c-merchant-id\", signature=\"/CnK314MKKLIDFsDPoyfwcnwM9rr5GoHGlwpeSIvkLc=\""
[2024-04-04T18:25:36.746Z] [INFO] [ApiClient854716518] : "User-Agent : Mozilla/5.0"
[2024-04-04T18:25:36.746Z] [INFO] [ApiClient854716518] : "************************  LOGGING END  ************************"
