[2024-04-08T19:00:12.886Z] [INFO] [MerchantConfig278224560] : "************************ LOGGING START ************************"
[2024-04-08T19:00:12.897Z] [INFO] [ApiClient517872256] : "Authentication Type : http_signature"
[2024-04-08T19:00:12.898Z] [INFO] [ApiClient517872256] : "Request Type : POST"
[2024-04-08T19:00:12.901Z] [INFO] [ApiClient517872256] : "signatureHeader : keyid=\"ea34b9a9-fc29-46df-90c2-f6446f285bb1\", algorithm=\"HmacSHA256\", headers=\"host date request-target digest v-c-merchant-id\", signature=\"ZBeoeH+5auYlXtZhP4KRziQB2ABj9MdOLGBKgCQrD6I=\""
[2024-04-08T19:00:12.901Z] [INFO] [ApiClient517872256] : "digest : SHA-256=ywk/2vbxPijcNoT6qMqDPcxnZZ9uBg3z/Wb+TXvWuhE="
[2024-04-08T19:00:12.901Z] [INFO] [ApiClient517872256] : "v-c-merchant-id : bc_5808459559"
[2024-04-08T19:00:12.901Z] [INFO] [ApiClient517872256] : "date : Mon, 08 Apr 2024 19:00:12 GMT"
[2024-04-08T19:00:12.901Z] [INFO] [ApiClient517872256] : "host : apitest.cybersource.com"
[2024-04-08T19:00:12.901Z] [INFO] [ApiClient517872256] : "signature : keyid=\"ea34b9a9-fc29-46df-90c2-f6446f285bb1\", algorithm=\"HmacSHA256\", headers=\"host date request-target digest v-c-merchant-id\", signature=\"ZBeoeH+5auYlXtZhP4KRziQB2ABj9MdOLGBKgCQrD6I=\""
[2024-04-08T19:00:12.901Z] [INFO] [ApiClient517872256] : "User-Agent : Mozilla/5.0"
[2024-04-08T19:00:12.901Z] [INFO] [ApiClient517872256] : "************************  LOGGING END  ************************"
[2024-04-08T19:04:25.449Z] [INFO] [MerchantConfig811724756] : "************************ LOGGING START ************************"
[2024-04-08T19:04:25.458Z] [INFO] [ApiClient569269533] : "Authentication Type : http_signature"
[2024-04-08T19:04:25.458Z] [INFO] [ApiClient569269533] : "Request Type : POST"
[2024-04-08T19:04:25.462Z] [INFO] [ApiClient569269533] : "signatureHeader : keyid=\"ea34b9a9-fc29-46df-90c2-f6446f285bb1\", algorithm=\"HmacSHA256\", headers=\"host date request-target digest v-c-merchant-id\", signature=\"hbGZzmkqS/lryS4MajN3aOD3pl/ds0Ii56p4KfAEfVc=\""
[2024-04-08T19:04:25.462Z] [INFO] [ApiClient569269533] : "digest : SHA-256=6FdQTgBfgcSe7F10RxhUC3Tce1xvgqhuFDNCSDcYAps="
[2024-04-08T19:04:25.462Z] [INFO] [ApiClient569269533] : "v-c-merchant-id : bc_5808459559"
[2024-04-08T19:04:25.462Z] [INFO] [ApiClient569269533] : "date : Mon, 08 Apr 2024 19:04:25 GMT"
[2024-04-08T19:04:25.462Z] [INFO] [ApiClient569269533] : "host : apitest.cybersource.com"
[2024-04-08T19:04:25.463Z] [INFO] [ApiClient569269533] : "signature : keyid=\"ea34b9a9-fc29-46df-90c2-f6446f285bb1\", algorithm=\"HmacSHA256\", headers=\"host date request-target digest v-c-merchant-id\", signature=\"hbGZzmkqS/lryS4MajN3aOD3pl/ds0Ii56p4KfAEfVc=\""
[2024-04-08T19:04:25.463Z] [INFO] [ApiClient569269533] : "User-Agent : Mozilla/5.0"
[2024-04-08T19:04:25.463Z] [INFO] [ApiClient569269533] : "************************  LOGGING END  ************************"
[2024-04-08T19:08:59.658Z] [INFO] [MerchantConfig258090739] : "************************ LOGGING START ************************"
[2024-04-08T19:08:59.668Z] [INFO] [ApiClient297402397] : "Authentication Type : http_signature"
[2024-04-08T19:08:59.669Z] [INFO] [ApiClient297402397] : "Request Type : POST"
[2024-04-08T19:08:59.674Z] [INFO] [ApiClient297402397] : "signatureHeader : keyid=\"ea34b9a9-fc29-46df-90c2-f6446f285bb1\", algorithm=\"HmacSHA256\", headers=\"host date request-target digest v-c-merchant-id\", signature=\"yNHcx2Z1piguAZtAXVCZ53DMp/hBRsPnvmJhKn30pr4=\""
[2024-04-08T19:08:59.675Z] [INFO] [ApiClient297402397] : "digest : SHA-256=UTGEOVcL0i0OrCffnCzQ7HAJh3w6t4WiTaKGkuAj7J4="
[2024-04-08T19:08:59.675Z] [INFO] [ApiClient297402397] : "v-c-merchant-id : bc_5808459559"
[2024-04-08T19:08:59.675Z] [INFO] [ApiClient297402397] : "date : Mon, 08 Apr 2024 19:08:59 GMT"
[2024-04-08T19:08:59.676Z] [INFO] [ApiClient297402397] : "host : apitest.cybersource.com"
[2024-04-08T19:08:59.676Z] [INFO] [ApiClient297402397] : "signature : keyid=\"ea34b9a9-fc29-46df-90c2-f6446f285bb1\", algorithm=\"HmacSHA256\", headers=\"host date request-target digest v-c-merchant-id\", signature=\"yNHcx2Z1piguAZtAXVCZ53DMp/hBRsPnvmJhKn30pr4=\""
[2024-04-08T19:08:59.676Z] [INFO] [ApiClient297402397] : "User-Agent : Mozilla/5.0"
[2024-04-08T19:08:59.676Z] [INFO] [ApiClient297402397] : "************************  LOGGING END  ************************"
[2024-04-08T19:10:08.403Z] [INFO] [ApiClient273293372] : "Authentication Type : http_signature"
[2024-04-08T19:10:08.403Z] [INFO] [ApiClient273293372] : "Request Type : POST"
[2024-04-08T19:10:08.403Z] [INFO] [ApiClient273293372] : "signatureHeader : keyid=\"ea34b9a9-fc29-46df-90c2-f6446f285bb1\", algorithm=\"HmacSHA256\", headers=\"host date request-target digest v-c-merchant-id\", signature=\"BHFOqAzkpNSHt3U3AcKKuQjdsSabZnOBDN63CGaXnek=\""
[2024-04-08T19:10:08.403Z] [INFO] [ApiClient273293372] : "digest : SHA-256=ysJfLnz76CD88MGj4aQTKwKheQAP3W724M/Lw1FPVt0="
[2024-04-08T19:10:08.404Z] [INFO] [ApiClient273293372] : "v-c-merchant-id : bc_5808459559"
[2024-04-08T19:10:08.404Z] [INFO] [ApiClient273293372] : "date : Mon, 08 Apr 2024 19:10:08 GMT"
[2024-04-08T19:10:08.405Z] [INFO] [ApiClient273293372] : "host : apitest.cybersource.com"
[2024-04-08T19:10:08.405Z] [INFO] [ApiClient273293372] : "signature : keyid=\"ea34b9a9-fc29-46df-90c2-f6446f285bb1\", algorithm=\"HmacSHA256\", headers=\"host date request-target digest v-c-merchant-id\", signature=\"BHFOqAzkpNSHt3U3AcKKuQjdsSabZnOBDN63CGaXnek=\""
[2024-04-08T19:10:08.406Z] [INFO] [ApiClient273293372] : "User-Agent : Mozilla/5.0"
[2024-04-08T19:10:08.406Z] [INFO] [ApiClient273293372] : "************************  LOGGING END  ************************"
[2024-04-08T19:10:08.401Z] [INFO] [MerchantConfig335588326] : "************************ LOGGING START ************************"
[2024-04-08T19:13:47.020Z] [INFO] [MerchantConfig822961429] : "************************ LOGGING START ************************"
[2024-04-08T19:13:47.029Z] [INFO] [ApiClient584283911] : "Authentication Type : http_signature"
[2024-04-08T19:13:47.029Z] [INFO] [ApiClient584283911] : "Request Type : POST"
[2024-04-08T19:13:47.031Z] [INFO] [ApiClient584283911] : "signatureHeader : keyid=\"ea34b9a9-fc29-46df-90c2-f6446f285bb1\", algorithm=\"HmacSHA256\", headers=\"host date request-target digest v-c-merchant-id\", signature=\"GKMmXbp5St4MjyNWASd6Zqa0ooFxa23rnzGp9MdWk/w=\""
[2024-04-08T19:13:47.031Z] [INFO] [ApiClient584283911] : "digest : SHA-256=0Jaw3s2d0cG3ZoVBmxaRjkuRunoVVxEuNL9AUAW/UKM="
[2024-04-08T19:13:47.031Z] [INFO] [ApiClient584283911] : "v-c-merchant-id : bc_5808459559"
[2024-04-08T19:13:47.031Z] [INFO] [ApiClient584283911] : "date : Mon, 08 Apr 2024 19:13:47 GMT"
[2024-04-08T19:13:47.031Z] [INFO] [ApiClient584283911] : "host : apitest.cybersource.com"
[2024-04-08T19:13:47.032Z] [INFO] [ApiClient584283911] : "signature : keyid=\"ea34b9a9-fc29-46df-90c2-f6446f285bb1\", algorithm=\"HmacSHA256\", headers=\"host date request-target digest v-c-merchant-id\", signature=\"GKMmXbp5St4MjyNWASd6Zqa0ooFxa23rnzGp9MdWk/w=\""
[2024-04-08T19:13:47.032Z] [INFO] [ApiClient584283911] : "User-Agent : Mozilla/5.0"
[2024-04-08T19:13:47.032Z] [INFO] [ApiClient584283911] : "************************  LOGGING END  ************************"
[2024-04-08T19:14:51.009Z] [INFO] [ApiClient260733074] : "Authentication Type : http_signature"
[2024-04-08T19:14:51.007Z] [INFO] [MerchantConfig221380490] : "************************ LOGGING START ************************"
[2024-04-08T19:14:51.009Z] [INFO] [ApiClient260733074] : "Request Type : POST"
[2024-04-08T19:14:51.009Z] [INFO] [ApiClient260733074] : "signatureHeader : keyid=\"ea34b9a9-fc29-46df-90c2-f6446f285bb1\", algorithm=\"HmacSHA256\", headers=\"host date request-target digest v-c-merchant-id\", signature=\"cCnFHTil7GwkRUENRkuMk/fsRbQgnQ3hjwZwPLqCUqY=\""
[2024-04-08T19:14:51.009Z] [INFO] [ApiClient260733074] : "digest : SHA-256=GLWDFK+T9B9eoREcQoOTizy7O/SsKS3miUAPbAF1CII="
[2024-04-08T19:14:51.009Z] [INFO] [ApiClient260733074] : "v-c-merchant-id : bc_5808459559"
[2024-04-08T19:14:51.009Z] [INFO] [ApiClient260733074] : "date : Mon, 08 Apr 2024 19:14:51 GMT"
[2024-04-08T19:14:51.010Z] [INFO] [ApiClient260733074] : "host : apitest.cybersource.com"
[2024-04-08T19:14:51.010Z] [INFO] [ApiClient260733074] : "signature : keyid=\"ea34b9a9-fc29-46df-90c2-f6446f285bb1\", algorithm=\"HmacSHA256\", headers=\"host date request-target digest v-c-merchant-id\", signature=\"cCnFHTil7GwkRUENRkuMk/fsRbQgnQ3hjwZwPLqCUqY=\""
[2024-04-08T19:14:51.010Z] [INFO] [ApiClient260733074] : "User-Agent : Mozilla/5.0"
[2024-04-08T19:14:51.010Z] [INFO] [ApiClient260733074] : "************************  LOGGING END  ************************"
[2024-04-08T19:15:17.679Z] [INFO] [ApiClient778993783] : "Authentication Type : http_signature"
[2024-04-08T19:15:17.680Z] [INFO] [ApiClient778993783] : "Request Type : POST"
[2024-04-08T19:15:17.680Z] [INFO] [ApiClient778993783] : "signatureHeader : keyid=\"ea34b9a9-fc29-46df-90c2-f6446f285bb1\", algorithm=\"HmacSHA256\", headers=\"host date request-target digest v-c-merchant-id\", signature=\"P6ZwKp9/fMGWRjMZrENZLwMWyynco7Z4J7MCVyG0EQ4=\""
[2024-04-08T19:15:17.680Z] [INFO] [ApiClient778993783] : "digest : SHA-256=S+/eyozeNB2d7IYAp9PdUCVhgF5y7Y6IU3U+6octzrI="
[2024-04-08T19:15:17.680Z] [INFO] [ApiClient778993783] : "v-c-merchant-id : bc_5808459559"
[2024-04-08T19:15:17.680Z] [INFO] [ApiClient778993783] : "date : Mon, 08 Apr 2024 19:15:17 GMT"
[2024-04-08T19:15:17.680Z] [INFO] [ApiClient778993783] : "host : apitest.cybersource.com"
[2024-04-08T19:15:17.680Z] [INFO] [ApiClient778993783] : "signature : keyid=\"ea34b9a9-fc29-46df-90c2-f6446f285bb1\", algorithm=\"HmacSHA256\", headers=\"host date request-target digest v-c-merchant-id\", signature=\"P6ZwKp9/fMGWRjMZrENZLwMWyynco7Z4J7MCVyG0EQ4=\""
[2024-04-08T19:15:17.680Z] [INFO] [ApiClient778993783] : "User-Agent : Mozilla/5.0"
[2024-04-08T19:15:17.680Z] [INFO] [ApiClient778993783] : "************************  LOGGING END  ************************"
[2024-04-08T19:15:17.677Z] [INFO] [MerchantConfig807484730] : "************************ LOGGING START ************************"
[2024-04-08T19:19:13.358Z] [INFO] [MerchantConfig433582411] : "************************ LOGGING START ************************"
[2024-04-08T19:19:13.362Z] [INFO] [ApiClient288820084] : "Authentication Type : http_signature"
[2024-04-08T19:19:13.363Z] [INFO] [ApiClient288820084] : "Request Type : POST"
[2024-04-08T19:19:13.363Z] [INFO] [ApiClient288820084] : "signatureHeader : keyid=\"ea34b9a9-fc29-46df-90c2-f6446f285bb1\", algorithm=\"HmacSHA256\", headers=\"host date request-target digest v-c-merchant-id\", signature=\"aG5FYlz2hPXSJZB8KHToNSPVRvXGQrYS6nk9w9DPicI=\""
[2024-04-08T19:19:13.364Z] [INFO] [ApiClient288820084] : "digest : SHA-256=5RdgJNminhAgvo5eyxmbZ1CuwUYmziqD0ZPgbCqUWaI="
[2024-04-08T19:19:13.364Z] [INFO] [ApiClient288820084] : "v-c-merchant-id : bc_5808459559"
[2024-04-08T19:19:13.364Z] [INFO] [ApiClient288820084] : "date : Mon, 08 Apr 2024 19:19:13 GMT"
[2024-04-08T19:19:13.364Z] [INFO] [ApiClient288820084] : "host : apitest.cybersource.com"
[2024-04-08T19:19:13.364Z] [INFO] [ApiClient288820084] : "signature : keyid=\"ea34b9a9-fc29-46df-90c2-f6446f285bb1\", algorithm=\"HmacSHA256\", headers=\"host date request-target digest v-c-merchant-id\", signature=\"aG5FYlz2hPXSJZB8KHToNSPVRvXGQrYS6nk9w9DPicI=\""
[2024-04-08T19:19:13.365Z] [INFO] [ApiClient288820084] : "User-Agent : Mozilla/5.0"
[2024-04-08T19:19:13.365Z] [INFO] [ApiClient288820084] : "************************  LOGGING END  ************************"
[2024-04-08T19:20:03.084Z] [INFO] [MerchantConfig935588341] : "************************ LOGGING START ************************"
[2024-04-08T19:20:03.088Z] [INFO] [ApiClient244170216] : "Authentication Type : http_signature"
[2024-04-08T19:20:03.088Z] [INFO] [ApiClient244170216] : "Request Type : POST"
[2024-04-08T19:20:03.088Z] [INFO] [ApiClient244170216] : "signatureHeader : keyid=\"ea34b9a9-fc29-46df-90c2-f6446f285bb1\", algorithm=\"HmacSHA256\", headers=\"host date request-target digest v-c-merchant-id\", signature=\"4iVfL+S9SvRiU4rcdEckKinILh3t6efrYrjNBgFtZ9A=\""
[2024-04-08T19:20:03.089Z] [INFO] [ApiClient244170216] : "digest : SHA-256=j1su/jDqSg9Rfk8z6QvDZIqL1pzHVMAyymqmMBeZsKQ="
[2024-04-08T19:20:03.089Z] [INFO] [ApiClient244170216] : "v-c-merchant-id : bc_5808459559"
[2024-04-08T19:20:03.089Z] [INFO] [ApiClient244170216] : "date : Mon, 08 Apr 2024 19:20:03 GMT"
[2024-04-08T19:20:03.089Z] [INFO] [ApiClient244170216] : "host : apitest.cybersource.com"
[2024-04-08T19:20:03.089Z] [INFO] [ApiClient244170216] : "signature : keyid=\"ea34b9a9-fc29-46df-90c2-f6446f285bb1\", algorithm=\"HmacSHA256\", headers=\"host date request-target digest v-c-merchant-id\", signature=\"4iVfL+S9SvRiU4rcdEckKinILh3t6efrYrjNBgFtZ9A=\""
[2024-04-08T19:20:03.089Z] [INFO] [ApiClient244170216] : "User-Agent : Mozilla/5.0"
[2024-04-08T19:20:03.089Z] [INFO] [ApiClient244170216] : "************************  LOGGING END  ************************"
[2024-04-08T19:22:13.545Z] [INFO] [MerchantConfig350546488] : "************************ LOGGING START ************************"
[2024-04-08T19:22:13.546Z] [INFO] [ApiClient597926895] : "Authentication Type : http_signature"
[2024-04-08T19:22:13.546Z] [INFO] [ApiClient597926895] : "Request Type : POST"
[2024-04-08T19:22:13.547Z] [INFO] [ApiClient597926895] : "signatureHeader : keyid=\"ea34b9a9-fc29-46df-90c2-f6446f285bb1\", algorithm=\"HmacSHA256\", headers=\"host date request-target digest v-c-merchant-id\", signature=\"E/6GmbN3hn5zO8U6h3CLnNdaW+RJRXREs4NYzvPHfPc=\""
[2024-04-08T19:22:13.547Z] [INFO] [ApiClient597926895] : "digest : SHA-256=1d9jWsogtCQFPWhr79ku1ApiTHKOjp56t/b756XodOo="
[2024-04-08T19:22:13.547Z] [INFO] [ApiClient597926895] : "v-c-merchant-id : bc_5808459559"
[2024-04-08T19:22:13.547Z] [INFO] [ApiClient597926895] : "date : Mon, 08 Apr 2024 19:22:13 GMT"
[2024-04-08T19:22:13.547Z] [INFO] [ApiClient597926895] : "host : apitest.cybersource.com"
[2024-04-08T19:22:13.547Z] [INFO] [ApiClient597926895] : "signature : keyid=\"ea34b9a9-fc29-46df-90c2-f6446f285bb1\", algorithm=\"HmacSHA256\", headers=\"host date request-target digest v-c-merchant-id\", signature=\"E/6GmbN3hn5zO8U6h3CLnNdaW+RJRXREs4NYzvPHfPc=\""
[2024-04-08T19:22:13.547Z] [INFO] [ApiClient597926895] : "User-Agent : Mozilla/5.0"
[2024-04-08T19:22:13.547Z] [INFO] [ApiClient597926895] : "************************  LOGGING END  ************************"
[2024-04-08T19:23:27.342Z] [INFO] [MerchantConfig137256099] : "************************ LOGGING START ************************"
[2024-04-08T19:23:27.346Z] [INFO] [ApiClient659434719] : "Authentication Type : http_signature"
[2024-04-08T19:23:27.347Z] [INFO] [ApiClient659434719] : "Request Type : POST"
[2024-04-08T19:23:27.347Z] [INFO] [ApiClient659434719] : "signatureHeader : keyid=\"ea34b9a9-fc29-46df-90c2-f6446f285bb1\", algorithm=\"HmacSHA256\", headers=\"host date request-target digest v-c-merchant-id\", signature=\"ZCa+8VybnBDJVJqj8Urt82lu1W/EXUN+d9mF7lmfI1c=\""
[2024-04-08T19:23:27.347Z] [INFO] [ApiClient659434719] : "digest : SHA-256=fvdeoArcA9DaVsRrclIphSAwDopMY5yd22n7SFxWpG8="
[2024-04-08T19:23:27.347Z] [INFO] [ApiClient659434719] : "v-c-merchant-id : bc_5808459559"
[2024-04-08T19:23:27.347Z] [INFO] [ApiClient659434719] : "date : Mon, 08 Apr 2024 19:23:27 GMT"
[2024-04-08T19:23:27.347Z] [INFO] [ApiClient659434719] : "host : apitest.cybersource.com"
[2024-04-08T19:23:27.347Z] [INFO] [ApiClient659434719] : "signature : keyid=\"ea34b9a9-fc29-46df-90c2-f6446f285bb1\", algorithm=\"HmacSHA256\", headers=\"host date request-target digest v-c-merchant-id\", signature=\"ZCa+8VybnBDJVJqj8Urt82lu1W/EXUN+d9mF7lmfI1c=\""
[2024-04-08T19:23:27.347Z] [INFO] [ApiClient659434719] : "User-Agent : Mozilla/5.0"
[2024-04-08T19:23:27.347Z] [INFO] [ApiClient659434719] : "************************  LOGGING END  ************************"
