[2024-05-17T14:21:28.234Z] [INFO] [MerchantConfig148396662] : "************************ LOGGING START ************************"
[2024-05-17T14:21:28.239Z] [INFO] [ApiClient412889935] : "Authentication Type : http_signature"
[2024-05-17T14:21:28.239Z] [INFO] [ApiClient412889935] : "Request Type : POST"
[2024-05-17T14:21:28.242Z] [INFO] [ApiClient412889935] : "signatureHeader : keyid=\"ea34b9a9-fc29-46df-90c2-f6446f285bb1\", algorithm=\"HmacSHA256\", headers=\"host date request-target digest v-c-merchant-id\", signature=\"nzF58mU1hID1aJkSfgEs4KZ+AuvhZC/GoVaMVsbuyeU=\""
[2024-05-17T14:21:28.242Z] [INFO] [ApiClient412889935] : "digest : SHA-256=xzje6Ung63B2DrWb6a1mgWam5syDuMO5TV/Bc1JVmJ4="
[2024-05-17T14:21:28.242Z] [INFO] [ApiClient412889935] : "v-c-merchant-id : bc_5808459559"
[2024-05-17T14:21:28.242Z] [INFO] [ApiClient412889935] : "date : Fri, 17 May 2024 14:21:28 GMT"
[2024-05-17T14:21:28.242Z] [INFO] [ApiClient412889935] : "host : apitest.cybersource.com"
[2024-05-17T14:21:28.242Z] [INFO] [ApiClient412889935] : "signature : keyid=\"ea34b9a9-fc29-46df-90c2-f6446f285bb1\", algorithm=\"HmacSHA256\", headers=\"host date request-target digest v-c-merchant-id\", signature=\"nzF58mU1hID1aJkSfgEs4KZ+AuvhZC/GoVaMVsbuyeU=\""
[2024-05-17T14:21:28.243Z] [INFO] [ApiClient412889935] : "User-Agent : Mozilla/5.0"
[2024-05-17T14:21:28.243Z] [INFO] [ApiClient412889935] : "************************  LOGGING END  ************************"
[2024-05-17T14:33:03.293Z] [INFO] [MerchantConfig504615810] : "************************ LOGGING START ************************"
[2024-05-17T14:33:03.298Z] [INFO] [ApiClient244034347] : "Authentication Type : http_signature"
[2024-05-17T14:33:03.298Z] [INFO] [ApiClient244034347] : "Request Type : POST"
[2024-05-17T14:33:03.299Z] [INFO] [ApiClient244034347] : "signatureHeader : keyid=\"ea34b9a9-fc29-46df-90c2-f6446f285bb1\", algorithm=\"HmacSHA256\", headers=\"host date request-target digest v-c-merchant-id\", signature=\"L3F+i3BVOnumoGd5L8Zu47HaiMirtavt+Xxulk1WSAk=\""
[2024-05-17T14:33:03.299Z] [INFO] [ApiClient244034347] : "digest : SHA-256=ILhJtefcXmVBbWe4MOkbpGlnERK+CIYTsqJYM6dqiTE="
[2024-05-17T14:33:03.299Z] [INFO] [ApiClient244034347] : "v-c-merchant-id : bc_5808459559"
[2024-05-17T14:33:03.299Z] [INFO] [ApiClient244034347] : "date : Fri, 17 May 2024 14:33:03 GMT"
[2024-05-17T14:33:03.300Z] [INFO] [ApiClient244034347] : "host : apitest.cybersource.com"
[2024-05-17T14:33:03.300Z] [INFO] [ApiClient244034347] : "signature : keyid=\"ea34b9a9-fc29-46df-90c2-f6446f285bb1\", algorithm=\"HmacSHA256\", headers=\"host date request-target digest v-c-merchant-id\", signature=\"L3F+i3BVOnumoGd5L8Zu47HaiMirtavt+Xxulk1WSAk=\""
[2024-05-17T14:33:03.300Z] [INFO] [ApiClient244034347] : "User-Agent : Mozilla/5.0"
[2024-05-17T14:33:03.300Z] [INFO] [ApiClient244034347] : "************************  LOGGING END  ************************"
[2024-05-17T14:33:05.892Z] [INFO] [MerchantConfig141401806] : "************************ LOGGING START ************************"
[2024-05-17T14:33:05.893Z] [INFO] [ApiClient382384777] : "Authentication Type : http_signature"
[2024-05-17T14:33:05.894Z] [INFO] [ApiClient382384777] : "Request Type : POST"
[2024-05-17T14:33:05.894Z] [INFO] [ApiClient382384777] : "signatureHeader : keyid=\"ea34b9a9-fc29-46df-90c2-f6446f285bb1\", algorithm=\"HmacSHA256\", headers=\"host date request-target digest v-c-merchant-id\", signature=\"eOcJHZ7BI8BYn1ApISwfQZy7rXMHzZu6IXE4JD65DaM=\""
[2024-05-17T14:33:05.894Z] [INFO] [ApiClient382384777] : "digest : SHA-256=2NRS8Euj1BF+c5EcKUHhxEka9EcCAYc38QWTFzEKi68="
[2024-05-17T14:33:05.894Z] [INFO] [ApiClient382384777] : "v-c-merchant-id : bc_5808459559"
[2024-05-17T14:33:05.894Z] [INFO] [ApiClient382384777] : "date : Fri, 17 May 2024 14:33:05 GMT"
[2024-05-17T14:33:05.894Z] [INFO] [ApiClient382384777] : "host : apitest.cybersource.com"
[2024-05-17T14:33:05.895Z] [INFO] [ApiClient382384777] : "signature : keyid=\"ea34b9a9-fc29-46df-90c2-f6446f285bb1\", algorithm=\"HmacSHA256\", headers=\"host date request-target digest v-c-merchant-id\", signature=\"eOcJHZ7BI8BYn1ApISwfQZy7rXMHzZu6IXE4JD65DaM=\""
[2024-05-17T14:33:05.895Z] [INFO] [ApiClient382384777] : "User-Agent : Mozilla/5.0"
[2024-05-17T14:33:05.895Z] [INFO] [ApiClient382384777] : "************************  LOGGING END  ************************"
[2024-05-17T14:34:09.535Z] [INFO] [MerchantConfig437268929] : "************************ LOGGING START ************************"
[2024-05-17T14:34:09.538Z] [INFO] [ApiClient306200961] : "Authentication Type : http_signature"
[2024-05-17T14:34:09.538Z] [INFO] [ApiClient306200961] : "Request Type : POST"
[2024-05-17T14:34:09.539Z] [INFO] [ApiClient306200961] : "signatureHeader : keyid=\"ea34b9a9-fc29-46df-90c2-f6446f285bb1\", algorithm=\"HmacSHA256\", headers=\"host date request-target digest v-c-merchant-id\", signature=\"f4kynMLaOLO2L0Hf7vKCoUy/GLUsuSvpiUo6uh8MiCk=\""
[2024-05-17T14:34:09.539Z] [INFO] [ApiClient306200961] : "digest : SHA-256=ILhJtefcXmVBbWe4MOkbpGlnERK+CIYTsqJYM6dqiTE="
[2024-05-17T14:34:09.539Z] [INFO] [ApiClient306200961] : "v-c-merchant-id : bc_5808459559"
[2024-05-17T14:34:09.539Z] [INFO] [ApiClient306200961] : "date : Fri, 17 May 2024 14:34:09 GMT"
[2024-05-17T14:34:09.539Z] [INFO] [ApiClient306200961] : "host : apitest.cybersource.com"
[2024-05-17T14:34:09.539Z] [INFO] [ApiClient306200961] : "signature : keyid=\"ea34b9a9-fc29-46df-90c2-f6446f285bb1\", algorithm=\"HmacSHA256\", headers=\"host date request-target digest v-c-merchant-id\", signature=\"f4kynMLaOLO2L0Hf7vKCoUy/GLUsuSvpiUo6uh8MiCk=\""
[2024-05-17T14:34:09.539Z] [INFO] [ApiClient306200961] : "User-Agent : Mozilla/5.0"
[2024-05-17T14:34:09.539Z] [INFO] [ApiClient306200961] : "************************  LOGGING END  ************************"
[2024-05-17T14:34:11.476Z] [INFO] [ApiClient828009340] : "Authentication Type : http_signature"
[2024-05-17T14:34:11.477Z] [INFO] [ApiClient828009340] : "Request Type : POST"
[2024-05-17T14:34:11.477Z] [INFO] [ApiClient828009340] : "signatureHeader : keyid=\"ea34b9a9-fc29-46df-90c2-f6446f285bb1\", algorithm=\"HmacSHA256\", headers=\"host date request-target digest v-c-merchant-id\", signature=\"GnZNVmMwiKSOnfAWPiyliIH0eAWD1hLBjToaz9WQuYQ=\""
[2024-05-17T14:34:11.477Z] [INFO] [ApiClient828009340] : "digest : SHA-256=bAR7KXYCR8lN2RVAjlvyK8VgbEFHPVUx3MifpPI2sTw="
[2024-05-17T14:34:11.477Z] [INFO] [ApiClient828009340] : "v-c-merchant-id : bc_5808459559"
[2024-05-17T14:34:11.477Z] [INFO] [ApiClient828009340] : "date : Fri, 17 May 2024 14:34:11 GMT"
[2024-05-17T14:34:11.477Z] [INFO] [ApiClient828009340] : "host : apitest.cybersource.com"
[2024-05-17T14:34:11.477Z] [INFO] [ApiClient828009340] : "signature : keyid=\"ea34b9a9-fc29-46df-90c2-f6446f285bb1\", algorithm=\"HmacSHA256\", headers=\"host date request-target digest v-c-merchant-id\", signature=\"GnZNVmMwiKSOnfAWPiyliIH0eAWD1hLBjToaz9WQuYQ=\""
[2024-05-17T14:34:11.477Z] [INFO] [ApiClient828009340] : "User-Agent : Mozilla/5.0"
[2024-05-17T14:34:11.477Z] [INFO] [ApiClient828009340] : "************************  LOGGING END  ************************"
[2024-05-17T14:34:11.469Z] [INFO] [MerchantConfig240393608] : "************************ LOGGING START ************************"
[2024-05-17T14:46:02.930Z] [INFO] [ApiClient934564596] : "Authentication Type : http_signature"
[2024-05-17T14:46:02.926Z] [INFO] [MerchantConfig752746271] : "************************ LOGGING START ************************"
[2024-05-17T14:46:02.930Z] [INFO] [ApiClient934564596] : "Request Type : POST"
[2024-05-17T14:46:02.932Z] [INFO] [ApiClient934564596] : "signatureHeader : keyid=\"ea34b9a9-fc29-46df-90c2-f6446f285bb1\", algorithm=\"HmacSHA256\", headers=\"host date request-target digest v-c-merchant-id\", signature=\"TWocOdTrQAeyCzH4chHG568vO8mKql62eVn6fZzcsCw=\""
[2024-05-17T14:46:02.932Z] [INFO] [ApiClient934564596] : "digest : SHA-256=iJaWIS890kKwEz9T5TD2tQUOy32EAkTMWNCHLGElC6k="
[2024-05-17T14:46:02.932Z] [INFO] [ApiClient934564596] : "v-c-merchant-id : bc_5808459559"
[2024-05-17T14:46:02.932Z] [INFO] [ApiClient934564596] : "date : Fri, 17 May 2024 14:46:02 GMT"
[2024-05-17T14:46:02.932Z] [INFO] [ApiClient934564596] : "host : apitest.cybersource.com"
[2024-05-17T14:46:02.932Z] [INFO] [ApiClient934564596] : "signature : keyid=\"ea34b9a9-fc29-46df-90c2-f6446f285bb1\", algorithm=\"HmacSHA256\", headers=\"host date request-target digest v-c-merchant-id\", signature=\"TWocOdTrQAeyCzH4chHG568vO8mKql62eVn6fZzcsCw=\""
[2024-05-17T14:46:02.933Z] [INFO] [ApiClient934564596] : "User-Agent : Mozilla/5.0"
[2024-05-17T14:46:02.933Z] [INFO] [ApiClient934564596] : "************************  LOGGING END  ************************"
[2024-05-17T14:46:05.467Z] [INFO] [MerchantConfig263806944] : "************************ LOGGING START ************************"
[2024-05-17T14:46:05.468Z] [INFO] [ApiClient115600518] : "Authentication Type : http_signature"
[2024-05-17T14:46:05.468Z] [INFO] [ApiClient115600518] : "Request Type : POST"
[2024-05-17T14:46:05.468Z] [INFO] [ApiClient115600518] : "signatureHeader : keyid=\"ea34b9a9-fc29-46df-90c2-f6446f285bb1\", algorithm=\"HmacSHA256\", headers=\"host date request-target digest v-c-merchant-id\", signature=\"RZvSwwToTcr5ExYFiDzraSPsXkyAqKeBtuup+RVgIDY=\""
[2024-05-17T14:46:05.468Z] [INFO] [ApiClient115600518] : "digest : SHA-256=70YOpGKy+HVqjUxgtHTwyqZ7dIA7gmF9EAqtzMeJ4MA="
[2024-05-17T14:46:05.468Z] [INFO] [ApiClient115600518] : "v-c-merchant-id : bc_5808459559"
[2024-05-17T14:46:05.468Z] [INFO] [ApiClient115600518] : "date : Fri, 17 May 2024 14:46:05 GMT"
[2024-05-17T14:46:05.468Z] [INFO] [ApiClient115600518] : "host : apitest.cybersource.com"
[2024-05-17T14:46:05.468Z] [INFO] [ApiClient115600518] : "signature : keyid=\"ea34b9a9-fc29-46df-90c2-f6446f285bb1\", algorithm=\"HmacSHA256\", headers=\"host date request-target digest v-c-merchant-id\", signature=\"RZvSwwToTcr5ExYFiDzraSPsXkyAqKeBtuup+RVgIDY=\""
[2024-05-17T14:46:05.468Z] [INFO] [ApiClient115600518] : "User-Agent : Mozilla/5.0"
[2024-05-17T14:46:05.468Z] [INFO] [ApiClient115600518] : "************************  LOGGING END  ************************"
[2024-05-17T14:56:29.570Z] [INFO] [MerchantConfig753007869] : "************************ LOGGING START ************************"
[2024-05-17T14:56:29.572Z] [INFO] [ApiClient370993142] : "Authentication Type : http_signature"
[2024-05-17T14:56:29.572Z] [INFO] [ApiClient370993142] : "Request Type : POST"
[2024-05-17T14:56:29.572Z] [INFO] [ApiClient370993142] : "signatureHeader : keyid=\"ea34b9a9-fc29-46df-90c2-f6446f285bb1\", algorithm=\"HmacSHA256\", headers=\"host date request-target digest v-c-merchant-id\", signature=\"kae3jiQyZuLfkWMWBYesDQ2m8d6+AA+63DxbDNmikGM=\""
[2024-05-17T14:56:29.572Z] [INFO] [ApiClient370993142] : "digest : SHA-256=ILhJtefcXmVBbWe4MOkbpGlnERK+CIYTsqJYM6dqiTE="
[2024-05-17T14:56:29.572Z] [INFO] [ApiClient370993142] : "v-c-merchant-id : bc_5808459559"
[2024-05-17T14:56:29.572Z] [INFO] [ApiClient370993142] : "date : Fri, 17 May 2024 14:56:29 GMT"
[2024-05-17T14:56:29.572Z] [INFO] [ApiClient370993142] : "host : apitest.cybersource.com"
[2024-05-17T14:56:29.572Z] [INFO] [ApiClient370993142] : "signature : keyid=\"ea34b9a9-fc29-46df-90c2-f6446f285bb1\", algorithm=\"HmacSHA256\", headers=\"host date request-target digest v-c-merchant-id\", signature=\"kae3jiQyZuLfkWMWBYesDQ2m8d6+AA+63DxbDNmikGM=\""
[2024-05-17T14:56:29.572Z] [INFO] [ApiClient370993142] : "User-Agent : Mozilla/5.0"
[2024-05-17T14:56:29.572Z] [INFO] [ApiClient370993142] : "************************  LOGGING END  ************************"
[2024-05-17T14:56:31.621Z] [INFO] [ApiClient84677006] : "Authentication Type : http_signature"
[2024-05-17T14:56:31.621Z] [INFO] [ApiClient84677006] : "Request Type : POST"
[2024-05-17T14:56:31.622Z] [INFO] [ApiClient84677006] : "signatureHeader : keyid=\"ea34b9a9-fc29-46df-90c2-f6446f285bb1\", algorithm=\"HmacSHA256\", headers=\"host date request-target digest v-c-merchant-id\", signature=\"+oh/1ArcAy7KdbQlHG1XqeZcQFzPisfnbTWIUFW07LA=\""
[2024-05-17T14:56:31.622Z] [INFO] [ApiClient84677006] : "digest : SHA-256=BHgs4gF/BnxOs2VANNR/9j645jrVCHJTuX+ankOK5TU="
[2024-05-17T14:56:31.622Z] [INFO] [ApiClient84677006] : "v-c-merchant-id : bc_5808459559"
[2024-05-17T14:56:31.622Z] [INFO] [ApiClient84677006] : "date : Fri, 17 May 2024 14:56:31 GMT"
[2024-05-17T14:56:31.622Z] [INFO] [ApiClient84677006] : "host : apitest.cybersource.com"
[2024-05-17T14:56:31.622Z] [INFO] [ApiClient84677006] : "signature : keyid=\"ea34b9a9-fc29-46df-90c2-f6446f285bb1\", algorithm=\"HmacSHA256\", headers=\"host date request-target digest v-c-merchant-id\", signature=\"+oh/1ArcAy7KdbQlHG1XqeZcQFzPisfnbTWIUFW07LA=\""
[2024-05-17T14:56:31.622Z] [INFO] [ApiClient84677006] : "User-Agent : Mozilla/5.0"
[2024-05-17T14:56:31.622Z] [INFO] [ApiClient84677006] : "************************  LOGGING END  ************************"
[2024-05-17T14:56:31.618Z] [INFO] [MerchantConfig219870246] : "************************ LOGGING START ************************"
[2024-05-17T14:59:05.964Z] [INFO] [ApiClient254917642] : "Authentication Type : http_signature"
[2024-05-17T14:59:05.964Z] [INFO] [ApiClient254917642] : "Request Type : POST"
[2024-05-17T14:59:05.964Z] [INFO] [ApiClient254917642] : "signatureHeader : keyid=\"ea34b9a9-fc29-46df-90c2-f6446f285bb1\", algorithm=\"HmacSHA256\", headers=\"host date request-target digest v-c-merchant-id\", signature=\"DYdtoF+Cpk8pV5XeBYuC6YDBHBArSJNS41t1vXY6FUE=\""
[2024-05-17T14:59:05.964Z] [INFO] [ApiClient254917642] : "digest : SHA-256=iJaWIS890kKwEz9T5TD2tQUOy32EAkTMWNCHLGElC6k="
[2024-05-17T14:59:05.964Z] [INFO] [ApiClient254917642] : "v-c-merchant-id : bc_5808459559"
[2024-05-17T14:59:05.964Z] [INFO] [ApiClient254917642] : "date : Fri, 17 May 2024 14:59:05 GMT"
[2024-05-17T14:59:05.964Z] [INFO] [ApiClient254917642] : "host : apitest.cybersource.com"
[2024-05-17T14:59:05.964Z] [INFO] [ApiClient254917642] : "signature : keyid=\"ea34b9a9-fc29-46df-90c2-f6446f285bb1\", algorithm=\"HmacSHA256\", headers=\"host date request-target digest v-c-merchant-id\", signature=\"DYdtoF+Cpk8pV5XeBYuC6YDBHBArSJNS41t1vXY6FUE=\""
[2024-05-17T14:59:05.964Z] [INFO] [ApiClient254917642] : "User-Agent : Mozilla/5.0"
[2024-05-17T14:59:05.964Z] [INFO] [ApiClient254917642] : "************************  LOGGING END  ************************"
[2024-05-17T14:59:05.962Z] [INFO] [MerchantConfig851320753] : "************************ LOGGING START ************************"
[2024-05-17T14:59:08.335Z] [INFO] [MerchantConfig508206668] : "************************ LOGGING START ************************"
[2024-05-17T14:59:08.337Z] [INFO] [ApiClient822833803] : "Authentication Type : http_signature"
[2024-05-17T14:59:08.337Z] [INFO] [ApiClient822833803] : "Request Type : POST"
[2024-05-17T14:59:08.338Z] [INFO] [ApiClient822833803] : "signatureHeader : keyid=\"ea34b9a9-fc29-46df-90c2-f6446f285bb1\", algorithm=\"HmacSHA256\", headers=\"host date request-target digest v-c-merchant-id\", signature=\"IuHZ4XDI5fZ1Y+qDfyKlogD5EmnGygAtNKNhgALcRJI=\""
[2024-05-17T14:59:08.338Z] [INFO] [ApiClient822833803] : "digest : SHA-256=vA0MDGatCr8ZCUMpDt5FY2JfkStb65Ulc4xQtsZ4iC4="
[2024-05-17T14:59:08.338Z] [INFO] [ApiClient822833803] : "v-c-merchant-id : bc_5808459559"
[2024-05-17T14:59:08.338Z] [INFO] [ApiClient822833803] : "date : Fri, 17 May 2024 14:59:08 GMT"
[2024-05-17T14:59:08.338Z] [INFO] [ApiClient822833803] : "host : apitest.cybersource.com"
[2024-05-17T14:59:08.338Z] [INFO] [ApiClient822833803] : "signature : keyid=\"ea34b9a9-fc29-46df-90c2-f6446f285bb1\", algorithm=\"HmacSHA256\", headers=\"host date request-target digest v-c-merchant-id\", signature=\"IuHZ4XDI5fZ1Y+qDfyKlogD5EmnGygAtNKNhgALcRJI=\""
[2024-05-17T14:59:08.338Z] [INFO] [ApiClient822833803] : "User-Agent : Mozilla/5.0"
[2024-05-17T14:59:08.338Z] [INFO] [ApiClient822833803] : "************************  LOGGING END  ************************"
[2024-05-17T15:06:55.943Z] [INFO] [MerchantConfig152939817] : "************************ LOGGING START ************************"
[2024-05-17T15:06:55.944Z] [INFO] [ApiClient581137268] : "Authentication Type : http_signature"
[2024-05-17T15:06:55.944Z] [INFO] [ApiClient581137268] : "Request Type : POST"
[2024-05-17T15:06:55.945Z] [INFO] [ApiClient581137268] : "signatureHeader : keyid=\"ea34b9a9-fc29-46df-90c2-f6446f285bb1\", algorithm=\"HmacSHA256\", headers=\"host date request-target digest v-c-merchant-id\", signature=\"eIZIIPtr12lw7RFz1sDqVHlM37ZvnECYSVEr5ykdfcw=\""
[2024-05-17T15:06:55.945Z] [INFO] [ApiClient581137268] : "digest : SHA-256=ILhJtefcXmVBbWe4MOkbpGlnERK+CIYTsqJYM6dqiTE="
[2024-05-17T15:06:55.945Z] [INFO] [ApiClient581137268] : "v-c-merchant-id : bc_5808459559"
[2024-05-17T15:06:55.945Z] [INFO] [ApiClient581137268] : "date : Fri, 17 May 2024 15:06:55 GMT"
[2024-05-17T15:06:55.945Z] [INFO] [ApiClient581137268] : "host : apitest.cybersource.com"
[2024-05-17T15:06:55.945Z] [INFO] [ApiClient581137268] : "signature : keyid=\"ea34b9a9-fc29-46df-90c2-f6446f285bb1\", algorithm=\"HmacSHA256\", headers=\"host date request-target digest v-c-merchant-id\", signature=\"eIZIIPtr12lw7RFz1sDqVHlM37ZvnECYSVEr5ykdfcw=\""
[2024-05-17T15:06:55.945Z] [INFO] [ApiClient581137268] : "User-Agent : Mozilla/5.0"
[2024-05-17T15:06:55.945Z] [INFO] [ApiClient581137268] : "************************  LOGGING END  ************************"
[2024-05-17T15:06:58.013Z] [INFO] [MerchantConfig855720703] : "************************ LOGGING START ************************"
[2024-05-17T15:06:58.014Z] [INFO] [ApiClient606402655] : "Authentication Type : http_signature"
[2024-05-17T15:06:58.014Z] [INFO] [ApiClient606402655] : "Request Type : POST"
[2024-05-17T15:06:58.015Z] [INFO] [ApiClient606402655] : "signatureHeader : keyid=\"ea34b9a9-fc29-46df-90c2-f6446f285bb1\", algorithm=\"HmacSHA256\", headers=\"host date request-target digest v-c-merchant-id\", signature=\"bZ1m+v1oYL58xK93pLZHXjSQRolgfextpK1VxsVOGqE=\""
[2024-05-17T15:06:58.015Z] [INFO] [ApiClient606402655] : "digest : SHA-256=YTsOyMgHOBfCDTylKNAeOns9OiFetyycmuwpYz0kOL8="
[2024-05-17T15:06:58.015Z] [INFO] [ApiClient606402655] : "v-c-merchant-id : bc_5808459559"
[2024-05-17T15:06:58.015Z] [INFO] [ApiClient606402655] : "date : Fri, 17 May 2024 15:06:58 GMT"
[2024-05-17T15:06:58.015Z] [INFO] [ApiClient606402655] : "host : apitest.cybersource.com"
[2024-05-17T15:06:58.015Z] [INFO] [ApiClient606402655] : "signature : keyid=\"ea34b9a9-fc29-46df-90c2-f6446f285bb1\", algorithm=\"HmacSHA256\", headers=\"host date request-target digest v-c-merchant-id\", signature=\"bZ1m+v1oYL58xK93pLZHXjSQRolgfextpK1VxsVOGqE=\""
[2024-05-17T15:06:58.015Z] [INFO] [ApiClient606402655] : "User-Agent : Mozilla/5.0"
[2024-05-17T15:06:58.015Z] [INFO] [ApiClient606402655] : "************************  LOGGING END  ************************"
[2024-05-17T15:13:40.732Z] [INFO] [MerchantConfig498808344] : "************************ LOGGING START ************************"
[2024-05-17T15:13:40.735Z] [INFO] [ApiClient26492321] : "Authentication Type : http_signature"
[2024-05-17T15:13:40.735Z] [INFO] [ApiClient26492321] : "Request Type : POST"
[2024-05-17T15:13:40.736Z] [INFO] [ApiClient26492321] : "signatureHeader : keyid=\"ea34b9a9-fc29-46df-90c2-f6446f285bb1\", algorithm=\"HmacSHA256\", headers=\"host date request-target digest v-c-merchant-id\", signature=\"I6QaySq33sAGGdTl/m1wJRvZ6ukullZTTxrasMyIx9Q=\""
[2024-05-17T15:13:40.736Z] [INFO] [ApiClient26492321] : "digest : SHA-256=/uZPfgDbHMlw9gdh6oln4bKmhfN4QXRhSdEPoGrKOQ0="
[2024-05-17T15:13:40.736Z] [INFO] [ApiClient26492321] : "v-c-merchant-id : bc_5808459559"
[2024-05-17T15:13:40.736Z] [INFO] [ApiClient26492321] : "date : Fri, 17 May 2024 15:13:40 GMT"
[2024-05-17T15:13:40.736Z] [INFO] [ApiClient26492321] : "host : apitest.cybersource.com"
[2024-05-17T15:13:40.736Z] [INFO] [ApiClient26492321] : "signature : keyid=\"ea34b9a9-fc29-46df-90c2-f6446f285bb1\", algorithm=\"HmacSHA256\", headers=\"host date request-target digest v-c-merchant-id\", signature=\"I6QaySq33sAGGdTl/m1wJRvZ6ukullZTTxrasMyIx9Q=\""
[2024-05-17T15:13:40.736Z] [INFO] [ApiClient26492321] : "User-Agent : Mozilla/5.0"
[2024-05-17T15:13:40.736Z] [INFO] [ApiClient26492321] : "************************  LOGGING END  ************************"
[2024-05-17T15:13:42.950Z] [INFO] [MerchantConfig527005124] : "************************ LOGGING START ************************"
[2024-05-17T15:13:42.951Z] [INFO] [ApiClient351855802] : "Authentication Type : http_signature"
[2024-05-17T15:13:42.951Z] [INFO] [ApiClient351855802] : "Request Type : POST"
[2024-05-17T15:13:42.952Z] [INFO] [ApiClient351855802] : "signatureHeader : keyid=\"ea34b9a9-fc29-46df-90c2-f6446f285bb1\", algorithm=\"HmacSHA256\", headers=\"host date request-target digest v-c-merchant-id\", signature=\"aGGwZ/UyRP0Mgftw8pfXsWMkjKx8O3QwROdXaFjIHq8=\""
[2024-05-17T15:13:42.952Z] [INFO] [ApiClient351855802] : "digest : SHA-256=4ED6htAlhZzs3WvSnnNYYe1s+9YHM743mOpcwzzfGGM="
[2024-05-17T15:13:42.953Z] [INFO] [ApiClient351855802] : "v-c-merchant-id : bc_5808459559"
[2024-05-17T15:13:42.953Z] [INFO] [ApiClient351855802] : "date : Fri, 17 May 2024 15:13:42 GMT"
[2024-05-17T15:13:42.953Z] [INFO] [ApiClient351855802] : "host : apitest.cybersource.com"
[2024-05-17T15:13:42.953Z] [INFO] [ApiClient351855802] : "signature : keyid=\"ea34b9a9-fc29-46df-90c2-f6446f285bb1\", algorithm=\"HmacSHA256\", headers=\"host date request-target digest v-c-merchant-id\", signature=\"aGGwZ/UyRP0Mgftw8pfXsWMkjKx8O3QwROdXaFjIHq8=\""
[2024-05-17T15:13:42.953Z] [INFO] [ApiClient351855802] : "User-Agent : Mozilla/5.0"
[2024-05-17T15:13:42.953Z] [INFO] [ApiClient351855802] : "************************  LOGGING END  ************************"
[2024-05-17T15:17:10.756Z] [INFO] [MerchantConfig20368179] : "************************ LOGGING START ************************"
[2024-05-17T15:17:10.758Z] [INFO] [ApiClient445678311] : "Authentication Type : http_signature"
[2024-05-17T15:17:10.758Z] [INFO] [ApiClient445678311] : "Request Type : POST"
[2024-05-17T15:17:10.758Z] [INFO] [ApiClient445678311] : "signatureHeader : keyid=\"ea34b9a9-fc29-46df-90c2-f6446f285bb1\", algorithm=\"HmacSHA256\", headers=\"host date request-target digest v-c-merchant-id\", signature=\"dpM/XvvherVMbiOi2EaKjfakT4BKm/8p5kVVR03HmWI=\""
[2024-05-17T15:17:10.758Z] [INFO] [ApiClient445678311] : "digest : SHA-256=XR/nXbF3wRYi4U3TC8r2AbHw4ecJI/wz2kiazXWM3OA="
[2024-05-17T15:17:10.758Z] [INFO] [ApiClient445678311] : "v-c-merchant-id : bc_5808459559"
[2024-05-17T15:17:10.758Z] [INFO] [ApiClient445678311] : "date : Fri, 17 May 2024 15:17:10 GMT"
[2024-05-17T15:17:10.758Z] [INFO] [ApiClient445678311] : "host : apitest.cybersource.com"
[2024-05-17T15:17:10.758Z] [INFO] [ApiClient445678311] : "signature : keyid=\"ea34b9a9-fc29-46df-90c2-f6446f285bb1\", algorithm=\"HmacSHA256\", headers=\"host date request-target digest v-c-merchant-id\", signature=\"dpM/XvvherVMbiOi2EaKjfakT4BKm/8p5kVVR03HmWI=\""
[2024-05-17T15:17:10.758Z] [INFO] [ApiClient445678311] : "User-Agent : Mozilla/5.0"
[2024-05-17T15:17:10.758Z] [INFO] [ApiClient445678311] : "************************  LOGGING END  ************************"
[2024-05-17T15:17:12.328Z] [INFO] [MerchantConfig314606157] : "************************ LOGGING START ************************"
[2024-05-17T15:17:12.330Z] [INFO] [ApiClient934537513] : "Authentication Type : http_signature"
[2024-05-17T15:17:12.330Z] [INFO] [ApiClient934537513] : "Request Type : POST"
[2024-05-17T15:17:12.330Z] [INFO] [ApiClient934537513] : "signatureHeader : keyid=\"ea34b9a9-fc29-46df-90c2-f6446f285bb1\", algorithm=\"HmacSHA256\", headers=\"host date request-target digest v-c-merchant-id\", signature=\"U+OSmBTWHY//oqIXWlej8czCekBCPOdRHehd3vaC3J4=\""
[2024-05-17T15:17:12.331Z] [INFO] [ApiClient934537513] : "digest : SHA-256=98f8M+loRBZCrE/R/GWKdoJ3bjTDmRxic5CkPoeRo48="
[2024-05-17T15:17:12.331Z] [INFO] [ApiClient934537513] : "v-c-merchant-id : bc_5808459559"
[2024-05-17T15:17:12.331Z] [INFO] [ApiClient934537513] : "date : Fri, 17 May 2024 15:17:12 GMT"
[2024-05-17T15:17:12.331Z] [INFO] [ApiClient934537513] : "host : apitest.cybersource.com"
[2024-05-17T15:17:12.331Z] [INFO] [ApiClient934537513] : "signature : keyid=\"ea34b9a9-fc29-46df-90c2-f6446f285bb1\", algorithm=\"HmacSHA256\", headers=\"host date request-target digest v-c-merchant-id\", signature=\"U+OSmBTWHY//oqIXWlej8czCekBCPOdRHehd3vaC3J4=\""
[2024-05-17T15:17:12.331Z] [INFO] [ApiClient934537513] : "User-Agent : Mozilla/5.0"
[2024-05-17T15:17:12.331Z] [INFO] [ApiClient934537513] : "************************  LOGGING END  ************************"
[2024-05-17T15:24:52.872Z] [INFO] [MerchantConfig750649656] : "************************ LOGGING START ************************"
[2024-05-17T15:24:52.873Z] [INFO] [ApiClient605863456] : "Authentication Type : http_signature"
[2024-05-17T15:24:52.873Z] [INFO] [ApiClient605863456] : "Request Type : POST"
[2024-05-17T15:24:52.873Z] [INFO] [ApiClient605863456] : "signatureHeader : keyid=\"ea34b9a9-fc29-46df-90c2-f6446f285bb1\", algorithm=\"HmacSHA256\", headers=\"host date request-target digest v-c-merchant-id\", signature=\"vZTfR8KsLjqL+dsqAaGfQ9YxVI0izGgbZ8fl3Cx5L74=\""
[2024-05-17T15:24:52.873Z] [INFO] [ApiClient605863456] : "digest : SHA-256=xNQ/6L0QZZVwY+8SPqMQ90rSO4i7ikhorUIXOIW52mQ="
[2024-05-17T15:24:52.873Z] [INFO] [ApiClient605863456] : "v-c-merchant-id : bc_5808459559"
[2024-05-17T15:24:52.873Z] [INFO] [ApiClient605863456] : "date : Fri, 17 May 2024 15:24:52 GMT"
[2024-05-17T15:24:52.873Z] [INFO] [ApiClient605863456] : "host : apitest.cybersource.com"
[2024-05-17T15:24:52.873Z] [INFO] [ApiClient605863456] : "signature : keyid=\"ea34b9a9-fc29-46df-90c2-f6446f285bb1\", algorithm=\"HmacSHA256\", headers=\"host date request-target digest v-c-merchant-id\", signature=\"vZTfR8KsLjqL+dsqAaGfQ9YxVI0izGgbZ8fl3Cx5L74=\""
[2024-05-17T15:24:52.873Z] [INFO] [ApiClient605863456] : "User-Agent : Mozilla/5.0"
[2024-05-17T15:24:52.873Z] [INFO] [ApiClient605863456] : "************************  LOGGING END  ************************"
[2024-05-17T15:24:54.583Z] [INFO] [MerchantConfig179233688] : "************************ LOGGING START ************************"
[2024-05-17T15:24:54.584Z] [INFO] [ApiClient110329796] : "Authentication Type : http_signature"
[2024-05-17T15:24:54.585Z] [INFO] [ApiClient110329796] : "Request Type : POST"
[2024-05-17T15:24:54.585Z] [INFO] [ApiClient110329796] : "signatureHeader : keyid=\"ea34b9a9-fc29-46df-90c2-f6446f285bb1\", algorithm=\"HmacSHA256\", headers=\"host date request-target digest v-c-merchant-id\", signature=\"t1gvBeTKWEFsj1714E2IQri/czYpwJ7rEbohI/XobXQ=\""
[2024-05-17T15:24:54.585Z] [INFO] [ApiClient110329796] : "digest : SHA-256=Qa1onnS+N/UFUBR+2GB2ViA+l53040OYoI2PG9vdrdo="
[2024-05-17T15:24:54.585Z] [INFO] [ApiClient110329796] : "v-c-merchant-id : bc_5808459559"
[2024-05-17T15:24:54.585Z] [INFO] [ApiClient110329796] : "date : Fri, 17 May 2024 15:24:54 GMT"
[2024-05-17T15:24:54.585Z] [INFO] [ApiClient110329796] : "host : apitest.cybersource.com"
[2024-05-17T15:24:54.585Z] [INFO] [ApiClient110329796] : "signature : keyid=\"ea34b9a9-fc29-46df-90c2-f6446f285bb1\", algorithm=\"HmacSHA256\", headers=\"host date request-target digest v-c-merchant-id\", signature=\"t1gvBeTKWEFsj1714E2IQri/czYpwJ7rEbohI/XobXQ=\""
[2024-05-17T15:24:54.585Z] [INFO] [ApiClient110329796] : "User-Agent : Mozilla/5.0"
[2024-05-17T15:24:54.585Z] [INFO] [ApiClient110329796] : "************************  LOGGING END  ************************"
[2024-05-17T15:27:23.625Z] [INFO] [MerchantConfig467617182] : "************************ LOGGING START ************************"
[2024-05-17T15:27:23.631Z] [INFO] [ApiClient419649293] : "Authentication Type : http_signature"
[2024-05-17T15:27:23.631Z] [INFO] [ApiClient419649293] : "Request Type : POST"
[2024-05-17T15:27:23.632Z] [INFO] [ApiClient419649293] : "signatureHeader : keyid=\"ea34b9a9-fc29-46df-90c2-f6446f285bb1\", algorithm=\"HmacSHA256\", headers=\"host date request-target digest v-c-merchant-id\", signature=\"RdRdu/jyrLcuxBva+cYuofFqIrylQFmIITI4bYz3V18=\""
[2024-05-17T15:27:23.632Z] [INFO] [ApiClient419649293] : "digest : SHA-256=++FA0RSY+Dg8TTJmGLUX9mncPdvUCuONYhsH8PgWAhw="
[2024-05-17T15:27:23.633Z] [INFO] [ApiClient419649293] : "v-c-merchant-id : bc_5808459559"
[2024-05-17T15:27:23.633Z] [INFO] [ApiClient419649293] : "date : Fri, 17 May 2024 15:27:23 GMT"
[2024-05-17T15:27:23.633Z] [INFO] [ApiClient419649293] : "host : apitest.cybersource.com"
[2024-05-17T15:27:23.633Z] [INFO] [ApiClient419649293] : "signature : keyid=\"ea34b9a9-fc29-46df-90c2-f6446f285bb1\", algorithm=\"HmacSHA256\", headers=\"host date request-target digest v-c-merchant-id\", signature=\"RdRdu/jyrLcuxBva+cYuofFqIrylQFmIITI4bYz3V18=\""
[2024-05-17T15:27:23.633Z] [INFO] [ApiClient419649293] : "User-Agent : Mozilla/5.0"
[2024-05-17T15:27:23.633Z] [INFO] [ApiClient419649293] : "************************  LOGGING END  ************************"
[2024-05-17T15:27:26.536Z] [INFO] [ApiClient939679161] : "Authentication Type : http_signature"
[2024-05-17T15:27:26.536Z] [INFO] [ApiClient939679161] : "Request Type : POST"
[2024-05-17T15:27:26.536Z] [INFO] [ApiClient939679161] : "signatureHeader : keyid=\"ea34b9a9-fc29-46df-90c2-f6446f285bb1\", algorithm=\"HmacSHA256\", headers=\"host date request-target digest v-c-merchant-id\", signature=\"WEKpU7Oonp5YvjvkcCCkAhMruI33w0oeGxCcsW5+aA4=\""
[2024-05-17T15:27:26.536Z] [INFO] [ApiClient939679161] : "digest : SHA-256=QSgZBRjemq6gAmDkXwsP4RJSYzCkNjzUGd6D/kchaJM="
[2024-05-17T15:27:26.537Z] [INFO] [ApiClient939679161] : "v-c-merchant-id : bc_5808459559"
[2024-05-17T15:27:26.537Z] [INFO] [ApiClient939679161] : "date : Fri, 17 May 2024 15:27:26 GMT"
[2024-05-17T15:27:26.537Z] [INFO] [ApiClient939679161] : "host : apitest.cybersource.com"
[2024-05-17T15:27:26.537Z] [INFO] [ApiClient939679161] : "signature : keyid=\"ea34b9a9-fc29-46df-90c2-f6446f285bb1\", algorithm=\"HmacSHA256\", headers=\"host date request-target digest v-c-merchant-id\", signature=\"WEKpU7Oonp5YvjvkcCCkAhMruI33w0oeGxCcsW5+aA4=\""
[2024-05-17T15:27:26.537Z] [INFO] [ApiClient939679161] : "User-Agent : Mozilla/5.0"
[2024-05-17T15:27:26.537Z] [INFO] [ApiClient939679161] : "************************  LOGGING END  ************************"
[2024-05-17T15:27:26.534Z] [INFO] [MerchantConfig536102411] : "************************ LOGGING START ************************"
[2024-05-17T17:42:58.984Z] [INFO] [ApiClient421926570] : "Authentication Type : http_signature"
[2024-05-17T17:42:58.984Z] [INFO] [ApiClient421926570] : "Request Type : POST"
[2024-05-17T17:42:58.990Z] [INFO] [ApiClient421926570] : "signatureHeader : keyid=\"ea34b9a9-fc29-46df-90c2-f6446f285bb1\", algorithm=\"HmacSHA256\", headers=\"host date request-target digest v-c-merchant-id\", signature=\"gGyzKhhtVF6okNUpR8pXT/y5K2iR6TVZlhcE/+jjoE4=\""
[2024-05-17T17:42:58.990Z] [INFO] [ApiClient421926570] : "digest : SHA-256=++FA0RSY+Dg8TTJmGLUX9mncPdvUCuONYhsH8PgWAhw="
[2024-05-17T17:42:58.991Z] [INFO] [ApiClient421926570] : "v-c-merchant-id : bc_5808459559"
[2024-05-17T17:42:58.991Z] [INFO] [ApiClient421926570] : "date : Fri, 17 May 2024 17:42:58 GMT"
[2024-05-17T17:42:58.976Z] [INFO] [MerchantConfig957227960] : "************************ LOGGING START ************************"
[2024-05-17T17:42:58.991Z] [INFO] [ApiClient421926570] : "host : apitest.cybersource.com"
[2024-05-17T17:42:58.991Z] [INFO] [ApiClient421926570] : "signature : keyid=\"ea34b9a9-fc29-46df-90c2-f6446f285bb1\", algorithm=\"HmacSHA256\", headers=\"host date request-target digest v-c-merchant-id\", signature=\"gGyzKhhtVF6okNUpR8pXT/y5K2iR6TVZlhcE/+jjoE4=\""
[2024-05-17T17:42:58.991Z] [INFO] [ApiClient421926570] : "User-Agent : Mozilla/5.0"
[2024-05-17T17:42:58.991Z] [INFO] [ApiClient421926570] : "************************  LOGGING END  ************************"
[2024-05-17T17:43:01.689Z] [INFO] [MerchantConfig66912569] : "************************ LOGGING START ************************"
[2024-05-17T17:43:01.690Z] [INFO] [ApiClient376823859] : "Authentication Type : http_signature"
[2024-05-17T17:43:01.690Z] [INFO] [ApiClient376823859] : "Request Type : POST"
[2024-05-17T17:43:01.690Z] [INFO] [ApiClient376823859] : "signatureHeader : keyid=\"ea34b9a9-fc29-46df-90c2-f6446f285bb1\", algorithm=\"HmacSHA256\", headers=\"host date request-target digest v-c-merchant-id\", signature=\"nJ5sdvgXHscEOHZQxpyKGBEscoitSvj4Aeebr57abTc=\""
[2024-05-17T17:43:01.690Z] [INFO] [ApiClient376823859] : "digest : SHA-256=rrvpsmt+Tm7na3XkkSyTYPCeSzuvE9a8vIwIEeotCTA="
[2024-05-17T17:43:01.690Z] [INFO] [ApiClient376823859] : "v-c-merchant-id : bc_5808459559"
[2024-05-17T17:43:01.690Z] [INFO] [ApiClient376823859] : "date : Fri, 17 May 2024 17:43:01 GMT"
[2024-05-17T17:43:01.690Z] [INFO] [ApiClient376823859] : "host : apitest.cybersource.com"
[2024-05-17T17:43:01.690Z] [INFO] [ApiClient376823859] : "signature : keyid=\"ea34b9a9-fc29-46df-90c2-f6446f285bb1\", algorithm=\"HmacSHA256\", headers=\"host date request-target digest v-c-merchant-id\", signature=\"nJ5sdvgXHscEOHZQxpyKGBEscoitSvj4Aeebr57abTc=\""
[2024-05-17T17:43:01.691Z] [INFO] [ApiClient376823859] : "User-Agent : Mozilla/5.0"
[2024-05-17T17:43:01.691Z] [INFO] [ApiClient376823859] : "************************  LOGGING END  ************************"
[2024-05-17T17:44:49.125Z] [INFO] [ApiClient502376610] : "Authentication Type : http_signature"
[2024-05-17T17:44:49.125Z] [INFO] [ApiClient502376610] : "Request Type : POST"
[2024-05-17T17:44:49.125Z] [INFO] [ApiClient502376610] : "signatureHeader : keyid=\"ea34b9a9-fc29-46df-90c2-f6446f285bb1\", algorithm=\"HmacSHA256\", headers=\"host date request-target digest v-c-merchant-id\", signature=\"mP8hUHap6sCCaU6HRgiUDc+iuDzMHgunLFxX34ZrrL4=\""
[2024-05-17T17:44:49.125Z] [INFO] [ApiClient502376610] : "digest : SHA-256=++FA0RSY+Dg8TTJmGLUX9mncPdvUCuONYhsH8PgWAhw="
[2024-05-17T17:44:49.126Z] [INFO] [ApiClient502376610] : "v-c-merchant-id : bc_5808459559"
[2024-05-17T17:44:49.123Z] [INFO] [MerchantConfig902833304] : "************************ LOGGING START ************************"
[2024-05-17T17:44:49.126Z] [INFO] [ApiClient502376610] : "date : Fri, 17 May 2024 17:44:49 GMT"
[2024-05-17T17:44:49.126Z] [INFO] [ApiClient502376610] : "host : apitest.cybersource.com"
[2024-05-17T17:44:49.126Z] [INFO] [ApiClient502376610] : "signature : keyid=\"ea34b9a9-fc29-46df-90c2-f6446f285bb1\", algorithm=\"HmacSHA256\", headers=\"host date request-target digest v-c-merchant-id\", signature=\"mP8hUHap6sCCaU6HRgiUDc+iuDzMHgunLFxX34ZrrL4=\""
[2024-05-17T17:44:49.126Z] [INFO] [ApiClient502376610] : "User-Agent : Mozilla/5.0"
[2024-05-17T17:44:49.126Z] [INFO] [ApiClient502376610] : "************************  LOGGING END  ************************"
[2024-05-17T17:44:51.385Z] [INFO] [MerchantConfig763133984] : "************************ LOGGING START ************************"
[2024-05-17T17:44:51.387Z] [INFO] [ApiClient837316838] : "Authentication Type : http_signature"
[2024-05-17T17:44:51.387Z] [INFO] [ApiClient837316838] : "Request Type : POST"
[2024-05-17T17:44:51.387Z] [INFO] [ApiClient837316838] : "signatureHeader : keyid=\"ea34b9a9-fc29-46df-90c2-f6446f285bb1\", algorithm=\"HmacSHA256\", headers=\"host date request-target digest v-c-merchant-id\", signature=\"bp0tjln0OlALXtxILi4sQHRUoFN9dXfWESn7q7Vlcug=\""
[2024-05-17T17:44:51.388Z] [INFO] [ApiClient837316838] : "digest : SHA-256=DIJ8DE2tLPCp8XFSkIJilAIZ36QX+XPGQsUxeOVMsco="
[2024-05-17T17:44:51.388Z] [INFO] [ApiClient837316838] : "v-c-merchant-id : bc_5808459559"
[2024-05-17T17:44:51.388Z] [INFO] [ApiClient837316838] : "date : Fri, 17 May 2024 17:44:51 GMT"
[2024-05-17T17:44:51.388Z] [INFO] [ApiClient837316838] : "host : apitest.cybersource.com"
[2024-05-17T17:44:51.388Z] [INFO] [ApiClient837316838] : "signature : keyid=\"ea34b9a9-fc29-46df-90c2-f6446f285bb1\", algorithm=\"HmacSHA256\", headers=\"host date request-target digest v-c-merchant-id\", signature=\"bp0tjln0OlALXtxILi4sQHRUoFN9dXfWESn7q7Vlcug=\""
[2024-05-17T17:44:51.388Z] [INFO] [ApiClient837316838] : "User-Agent : Mozilla/5.0"
[2024-05-17T17:44:51.388Z] [INFO] [ApiClient837316838] : "************************  LOGGING END  ************************"
[2024-05-17T18:08:39.387Z] [INFO] [MerchantConfig719906558] : "************************ LOGGING START ************************"
[2024-05-17T18:08:39.390Z] [INFO] [ApiClient529393590] : "Authentication Type : http_signature"
[2024-05-17T18:08:39.390Z] [INFO] [ApiClient529393590] : "Request Type : POST"
[2024-05-17T18:08:39.391Z] [INFO] [ApiClient529393590] : "signatureHeader : keyid=\"ea34b9a9-fc29-46df-90c2-f6446f285bb1\", algorithm=\"HmacSHA256\", headers=\"host date request-target digest v-c-merchant-id\", signature=\"giAAJPgRx6Ep9a3uL8hi8R4BoQqN5M1x2wlKcpfvb5s=\""
[2024-05-17T18:08:39.391Z] [INFO] [ApiClient529393590] : "digest : SHA-256=b55INEQYMc3EceoJtaSCvf3EBGMN+gb1xV/6cnpmbB4="
[2024-05-17T18:08:39.391Z] [INFO] [ApiClient529393590] : "v-c-merchant-id : bc_5808459559"
[2024-05-17T18:08:39.391Z] [INFO] [ApiClient529393590] : "date : Fri, 17 May 2024 18:08:39 GMT"
[2024-05-17T18:08:39.391Z] [INFO] [ApiClient529393590] : "host : apitest.cybersource.com"
[2024-05-17T18:08:39.391Z] [INFO] [ApiClient529393590] : "signature : keyid=\"ea34b9a9-fc29-46df-90c2-f6446f285bb1\", algorithm=\"HmacSHA256\", headers=\"host date request-target digest v-c-merchant-id\", signature=\"giAAJPgRx6Ep9a3uL8hi8R4BoQqN5M1x2wlKcpfvb5s=\""
[2024-05-17T18:08:39.391Z] [INFO] [ApiClient529393590] : "User-Agent : Mozilla/5.0"
[2024-05-17T18:08:39.391Z] [INFO] [ApiClient529393590] : "************************  LOGGING END  ************************"
[2024-05-17T18:08:42.278Z] [INFO] [MerchantConfig571385388] : "************************ LOGGING START ************************"
[2024-05-17T18:08:42.283Z] [INFO] [ApiClient105450250] : "Authentication Type : http_signature"
[2024-05-17T18:08:42.284Z] [INFO] [ApiClient105450250] : "Request Type : POST"
[2024-05-17T18:08:42.284Z] [INFO] [ApiClient105450250] : "signatureHeader : keyid=\"ea34b9a9-fc29-46df-90c2-f6446f285bb1\", algorithm=\"HmacSHA256\", headers=\"host date request-target digest v-c-merchant-id\", signature=\"/s9+e2bqAGuyles+KYnahNt89BwTMF+MzlHPkNrdTrs=\""
[2024-05-17T18:08:42.286Z] [INFO] [ApiClient105450250] : "digest : SHA-256=Or23WGsq1CwF+eujO+IZZI1ZKIGisp3XyHeuwuw9oRQ="
[2024-05-17T18:08:42.289Z] [INFO] [ApiClient105450250] : "v-c-merchant-id : bc_5808459559"
[2024-05-17T18:08:42.290Z] [INFO] [ApiClient105450250] : "date : Fri, 17 May 2024 18:08:42 GMT"
[2024-05-17T18:08:42.290Z] [INFO] [ApiClient105450250] : "host : apitest.cybersource.com"
[2024-05-17T18:08:42.290Z] [INFO] [ApiClient105450250] : "signature : keyid=\"ea34b9a9-fc29-46df-90c2-f6446f285bb1\", algorithm=\"HmacSHA256\", headers=\"host date request-target digest v-c-merchant-id\", signature=\"/s9+e2bqAGuyles+KYnahNt89BwTMF+MzlHPkNrdTrs=\""
[2024-05-17T18:08:42.290Z] [INFO] [ApiClient105450250] : "User-Agent : Mozilla/5.0"
[2024-05-17T18:08:42.290Z] [INFO] [ApiClient105450250] : "************************  LOGGING END  ************************"
[2024-05-17T18:11:00.946Z] [INFO] [MerchantConfig326790621] : "************************ LOGGING START ************************"
[2024-05-17T18:11:00.947Z] [INFO] [ApiClient956106398] : "Authentication Type : http_signature"
[2024-05-17T18:11:00.947Z] [INFO] [ApiClient956106398] : "Request Type : POST"
[2024-05-17T18:11:00.947Z] [INFO] [ApiClient956106398] : "signatureHeader : keyid=\"ea34b9a9-fc29-46df-90c2-f6446f285bb1\", algorithm=\"HmacSHA256\", headers=\"host date request-target digest v-c-merchant-id\", signature=\"LVwFo3XVMR+aNcBeHvF/GeN85DPiRPv3pUcs0xtDu+o=\""
[2024-05-17T18:11:00.947Z] [INFO] [ApiClient956106398] : "digest : SHA-256=ohSkJaMyU2GIm3chj+6TECnWofl2f4c+8ZzxrQG7vaQ="
[2024-05-17T18:11:00.947Z] [INFO] [ApiClient956106398] : "v-c-merchant-id : bc_5808459559"
[2024-05-17T18:11:00.948Z] [INFO] [ApiClient956106398] : "date : Fri, 17 May 2024 18:11:00 GMT"
[2024-05-17T18:11:00.948Z] [INFO] [ApiClient956106398] : "host : apitest.cybersource.com"
[2024-05-17T18:11:00.948Z] [INFO] [ApiClient956106398] : "signature : keyid=\"ea34b9a9-fc29-46df-90c2-f6446f285bb1\", algorithm=\"HmacSHA256\", headers=\"host date request-target digest v-c-merchant-id\", signature=\"LVwFo3XVMR+aNcBeHvF/GeN85DPiRPv3pUcs0xtDu+o=\""
[2024-05-17T18:11:00.948Z] [INFO] [ApiClient956106398] : "User-Agent : Mozilla/5.0"
[2024-05-17T18:11:00.948Z] [INFO] [ApiClient956106398] : "************************  LOGGING END  ************************"
[2024-05-17T18:11:03.000Z] [INFO] [MerchantConfig923027678] : "************************ LOGGING START ************************"
[2024-05-17T18:11:03.001Z] [INFO] [ApiClient899006257] : "Authentication Type : http_signature"
[2024-05-17T18:11:03.001Z] [INFO] [ApiClient899006257] : "Request Type : POST"
[2024-05-17T18:11:03.001Z] [INFO] [ApiClient899006257] : "signatureHeader : keyid=\"ea34b9a9-fc29-46df-90c2-f6446f285bb1\", algorithm=\"HmacSHA256\", headers=\"host date request-target digest v-c-merchant-id\", signature=\"dLLGYPoeAMDTlrK1z85blkEJuJuQtgpvCJMqAUqIdzw=\""
[2024-05-17T18:11:03.001Z] [INFO] [ApiClient899006257] : "digest : SHA-256=FToOOQv0G+ofT5Iemf3DjXLWLKedCAmD2sthixwxw0E="
[2024-05-17T18:11:03.001Z] [INFO] [ApiClient899006257] : "v-c-merchant-id : bc_5808459559"
[2024-05-17T18:11:03.001Z] [INFO] [ApiClient899006257] : "date : Fri, 17 May 2024 18:11:03 GMT"
[2024-05-17T18:11:03.001Z] [INFO] [ApiClient899006257] : "host : apitest.cybersource.com"
[2024-05-17T18:11:03.001Z] [INFO] [ApiClient899006257] : "signature : keyid=\"ea34b9a9-fc29-46df-90c2-f6446f285bb1\", algorithm=\"HmacSHA256\", headers=\"host date request-target digest v-c-merchant-id\", signature=\"dLLGYPoeAMDTlrK1z85blkEJuJuQtgpvCJMqAUqIdzw=\""
[2024-05-17T18:11:03.001Z] [INFO] [ApiClient899006257] : "User-Agent : Mozilla/5.0"
[2024-05-17T18:11:03.001Z] [INFO] [ApiClient899006257] : "************************  LOGGING END  ************************"
[2024-05-17T18:32:15.241Z] [INFO] [ApiClient334940822] : "Authentication Type : http_signature"
[2024-05-17T18:32:15.238Z] [INFO] [MerchantConfig30573590] : "************************ LOGGING START ************************"
[2024-05-17T18:32:15.241Z] [INFO] [ApiClient334940822] : "Request Type : POST"
[2024-05-17T18:32:15.242Z] [INFO] [ApiClient334940822] : "signatureHeader : keyid=\"ea34b9a9-fc29-46df-90c2-f6446f285bb1\", algorithm=\"HmacSHA256\", headers=\"host date request-target digest v-c-merchant-id\", signature=\"dGalYouWsolY0+UDXzAsYXhmdUyRqkxLsc40LxaBKN8=\""
[2024-05-17T18:32:15.242Z] [INFO] [ApiClient334940822] : "digest : SHA-256=BBQHuA9vPUo0WFJpaUIyiDRa6d7HsxLUScfZDV25oUU="
[2024-05-17T18:32:15.242Z] [INFO] [ApiClient334940822] : "v-c-merchant-id : bc_5808459559"
[2024-05-17T18:32:15.242Z] [INFO] [ApiClient334940822] : "date : Fri, 17 May 2024 18:32:15 GMT"
[2024-05-17T18:32:15.242Z] [INFO] [ApiClient334940822] : "host : apitest.cybersource.com"
[2024-05-17T18:32:15.242Z] [INFO] [ApiClient334940822] : "signature : keyid=\"ea34b9a9-fc29-46df-90c2-f6446f285bb1\", algorithm=\"HmacSHA256\", headers=\"host date request-target digest v-c-merchant-id\", signature=\"dGalYouWsolY0+UDXzAsYXhmdUyRqkxLsc40LxaBKN8=\""
[2024-05-17T18:32:15.242Z] [INFO] [ApiClient334940822] : "User-Agent : Mozilla/5.0"
[2024-05-17T18:32:15.242Z] [INFO] [ApiClient334940822] : "************************  LOGGING END  ************************"
[2024-05-17T18:32:19.536Z] [INFO] [MerchantConfig671546847] : "************************ LOGGING START ************************"
[2024-05-17T18:32:19.538Z] [INFO] [ApiClient378977316] : "Authentication Type : http_signature"
[2024-05-17T18:32:19.538Z] [INFO] [ApiClient378977316] : "Request Type : POST"
[2024-05-17T18:32:19.538Z] [INFO] [ApiClient378977316] : "signatureHeader : keyid=\"ea34b9a9-fc29-46df-90c2-f6446f285bb1\", algorithm=\"HmacSHA256\", headers=\"host date request-target digest v-c-merchant-id\", signature=\"ezmpT+vhCtovh3GPNzKbPoNBms3rDKPGq74sR6QOv0I=\""
[2024-05-17T18:32:19.538Z] [INFO] [ApiClient378977316] : "digest : SHA-256=IawNKXbcwLHEQRDh2QYBz62wy/u+Tegs3nbIgsIUV0Y="
[2024-05-17T18:32:19.538Z] [INFO] [ApiClient378977316] : "v-c-merchant-id : bc_5808459559"
[2024-05-17T18:32:19.538Z] [INFO] [ApiClient378977316] : "date : Fri, 17 May 2024 18:32:19 GMT"
[2024-05-17T18:32:19.538Z] [INFO] [ApiClient378977316] : "host : apitest.cybersource.com"
[2024-05-17T18:32:19.538Z] [INFO] [ApiClient378977316] : "signature : keyid=\"ea34b9a9-fc29-46df-90c2-f6446f285bb1\", algorithm=\"HmacSHA256\", headers=\"host date request-target digest v-c-merchant-id\", signature=\"ezmpT+vhCtovh3GPNzKbPoNBms3rDKPGq74sR6QOv0I=\""
[2024-05-17T18:32:19.538Z] [INFO] [ApiClient378977316] : "User-Agent : Mozilla/5.0"
[2024-05-17T18:32:19.538Z] [INFO] [ApiClient378977316] : "************************  LOGGING END  ************************"
[2024-05-17T19:25:28.640Z] [INFO] [MerchantConfig738568865] : "************************ LOGGING START ************************"
[2024-05-17T19:25:28.644Z] [INFO] [ApiClient994569319] : "Authentication Type : http_signature"
[2024-05-17T19:25:28.644Z] [INFO] [ApiClient994569319] : "Request Type : POST"
[2024-05-17T19:25:28.646Z] [INFO] [ApiClient994569319] : "signatureHeader : keyid=\"ea34b9a9-fc29-46df-90c2-f6446f285bb1\", algorithm=\"HmacSHA256\", headers=\"host date request-target digest v-c-merchant-id\", signature=\"FqKQu7SBdVD0/oR/CnJGr4Lb0LmUNXtfWlJrGWdzbxE=\""
[2024-05-17T19:25:28.646Z] [INFO] [ApiClient994569319] : "digest : SHA-256=tQbOWs843OkEfxbGN7hU/D2bMC/wafG7BCfTYM4VX54="
[2024-05-17T19:25:28.647Z] [INFO] [ApiClient994569319] : "v-c-merchant-id : bc_5808459559"
[2024-05-17T19:25:28.647Z] [INFO] [ApiClient994569319] : "date : Fri, 17 May 2024 19:25:28 GMT"
[2024-05-17T19:25:28.647Z] [INFO] [ApiClient994569319] : "host : apitest.cybersource.com"
[2024-05-17T19:25:28.647Z] [INFO] [ApiClient994569319] : "signature : keyid=\"ea34b9a9-fc29-46df-90c2-f6446f285bb1\", algorithm=\"HmacSHA256\", headers=\"host date request-target digest v-c-merchant-id\", signature=\"FqKQu7SBdVD0/oR/CnJGr4Lb0LmUNXtfWlJrGWdzbxE=\""
[2024-05-17T19:25:28.648Z] [INFO] [ApiClient994569319] : "User-Agent : Mozilla/5.0"
[2024-05-17T19:25:28.648Z] [INFO] [ApiClient994569319] : "************************  LOGGING END  ************************"
[2024-05-17T19:25:30.799Z] [INFO] [MerchantConfig339971141] : "************************ LOGGING START ************************"
[2024-05-17T19:25:30.800Z] [INFO] [ApiClient427044183] : "Authentication Type : http_signature"
[2024-05-17T19:25:30.801Z] [INFO] [ApiClient427044183] : "Request Type : POST"
[2024-05-17T19:25:30.801Z] [INFO] [ApiClient427044183] : "signatureHeader : keyid=\"ea34b9a9-fc29-46df-90c2-f6446f285bb1\", algorithm=\"HmacSHA256\", headers=\"host date request-target digest v-c-merchant-id\", signature=\"hvNN6J5IjqhvjqrpvtEFVoWvHKsZYGxy4kgRYXf083w=\""
[2024-05-17T19:25:30.801Z] [INFO] [ApiClient427044183] : "digest : SHA-256=cYOybMnK5ieIN6cUoLuUU1Z98huTiImDNaHXwSEl4z8="
[2024-05-17T19:25:30.801Z] [INFO] [ApiClient427044183] : "v-c-merchant-id : bc_5808459559"
[2024-05-17T19:25:30.801Z] [INFO] [ApiClient427044183] : "date : Fri, 17 May 2024 19:25:30 GMT"
[2024-05-17T19:25:30.801Z] [INFO] [ApiClient427044183] : "host : apitest.cybersource.com"
[2024-05-17T19:25:30.801Z] [INFO] [ApiClient427044183] : "signature : keyid=\"ea34b9a9-fc29-46df-90c2-f6446f285bb1\", algorithm=\"HmacSHA256\", headers=\"host date request-target digest v-c-merchant-id\", signature=\"hvNN6J5IjqhvjqrpvtEFVoWvHKsZYGxy4kgRYXf083w=\""
[2024-05-17T19:25:30.801Z] [INFO] [ApiClient427044183] : "User-Agent : Mozilla/5.0"
[2024-05-17T19:25:30.801Z] [INFO] [ApiClient427044183] : "************************  LOGGING END  ************************"
[2024-05-17T19:30:52.527Z] [INFO] [MerchantConfig632401467] : "************************ LOGGING START ************************"
[2024-05-17T19:30:52.529Z] [INFO] [ApiClient581568968] : "Authentication Type : http_signature"
[2024-05-17T19:30:52.529Z] [INFO] [ApiClient581568968] : "Request Type : POST"
[2024-05-17T19:30:52.531Z] [INFO] [ApiClient581568968] : "signatureHeader : keyid=\"ea34b9a9-fc29-46df-90c2-f6446f285bb1\", algorithm=\"HmacSHA256\", headers=\"host date request-target digest v-c-merchant-id\", signature=\"JtXd5Fz35sImGNzrLVnOhQPxkA9T6+ugabTqN8omvP4=\""
[2024-05-17T19:30:52.531Z] [INFO] [ApiClient581568968] : "digest : SHA-256=tQbOWs843OkEfxbGN7hU/D2bMC/wafG7BCfTYM4VX54="
[2024-05-17T19:30:52.531Z] [INFO] [ApiClient581568968] : "v-c-merchant-id : bc_5808459559"
[2024-05-17T19:30:52.531Z] [INFO] [ApiClient581568968] : "date : Fri, 17 May 2024 19:30:52 GMT"
[2024-05-17T19:30:52.531Z] [INFO] [ApiClient581568968] : "host : apitest.cybersource.com"
[2024-05-17T19:30:52.531Z] [INFO] [ApiClient581568968] : "signature : keyid=\"ea34b9a9-fc29-46df-90c2-f6446f285bb1\", algorithm=\"HmacSHA256\", headers=\"host date request-target digest v-c-merchant-id\", signature=\"JtXd5Fz35sImGNzrLVnOhQPxkA9T6+ugabTqN8omvP4=\""
[2024-05-17T19:30:52.531Z] [INFO] [ApiClient581568968] : "User-Agent : Mozilla/5.0"
[2024-05-17T19:30:52.531Z] [INFO] [ApiClient581568968] : "************************  LOGGING END  ************************"
[2024-05-17T19:30:54.488Z] [INFO] [ApiClient769446971] : "Authentication Type : http_signature"
[2024-05-17T19:30:54.488Z] [INFO] [ApiClient769446971] : "Request Type : POST"
[2024-05-17T19:30:54.489Z] [INFO] [ApiClient769446971] : "signatureHeader : keyid=\"ea34b9a9-fc29-46df-90c2-f6446f285bb1\", algorithm=\"HmacSHA256\", headers=\"host date request-target digest v-c-merchant-id\", signature=\"Nr3ZMUvE8620paSrXK1SZDYVGawfbmMAPK6WmIu5KiY=\""
[2024-05-17T19:30:54.490Z] [INFO] [ApiClient769446971] : "digest : SHA-256=5mqnMNl0PotrF5f5v6eJ4rTzH4iCsCslN/mqgqfkhd4="
[2024-05-17T19:30:54.490Z] [INFO] [ApiClient769446971] : "v-c-merchant-id : bc_5808459559"
[2024-05-17T19:30:54.490Z] [INFO] [ApiClient769446971] : "date : Fri, 17 May 2024 19:30:54 GMT"
[2024-05-17T19:30:54.490Z] [INFO] [ApiClient769446971] : "host : apitest.cybersource.com"
[2024-05-17T19:30:54.490Z] [INFO] [ApiClient769446971] : "signature : keyid=\"ea34b9a9-fc29-46df-90c2-f6446f285bb1\", algorithm=\"HmacSHA256\", headers=\"host date request-target digest v-c-merchant-id\", signature=\"Nr3ZMUvE8620paSrXK1SZDYVGawfbmMAPK6WmIu5KiY=\""
[2024-05-17T19:30:54.490Z] [INFO] [ApiClient769446971] : "User-Agent : Mozilla/5.0"
[2024-05-17T19:30:54.490Z] [INFO] [ApiClient769446971] : "************************  LOGGING END  ************************"
[2024-05-17T19:30:54.485Z] [INFO] [MerchantConfig509549156] : "************************ LOGGING START ************************"
[2024-05-17T19:33:41.997Z] [INFO] [MerchantConfig477587959] : "************************ LOGGING START ************************"
[2024-05-17T19:33:42.001Z] [INFO] [ApiClient956808504] : "Authentication Type : http_signature"
[2024-05-17T19:33:42.001Z] [INFO] [ApiClient956808504] : "Request Type : POST"
[2024-05-17T19:33:42.002Z] [INFO] [ApiClient956808504] : "signatureHeader : keyid=\"ea34b9a9-fc29-46df-90c2-f6446f285bb1\", algorithm=\"HmacSHA256\", headers=\"host date request-target digest v-c-merchant-id\", signature=\"Mi1ChlJeb+bs0VXfE/Jzq5DB2972h8lfCTAQlOPMpJ8=\""
[2024-05-17T19:33:42.002Z] [INFO] [ApiClient956808504] : "digest : SHA-256=oWRBYNG3IqPiM/lHEjB7We1yWs+IbjrH8gXOwzHZKUI="
[2024-05-17T19:33:42.002Z] [INFO] [ApiClient956808504] : "v-c-merchant-id : bc_5808459559"
[2024-05-17T19:33:42.002Z] [INFO] [ApiClient956808504] : "date : Fri, 17 May 2024 19:33:42 GMT"
[2024-05-17T19:33:42.002Z] [INFO] [ApiClient956808504] : "host : apitest.cybersource.com"
[2024-05-17T19:33:42.002Z] [INFO] [ApiClient956808504] : "signature : keyid=\"ea34b9a9-fc29-46df-90c2-f6446f285bb1\", algorithm=\"HmacSHA256\", headers=\"host date request-target digest v-c-merchant-id\", signature=\"Mi1ChlJeb+bs0VXfE/Jzq5DB2972h8lfCTAQlOPMpJ8=\""
[2024-05-17T19:33:42.002Z] [INFO] [ApiClient956808504] : "User-Agent : Mozilla/5.0"
[2024-05-17T19:33:42.003Z] [INFO] [ApiClient956808504] : "************************  LOGGING END  ************************"
[2024-05-17T19:33:44.346Z] [INFO] [ApiClient784968491] : "Authentication Type : http_signature"
[2024-05-17T19:33:44.346Z] [INFO] [ApiClient784968491] : "Request Type : POST"
[2024-05-17T19:33:44.347Z] [INFO] [ApiClient784968491] : "signatureHeader : keyid=\"ea34b9a9-fc29-46df-90c2-f6446f285bb1\", algorithm=\"HmacSHA256\", headers=\"host date request-target digest v-c-merchant-id\", signature=\"MjxeM/KTciBkcBkwUSGFfQ3hfxfxb7LOCTn1Q2Trlbk=\""
[2024-05-17T19:33:44.347Z] [INFO] [ApiClient784968491] : "digest : SHA-256=/FAr/3G60EYpVLqgfDzUN9xP9mSEYGz95k3Sj5B22lo="
[2024-05-17T19:33:44.347Z] [INFO] [ApiClient784968491] : "v-c-merchant-id : bc_5808459559"
[2024-05-17T19:33:44.347Z] [INFO] [ApiClient784968491] : "date : Fri, 17 May 2024 19:33:44 GMT"
[2024-05-17T19:33:44.347Z] [INFO] [ApiClient784968491] : "host : apitest.cybersource.com"
[2024-05-17T19:33:44.343Z] [INFO] [MerchantConfig954392734] : "************************ LOGGING START ************************"
[2024-05-17T19:33:44.347Z] [INFO] [ApiClient784968491] : "signature : keyid=\"ea34b9a9-fc29-46df-90c2-f6446f285bb1\", algorithm=\"HmacSHA256\", headers=\"host date request-target digest v-c-merchant-id\", signature=\"MjxeM/KTciBkcBkwUSGFfQ3hfxfxb7LOCTn1Q2Trlbk=\""
[2024-05-17T19:33:44.347Z] [INFO] [ApiClient784968491] : "User-Agent : Mozilla/5.0"
[2024-05-17T19:33:44.347Z] [INFO] [ApiClient784968491] : "************************  LOGGING END  ************************"
[2024-05-17T19:45:28.868Z] [INFO] [MerchantConfig693779565] : "************************ LOGGING START ************************"
[2024-05-17T19:45:28.874Z] [INFO] [ApiClient313022701] : "Authentication Type : http_signature"
[2024-05-17T19:45:28.874Z] [INFO] [ApiClient313022701] : "Request Type : POST"
[2024-05-17T19:45:28.874Z] [INFO] [ApiClient313022701] : "signatureHeader : keyid=\"ea34b9a9-fc29-46df-90c2-f6446f285bb1\", algorithm=\"HmacSHA256\", headers=\"host date request-target digest v-c-merchant-id\", signature=\"NlxN4dcJEGj1IhsGtRGvSXH2iYqa7ccF13U8Ne6Xf+w=\""
[2024-05-17T19:45:28.875Z] [INFO] [ApiClient313022701] : "digest : SHA-256=C+6JAlth0CN0TXnKNkho9J24hlEbBy3zA6vyDcpJcuk="
[2024-05-17T19:45:28.875Z] [INFO] [ApiClient313022701] : "v-c-merchant-id : bc_5808459559"
[2024-05-17T19:45:28.875Z] [INFO] [ApiClient313022701] : "date : Fri, 17 May 2024 19:45:28 GMT"
[2024-05-17T19:45:28.875Z] [INFO] [ApiClient313022701] : "host : apitest.cybersource.com"
[2024-05-17T19:45:28.875Z] [INFO] [ApiClient313022701] : "signature : keyid=\"ea34b9a9-fc29-46df-90c2-f6446f285bb1\", algorithm=\"HmacSHA256\", headers=\"host date request-target digest v-c-merchant-id\", signature=\"NlxN4dcJEGj1IhsGtRGvSXH2iYqa7ccF13U8Ne6Xf+w=\""
[2024-05-17T19:45:28.875Z] [INFO] [ApiClient313022701] : "User-Agent : Mozilla/5.0"
[2024-05-17T19:45:28.875Z] [INFO] [ApiClient313022701] : "************************  LOGGING END  ************************"
[2024-05-17T19:45:31.258Z] [INFO] [MerchantConfig50623503] : "************************ LOGGING START ************************"
[2024-05-17T19:45:31.260Z] [INFO] [ApiClient777173971] : "Authentication Type : http_signature"
[2024-05-17T19:45:31.261Z] [INFO] [ApiClient777173971] : "Request Type : POST"
[2024-05-17T19:45:31.261Z] [INFO] [ApiClient777173971] : "signatureHeader : keyid=\"ea34b9a9-fc29-46df-90c2-f6446f285bb1\", algorithm=\"HmacSHA256\", headers=\"host date request-target digest v-c-merchant-id\", signature=\"FJyfsUVpDTergHvt4ERtD1iE5whXqF+aFE3av485y+U=\""
[2024-05-17T19:45:31.261Z] [INFO] [ApiClient777173971] : "digest : SHA-256=qh4G5yXfVZl+fNEYmv4C4DMp+xy5myeYiEDeUGQjSVk="
[2024-05-17T19:45:31.261Z] [INFO] [ApiClient777173971] : "v-c-merchant-id : bc_5808459559"
[2024-05-17T19:45:31.261Z] [INFO] [ApiClient777173971] : "date : Fri, 17 May 2024 19:45:31 GMT"
[2024-05-17T19:45:31.261Z] [INFO] [ApiClient777173971] : "host : apitest.cybersource.com"
[2024-05-17T19:45:31.261Z] [INFO] [ApiClient777173971] : "signature : keyid=\"ea34b9a9-fc29-46df-90c2-f6446f285bb1\", algorithm=\"HmacSHA256\", headers=\"host date request-target digest v-c-merchant-id\", signature=\"FJyfsUVpDTergHvt4ERtD1iE5whXqF+aFE3av485y+U=\""
[2024-05-17T19:45:31.261Z] [INFO] [ApiClient777173971] : "User-Agent : Mozilla/5.0"
[2024-05-17T19:45:31.261Z] [INFO] [ApiClient777173971] : "************************  LOGGING END  ************************"
[2024-05-17T19:46:57.728Z] [INFO] [MerchantConfig422187463] : "************************ LOGGING START ************************"
[2024-05-17T19:46:57.730Z] [INFO] [ApiClient961151767] : "Authentication Type : http_signature"
[2024-05-17T19:46:57.730Z] [INFO] [ApiClient961151767] : "Request Type : POST"
[2024-05-17T19:46:57.730Z] [INFO] [ApiClient961151767] : "signatureHeader : keyid=\"ea34b9a9-fc29-46df-90c2-f6446f285bb1\", algorithm=\"HmacSHA256\", headers=\"host date request-target digest v-c-merchant-id\", signature=\"FD4W9BnZU2qeYJGMRax8ZW65l/adnIgPEkywqM5tHXk=\""
[2024-05-17T19:46:57.730Z] [INFO] [ApiClient961151767] : "digest : SHA-256=oWRBYNG3IqPiM/lHEjB7We1yWs+IbjrH8gXOwzHZKUI="
[2024-05-17T19:46:57.730Z] [INFO] [ApiClient961151767] : "v-c-merchant-id : bc_5808459559"
[2024-05-17T19:46:57.730Z] [INFO] [ApiClient961151767] : "date : Fri, 17 May 2024 19:46:57 GMT"
[2024-05-17T19:46:57.730Z] [INFO] [ApiClient961151767] : "host : apitest.cybersource.com"
[2024-05-17T19:46:57.730Z] [INFO] [ApiClient961151767] : "signature : keyid=\"ea34b9a9-fc29-46df-90c2-f6446f285bb1\", algorithm=\"HmacSHA256\", headers=\"host date request-target digest v-c-merchant-id\", signature=\"FD4W9BnZU2qeYJGMRax8ZW65l/adnIgPEkywqM5tHXk=\""
[2024-05-17T19:46:57.730Z] [INFO] [ApiClient961151767] : "User-Agent : Mozilla/5.0"
[2024-05-17T19:46:57.730Z] [INFO] [ApiClient961151767] : "************************  LOGGING END  ************************"
[2024-05-17T19:47:00.200Z] [INFO] [MerchantConfig385926543] : "************************ LOGGING START ************************"
[2024-05-17T19:47:00.201Z] [INFO] [ApiClient255104715] : "Authentication Type : http_signature"
[2024-05-17T19:47:00.201Z] [INFO] [ApiClient255104715] : "Request Type : POST"
[2024-05-17T19:47:00.201Z] [INFO] [ApiClient255104715] : "signatureHeader : keyid=\"ea34b9a9-fc29-46df-90c2-f6446f285bb1\", algorithm=\"HmacSHA256\", headers=\"host date request-target digest v-c-merchant-id\", signature=\"WdjM0tAy+QzLdKpmrTt7p9lcx7uh/qH51gVflrEugO4=\""
[2024-05-17T19:47:00.202Z] [INFO] [ApiClient255104715] : "digest : SHA-256=OKzl05wGNDHYaNXT/Brv1mp87QuroUvjW0gy9GdW6ow="
[2024-05-17T19:47:00.202Z] [INFO] [ApiClient255104715] : "v-c-merchant-id : bc_5808459559"
[2024-05-17T19:47:00.202Z] [INFO] [ApiClient255104715] : "date : Fri, 17 May 2024 19:47:00 GMT"
[2024-05-17T19:47:00.202Z] [INFO] [ApiClient255104715] : "host : apitest.cybersource.com"
[2024-05-17T19:47:00.202Z] [INFO] [ApiClient255104715] : "signature : keyid=\"ea34b9a9-fc29-46df-90c2-f6446f285bb1\", algorithm=\"HmacSHA256\", headers=\"host date request-target digest v-c-merchant-id\", signature=\"WdjM0tAy+QzLdKpmrTt7p9lcx7uh/qH51gVflrEugO4=\""
[2024-05-17T19:47:00.202Z] [INFO] [ApiClient255104715] : "User-Agent : Mozilla/5.0"
[2024-05-17T19:47:00.202Z] [INFO] [ApiClient255104715] : "************************  LOGGING END  ************************"
[2024-05-17T19:56:21.966Z] [INFO] [MerchantConfig229383467] : "************************ LOGGING START ************************"
[2024-05-17T19:56:21.974Z] [INFO] [ApiClient238287883] : "Authentication Type : http_signature"
[2024-05-17T19:56:21.974Z] [INFO] [ApiClient238287883] : "Request Type : POST"
[2024-05-17T19:56:21.978Z] [INFO] [ApiClient238287883] : "signatureHeader : keyid=\"ea34b9a9-fc29-46df-90c2-f6446f285bb1\", algorithm=\"HmacSHA256\", headers=\"host date request-target digest v-c-merchant-id\", signature=\"YUe6OhXAChzoWb6YtPfuITgKuCKQPL8y/izT59XUaXE=\""
[2024-05-17T19:56:21.978Z] [INFO] [ApiClient238287883] : "digest : SHA-256=nsU3zVnmDRBsQCyTNCJSrLUy5bXyl1iLjsGYAiLO/nc="
[2024-05-17T19:56:21.978Z] [INFO] [ApiClient238287883] : "v-c-merchant-id : bc_5808459559"
[2024-05-17T19:56:21.978Z] [INFO] [ApiClient238287883] : "date : Fri, 17 May 2024 19:56:21 GMT"
[2024-05-17T19:56:21.979Z] [INFO] [ApiClient238287883] : "host : apitest.cybersource.com"
[2024-05-17T19:56:21.979Z] [INFO] [ApiClient238287883] : "signature : keyid=\"ea34b9a9-fc29-46df-90c2-f6446f285bb1\", algorithm=\"HmacSHA256\", headers=\"host date request-target digest v-c-merchant-id\", signature=\"YUe6OhXAChzoWb6YtPfuITgKuCKQPL8y/izT59XUaXE=\""
[2024-05-17T19:56:21.979Z] [INFO] [ApiClient238287883] : "User-Agent : Mozilla/5.0"
[2024-05-17T19:56:21.979Z] [INFO] [ApiClient238287883] : "************************  LOGGING END  ************************"
[2024-05-17T19:56:27.378Z] [INFO] [MerchantConfig240330441] : "************************ LOGGING START ************************"
[2024-05-17T19:56:27.380Z] [INFO] [ApiClient158124073] : "Authentication Type : http_signature"
[2024-05-17T19:56:27.380Z] [INFO] [ApiClient158124073] : "Request Type : POST"
[2024-05-17T19:56:27.381Z] [INFO] [ApiClient158124073] : "signatureHeader : keyid=\"ea34b9a9-fc29-46df-90c2-f6446f285bb1\", algorithm=\"HmacSHA256\", headers=\"host date request-target digest v-c-merchant-id\", signature=\"FTjK1M5NzwCOqPscWJFCct4jrAG3J8KOFkPQqU7G410=\""
[2024-05-17T19:56:27.381Z] [INFO] [ApiClient158124073] : "digest : SHA-256=QS/RTFMq6nvF+vDyQmh9mKsgUTbQ46DT3KOLcoUrt50="
[2024-05-17T19:56:27.382Z] [INFO] [ApiClient158124073] : "v-c-merchant-id : bc_5808459559"
[2024-05-17T19:56:27.382Z] [INFO] [ApiClient158124073] : "date : Fri, 17 May 2024 19:56:27 GMT"
[2024-05-17T19:56:27.382Z] [INFO] [ApiClient158124073] : "host : apitest.cybersource.com"
[2024-05-17T19:56:27.382Z] [INFO] [ApiClient158124073] : "signature : keyid=\"ea34b9a9-fc29-46df-90c2-f6446f285bb1\", algorithm=\"HmacSHA256\", headers=\"host date request-target digest v-c-merchant-id\", signature=\"FTjK1M5NzwCOqPscWJFCct4jrAG3J8KOFkPQqU7G410=\""
[2024-05-17T19:56:27.382Z] [INFO] [ApiClient158124073] : "User-Agent : Mozilla/5.0"
[2024-05-17T19:56:27.382Z] [INFO] [ApiClient158124073] : "************************  LOGGING END  ************************"
[2024-05-17T20:07:01.102Z] [INFO] [ApiClient816918871] : "Authentication Type : http_signature"
[2024-05-17T20:07:01.102Z] [INFO] [ApiClient816918871] : "Request Type : POST"
[2024-05-17T20:07:01.102Z] [INFO] [ApiClient816918871] : "signatureHeader : keyid=\"ea34b9a9-fc29-46df-90c2-f6446f285bb1\", algorithm=\"HmacSHA256\", headers=\"host date request-target digest v-c-merchant-id\", signature=\"yKnPFz9yC0ix2/GcB+v4nsmkjR5XbkRTBfIg2buTyhg=\""
[2024-05-17T20:07:01.103Z] [INFO] [ApiClient816918871] : "digest : SHA-256=yGTK6BcjgvlDpQOX9TnApbDlpuVOC+jVedMM7vr6/CY="
[2024-05-17T20:07:01.103Z] [INFO] [ApiClient816918871] : "v-c-merchant-id : bc_5808459559"
[2024-05-17T20:07:01.103Z] [INFO] [ApiClient816918871] : "date : Fri, 17 May 2024 20:07:01 GMT"
[2024-05-17T20:07:01.103Z] [INFO] [ApiClient816918871] : "host : apitest.cybersource.com"
[2024-05-17T20:07:01.103Z] [INFO] [ApiClient816918871] : "signature : keyid=\"ea34b9a9-fc29-46df-90c2-f6446f285bb1\", algorithm=\"HmacSHA256\", headers=\"host date request-target digest v-c-merchant-id\", signature=\"yKnPFz9yC0ix2/GcB+v4nsmkjR5XbkRTBfIg2buTyhg=\""
[2024-05-17T20:07:01.103Z] [INFO] [ApiClient816918871] : "User-Agent : Mozilla/5.0"
[2024-05-17T20:07:01.103Z] [INFO] [ApiClient816918871] : "************************  LOGGING END  ************************"
[2024-05-17T20:07:01.100Z] [INFO] [MerchantConfig990306129] : "************************ LOGGING START ************************"
[2024-05-17T20:07:03.479Z] [INFO] [ApiClient342468940] : "Authentication Type : http_signature"
[2024-05-17T20:07:03.479Z] [INFO] [ApiClient342468940] : "Request Type : POST"
[2024-05-17T20:07:03.480Z] [INFO] [ApiClient342468940] : "signatureHeader : keyid=\"ea34b9a9-fc29-46df-90c2-f6446f285bb1\", algorithm=\"HmacSHA256\", headers=\"host date request-target digest v-c-merchant-id\", signature=\"N6X5tGMKtmasowde32fipJKabe8/7v/EFTP6b/uMdTo=\""
[2024-05-17T20:07:03.480Z] [INFO] [ApiClient342468940] : "digest : SHA-256=A5ZUQpoB1nIFPsrCVbaIyxFC0rTIpoKuI5CQpuZLaDY="
[2024-05-17T20:07:03.480Z] [INFO] [ApiClient342468940] : "v-c-merchant-id : bc_5808459559"
[2024-05-17T20:07:03.480Z] [INFO] [ApiClient342468940] : "date : Fri, 17 May 2024 20:07:03 GMT"
[2024-05-17T20:07:03.480Z] [INFO] [ApiClient342468940] : "host : apitest.cybersource.com"
[2024-05-17T20:07:03.480Z] [INFO] [ApiClient342468940] : "signature : keyid=\"ea34b9a9-fc29-46df-90c2-f6446f285bb1\", algorithm=\"HmacSHA256\", headers=\"host date request-target digest v-c-merchant-id\", signature=\"N6X5tGMKtmasowde32fipJKabe8/7v/EFTP6b/uMdTo=\""
[2024-05-17T20:07:03.481Z] [INFO] [ApiClient342468940] : "User-Agent : Mozilla/5.0"
[2024-05-17T20:07:03.481Z] [INFO] [ApiClient342468940] : "************************  LOGGING END  ************************"
[2024-05-17T20:07:03.477Z] [INFO] [MerchantConfig641377668] : "************************ LOGGING START ************************"
[2024-05-17T20:08:20.962Z] [INFO] [MerchantConfig504490436] : "************************ LOGGING START ************************"
[2024-05-17T20:08:20.969Z] [INFO] [ApiClient699869268] : "Authentication Type : http_signature"
[2024-05-17T20:08:20.969Z] [INFO] [ApiClient699869268] : "Request Type : POST"
[2024-05-17T20:08:20.971Z] [INFO] [ApiClient699869268] : "signatureHeader : keyid=\"ea34b9a9-fc29-46df-90c2-f6446f285bb1\", algorithm=\"HmacSHA256\", headers=\"host date request-target digest v-c-merchant-id\", signature=\"9jhjO/m3SQFAsO/RIaozcXHn1fBQ63q0H5zrXOey7fo=\""
[2024-05-17T20:08:20.971Z] [INFO] [ApiClient699869268] : "digest : SHA-256=tQbOWs843OkEfxbGN7hU/D2bMC/wafG7BCfTYM4VX54="
[2024-05-17T20:08:20.971Z] [INFO] [ApiClient699869268] : "v-c-merchant-id : bc_5808459559"
[2024-05-17T20:08:20.971Z] [INFO] [ApiClient699869268] : "date : Fri, 17 May 2024 20:08:20 GMT"
[2024-05-17T20:08:20.972Z] [INFO] [ApiClient699869268] : "host : apitest.cybersource.com"
[2024-05-17T20:08:20.972Z] [INFO] [ApiClient699869268] : "signature : keyid=\"ea34b9a9-fc29-46df-90c2-f6446f285bb1\", algorithm=\"HmacSHA256\", headers=\"host date request-target digest v-c-merchant-id\", signature=\"9jhjO/m3SQFAsO/RIaozcXHn1fBQ63q0H5zrXOey7fo=\""
[2024-05-17T20:08:20.972Z] [INFO] [ApiClient699869268] : "User-Agent : Mozilla/5.0"
[2024-05-17T20:08:20.972Z] [INFO] [ApiClient699869268] : "************************  LOGGING END  ************************"
[2024-05-17T20:08:23.101Z] [INFO] [MerchantConfig525578154] : "************************ LOGGING START ************************"
[2024-05-17T20:08:23.104Z] [INFO] [ApiClient113718378] : "Authentication Type : http_signature"
[2024-05-17T20:08:23.104Z] [INFO] [ApiClient113718378] : "Request Type : POST"
[2024-05-17T20:08:23.104Z] [INFO] [ApiClient113718378] : "signatureHeader : keyid=\"ea34b9a9-fc29-46df-90c2-f6446f285bb1\", algorithm=\"HmacSHA256\", headers=\"host date request-target digest v-c-merchant-id\", signature=\"RfvMSqL1x0FRuiqL0vBlKyQxjY3BzUjyyFRSa90YSZE=\""
[2024-05-17T20:08:23.105Z] [INFO] [ApiClient113718378] : "digest : SHA-256=C4kbSF6ws0mrUe0vRz74vQqgMqlLDzABy5biUkjVPvY="
[2024-05-17T20:08:23.105Z] [INFO] [ApiClient113718378] : "v-c-merchant-id : bc_5808459559"
[2024-05-17T20:08:23.105Z] [INFO] [ApiClient113718378] : "date : Fri, 17 May 2024 20:08:23 GMT"
[2024-05-17T20:08:23.105Z] [INFO] [ApiClient113718378] : "host : apitest.cybersource.com"
[2024-05-17T20:08:23.105Z] [INFO] [ApiClient113718378] : "signature : keyid=\"ea34b9a9-fc29-46df-90c2-f6446f285bb1\", algorithm=\"HmacSHA256\", headers=\"host date request-target digest v-c-merchant-id\", signature=\"RfvMSqL1x0FRuiqL0vBlKyQxjY3BzUjyyFRSa90YSZE=\""
[2024-05-17T20:08:23.105Z] [INFO] [ApiClient113718378] : "User-Agent : Mozilla/5.0"
[2024-05-17T20:08:23.105Z] [INFO] [ApiClient113718378] : "************************  LOGGING END  ************************"
[2024-05-17T20:13:06.056Z] [INFO] [MerchantConfig605158250] : "************************ LOGGING START ************************"
[2024-05-17T20:13:06.059Z] [INFO] [ApiClient765156205] : "Authentication Type : http_signature"
[2024-05-17T20:13:06.059Z] [INFO] [ApiClient765156205] : "Request Type : POST"
[2024-05-17T20:13:06.059Z] [INFO] [ApiClient765156205] : "signatureHeader : keyid=\"ea34b9a9-fc29-46df-90c2-f6446f285bb1\", algorithm=\"HmacSHA256\", headers=\"host date request-target digest v-c-merchant-id\", signature=\"UsXwf/ZGvxNkz/KyhV5g9EpIUjKe/qhmtFbwkTj5/So=\""
[2024-05-17T20:13:06.060Z] [INFO] [ApiClient765156205] : "digest : SHA-256=tQbOWs843OkEfxbGN7hU/D2bMC/wafG7BCfTYM4VX54="
[2024-05-17T20:13:06.060Z] [INFO] [ApiClient765156205] : "v-c-merchant-id : bc_5808459559"
[2024-05-17T20:13:06.060Z] [INFO] [ApiClient765156205] : "date : Fri, 17 May 2024 20:13:06 GMT"
[2024-05-17T20:13:06.060Z] [INFO] [ApiClient765156205] : "host : apitest.cybersource.com"
[2024-05-17T20:13:06.060Z] [INFO] [ApiClient765156205] : "signature : keyid=\"ea34b9a9-fc29-46df-90c2-f6446f285bb1\", algorithm=\"HmacSHA256\", headers=\"host date request-target digest v-c-merchant-id\", signature=\"UsXwf/ZGvxNkz/KyhV5g9EpIUjKe/qhmtFbwkTj5/So=\""
[2024-05-17T20:13:06.060Z] [INFO] [ApiClient765156205] : "User-Agent : Mozilla/5.0"
[2024-05-17T20:13:06.061Z] [INFO] [ApiClient765156205] : "************************  LOGGING END  ************************"
[2024-05-17T20:13:08.117Z] [INFO] [ApiClient878388311] : "Authentication Type : http_signature"
[2024-05-17T20:13:08.117Z] [INFO] [ApiClient878388311] : "Request Type : POST"
[2024-05-17T20:13:08.118Z] [INFO] [ApiClient878388311] : "signatureHeader : keyid=\"ea34b9a9-fc29-46df-90c2-f6446f285bb1\", algorithm=\"HmacSHA256\", headers=\"host date request-target digest v-c-merchant-id\", signature=\"IS0agEbkce7m+Q1fYfx/ezBQ9aiFWGPr58ezF6vlsto=\""
[2024-05-17T20:13:08.118Z] [INFO] [ApiClient878388311] : "digest : SHA-256=spDAArP95V+ZnQ6LrXnX8PZOpiPrBayd79tgCXqyTWA="
[2024-05-17T20:13:08.118Z] [INFO] [ApiClient878388311] : "v-c-merchant-id : bc_5808459559"
[2024-05-17T20:13:08.118Z] [INFO] [ApiClient878388311] : "date : Fri, 17 May 2024 20:13:08 GMT"
[2024-05-17T20:13:08.118Z] [INFO] [ApiClient878388311] : "host : apitest.cybersource.com"
[2024-05-17T20:13:08.118Z] [INFO] [ApiClient878388311] : "signature : keyid=\"ea34b9a9-fc29-46df-90c2-f6446f285bb1\", algorithm=\"HmacSHA256\", headers=\"host date request-target digest v-c-merchant-id\", signature=\"IS0agEbkce7m+Q1fYfx/ezBQ9aiFWGPr58ezF6vlsto=\""
[2024-05-17T20:13:08.118Z] [INFO] [ApiClient878388311] : "User-Agent : Mozilla/5.0"
[2024-05-17T20:13:08.118Z] [INFO] [ApiClient878388311] : "************************  LOGGING END  ************************"
[2024-05-17T20:13:08.114Z] [INFO] [MerchantConfig246882204] : "************************ LOGGING START ************************"
[2024-05-17T20:15:28.679Z] [INFO] [MerchantConfig511592838] : "************************ LOGGING START ************************"
[2024-05-17T20:15:28.681Z] [INFO] [ApiClient334380361] : "Authentication Type : http_signature"
[2024-05-17T20:15:28.681Z] [INFO] [ApiClient334380361] : "Request Type : POST"
[2024-05-17T20:15:28.681Z] [INFO] [ApiClient334380361] : "signatureHeader : keyid=\"ea34b9a9-fc29-46df-90c2-f6446f285bb1\", algorithm=\"HmacSHA256\", headers=\"host date request-target digest v-c-merchant-id\", signature=\"MlFUjDOL8SMwXR5cILSrv80BP8elEiSNCc9AQozgyuo=\""
[2024-05-17T20:15:28.681Z] [INFO] [ApiClient334380361] : "digest : SHA-256=tQbOWs843OkEfxbGN7hU/D2bMC/wafG7BCfTYM4VX54="
[2024-05-17T20:15:28.681Z] [INFO] [ApiClient334380361] : "v-c-merchant-id : bc_5808459559"
[2024-05-17T20:15:28.681Z] [INFO] [ApiClient334380361] : "date : Fri, 17 May 2024 20:15:28 GMT"
[2024-05-17T20:15:28.681Z] [INFO] [ApiClient334380361] : "host : apitest.cybersource.com"
[2024-05-17T20:15:28.681Z] [INFO] [ApiClient334380361] : "signature : keyid=\"ea34b9a9-fc29-46df-90c2-f6446f285bb1\", algorithm=\"HmacSHA256\", headers=\"host date request-target digest v-c-merchant-id\", signature=\"MlFUjDOL8SMwXR5cILSrv80BP8elEiSNCc9AQozgyuo=\""
[2024-05-17T20:15:28.681Z] [INFO] [ApiClient334380361] : "User-Agent : Mozilla/5.0"
[2024-05-17T20:15:28.681Z] [INFO] [ApiClient334380361] : "************************  LOGGING END  ************************"
[2024-05-17T20:15:30.554Z] [INFO] [MerchantConfig511459558] : "************************ LOGGING START ************************"
[2024-05-17T20:15:30.556Z] [INFO] [ApiClient633262368] : "Authentication Type : http_signature"
[2024-05-17T20:15:30.556Z] [INFO] [ApiClient633262368] : "Request Type : POST"
[2024-05-17T20:15:30.557Z] [INFO] [ApiClient633262368] : "signatureHeader : keyid=\"ea34b9a9-fc29-46df-90c2-f6446f285bb1\", algorithm=\"HmacSHA256\", headers=\"host date request-target digest v-c-merchant-id\", signature=\"pT/Cow7YA0lvKbTtGK6SsX2ZcJwLGy/btJEo6ftI+aI=\""
[2024-05-17T20:15:30.557Z] [INFO] [ApiClient633262368] : "digest : SHA-256=0bCYuT3BgDOBTwxrkKDgQkDEkOgvXVoyPiYzSVnDOgw="
[2024-05-17T20:15:30.557Z] [INFO] [ApiClient633262368] : "v-c-merchant-id : bc_5808459559"
[2024-05-17T20:15:30.557Z] [INFO] [ApiClient633262368] : "date : Fri, 17 May 2024 20:15:30 GMT"
[2024-05-17T20:15:30.557Z] [INFO] [ApiClient633262368] : "host : apitest.cybersource.com"
[2024-05-17T20:15:30.557Z] [INFO] [ApiClient633262368] : "signature : keyid=\"ea34b9a9-fc29-46df-90c2-f6446f285bb1\", algorithm=\"HmacSHA256\", headers=\"host date request-target digest v-c-merchant-id\", signature=\"pT/Cow7YA0lvKbTtGK6SsX2ZcJwLGy/btJEo6ftI+aI=\""
[2024-05-17T20:15:30.557Z] [INFO] [ApiClient633262368] : "User-Agent : Mozilla/5.0"
[2024-05-17T20:15:30.557Z] [INFO] [ApiClient633262368] : "************************  LOGGING END  ************************"
[2024-05-17T20:18:14.549Z] [INFO] [MerchantConfig742306213] : "************************ LOGGING START ************************"
[2024-05-17T20:18:14.551Z] [INFO] [ApiClient397521613] : "Authentication Type : http_signature"
[2024-05-17T20:18:14.551Z] [INFO] [ApiClient397521613] : "Request Type : POST"
[2024-05-17T20:18:14.552Z] [INFO] [ApiClient397521613] : "signatureHeader : keyid=\"ea34b9a9-fc29-46df-90c2-f6446f285bb1\", algorithm=\"HmacSHA256\", headers=\"host date request-target digest v-c-merchant-id\", signature=\"oTP45NQ9OATu5ufUwwEI8+miFLI4WAv9vx5+TibvXK8=\""
[2024-05-17T20:18:14.552Z] [INFO] [ApiClient397521613] : "digest : SHA-256=tQbOWs843OkEfxbGN7hU/D2bMC/wafG7BCfTYM4VX54="
[2024-05-17T20:18:14.552Z] [INFO] [ApiClient397521613] : "v-c-merchant-id : bc_5808459559"
[2024-05-17T20:18:14.552Z] [INFO] [ApiClient397521613] : "date : Fri, 17 May 2024 20:18:14 GMT"
[2024-05-17T20:18:14.552Z] [INFO] [ApiClient397521613] : "host : apitest.cybersource.com"
[2024-05-17T20:18:14.552Z] [INFO] [ApiClient397521613] : "signature : keyid=\"ea34b9a9-fc29-46df-90c2-f6446f285bb1\", algorithm=\"HmacSHA256\", headers=\"host date request-target digest v-c-merchant-id\", signature=\"oTP45NQ9OATu5ufUwwEI8+miFLI4WAv9vx5+TibvXK8=\""
[2024-05-17T20:18:14.552Z] [INFO] [ApiClient397521613] : "User-Agent : Mozilla/5.0"
[2024-05-17T20:18:14.552Z] [INFO] [ApiClient397521613] : "************************  LOGGING END  ************************"
[2024-05-17T20:18:16.576Z] [INFO] [ApiClient271357115] : "Authentication Type : http_signature"
[2024-05-17T20:18:16.574Z] [INFO] [MerchantConfig982773083] : "************************ LOGGING START ************************"
[2024-05-17T20:18:16.577Z] [INFO] [ApiClient271357115] : "Request Type : POST"
[2024-05-17T20:18:16.577Z] [INFO] [ApiClient271357115] : "signatureHeader : keyid=\"ea34b9a9-fc29-46df-90c2-f6446f285bb1\", algorithm=\"HmacSHA256\", headers=\"host date request-target digest v-c-merchant-id\", signature=\"+fSedA1e5y6vl54ZXajG4Nn8diYk9+Op4MD2JxXDAic=\""
[2024-05-17T20:18:16.577Z] [INFO] [ApiClient271357115] : "digest : SHA-256=EYKhuenlClyNw8pFvpES36al5Gnlbixi60hrhA5uI1o="
[2024-05-17T20:18:16.577Z] [INFO] [ApiClient271357115] : "v-c-merchant-id : bc_5808459559"
[2024-05-17T20:18:16.577Z] [INFO] [ApiClient271357115] : "date : Fri, 17 May 2024 20:18:16 GMT"
[2024-05-17T20:18:16.577Z] [INFO] [ApiClient271357115] : "host : apitest.cybersource.com"
[2024-05-17T20:18:16.577Z] [INFO] [ApiClient271357115] : "signature : keyid=\"ea34b9a9-fc29-46df-90c2-f6446f285bb1\", algorithm=\"HmacSHA256\", headers=\"host date request-target digest v-c-merchant-id\", signature=\"+fSedA1e5y6vl54ZXajG4Nn8diYk9+Op4MD2JxXDAic=\""
[2024-05-17T20:18:16.577Z] [INFO] [ApiClient271357115] : "User-Agent : Mozilla/5.0"
[2024-05-17T20:18:16.577Z] [INFO] [ApiClient271357115] : "************************  LOGGING END  ************************"
[2024-05-17T20:33:22.289Z] [INFO] [MerchantConfig266200136] : "************************ LOGGING START ************************"
[2024-05-17T20:33:22.294Z] [INFO] [ApiClient257973061] : "Authentication Type : http_signature"
[2024-05-17T20:33:22.295Z] [INFO] [ApiClient257973061] : "Request Type : POST"
[2024-05-17T20:33:22.296Z] [INFO] [ApiClient257973061] : "signatureHeader : keyid=\"ea34b9a9-fc29-46df-90c2-f6446f285bb1\", algorithm=\"HmacSHA256\", headers=\"host date request-target digest v-c-merchant-id\", signature=\"T2xWBG9OrCKzzhVwtlkLa9g6TIUP24DgOXc62XtvNZ0=\""
[2024-05-17T20:33:22.296Z] [INFO] [ApiClient257973061] : "digest : SHA-256=joYNUcXPjoSeXlJDFnCNDqMnELbQPI+KMMhuRwyc+nI="
[2024-05-17T20:33:22.296Z] [INFO] [ApiClient257973061] : "v-c-merchant-id : bc_5808459559"
[2024-05-17T20:33:22.296Z] [INFO] [ApiClient257973061] : "date : Fri, 17 May 2024 20:33:22 GMT"
[2024-05-17T20:33:22.296Z] [INFO] [ApiClient257973061] : "host : apitest.cybersource.com"
[2024-05-17T20:33:22.296Z] [INFO] [ApiClient257973061] : "signature : keyid=\"ea34b9a9-fc29-46df-90c2-f6446f285bb1\", algorithm=\"HmacSHA256\", headers=\"host date request-target digest v-c-merchant-id\", signature=\"T2xWBG9OrCKzzhVwtlkLa9g6TIUP24DgOXc62XtvNZ0=\""
[2024-05-17T20:33:22.296Z] [INFO] [ApiClient257973061] : "User-Agent : Mozilla/5.0"
[2024-05-17T20:33:22.296Z] [INFO] [ApiClient257973061] : "************************  LOGGING END  ************************"
[2024-05-17T20:33:24.703Z] [INFO] [MerchantConfig493816125] : "************************ LOGGING START ************************"
[2024-05-17T20:33:24.710Z] [INFO] [ApiClient958198526] : "Authentication Type : http_signature"
[2024-05-17T20:33:24.710Z] [INFO] [ApiClient958198526] : "Request Type : POST"
[2024-05-17T20:33:24.710Z] [INFO] [ApiClient958198526] : "signatureHeader : keyid=\"ea34b9a9-fc29-46df-90c2-f6446f285bb1\", algorithm=\"HmacSHA256\", headers=\"host date request-target digest v-c-merchant-id\", signature=\"dydGuvd9XCtwHOm3nFsccAUWrtJLYBYruFtUBbA2ygE=\""
[2024-05-17T20:33:24.711Z] [INFO] [ApiClient958198526] : "digest : SHA-256=qUoVb8OentJyzZPtl0CM/MLehNN4O2IXzzEsBangNdE="
[2024-05-17T20:33:24.711Z] [INFO] [ApiClient958198526] : "v-c-merchant-id : bc_5808459559"
[2024-05-17T20:33:24.711Z] [INFO] [ApiClient958198526] : "date : Fri, 17 May 2024 20:33:24 GMT"
[2024-05-17T20:33:24.711Z] [INFO] [ApiClient958198526] : "host : apitest.cybersource.com"
[2024-05-17T20:33:24.711Z] [INFO] [ApiClient958198526] : "signature : keyid=\"ea34b9a9-fc29-46df-90c2-f6446f285bb1\", algorithm=\"HmacSHA256\", headers=\"host date request-target digest v-c-merchant-id\", signature=\"dydGuvd9XCtwHOm3nFsccAUWrtJLYBYruFtUBbA2ygE=\""
[2024-05-17T20:33:24.711Z] [INFO] [ApiClient958198526] : "User-Agent : Mozilla/5.0"
[2024-05-17T20:33:24.711Z] [INFO] [ApiClient958198526] : "************************  LOGGING END  ************************"
[2024-05-17T20:41:05.376Z] [INFO] [ApiClient281794451] : "Authentication Type : http_signature"
[2024-05-17T20:41:05.376Z] [INFO] [ApiClient281794451] : "Request Type : POST"
[2024-05-17T20:41:05.378Z] [INFO] [ApiClient281794451] : "signatureHeader : keyid=\"ea34b9a9-fc29-46df-90c2-f6446f285bb1\", algorithm=\"HmacSHA256\", headers=\"host date request-target digest v-c-merchant-id\", signature=\"OhMLTEdimuBbA03L14Mm293nuM31vzRleWV21Mdkq7g=\""
[2024-05-17T20:41:05.378Z] [INFO] [ApiClient281794451] : "digest : SHA-256=joYNUcXPjoSeXlJDFnCNDqMnELbQPI+KMMhuRwyc+nI="
[2024-05-17T20:41:05.378Z] [INFO] [ApiClient281794451] : "v-c-merchant-id : bc_5808459559"
[2024-05-17T20:41:05.378Z] [INFO] [ApiClient281794451] : "date : Fri, 17 May 2024 20:41:05 GMT"
[2024-05-17T20:41:05.378Z] [INFO] [ApiClient281794451] : "host : apitest.cybersource.com"
[2024-05-17T20:41:05.378Z] [INFO] [ApiClient281794451] : "signature : keyid=\"ea34b9a9-fc29-46df-90c2-f6446f285bb1\", algorithm=\"HmacSHA256\", headers=\"host date request-target digest v-c-merchant-id\", signature=\"OhMLTEdimuBbA03L14Mm293nuM31vzRleWV21Mdkq7g=\""
[2024-05-17T20:41:05.378Z] [INFO] [ApiClient281794451] : "User-Agent : Mozilla/5.0"
[2024-05-17T20:41:05.378Z] [INFO] [ApiClient281794451] : "************************  LOGGING END  ************************"
[2024-05-17T20:41:05.374Z] [INFO] [MerchantConfig171267667] : "************************ LOGGING START ************************"
[2024-05-17T20:41:07.990Z] [INFO] [MerchantConfig502098478] : "************************ LOGGING START ************************"
[2024-05-17T20:41:07.992Z] [INFO] [ApiClient467491173] : "Authentication Type : http_signature"
[2024-05-17T20:41:07.992Z] [INFO] [ApiClient467491173] : "Request Type : POST"
[2024-05-17T20:41:07.992Z] [INFO] [ApiClient467491173] : "signatureHeader : keyid=\"ea34b9a9-fc29-46df-90c2-f6446f285bb1\", algorithm=\"HmacSHA256\", headers=\"host date request-target digest v-c-merchant-id\", signature=\"rWGj2nwZTGPHjIRJYAmk4Fyj8oGSSa7dxSZD+yZaTcM=\""
[2024-05-17T20:41:07.992Z] [INFO] [ApiClient467491173] : "digest : SHA-256=zF7DIDbRtRh/D/gAEqNiww81inoKQTgjzPDUhhxr0vs="
[2024-05-17T20:41:07.993Z] [INFO] [ApiClient467491173] : "v-c-merchant-id : bc_5808459559"
[2024-05-17T20:41:07.993Z] [INFO] [ApiClient467491173] : "date : Fri, 17 May 2024 20:41:07 GMT"
[2024-05-17T20:41:07.993Z] [INFO] [ApiClient467491173] : "host : apitest.cybersource.com"
[2024-05-17T20:41:07.993Z] [INFO] [ApiClient467491173] : "signature : keyid=\"ea34b9a9-fc29-46df-90c2-f6446f285bb1\", algorithm=\"HmacSHA256\", headers=\"host date request-target digest v-c-merchant-id\", signature=\"rWGj2nwZTGPHjIRJYAmk4Fyj8oGSSa7dxSZD+yZaTcM=\""
[2024-05-17T20:41:07.993Z] [INFO] [ApiClient467491173] : "User-Agent : Mozilla/5.0"
[2024-05-17T20:41:07.993Z] [INFO] [ApiClient467491173] : "************************  LOGGING END  ************************"
[2024-05-17T21:18:17.049Z] [INFO] [MerchantConfig632056791] : "************************ LOGGING START ************************"
[2024-05-17T21:18:17.053Z] [INFO] [ApiClient279149791] : "Authentication Type : http_signature"
[2024-05-17T21:18:17.054Z] [INFO] [ApiClient279149791] : "Request Type : POST"
[2024-05-17T21:18:17.055Z] [INFO] [ApiClient279149791] : "signatureHeader : keyid=\"ea34b9a9-fc29-46df-90c2-f6446f285bb1\", algorithm=\"HmacSHA256\", headers=\"host date request-target digest v-c-merchant-id\", signature=\"7StLE31sOflONTgZs5LTpE0RPvgD9xLh6595DgMdD9M=\""
[2024-05-17T21:18:17.055Z] [INFO] [ApiClient279149791] : "digest : SHA-256=0Kes0EKMngU1eDCyuQx8N1D2Phdhf2PrhxmyboP/RIs="
[2024-05-17T21:18:17.056Z] [INFO] [ApiClient279149791] : "v-c-merchant-id : bc_5808459559"
[2024-05-17T21:18:17.056Z] [INFO] [ApiClient279149791] : "date : Fri, 17 May 2024 21:18:17 GMT"
[2024-05-17T21:18:17.056Z] [INFO] [ApiClient279149791] : "host : apitest.cybersource.com"
[2024-05-17T21:18:17.056Z] [INFO] [ApiClient279149791] : "signature : keyid=\"ea34b9a9-fc29-46df-90c2-f6446f285bb1\", algorithm=\"HmacSHA256\", headers=\"host date request-target digest v-c-merchant-id\", signature=\"7StLE31sOflONTgZs5LTpE0RPvgD9xLh6595DgMdD9M=\""
[2024-05-17T21:18:17.056Z] [INFO] [ApiClient279149791] : "User-Agent : Mozilla/5.0"
[2024-05-17T21:18:17.056Z] [INFO] [ApiClient279149791] : "************************  LOGGING END  ************************"
[2024-05-17T21:18:19.836Z] [INFO] [MerchantConfig302774817] : "************************ LOGGING START ************************"
[2024-05-17T21:18:19.838Z] [INFO] [ApiClient278372515] : "Authentication Type : http_signature"
[2024-05-17T21:18:19.838Z] [INFO] [ApiClient278372515] : "Request Type : POST"
[2024-05-17T21:18:19.838Z] [INFO] [ApiClient278372515] : "signatureHeader : keyid=\"ea34b9a9-fc29-46df-90c2-f6446f285bb1\", algorithm=\"HmacSHA256\", headers=\"host date request-target digest v-c-merchant-id\", signature=\"PwrmSKM8lq4mKKODs/kbmr4Ll+exyjaXCWuaqSTrIcY=\""
[2024-05-17T21:18:19.838Z] [INFO] [ApiClient278372515] : "digest : SHA-256=UUjwZs6bZbc9ess14XZcuhRb0x5LsuHDn9ka7j0R8bE="
[2024-05-17T21:18:19.839Z] [INFO] [ApiClient278372515] : "v-c-merchant-id : bc_5808459559"
[2024-05-17T21:18:19.840Z] [INFO] [ApiClient278372515] : "date : Fri, 17 May 2024 21:18:19 GMT"
[2024-05-17T21:18:19.840Z] [INFO] [ApiClient278372515] : "host : apitest.cybersource.com"
[2024-05-17T21:18:19.840Z] [INFO] [ApiClient278372515] : "signature : keyid=\"ea34b9a9-fc29-46df-90c2-f6446f285bb1\", algorithm=\"HmacSHA256\", headers=\"host date request-target digest v-c-merchant-id\", signature=\"PwrmSKM8lq4mKKODs/kbmr4Ll+exyjaXCWuaqSTrIcY=\""
[2024-05-17T21:18:19.840Z] [INFO] [ApiClient278372515] : "User-Agent : Mozilla/5.0"
[2024-05-17T21:18:19.840Z] [INFO] [ApiClient278372515] : "************************  LOGGING END  ************************"
[2024-05-17T21:19:45.240Z] [INFO] [ApiClient572607994] : "Authentication Type : http_signature"
[2024-05-17T21:19:45.241Z] [INFO] [ApiClient572607994] : "Request Type : POST"
[2024-05-17T21:19:45.241Z] [INFO] [ApiClient572607994] : "signatureHeader : keyid=\"ea34b9a9-fc29-46df-90c2-f6446f285bb1\", algorithm=\"HmacSHA256\", headers=\"host date request-target digest v-c-merchant-id\", signature=\"yQQajkbKFxKMyrHPLoOrQB/gYVK8jEvNDZoUY1xiT5Y=\""
[2024-05-17T21:19:45.241Z] [INFO] [ApiClient572607994] : "digest : SHA-256=joYNUcXPjoSeXlJDFnCNDqMnELbQPI+KMMhuRwyc+nI="
[2024-05-17T21:19:45.238Z] [INFO] [MerchantConfig443850392] : "************************ LOGGING START ************************"
[2024-05-17T21:19:45.241Z] [INFO] [ApiClient572607994] : "v-c-merchant-id : bc_5808459559"
[2024-05-17T21:19:45.241Z] [INFO] [ApiClient572607994] : "date : Fri, 17 May 2024 21:19:45 GMT"
[2024-05-17T21:19:45.241Z] [INFO] [ApiClient572607994] : "host : apitest.cybersource.com"
[2024-05-17T21:19:45.241Z] [INFO] [ApiClient572607994] : "signature : keyid=\"ea34b9a9-fc29-46df-90c2-f6446f285bb1\", algorithm=\"HmacSHA256\", headers=\"host date request-target digest v-c-merchant-id\", signature=\"yQQajkbKFxKMyrHPLoOrQB/gYVK8jEvNDZoUY1xiT5Y=\""
[2024-05-17T21:19:45.241Z] [INFO] [ApiClient572607994] : "User-Agent : Mozilla/5.0"
[2024-05-17T21:19:45.241Z] [INFO] [ApiClient572607994] : "************************  LOGGING END  ************************"
[2024-05-17T21:19:47.363Z] [INFO] [ApiClient598851028] : "Authentication Type : http_signature"
[2024-05-17T21:19:47.361Z] [INFO] [MerchantConfig144076168] : "************************ LOGGING START ************************"
[2024-05-17T21:19:47.363Z] [INFO] [ApiClient598851028] : "Request Type : POST"
[2024-05-17T21:19:47.363Z] [INFO] [ApiClient598851028] : "signatureHeader : keyid=\"ea34b9a9-fc29-46df-90c2-f6446f285bb1\", algorithm=\"HmacSHA256\", headers=\"host date request-target digest v-c-merchant-id\", signature=\"BkSkRPkY2u6pcN3qeksMefB6tBET/6kpvB/nPv3dTVs=\""
[2024-05-17T21:19:47.363Z] [INFO] [ApiClient598851028] : "digest : SHA-256=tlT/9cMjSwupckE+srONz5Rm6W+diVNxUeUa3rCrmDs="
[2024-05-17T21:19:47.364Z] [INFO] [ApiClient598851028] : "v-c-merchant-id : bc_5808459559"
[2024-05-17T21:19:47.364Z] [INFO] [ApiClient598851028] : "date : Fri, 17 May 2024 21:19:47 GMT"
[2024-05-17T21:19:47.364Z] [INFO] [ApiClient598851028] : "host : apitest.cybersource.com"
[2024-05-17T21:19:47.364Z] [INFO] [ApiClient598851028] : "signature : keyid=\"ea34b9a9-fc29-46df-90c2-f6446f285bb1\", algorithm=\"HmacSHA256\", headers=\"host date request-target digest v-c-merchant-id\", signature=\"BkSkRPkY2u6pcN3qeksMefB6tBET/6kpvB/nPv3dTVs=\""
[2024-05-17T21:19:47.364Z] [INFO] [ApiClient598851028] : "User-Agent : Mozilla/5.0"
[2024-05-17T21:19:47.364Z] [INFO] [ApiClient598851028] : "************************  LOGGING END  ************************"
[2024-05-17T21:20:41.952Z] [INFO] [ApiClient722440618] : "Authentication Type : http_signature"
[2024-05-17T21:20:41.950Z] [INFO] [MerchantConfig784884648] : "************************ LOGGING START ************************"
[2024-05-17T21:20:41.952Z] [INFO] [ApiClient722440618] : "Request Type : POST"
[2024-05-17T21:20:41.952Z] [INFO] [ApiClient722440618] : "signatureHeader : keyid=\"ea34b9a9-fc29-46df-90c2-f6446f285bb1\", algorithm=\"HmacSHA256\", headers=\"host date request-target digest v-c-merchant-id\", signature=\"5wu2NqeQUKIjCayIsWajrCUWAiDohmjRYtUSw3lmLBM=\""
[2024-05-17T21:20:41.952Z] [INFO] [ApiClient722440618] : "digest : SHA-256=joYNUcXPjoSeXlJDFnCNDqMnELbQPI+KMMhuRwyc+nI="
[2024-05-17T21:20:41.952Z] [INFO] [ApiClient722440618] : "v-c-merchant-id : bc_5808459559"
[2024-05-17T21:20:41.952Z] [INFO] [ApiClient722440618] : "date : Fri, 17 May 2024 21:20:41 GMT"
[2024-05-17T21:20:41.952Z] [INFO] [ApiClient722440618] : "host : apitest.cybersource.com"
[2024-05-17T21:20:41.952Z] [INFO] [ApiClient722440618] : "signature : keyid=\"ea34b9a9-fc29-46df-90c2-f6446f285bb1\", algorithm=\"HmacSHA256\", headers=\"host date request-target digest v-c-merchant-id\", signature=\"5wu2NqeQUKIjCayIsWajrCUWAiDohmjRYtUSw3lmLBM=\""
[2024-05-17T21:20:41.952Z] [INFO] [ApiClient722440618] : "User-Agent : Mozilla/5.0"
[2024-05-17T21:20:41.952Z] [INFO] [ApiClient722440618] : "************************  LOGGING END  ************************"
[2024-05-17T21:20:44.109Z] [INFO] [ApiClient712022240] : "Authentication Type : http_signature"
[2024-05-17T21:20:44.108Z] [INFO] [MerchantConfig220591299] : "************************ LOGGING START ************************"
[2024-05-17T21:20:44.109Z] [INFO] [ApiClient712022240] : "Request Type : POST"
[2024-05-17T21:20:44.109Z] [INFO] [ApiClient712022240] : "signatureHeader : keyid=\"ea34b9a9-fc29-46df-90c2-f6446f285bb1\", algorithm=\"HmacSHA256\", headers=\"host date request-target digest v-c-merchant-id\", signature=\"9A6SSjQJ2sFqmRoGWw0V0DdAfDYTFlJWVrTeXHu0KGc=\""
[2024-05-17T21:20:44.109Z] [INFO] [ApiClient712022240] : "digest : SHA-256=cclRS15CgLDfkj8mwjZ4IjTMa+Lp42SzrOIB41AT9Wg="
[2024-05-17T21:20:44.109Z] [INFO] [ApiClient712022240] : "v-c-merchant-id : bc_5808459559"
[2024-05-17T21:20:44.109Z] [INFO] [ApiClient712022240] : "date : Fri, 17 May 2024 21:20:44 GMT"
[2024-05-17T21:20:44.109Z] [INFO] [ApiClient712022240] : "host : apitest.cybersource.com"
[2024-05-17T21:20:44.109Z] [INFO] [ApiClient712022240] : "signature : keyid=\"ea34b9a9-fc29-46df-90c2-f6446f285bb1\", algorithm=\"HmacSHA256\", headers=\"host date request-target digest v-c-merchant-id\", signature=\"9A6SSjQJ2sFqmRoGWw0V0DdAfDYTFlJWVrTeXHu0KGc=\""
[2024-05-17T21:20:44.109Z] [INFO] [ApiClient712022240] : "User-Agent : Mozilla/5.0"
[2024-05-17T21:20:44.109Z] [INFO] [ApiClient712022240] : "************************  LOGGING END  ************************"
[2024-05-17T21:22:24.763Z] [INFO] [MerchantConfig619372771] : "************************ LOGGING START ************************"
[2024-05-17T21:22:24.766Z] [INFO] [ApiClient876647817] : "Authentication Type : http_signature"
[2024-05-17T21:22:24.766Z] [INFO] [ApiClient876647817] : "Request Type : POST"
[2024-05-17T21:22:24.767Z] [INFO] [ApiClient876647817] : "signatureHeader : keyid=\"ea34b9a9-fc29-46df-90c2-f6446f285bb1\", algorithm=\"HmacSHA256\", headers=\"host date request-target digest v-c-merchant-id\", signature=\"ExUofDgHVL/niSeFO0DP38687+aveo8soM8xdl92yRY=\""
[2024-05-17T21:22:24.767Z] [INFO] [ApiClient876647817] : "digest : SHA-256=joYNUcXPjoSeXlJDFnCNDqMnELbQPI+KMMhuRwyc+nI="
[2024-05-17T21:22:24.767Z] [INFO] [ApiClient876647817] : "v-c-merchant-id : bc_5808459559"
[2024-05-17T21:22:24.767Z] [INFO] [ApiClient876647817] : "date : Fri, 17 May 2024 21:22:24 GMT"
[2024-05-17T21:22:24.767Z] [INFO] [ApiClient876647817] : "host : apitest.cybersource.com"
[2024-05-17T21:22:24.767Z] [INFO] [ApiClient876647817] : "signature : keyid=\"ea34b9a9-fc29-46df-90c2-f6446f285bb1\", algorithm=\"HmacSHA256\", headers=\"host date request-target digest v-c-merchant-id\", signature=\"ExUofDgHVL/niSeFO0DP38687+aveo8soM8xdl92yRY=\""
[2024-05-17T21:22:24.767Z] [INFO] [ApiClient876647817] : "User-Agent : Mozilla/5.0"
[2024-05-17T21:22:24.767Z] [INFO] [ApiClient876647817] : "************************  LOGGING END  ************************"
[2024-05-17T21:22:27.323Z] [INFO] [ApiClient593127752] : "Authentication Type : http_signature"
[2024-05-17T21:22:27.323Z] [INFO] [ApiClient593127752] : "Request Type : POST"
[2024-05-17T21:22:27.323Z] [INFO] [ApiClient593127752] : "signatureHeader : keyid=\"ea34b9a9-fc29-46df-90c2-f6446f285bb1\", algorithm=\"HmacSHA256\", headers=\"host date request-target digest v-c-merchant-id\", signature=\"zKHzouIny7EFZlec3gWUFGTwRoAotphUvr5cHAPPiIc=\""
[2024-05-17T21:22:27.323Z] [INFO] [ApiClient593127752] : "digest : SHA-256=V7jTkIEYom+iqwpoQnzvWLS7gIg1nterrvvf6jvYJe4="
[2024-05-17T21:22:27.321Z] [INFO] [MerchantConfig664748325] : "************************ LOGGING START ************************"
[2024-05-17T21:22:27.323Z] [INFO] [ApiClient593127752] : "v-c-merchant-id : bc_5808459559"
[2024-05-17T21:22:27.324Z] [INFO] [ApiClient593127752] : "date : Fri, 17 May 2024 21:22:27 GMT"
[2024-05-17T21:22:27.324Z] [INFO] [ApiClient593127752] : "host : apitest.cybersource.com"
[2024-05-17T21:22:27.324Z] [INFO] [ApiClient593127752] : "signature : keyid=\"ea34b9a9-fc29-46df-90c2-f6446f285bb1\", algorithm=\"HmacSHA256\", headers=\"host date request-target digest v-c-merchant-id\", signature=\"zKHzouIny7EFZlec3gWUFGTwRoAotphUvr5cHAPPiIc=\""
[2024-05-17T21:22:27.324Z] [INFO] [ApiClient593127752] : "User-Agent : Mozilla/5.0"
[2024-05-17T21:22:27.324Z] [INFO] [ApiClient593127752] : "************************  LOGGING END  ************************"
[2024-05-17T21:25:05.745Z] [INFO] [MerchantConfig604272364] : "************************ LOGGING START ************************"
[2024-05-17T21:25:05.747Z] [INFO] [ApiClient780248520] : "Authentication Type : http_signature"
[2024-05-17T21:25:05.748Z] [INFO] [ApiClient780248520] : "Request Type : POST"
[2024-05-17T21:25:05.748Z] [INFO] [ApiClient780248520] : "signatureHeader : keyid=\"ea34b9a9-fc29-46df-90c2-f6446f285bb1\", algorithm=\"HmacSHA256\", headers=\"host date request-target digest v-c-merchant-id\", signature=\"bc8yM31oijDJJxl4mcATtQyT5xfwaOxHs2ZnZCuX4a4=\""
[2024-05-17T21:25:05.748Z] [INFO] [ApiClient780248520] : "digest : SHA-256=joYNUcXPjoSeXlJDFnCNDqMnELbQPI+KMMhuRwyc+nI="
[2024-05-17T21:25:05.748Z] [INFO] [ApiClient780248520] : "v-c-merchant-id : bc_5808459559"
[2024-05-17T21:25:05.748Z] [INFO] [ApiClient780248520] : "date : Fri, 17 May 2024 21:25:05 GMT"
[2024-05-17T21:25:05.748Z] [INFO] [ApiClient780248520] : "host : apitest.cybersource.com"
[2024-05-17T21:25:05.748Z] [INFO] [ApiClient780248520] : "signature : keyid=\"ea34b9a9-fc29-46df-90c2-f6446f285bb1\", algorithm=\"HmacSHA256\", headers=\"host date request-target digest v-c-merchant-id\", signature=\"bc8yM31oijDJJxl4mcATtQyT5xfwaOxHs2ZnZCuX4a4=\""
[2024-05-17T21:25:05.748Z] [INFO] [ApiClient780248520] : "User-Agent : Mozilla/5.0"
[2024-05-17T21:25:05.748Z] [INFO] [ApiClient780248520] : "************************  LOGGING END  ************************"
[2024-05-17T21:25:07.980Z] [INFO] [ApiClient339023267] : "Authentication Type : http_signature"
[2024-05-17T21:25:07.979Z] [INFO] [MerchantConfig176544324] : "************************ LOGGING START ************************"
[2024-05-17T21:25:07.980Z] [INFO] [ApiClient339023267] : "Request Type : POST"
[2024-05-17T21:25:07.980Z] [INFO] [ApiClient339023267] : "signatureHeader : keyid=\"ea34b9a9-fc29-46df-90c2-f6446f285bb1\", algorithm=\"HmacSHA256\", headers=\"host date request-target digest v-c-merchant-id\", signature=\"A6K5jclZ5ICwOwIi2sU6HfQC9Oqti1058A5JBrNA1f4=\""
[2024-05-17T21:25:07.980Z] [INFO] [ApiClient339023267] : "digest : SHA-256=qDAbFqwEjWeLqDt/t3k4fP5dKuzqs/gHX1lHcKgsQQw="
[2024-05-17T21:25:07.980Z] [INFO] [ApiClient339023267] : "v-c-merchant-id : bc_5808459559"
[2024-05-17T21:25:07.980Z] [INFO] [ApiClient339023267] : "date : Fri, 17 May 2024 21:25:07 GMT"
[2024-05-17T21:25:07.980Z] [INFO] [ApiClient339023267] : "host : apitest.cybersource.com"
[2024-05-17T21:25:07.980Z] [INFO] [ApiClient339023267] : "signature : keyid=\"ea34b9a9-fc29-46df-90c2-f6446f285bb1\", algorithm=\"HmacSHA256\", headers=\"host date request-target digest v-c-merchant-id\", signature=\"A6K5jclZ5ICwOwIi2sU6HfQC9Oqti1058A5JBrNA1f4=\""
[2024-05-17T21:25:07.980Z] [INFO] [ApiClient339023267] : "User-Agent : Mozilla/5.0"
[2024-05-17T21:25:07.980Z] [INFO] [ApiClient339023267] : "************************  LOGGING END  ************************"
[2024-05-17T21:29:50.732Z] [INFO] [MerchantConfig103853956] : "************************ LOGGING START ************************"
[2024-05-17T21:29:50.734Z] [INFO] [ApiClient551317946] : "Authentication Type : http_signature"
[2024-05-17T21:29:50.734Z] [INFO] [ApiClient551317946] : "Request Type : POST"
[2024-05-17T21:29:50.734Z] [INFO] [ApiClient551317946] : "signatureHeader : keyid=\"ea34b9a9-fc29-46df-90c2-f6446f285bb1\", algorithm=\"HmacSHA256\", headers=\"host date request-target digest v-c-merchant-id\", signature=\"YtBPTKmxWPiKH/IVBfo96HRC8Zf2RZYC52GDQXdjEO8=\""
[2024-05-17T21:29:50.734Z] [INFO] [ApiClient551317946] : "digest : SHA-256=joYNUcXPjoSeXlJDFnCNDqMnELbQPI+KMMhuRwyc+nI="
[2024-05-17T21:29:50.734Z] [INFO] [ApiClient551317946] : "v-c-merchant-id : bc_5808459559"
[2024-05-17T21:29:50.734Z] [INFO] [ApiClient551317946] : "date : Fri, 17 May 2024 21:29:50 GMT"
[2024-05-17T21:29:50.734Z] [INFO] [ApiClient551317946] : "host : apitest.cybersource.com"
[2024-05-17T21:29:50.734Z] [INFO] [ApiClient551317946] : "signature : keyid=\"ea34b9a9-fc29-46df-90c2-f6446f285bb1\", algorithm=\"HmacSHA256\", headers=\"host date request-target digest v-c-merchant-id\", signature=\"YtBPTKmxWPiKH/IVBfo96HRC8Zf2RZYC52GDQXdjEO8=\""
[2024-05-17T21:29:50.734Z] [INFO] [ApiClient551317946] : "User-Agent : Mozilla/5.0"
[2024-05-17T21:29:50.735Z] [INFO] [ApiClient551317946] : "************************  LOGGING END  ************************"
[2024-05-17T21:29:53.095Z] [INFO] [MerchantConfig106547510] : "************************ LOGGING START ************************"
[2024-05-17T21:29:53.096Z] [INFO] [ApiClient423359568] : "Authentication Type : http_signature"
[2024-05-17T21:29:53.096Z] [INFO] [ApiClient423359568] : "Request Type : POST"
[2024-05-17T21:29:53.096Z] [INFO] [ApiClient423359568] : "signatureHeader : keyid=\"ea34b9a9-fc29-46df-90c2-f6446f285bb1\", algorithm=\"HmacSHA256\", headers=\"host date request-target digest v-c-merchant-id\", signature=\"16QQKKvR9IgFnPR1R2oWn5ZzPXyoY2DlQyBXl4XxKV8=\""
[2024-05-17T21:29:53.096Z] [INFO] [ApiClient423359568] : "digest : SHA-256=wPRcGDhkwxPzuXS8iZ5BJMDLv4mG2cfsgZrzUf96kCw="
[2024-05-17T21:29:53.096Z] [INFO] [ApiClient423359568] : "v-c-merchant-id : bc_5808459559"
[2024-05-17T21:29:53.096Z] [INFO] [ApiClient423359568] : "date : Fri, 17 May 2024 21:29:53 GMT"
[2024-05-17T21:29:53.096Z] [INFO] [ApiClient423359568] : "host : apitest.cybersource.com"
[2024-05-17T21:29:53.096Z] [INFO] [ApiClient423359568] : "signature : keyid=\"ea34b9a9-fc29-46df-90c2-f6446f285bb1\", algorithm=\"HmacSHA256\", headers=\"host date request-target digest v-c-merchant-id\", signature=\"16QQKKvR9IgFnPR1R2oWn5ZzPXyoY2DlQyBXl4XxKV8=\""
[2024-05-17T21:29:53.096Z] [INFO] [ApiClient423359568] : "User-Agent : Mozilla/5.0"
[2024-05-17T21:29:53.096Z] [INFO] [ApiClient423359568] : "************************  LOGGING END  ************************"
