[2024-04-11T13:04:01.795Z] [INFO] [MerchantConfig567581228] : "************************ LOGGING START ************************"
[2024-04-11T13:04:01.800Z] [INFO] [ApiClient665458841] : "Authentication Type : http_signature"
[2024-04-11T13:04:01.801Z] [INFO] [ApiClient665458841] : "Request Type : POST"
[2024-04-11T13:04:01.802Z] [INFO] [ApiClient665458841] : "signatureHeader : keyid=\"ea34b9a9-fc29-46df-90c2-f6446f285bb1\", algorithm=\"HmacSHA256\", headers=\"host date request-target digest v-c-merchant-id\", signature=\"7H/VzgBOeWpmGATOOCnxSE+8aGIwDMXqyfzIO82ai+o=\""
[2024-04-11T13:04:01.802Z] [INFO] [ApiClient665458841] : "digest : SHA-256=5mXaAQv2cKznk5Kt66lrmjsU6qHbw6DWk4BJ7+mnh1U="
[2024-04-11T13:04:01.802Z] [INFO] [ApiClient665458841] : "v-c-merchant-id : bc_5808459559"
[2024-04-11T13:04:01.802Z] [INFO] [ApiClient665458841] : "date : Thu, 11 Apr 2024 13:04:01 GMT"
[2024-04-11T13:04:01.802Z] [INFO] [ApiClient665458841] : "host : apitest.cybersource.com"
[2024-04-11T13:04:01.802Z] [INFO] [ApiClient665458841] : "signature : keyid=\"ea34b9a9-fc29-46df-90c2-f6446f285bb1\", algorithm=\"HmacSHA256\", headers=\"host date request-target digest v-c-merchant-id\", signature=\"7H/VzgBOeWpmGATOOCnxSE+8aGIwDMXqyfzIO82ai+o=\""
[2024-04-11T13:04:01.802Z] [INFO] [ApiClient665458841] : "User-Agent : Mozilla/5.0"
[2024-04-11T13:04:01.802Z] [INFO] [ApiClient665458841] : "************************  LOGGING END  ************************"
[2024-04-11T13:06:19.609Z] [INFO] [MerchantConfig231160912] : "************************ LOGGING START ************************"
[2024-04-11T13:06:19.614Z] [INFO] [ApiClient901046872] : "Authentication Type : http_signature"
[2024-04-11T13:06:19.614Z] [INFO] [ApiClient901046872] : "Request Type : POST"
[2024-04-11T13:06:19.615Z] [INFO] [ApiClient901046872] : "signatureHeader : keyid=\"ea34b9a9-fc29-46df-90c2-f6446f285bb1\", algorithm=\"HmacSHA256\", headers=\"host date request-target digest v-c-merchant-id\", signature=\"xFHuq34uixfmYZhlQDq/LQqJDFY3rTZAE/Ns29yGc4E=\""
[2024-04-11T13:06:19.616Z] [INFO] [ApiClient901046872] : "digest : SHA-256=+uj/z8ySqFEtWvtXZmb0oPBtAq+XetcUQrrAmZyumhE="
[2024-04-11T13:06:19.616Z] [INFO] [ApiClient901046872] : "v-c-merchant-id : bc_5808459559"
[2024-04-11T13:06:19.616Z] [INFO] [ApiClient901046872] : "date : Thu, 11 Apr 2024 13:06:19 GMT"
[2024-04-11T13:06:19.616Z] [INFO] [ApiClient901046872] : "host : apitest.cybersource.com"
[2024-04-11T13:06:19.616Z] [INFO] [ApiClient901046872] : "signature : keyid=\"ea34b9a9-fc29-46df-90c2-f6446f285bb1\", algorithm=\"HmacSHA256\", headers=\"host date request-target digest v-c-merchant-id\", signature=\"xFHuq34uixfmYZhlQDq/LQqJDFY3rTZAE/Ns29yGc4E=\""
[2024-04-11T13:06:19.616Z] [INFO] [ApiClient901046872] : "User-Agent : Mozilla/5.0"
[2024-04-11T13:06:19.617Z] [INFO] [ApiClient901046872] : "************************  LOGGING END  ************************"
[2024-04-11T13:07:01.149Z] [INFO] [MerchantConfig738685675] : "************************ LOGGING START ************************"
[2024-04-11T13:07:01.155Z] [INFO] [ApiClient210349829] : "Authentication Type : http_signature"
[2024-04-11T13:07:01.155Z] [INFO] [ApiClient210349829] : "Request Type : POST"
[2024-04-11T13:07:01.156Z] [INFO] [ApiClient210349829] : "signatureHeader : keyid=\"ea34b9a9-fc29-46df-90c2-f6446f285bb1\", algorithm=\"HmacSHA256\", headers=\"host date request-target digest v-c-merchant-id\", signature=\"WKLjZNZrgt505z4/37FQ4NySmTYF4SbOhMy25xliooM=\""
[2024-04-11T13:07:01.156Z] [INFO] [ApiClient210349829] : "digest : SHA-256=pxOj3iEgPU9rtyCBVg89axfa5GLj7jUKk7OlFKYoJdE="
[2024-04-11T13:07:01.156Z] [INFO] [ApiClient210349829] : "v-c-merchant-id : bc_5808459559"
[2024-04-11T13:07:01.156Z] [INFO] [ApiClient210349829] : "date : Thu, 11 Apr 2024 13:07:01 GMT"
[2024-04-11T13:07:01.156Z] [INFO] [ApiClient210349829] : "host : apitest.cybersource.com"
[2024-04-11T13:07:01.156Z] [INFO] [ApiClient210349829] : "signature : keyid=\"ea34b9a9-fc29-46df-90c2-f6446f285bb1\", algorithm=\"HmacSHA256\", headers=\"host date request-target digest v-c-merchant-id\", signature=\"WKLjZNZrgt505z4/37FQ4NySmTYF4SbOhMy25xliooM=\""
[2024-04-11T13:07:01.156Z] [INFO] [ApiClient210349829] : "User-Agent : Mozilla/5.0"
[2024-04-11T13:07:01.157Z] [INFO] [ApiClient210349829] : "************************  LOGGING END  ************************"
[2024-04-11T13:07:55.700Z] [INFO] [MerchantConfig553005137] : "************************ LOGGING START ************************"
[2024-04-11T13:07:55.708Z] [INFO] [ApiClient479127528] : "Authentication Type : http_signature"
[2024-04-11T13:07:55.709Z] [INFO] [ApiClient479127528] : "Request Type : POST"
[2024-04-11T13:07:55.709Z] [INFO] [ApiClient479127528] : "signatureHeader : keyid=\"ea34b9a9-fc29-46df-90c2-f6446f285bb1\", algorithm=\"HmacSHA256\", headers=\"host date request-target digest v-c-merchant-id\", signature=\"ZrbaM3sEDCIsC7l7JznZdCXJrdEZ9pnJ/9pcuju02k4=\""
[2024-04-11T13:07:55.710Z] [INFO] [ApiClient479127528] : "digest : SHA-256=tyTChtVqIQ+XlyGCQ4WF4zzjRutcjHLNqwO2PiJL3Ck="
[2024-04-11T13:07:55.710Z] [INFO] [ApiClient479127528] : "v-c-merchant-id : bc_5808459559"
[2024-04-11T13:07:55.710Z] [INFO] [ApiClient479127528] : "date : Thu, 11 Apr 2024 13:07:55 GMT"
[2024-04-11T13:07:55.710Z] [INFO] [ApiClient479127528] : "host : apitest.cybersource.com"
[2024-04-11T13:07:55.710Z] [INFO] [ApiClient479127528] : "signature : keyid=\"ea34b9a9-fc29-46df-90c2-f6446f285bb1\", algorithm=\"HmacSHA256\", headers=\"host date request-target digest v-c-merchant-id\", signature=\"ZrbaM3sEDCIsC7l7JznZdCXJrdEZ9pnJ/9pcuju02k4=\""
[2024-04-11T13:07:55.710Z] [INFO] [ApiClient479127528] : "User-Agent : Mozilla/5.0"
[2024-04-11T13:07:55.711Z] [INFO] [ApiClient479127528] : "************************  LOGGING END  ************************"
[2024-04-11T13:08:32.306Z] [INFO] [MerchantConfig249062850] : "************************ LOGGING START ************************"
[2024-04-11T13:08:32.311Z] [INFO] [ApiClient865684712] : "Authentication Type : http_signature"
[2024-04-11T13:08:32.312Z] [INFO] [ApiClient865684712] : "Request Type : POST"
[2024-04-11T13:08:32.313Z] [INFO] [ApiClient865684712] : "signatureHeader : keyid=\"ea34b9a9-fc29-46df-90c2-f6446f285bb1\", algorithm=\"HmacSHA256\", headers=\"host date request-target digest v-c-merchant-id\", signature=\"48XDUEvD+qb+aeoMVKfLdn7zmAMxtCaph/CSafpBeUU=\""
[2024-04-11T13:08:32.313Z] [INFO] [ApiClient865684712] : "digest : SHA-256=EaqtPfPozCVPuqQ4Zw34gWW232923lhMqTOr+fD3EjY="
[2024-04-11T13:08:32.313Z] [INFO] [ApiClient865684712] : "v-c-merchant-id : bc_5808459559"
[2024-04-11T13:08:32.313Z] [INFO] [ApiClient865684712] : "date : Thu, 11 Apr 2024 13:08:32 GMT"
[2024-04-11T13:08:32.313Z] [INFO] [ApiClient865684712] : "host : apitest.cybersource.com"
[2024-04-11T13:08:32.313Z] [INFO] [ApiClient865684712] : "signature : keyid=\"ea34b9a9-fc29-46df-90c2-f6446f285bb1\", algorithm=\"HmacSHA256\", headers=\"host date request-target digest v-c-merchant-id\", signature=\"48XDUEvD+qb+aeoMVKfLdn7zmAMxtCaph/CSafpBeUU=\""
[2024-04-11T13:08:32.313Z] [INFO] [ApiClient865684712] : "User-Agent : Mozilla/5.0"
[2024-04-11T13:08:32.313Z] [INFO] [ApiClient865684712] : "************************  LOGGING END  ************************"
[2024-04-11T13:15:25.412Z] [INFO] [MerchantConfig943073775] : "************************ LOGGING START ************************"
[2024-04-11T13:15:25.417Z] [INFO] [ApiClient230705474] : "Authentication Type : http_signature"
[2024-04-11T13:15:25.417Z] [INFO] [ApiClient230705474] : "Request Type : POST"
[2024-04-11T13:15:25.418Z] [INFO] [ApiClient230705474] : "signatureHeader : keyid=\"ea34b9a9-fc29-46df-90c2-f6446f285bb1\", algorithm=\"HmacSHA256\", headers=\"host date request-target digest v-c-merchant-id\", signature=\"ZV8XsVdJM03+BzvlI5/HH1lf98qjaA1W7mfeffYlJrU=\""
[2024-04-11T13:15:25.418Z] [INFO] [ApiClient230705474] : "digest : SHA-256=fZ1EehyptTsuWw8KZralfbcWtLBgfd8D5gSm+3ebyxM="
[2024-04-11T13:15:25.418Z] [INFO] [ApiClient230705474] : "v-c-merchant-id : bc_5808459559"
[2024-04-11T13:15:25.419Z] [INFO] [ApiClient230705474] : "date : Thu, 11 Apr 2024 13:15:25 GMT"
[2024-04-11T13:15:25.419Z] [INFO] [ApiClient230705474] : "host : apitest.cybersource.com"
[2024-04-11T13:15:25.419Z] [INFO] [ApiClient230705474] : "signature : keyid=\"ea34b9a9-fc29-46df-90c2-f6446f285bb1\", algorithm=\"HmacSHA256\", headers=\"host date request-target digest v-c-merchant-id\", signature=\"ZV8XsVdJM03+BzvlI5/HH1lf98qjaA1W7mfeffYlJrU=\""
[2024-04-11T13:15:25.419Z] [INFO] [ApiClient230705474] : "User-Agent : Mozilla/5.0"
[2024-04-11T13:15:25.419Z] [INFO] [ApiClient230705474] : "************************  LOGGING END  ************************"
[2024-04-11T13:20:56.667Z] [INFO] [MerchantConfig147410777] : "************************ LOGGING START ************************"
[2024-04-11T13:20:56.671Z] [INFO] [ApiClient386554670] : "Authentication Type : http_signature"
[2024-04-11T13:20:56.671Z] [INFO] [ApiClient386554670] : "Request Type : POST"
[2024-04-11T13:20:56.672Z] [INFO] [ApiClient386554670] : "signatureHeader : keyid=\"ea34b9a9-fc29-46df-90c2-f6446f285bb1\", algorithm=\"HmacSHA256\", headers=\"host date request-target digest v-c-merchant-id\", signature=\"+NAtOwrRPV5J7cjfN3EhGQX9+N16kolE7+4ZewX8oHk=\""
[2024-04-11T13:20:56.673Z] [INFO] [ApiClient386554670] : "digest : SHA-256=ecWp2Rhb18YlTdUW9pMjJ437Vdf8JlxH7TePVvfKc5U="
[2024-04-11T13:20:56.673Z] [INFO] [ApiClient386554670] : "v-c-merchant-id : bc_5808459559"
[2024-04-11T13:20:56.673Z] [INFO] [ApiClient386554670] : "date : Thu, 11 Apr 2024 13:20:56 GMT"
[2024-04-11T13:20:56.673Z] [INFO] [ApiClient386554670] : "host : apitest.cybersource.com"
[2024-04-11T13:20:56.673Z] [INFO] [ApiClient386554670] : "signature : keyid=\"ea34b9a9-fc29-46df-90c2-f6446f285bb1\", algorithm=\"HmacSHA256\", headers=\"host date request-target digest v-c-merchant-id\", signature=\"+NAtOwrRPV5J7cjfN3EhGQX9+N16kolE7+4ZewX8oHk=\""
[2024-04-11T13:20:56.673Z] [INFO] [ApiClient386554670] : "User-Agent : Mozilla/5.0"
[2024-04-11T13:20:56.673Z] [INFO] [ApiClient386554670] : "************************  LOGGING END  ************************"
[2024-04-11T13:23:41.597Z] [INFO] [ApiClient413096707] : "Authentication Type : http_signature"
[2024-04-11T13:23:41.597Z] [INFO] [ApiClient413096707] : "Request Type : POST"
[2024-04-11T13:23:41.597Z] [INFO] [ApiClient413096707] : "signatureHeader : keyid=\"ea34b9a9-fc29-46df-90c2-f6446f285bb1\", algorithm=\"HmacSHA256\", headers=\"host date request-target digest v-c-merchant-id\", signature=\"2h55jsxpUDaoaGgMfyKD0ziPH34ONK4CQ0O8Ag/f4SQ=\""
[2024-04-11T13:23:41.598Z] [INFO] [ApiClient413096707] : "digest : SHA-256=RkD+gTBvf3cv4bgUqz3NQRhpZbjZiBoT1liZHOoyV5w="
[2024-04-11T13:23:41.598Z] [INFO] [ApiClient413096707] : "v-c-merchant-id : bc_5808459559"
[2024-04-11T13:23:41.598Z] [INFO] [ApiClient413096707] : "date : Thu, 11 Apr 2024 13:23:41 GMT"
[2024-04-11T13:23:41.598Z] [INFO] [ApiClient413096707] : "host : apitest.cybersource.com"
[2024-04-11T13:23:41.598Z] [INFO] [ApiClient413096707] : "signature : keyid=\"ea34b9a9-fc29-46df-90c2-f6446f285bb1\", algorithm=\"HmacSHA256\", headers=\"host date request-target digest v-c-merchant-id\", signature=\"2h55jsxpUDaoaGgMfyKD0ziPH34ONK4CQ0O8Ag/f4SQ=\""
[2024-04-11T13:23:41.598Z] [INFO] [ApiClient413096707] : "User-Agent : Mozilla/5.0"
[2024-04-11T13:23:41.596Z] [INFO] [MerchantConfig819294780] : "************************ LOGGING START ************************"
[2024-04-11T13:23:41.598Z] [INFO] [ApiClient413096707] : "************************  LOGGING END  ************************"
[2024-04-11T13:25:55.573Z] [INFO] [MerchantConfig160319969] : "************************ LOGGING START ************************"
[2024-04-11T13:25:55.579Z] [INFO] [ApiClient574161638] : "Authentication Type : http_signature"
[2024-04-11T13:25:55.579Z] [INFO] [ApiClient574161638] : "Request Type : POST"
[2024-04-11T13:25:55.580Z] [INFO] [ApiClient574161638] : "signatureHeader : keyid=\"ea34b9a9-fc29-46df-90c2-f6446f285bb1\", algorithm=\"HmacSHA256\", headers=\"host date request-target digest v-c-merchant-id\", signature=\"bU/H8c5hG9PhSJL37lao09T3kknND7MnyqiHVeqBe8M=\""
[2024-04-11T13:25:55.580Z] [INFO] [ApiClient574161638] : "digest : SHA-256=pNK0NIRm5QTyP1CIETYfy5WQHTtOTPjaVbOtLyEHtmQ="
[2024-04-11T13:25:55.580Z] [INFO] [ApiClient574161638] : "v-c-merchant-id : bc_5808459559"
[2024-04-11T13:25:55.580Z] [INFO] [ApiClient574161638] : "date : Thu, 11 Apr 2024 13:25:55 GMT"
[2024-04-11T13:25:55.580Z] [INFO] [ApiClient574161638] : "host : apitest.cybersource.com"
[2024-04-11T13:25:55.580Z] [INFO] [ApiClient574161638] : "signature : keyid=\"ea34b9a9-fc29-46df-90c2-f6446f285bb1\", algorithm=\"HmacSHA256\", headers=\"host date request-target digest v-c-merchant-id\", signature=\"bU/H8c5hG9PhSJL37lao09T3kknND7MnyqiHVeqBe8M=\""
[2024-04-11T13:25:55.580Z] [INFO] [ApiClient574161638] : "User-Agent : Mozilla/5.0"
[2024-04-11T13:25:55.580Z] [INFO] [ApiClient574161638] : "************************  LOGGING END  ************************"
[2024-04-11T13:26:52.445Z] [INFO] [MerchantConfig612177315] : "************************ LOGGING START ************************"
[2024-04-11T13:26:52.449Z] [INFO] [ApiClient971417846] : "Authentication Type : http_signature"
[2024-04-11T13:26:52.449Z] [INFO] [ApiClient971417846] : "Request Type : POST"
[2024-04-11T13:26:52.450Z] [INFO] [ApiClient971417846] : "signatureHeader : keyid=\"ea34b9a9-fc29-46df-90c2-f6446f285bb1\", algorithm=\"HmacSHA256\", headers=\"host date request-target digest v-c-merchant-id\", signature=\"u0hiHAT0+VVKkV/bHIV/+QKb7NNO/2rVk1Z0lITDN8A=\""
[2024-04-11T13:26:52.450Z] [INFO] [ApiClient971417846] : "digest : SHA-256=P3umYKLMKegEIlbMLhm4ddrR/lO4hghdnMC6zhEPL3k="
[2024-04-11T13:26:52.450Z] [INFO] [ApiClient971417846] : "v-c-merchant-id : bc_5808459559"
[2024-04-11T13:26:52.450Z] [INFO] [ApiClient971417846] : "date : Thu, 11 Apr 2024 13:26:52 GMT"
[2024-04-11T13:26:52.450Z] [INFO] [ApiClient971417846] : "host : apitest.cybersource.com"
[2024-04-11T13:26:52.451Z] [INFO] [ApiClient971417846] : "signature : keyid=\"ea34b9a9-fc29-46df-90c2-f6446f285bb1\", algorithm=\"HmacSHA256\", headers=\"host date request-target digest v-c-merchant-id\", signature=\"u0hiHAT0+VVKkV/bHIV/+QKb7NNO/2rVk1Z0lITDN8A=\""
[2024-04-11T13:26:52.451Z] [INFO] [ApiClient971417846] : "User-Agent : Mozilla/5.0"
[2024-04-11T13:26:52.451Z] [INFO] [ApiClient971417846] : "************************  LOGGING END  ************************"
[2024-04-11T13:28:54.100Z] [INFO] [MerchantConfig303340734] : "************************ LOGGING START ************************"
[2024-04-11T13:28:54.106Z] [INFO] [ApiClient887839686] : "Authentication Type : http_signature"
[2024-04-11T13:28:54.106Z] [INFO] [ApiClient887839686] : "Request Type : POST"
[2024-04-11T13:28:54.107Z] [INFO] [ApiClient887839686] : "signatureHeader : keyid=\"ea34b9a9-fc29-46df-90c2-f6446f285bb1\", algorithm=\"HmacSHA256\", headers=\"host date request-target digest v-c-merchant-id\", signature=\"f/AX1W7WrdgpizmBh4N3xiruaD5xb7Zf7lb5xSECNTM=\""
[2024-04-11T13:28:54.108Z] [INFO] [ApiClient887839686] : "digest : SHA-256=kF7c3z2Py4CIFQ7z0883cThaZcE+Da8iXKcwUuy0+As="
[2024-04-11T13:28:54.108Z] [INFO] [ApiClient887839686] : "v-c-merchant-id : bc_5808459559"
[2024-04-11T13:28:54.108Z] [INFO] [ApiClient887839686] : "date : Thu, 11 Apr 2024 13:28:54 GMT"
[2024-04-11T13:28:54.108Z] [INFO] [ApiClient887839686] : "host : apitest.cybersource.com"
[2024-04-11T13:28:54.108Z] [INFO] [ApiClient887839686] : "signature : keyid=\"ea34b9a9-fc29-46df-90c2-f6446f285bb1\", algorithm=\"HmacSHA256\", headers=\"host date request-target digest v-c-merchant-id\", signature=\"f/AX1W7WrdgpizmBh4N3xiruaD5xb7Zf7lb5xSECNTM=\""
[2024-04-11T13:28:54.108Z] [INFO] [ApiClient887839686] : "User-Agent : Mozilla/5.0"
[2024-04-11T13:28:54.108Z] [INFO] [ApiClient887839686] : "************************  LOGGING END  ************************"
[2024-04-11T13:30:55.434Z] [INFO] [MerchantConfig134847383] : "************************ LOGGING START ************************"
[2024-04-11T13:30:55.440Z] [INFO] [ApiClient613977790] : "Authentication Type : http_signature"
[2024-04-11T13:30:55.440Z] [INFO] [ApiClient613977790] : "Request Type : POST"
[2024-04-11T13:30:55.441Z] [INFO] [ApiClient613977790] : "signatureHeader : keyid=\"ea34b9a9-fc29-46df-90c2-f6446f285bb1\", algorithm=\"HmacSHA256\", headers=\"host date request-target digest v-c-merchant-id\", signature=\"rPCGGPAqE3swfF6AEKmEOCD3kR08B8b1M72f6Izw3f4=\""
[2024-04-11T13:30:55.441Z] [INFO] [ApiClient613977790] : "digest : SHA-256=mdZ3nS3t7eife/Yr+nm0az0SN7IUgfYAVqA+Gb19FzI="
[2024-04-11T13:30:55.441Z] [INFO] [ApiClient613977790] : "v-c-merchant-id : bc_5808459559"
[2024-04-11T13:30:55.441Z] [INFO] [ApiClient613977790] : "date : Thu, 11 Apr 2024 13:30:55 GMT"
[2024-04-11T13:30:55.442Z] [INFO] [ApiClient613977790] : "host : apitest.cybersource.com"
[2024-04-11T13:30:55.442Z] [INFO] [ApiClient613977790] : "signature : keyid=\"ea34b9a9-fc29-46df-90c2-f6446f285bb1\", algorithm=\"HmacSHA256\", headers=\"host date request-target digest v-c-merchant-id\", signature=\"rPCGGPAqE3swfF6AEKmEOCD3kR08B8b1M72f6Izw3f4=\""
[2024-04-11T13:30:55.442Z] [INFO] [ApiClient613977790] : "User-Agent : Mozilla/5.0"
[2024-04-11T13:30:55.442Z] [INFO] [ApiClient613977790] : "************************  LOGGING END  ************************"
[2024-04-11T13:32:22.841Z] [INFO] [MerchantConfig389581314] : "************************ LOGGING START ************************"
[2024-04-11T13:32:22.846Z] [INFO] [ApiClient624171239] : "Authentication Type : http_signature"
[2024-04-11T13:32:22.846Z] [INFO] [ApiClient624171239] : "Request Type : POST"
[2024-04-11T13:32:22.847Z] [INFO] [ApiClient624171239] : "signatureHeader : keyid=\"ea34b9a9-fc29-46df-90c2-f6446f285bb1\", algorithm=\"HmacSHA256\", headers=\"host date request-target digest v-c-merchant-id\", signature=\"9rd4Uuu03kHEQ8emC4xw/OPnDLs+YxJOutctOdgk6gM=\""
[2024-04-11T13:32:22.848Z] [INFO] [ApiClient624171239] : "digest : SHA-256=VE6aY9DTvwb80a5MbgIhMly+lOenkd170p65Pe1Nl+A="
[2024-04-11T13:32:22.848Z] [INFO] [ApiClient624171239] : "v-c-merchant-id : bc_5808459559"
[2024-04-11T13:32:22.848Z] [INFO] [ApiClient624171239] : "date : Thu, 11 Apr 2024 13:32:22 GMT"
[2024-04-11T13:32:22.848Z] [INFO] [ApiClient624171239] : "host : apitest.cybersource.com"
[2024-04-11T13:32:22.848Z] [INFO] [ApiClient624171239] : "signature : keyid=\"ea34b9a9-fc29-46df-90c2-f6446f285bb1\", algorithm=\"HmacSHA256\", headers=\"host date request-target digest v-c-merchant-id\", signature=\"9rd4Uuu03kHEQ8emC4xw/OPnDLs+YxJOutctOdgk6gM=\""
[2024-04-11T13:32:22.848Z] [INFO] [ApiClient624171239] : "User-Agent : Mozilla/5.0"
[2024-04-11T13:32:22.848Z] [INFO] [ApiClient624171239] : "************************  LOGGING END  ************************"
[2024-04-11T13:35:16.201Z] [INFO] [MerchantConfig656051519] : "************************ LOGGING START ************************"
[2024-04-11T13:35:16.208Z] [INFO] [ApiClient73546937] : "Authentication Type : http_signature"
[2024-04-11T13:35:16.208Z] [INFO] [ApiClient73546937] : "Request Type : POST"
[2024-04-11T13:35:16.209Z] [INFO] [ApiClient73546937] : "signatureHeader : keyid=\"ea34b9a9-fc29-46df-90c2-f6446f285bb1\", algorithm=\"HmacSHA256\", headers=\"host date request-target digest v-c-merchant-id\", signature=\"NxNHG2MtkGWZWoyiRZrl3Wm7mFBbxOHyTEQUH5LbRE8=\""
[2024-04-11T13:35:16.209Z] [INFO] [ApiClient73546937] : "digest : SHA-256=X+oLupL2AVjz72LznZpxelnewzCsrhBgBPEvUEZ3oDM="
[2024-04-11T13:35:16.209Z] [INFO] [ApiClient73546937] : "v-c-merchant-id : bc_5808459559"
[2024-04-11T13:35:16.210Z] [INFO] [ApiClient73546937] : "date : Thu, 11 Apr 2024 13:35:16 GMT"
[2024-04-11T13:35:16.210Z] [INFO] [ApiClient73546937] : "host : apitest.cybersource.com"
[2024-04-11T13:35:16.210Z] [INFO] [ApiClient73546937] : "signature : keyid=\"ea34b9a9-fc29-46df-90c2-f6446f285bb1\", algorithm=\"HmacSHA256\", headers=\"host date request-target digest v-c-merchant-id\", signature=\"NxNHG2MtkGWZWoyiRZrl3Wm7mFBbxOHyTEQUH5LbRE8=\""
[2024-04-11T13:35:16.210Z] [INFO] [ApiClient73546937] : "User-Agent : Mozilla/5.0"
[2024-04-11T13:35:16.210Z] [INFO] [ApiClient73546937] : "************************  LOGGING END  ************************"
[2024-04-11T13:36:19.946Z] [INFO] [MerchantConfig831851700] : "************************ LOGGING START ************************"
[2024-04-11T13:36:19.953Z] [INFO] [ApiClient743160380] : "Authentication Type : http_signature"
[2024-04-11T13:36:19.953Z] [INFO] [ApiClient743160380] : "Request Type : POST"
[2024-04-11T13:36:19.955Z] [INFO] [ApiClient743160380] : "signatureHeader : keyid=\"ea34b9a9-fc29-46df-90c2-f6446f285bb1\", algorithm=\"HmacSHA256\", headers=\"host date request-target digest v-c-merchant-id\", signature=\"1EDpuFVFZDgObSg9x5DN0wbJYCrICfc02HpFCZ3+Vfw=\""
[2024-04-11T13:36:19.955Z] [INFO] [ApiClient743160380] : "digest : SHA-256=ljEHoGH4ajyjQ+EEtMpkxjZfODehrE5IqeKBhw6KAFs="
[2024-04-11T13:36:19.955Z] [INFO] [ApiClient743160380] : "v-c-merchant-id : bc_5808459559"
[2024-04-11T13:36:19.955Z] [INFO] [ApiClient743160380] : "date : Thu, 11 Apr 2024 13:36:19 GMT"
[2024-04-11T13:36:19.955Z] [INFO] [ApiClient743160380] : "host : apitest.cybersource.com"
[2024-04-11T13:36:19.955Z] [INFO] [ApiClient743160380] : "signature : keyid=\"ea34b9a9-fc29-46df-90c2-f6446f285bb1\", algorithm=\"HmacSHA256\", headers=\"host date request-target digest v-c-merchant-id\", signature=\"1EDpuFVFZDgObSg9x5DN0wbJYCrICfc02HpFCZ3+Vfw=\""
[2024-04-11T13:36:19.955Z] [INFO] [ApiClient743160380] : "User-Agent : Mozilla/5.0"
[2024-04-11T13:36:19.956Z] [INFO] [ApiClient743160380] : "************************  LOGGING END  ************************"
[2024-04-11T13:39:39.098Z] [INFO] [MerchantConfig919863757] : "************************ LOGGING START ************************"
[2024-04-11T13:39:39.106Z] [INFO] [ApiClient196850442] : "Authentication Type : http_signature"
[2024-04-11T13:39:39.106Z] [INFO] [ApiClient196850442] : "Request Type : POST"
[2024-04-11T13:39:39.108Z] [INFO] [ApiClient196850442] : "signatureHeader : keyid=\"ea34b9a9-fc29-46df-90c2-f6446f285bb1\", algorithm=\"HmacSHA256\", headers=\"host date request-target digest v-c-merchant-id\", signature=\"hPwL4/SD8BKnWjeLYIrGoEDDlqrD1fSesOSChJETwD4=\""
[2024-04-11T13:39:39.109Z] [INFO] [ApiClient196850442] : "digest : SHA-256=z2gaoBTkjPKA7fYr5HVkkSzQB6iYKwrLdrSt4c0lcZg="
[2024-04-11T13:39:39.109Z] [INFO] [ApiClient196850442] : "v-c-merchant-id : bc_5808459559"
[2024-04-11T13:39:39.109Z] [INFO] [ApiClient196850442] : "date : Thu, 11 Apr 2024 13:39:39 GMT"
[2024-04-11T13:39:39.109Z] [INFO] [ApiClient196850442] : "host : apitest.cybersource.com"
[2024-04-11T13:39:39.110Z] [INFO] [ApiClient196850442] : "signature : keyid=\"ea34b9a9-fc29-46df-90c2-f6446f285bb1\", algorithm=\"HmacSHA256\", headers=\"host date request-target digest v-c-merchant-id\", signature=\"hPwL4/SD8BKnWjeLYIrGoEDDlqrD1fSesOSChJETwD4=\""
[2024-04-11T13:39:39.110Z] [INFO] [ApiClient196850442] : "User-Agent : Mozilla/5.0"
[2024-04-11T13:39:39.110Z] [INFO] [ApiClient196850442] : "************************  LOGGING END  ************************"
[2024-04-11T13:44:40.802Z] [INFO] [MerchantConfig12792380] : "************************ LOGGING START ************************"
[2024-04-11T13:44:40.807Z] [INFO] [ApiClient1109276] : "Authentication Type : http_signature"
[2024-04-11T13:44:40.807Z] [INFO] [ApiClient1109276] : "Request Type : POST"
[2024-04-11T13:44:40.808Z] [INFO] [ApiClient1109276] : "signatureHeader : keyid=\"ea34b9a9-fc29-46df-90c2-f6446f285bb1\", algorithm=\"HmacSHA256\", headers=\"host date request-target digest v-c-merchant-id\", signature=\"f+rVuphDFBohF2PW+Tn+uA0Izves6HVONf2KBR8b4+s=\""
[2024-04-11T13:44:40.808Z] [INFO] [ApiClient1109276] : "digest : SHA-256=VZ7nijFoDNGjJttL3H8ajJUVIvZtMggrisja9FwcMvc="
[2024-04-11T13:44:40.808Z] [INFO] [ApiClient1109276] : "v-c-merchant-id : bc_5808459559"
[2024-04-11T13:44:40.808Z] [INFO] [ApiClient1109276] : "date : Thu, 11 Apr 2024 13:44:40 GMT"
[2024-04-11T13:44:40.808Z] [INFO] [ApiClient1109276] : "host : apitest.cybersource.com"
[2024-04-11T13:44:40.809Z] [INFO] [ApiClient1109276] : "signature : keyid=\"ea34b9a9-fc29-46df-90c2-f6446f285bb1\", algorithm=\"HmacSHA256\", headers=\"host date request-target digest v-c-merchant-id\", signature=\"f+rVuphDFBohF2PW+Tn+uA0Izves6HVONf2KBR8b4+s=\""
[2024-04-11T13:44:40.809Z] [INFO] [ApiClient1109276] : "User-Agent : Mozilla/5.0"
[2024-04-11T13:44:40.809Z] [INFO] [ApiClient1109276] : "************************  LOGGING END  ************************"
[2024-04-11T13:47:54.058Z] [INFO] [MerchantConfig862592934] : "************************ LOGGING START ************************"
[2024-04-11T13:47:54.066Z] [INFO] [ApiClient250262954] : "Authentication Type : http_signature"
[2024-04-11T13:47:54.066Z] [INFO] [ApiClient250262954] : "Request Type : POST"
[2024-04-11T13:47:54.068Z] [INFO] [ApiClient250262954] : "signatureHeader : keyid=\"ea34b9a9-fc29-46df-90c2-f6446f285bb1\", algorithm=\"HmacSHA256\", headers=\"host date request-target digest v-c-merchant-id\", signature=\"+U/VzSVoSW/JH+iW5eh/3+diV47nPQEPws7SOfMJAms=\""
[2024-04-11T13:47:54.069Z] [INFO] [ApiClient250262954] : "digest : SHA-256=UR8npP24EowLH5YzenU0LhDdKXCwzdDCWGmp31HLyVc="
[2024-04-11T13:47:54.069Z] [INFO] [ApiClient250262954] : "v-c-merchant-id : bc_5808459559"
[2024-04-11T13:47:54.069Z] [INFO] [ApiClient250262954] : "date : Thu, 11 Apr 2024 13:47:54 GMT"
[2024-04-11T13:47:54.069Z] [INFO] [ApiClient250262954] : "host : apitest.cybersource.com"
[2024-04-11T13:47:54.069Z] [INFO] [ApiClient250262954] : "signature : keyid=\"ea34b9a9-fc29-46df-90c2-f6446f285bb1\", algorithm=\"HmacSHA256\", headers=\"host date request-target digest v-c-merchant-id\", signature=\"+U/VzSVoSW/JH+iW5eh/3+diV47nPQEPws7SOfMJAms=\""
[2024-04-11T13:47:54.069Z] [INFO] [ApiClient250262954] : "User-Agent : Mozilla/5.0"
[2024-04-11T13:47:54.069Z] [INFO] [ApiClient250262954] : "************************  LOGGING END  ************************"
[2024-04-11T13:49:36.757Z] [INFO] [MerchantConfig631505510] : "************************ LOGGING START ************************"
[2024-04-11T13:49:36.765Z] [INFO] [ApiClient821769332] : "Authentication Type : http_signature"
[2024-04-11T13:49:36.765Z] [INFO] [ApiClient821769332] : "Request Type : POST"
[2024-04-11T13:49:36.767Z] [INFO] [ApiClient821769332] : "signatureHeader : keyid=\"ea34b9a9-fc29-46df-90c2-f6446f285bb1\", algorithm=\"HmacSHA256\", headers=\"host date request-target digest v-c-merchant-id\", signature=\"qMoXpgwL32Gaw8EgHJ85NHu7BxhgRtc30ou9PiRmuXA=\""
[2024-04-11T13:49:36.768Z] [INFO] [ApiClient821769332] : "digest : SHA-256=QvtCLIcVeqkvgHpbewApuWmRBKsqFaM88eBuBIUppSA="
[2024-04-11T13:49:36.769Z] [INFO] [ApiClient821769332] : "v-c-merchant-id : bc_5808459559"
[2024-04-11T13:49:36.769Z] [INFO] [ApiClient821769332] : "date : Thu, 11 Apr 2024 13:49:36 GMT"
[2024-04-11T13:49:36.769Z] [INFO] [ApiClient821769332] : "host : apitest.cybersource.com"
[2024-04-11T13:49:36.770Z] [INFO] [ApiClient821769332] : "signature : keyid=\"ea34b9a9-fc29-46df-90c2-f6446f285bb1\", algorithm=\"HmacSHA256\", headers=\"host date request-target digest v-c-merchant-id\", signature=\"qMoXpgwL32Gaw8EgHJ85NHu7BxhgRtc30ou9PiRmuXA=\""
[2024-04-11T13:49:36.770Z] [INFO] [ApiClient821769332] : "User-Agent : Mozilla/5.0"
[2024-04-11T13:49:36.770Z] [INFO] [ApiClient821769332] : "************************  LOGGING END  ************************"
[2024-04-11T14:13:12.076Z] [INFO] [MerchantConfig93781348] : "************************ LOGGING START ************************"
[2024-04-11T14:13:12.086Z] [INFO] [ApiClient807705998] : "Authentication Type : http_signature"
[2024-04-11T14:13:12.087Z] [INFO] [ApiClient807705998] : "Request Type : POST"
[2024-04-11T14:13:12.091Z] [INFO] [ApiClient807705998] : "signatureHeader : keyid=\"ea34b9a9-fc29-46df-90c2-f6446f285bb1\", algorithm=\"HmacSHA256\", headers=\"host date request-target digest v-c-merchant-id\", signature=\"9PlktYquYWmSW07rthGtpN8UCGZ6eKdGd+EQZTTQAzI=\""
[2024-04-11T14:13:12.091Z] [INFO] [ApiClient807705998] : "digest : SHA-256=RLfc7DUmH6F62kyxqc9M9AKZJuRPysLo7kJSei3LCDo="
[2024-04-11T14:13:12.092Z] [INFO] [ApiClient807705998] : "v-c-merchant-id : bc_5808459559"
[2024-04-11T14:13:12.092Z] [INFO] [ApiClient807705998] : "date : Thu, 11 Apr 2024 14:13:12 GMT"
[2024-04-11T14:13:12.092Z] [INFO] [ApiClient807705998] : "host : apitest.cybersource.com"
[2024-04-11T14:13:12.092Z] [INFO] [ApiClient807705998] : "signature : keyid=\"ea34b9a9-fc29-46df-90c2-f6446f285bb1\", algorithm=\"HmacSHA256\", headers=\"host date request-target digest v-c-merchant-id\", signature=\"9PlktYquYWmSW07rthGtpN8UCGZ6eKdGd+EQZTTQAzI=\""
[2024-04-11T14:13:12.092Z] [INFO] [ApiClient807705998] : "User-Agent : Mozilla/5.0"
[2024-04-11T14:13:12.092Z] [INFO] [ApiClient807705998] : "************************  LOGGING END  ************************"
[2024-04-11T14:28:58.813Z] [INFO] [MerchantConfig190704228] : "************************ LOGGING START ************************"
[2024-04-11T14:28:58.818Z] [INFO] [ApiClient655382961] : "Authentication Type : http_signature"
[2024-04-11T14:28:58.818Z] [INFO] [ApiClient655382961] : "Request Type : POST"
[2024-04-11T14:28:58.820Z] [INFO] [ApiClient655382961] : "signatureHeader : keyid=\"ea34b9a9-fc29-46df-90c2-f6446f285bb1\", algorithm=\"HmacSHA256\", headers=\"host date request-target digest v-c-merchant-id\", signature=\"qKeT5gJHm8uELtokmcToqJuKyMQS0V6TI9GRgDDlyaw=\""
[2024-04-11T14:28:58.820Z] [INFO] [ApiClient655382961] : "digest : SHA-256=r5q17ufqHKLMzRiG66m7HtoLCLk2vTZSdty/akFJxTM="
[2024-04-11T14:28:58.820Z] [INFO] [ApiClient655382961] : "v-c-merchant-id : bc_5808459559"
[2024-04-11T14:28:58.820Z] [INFO] [ApiClient655382961] : "date : Thu, 11 Apr 2024 14:28:58 GMT"
[2024-04-11T14:28:58.821Z] [INFO] [ApiClient655382961] : "host : apitest.cybersource.com"
[2024-04-11T14:28:58.821Z] [INFO] [ApiClient655382961] : "signature : keyid=\"ea34b9a9-fc29-46df-90c2-f6446f285bb1\", algorithm=\"HmacSHA256\", headers=\"host date request-target digest v-c-merchant-id\", signature=\"qKeT5gJHm8uELtokmcToqJuKyMQS0V6TI9GRgDDlyaw=\""
[2024-04-11T14:28:58.821Z] [INFO] [ApiClient655382961] : "User-Agent : Mozilla/5.0"
[2024-04-11T14:28:58.821Z] [INFO] [ApiClient655382961] : "************************  LOGGING END  ************************"
[2024-04-11T14:31:39.316Z] [INFO] [MerchantConfig476110772] : "************************ LOGGING START ************************"
[2024-04-11T14:31:39.322Z] [INFO] [ApiClient758844969] : "Authentication Type : http_signature"
[2024-04-11T14:31:39.322Z] [INFO] [ApiClient758844969] : "Request Type : POST"
[2024-04-11T14:31:39.323Z] [INFO] [ApiClient758844969] : "signatureHeader : keyid=\"ea34b9a9-fc29-46df-90c2-f6446f285bb1\", algorithm=\"HmacSHA256\", headers=\"host date request-target digest v-c-merchant-id\", signature=\"xTw609e7lk1s/QlIR7cYhZf1Y04SMxkdnxMNHPjPkaY=\""
[2024-04-11T14:31:39.323Z] [INFO] [ApiClient758844969] : "digest : SHA-256=vdL9PW2G8Q2WInaB8Xvh3nZoTL9IWyzkPhpJkDkzqBY="
[2024-04-11T14:31:39.323Z] [INFO] [ApiClient758844969] : "v-c-merchant-id : bc_5808459559"
[2024-04-11T14:31:39.323Z] [INFO] [ApiClient758844969] : "date : Thu, 11 Apr 2024 14:31:39 GMT"
[2024-04-11T14:31:39.323Z] [INFO] [ApiClient758844969] : "host : apitest.cybersource.com"
[2024-04-11T14:31:39.324Z] [INFO] [ApiClient758844969] : "signature : keyid=\"ea34b9a9-fc29-46df-90c2-f6446f285bb1\", algorithm=\"HmacSHA256\", headers=\"host date request-target digest v-c-merchant-id\", signature=\"xTw609e7lk1s/QlIR7cYhZf1Y04SMxkdnxMNHPjPkaY=\""
[2024-04-11T14:31:39.324Z] [INFO] [ApiClient758844969] : "User-Agent : Mozilla/5.0"
[2024-04-11T14:31:39.324Z] [INFO] [ApiClient758844969] : "************************  LOGGING END  ************************"
[2024-04-11T14:33:16.020Z] [INFO] [MerchantConfig572729683] : "************************ LOGGING START ************************"
[2024-04-11T14:33:16.028Z] [INFO] [ApiClient128112085] : "Authentication Type : http_signature"
[2024-04-11T14:33:16.029Z] [INFO] [ApiClient128112085] : "Request Type : POST"
[2024-04-11T14:33:16.030Z] [INFO] [ApiClient128112085] : "signatureHeader : keyid=\"ea34b9a9-fc29-46df-90c2-f6446f285bb1\", algorithm=\"HmacSHA256\", headers=\"host date request-target digest v-c-merchant-id\", signature=\"lohVRzsp67gc+glyFEiictpO1kYYuWWnGZFb9zb4Z5Q=\""
[2024-04-11T14:33:16.031Z] [INFO] [ApiClient128112085] : "digest : SHA-256=KIw8Miukq3S4iH2QBM9GpsOFD8yUvB/GAvTOJ5qESqk="
[2024-04-11T14:33:16.031Z] [INFO] [ApiClient128112085] : "v-c-merchant-id : bc_5808459559"
[2024-04-11T14:33:16.031Z] [INFO] [ApiClient128112085] : "date : Thu, 11 Apr 2024 14:33:16 GMT"
[2024-04-11T14:33:16.031Z] [INFO] [ApiClient128112085] : "host : apitest.cybersource.com"
[2024-04-11T14:33:16.031Z] [INFO] [ApiClient128112085] : "signature : keyid=\"ea34b9a9-fc29-46df-90c2-f6446f285bb1\", algorithm=\"HmacSHA256\", headers=\"host date request-target digest v-c-merchant-id\", signature=\"lohVRzsp67gc+glyFEiictpO1kYYuWWnGZFb9zb4Z5Q=\""
[2024-04-11T14:33:16.031Z] [INFO] [ApiClient128112085] : "User-Agent : Mozilla/5.0"
[2024-04-11T14:33:16.032Z] [INFO] [ApiClient128112085] : "************************  LOGGING END  ************************"
[2024-04-11T14:34:55.046Z] [INFO] [MerchantConfig695348571] : "************************ LOGGING START ************************"
[2024-04-11T14:34:55.051Z] [INFO] [ApiClient760610704] : "Authentication Type : http_signature"
[2024-04-11T14:34:55.051Z] [INFO] [ApiClient760610704] : "Request Type : POST"
[2024-04-11T14:34:55.053Z] [INFO] [ApiClient760610704] : "signatureHeader : keyid=\"ea34b9a9-fc29-46df-90c2-f6446f285bb1\", algorithm=\"HmacSHA256\", headers=\"host date request-target digest v-c-merchant-id\", signature=\"5y1bzjTrfPNggi6mwELkZNQVAaeHzSWgmlgmv4ctKug=\""
[2024-04-11T14:34:55.053Z] [INFO] [ApiClient760610704] : "digest : SHA-256=E35nSgywkqVsxkAEvLW7XSimkm8dlJgV47uP+NciJow="
[2024-04-11T14:34:55.053Z] [INFO] [ApiClient760610704] : "v-c-merchant-id : bc_5808459559"
[2024-04-11T14:34:55.053Z] [INFO] [ApiClient760610704] : "date : Thu, 11 Apr 2024 14:34:55 GMT"
[2024-04-11T14:34:55.053Z] [INFO] [ApiClient760610704] : "host : apitest.cybersource.com"
[2024-04-11T14:34:55.053Z] [INFO] [ApiClient760610704] : "signature : keyid=\"ea34b9a9-fc29-46df-90c2-f6446f285bb1\", algorithm=\"HmacSHA256\", headers=\"host date request-target digest v-c-merchant-id\", signature=\"5y1bzjTrfPNggi6mwELkZNQVAaeHzSWgmlgmv4ctKug=\""
[2024-04-11T14:34:55.054Z] [INFO] [ApiClient760610704] : "User-Agent : Mozilla/5.0"
[2024-04-11T14:34:55.054Z] [INFO] [ApiClient760610704] : "************************  LOGGING END  ************************"
[2024-04-11T14:37:02.727Z] [INFO] [MerchantConfig930176391] : "************************ LOGGING START ************************"
[2024-04-11T14:37:02.734Z] [INFO] [ApiClient690344409] : "Authentication Type : http_signature"
[2024-04-11T14:37:02.735Z] [INFO] [ApiClient690344409] : "Request Type : POST"
[2024-04-11T14:37:02.735Z] [INFO] [ApiClient690344409] : "signatureHeader : keyid=\"ea34b9a9-fc29-46df-90c2-f6446f285bb1\", algorithm=\"HmacSHA256\", headers=\"host date request-target digest v-c-merchant-id\", signature=\"grtU0Y0XRwRRwqeGV1ziAc3ucYr2dL8wQx8HKtYVKK4=\""
[2024-04-11T14:37:02.736Z] [INFO] [ApiClient690344409] : "digest : SHA-256=2JXKHFeL43mGqzCdChhoy8mOInBZZndbQHqKE9yhXEc="
[2024-04-11T14:37:02.736Z] [INFO] [ApiClient690344409] : "v-c-merchant-id : bc_5808459559"
[2024-04-11T14:37:02.736Z] [INFO] [ApiClient690344409] : "date : Thu, 11 Apr 2024 14:37:02 GMT"
[2024-04-11T14:37:02.736Z] [INFO] [ApiClient690344409] : "host : apitest.cybersource.com"
[2024-04-11T14:37:02.736Z] [INFO] [ApiClient690344409] : "signature : keyid=\"ea34b9a9-fc29-46df-90c2-f6446f285bb1\", algorithm=\"HmacSHA256\", headers=\"host date request-target digest v-c-merchant-id\", signature=\"grtU0Y0XRwRRwqeGV1ziAc3ucYr2dL8wQx8HKtYVKK4=\""
[2024-04-11T14:37:02.736Z] [INFO] [ApiClient690344409] : "User-Agent : Mozilla/5.0"
[2024-04-11T14:37:02.736Z] [INFO] [ApiClient690344409] : "************************  LOGGING END  ************************"
[2024-04-11T14:39:14.412Z] [INFO] [MerchantConfig542696512] : "************************ LOGGING START ************************"
[2024-04-11T14:39:14.418Z] [INFO] [ApiClient480469865] : "Authentication Type : http_signature"
[2024-04-11T14:39:14.418Z] [INFO] [ApiClient480469865] : "Request Type : POST"
[2024-04-11T14:39:14.419Z] [INFO] [ApiClient480469865] : "signatureHeader : keyid=\"ea34b9a9-fc29-46df-90c2-f6446f285bb1\", algorithm=\"HmacSHA256\", headers=\"host date request-target digest v-c-merchant-id\", signature=\"fbqLs1jQnb6R4F7EyvPvga5f+DfOS7SUjDB5p7sHpVM=\""
[2024-04-11T14:39:14.420Z] [INFO] [ApiClient480469865] : "digest : SHA-256=CnLZYcDAaPpdjJS226S9QF25tH7Fd/75/UHvBQOEaDM="
[2024-04-11T14:39:14.420Z] [INFO] [ApiClient480469865] : "v-c-merchant-id : bc_5808459559"
[2024-04-11T14:39:14.420Z] [INFO] [ApiClient480469865] : "date : Thu, 11 Apr 2024 14:39:14 GMT"
[2024-04-11T14:39:14.420Z] [INFO] [ApiClient480469865] : "host : apitest.cybersource.com"
[2024-04-11T14:39:14.420Z] [INFO] [ApiClient480469865] : "signature : keyid=\"ea34b9a9-fc29-46df-90c2-f6446f285bb1\", algorithm=\"HmacSHA256\", headers=\"host date request-target digest v-c-merchant-id\", signature=\"fbqLs1jQnb6R4F7EyvPvga5f+DfOS7SUjDB5p7sHpVM=\""
[2024-04-11T14:39:14.420Z] [INFO] [ApiClient480469865] : "User-Agent : Mozilla/5.0"
[2024-04-11T14:39:14.421Z] [INFO] [ApiClient480469865] : "************************  LOGGING END  ************************"
[2024-04-11T14:48:15.464Z] [INFO] [MerchantConfig650287777] : "************************ LOGGING START ************************"
[2024-04-11T14:48:15.468Z] [INFO] [ApiClient226667548] : "Authentication Type : http_signature"
[2024-04-11T14:48:15.469Z] [INFO] [ApiClient226667548] : "Request Type : POST"
[2024-04-11T14:48:15.472Z] [INFO] [ApiClient226667548] : "signatureHeader : keyid=\"ea34b9a9-fc29-46df-90c2-f6446f285bb1\", algorithm=\"HmacSHA256\", headers=\"host date request-target digest v-c-merchant-id\", signature=\"HpHRmSeoDWpWlXdSSM0lC6PH9THulK2Cv7V2p1Jc2Uw=\""
[2024-04-11T14:48:15.473Z] [INFO] [ApiClient226667548] : "digest : SHA-256=M+U2Dy1QadY4kbD8C7LaYN0m56U5Vtd+bDJnV7A2pQc="
[2024-04-11T14:48:15.473Z] [INFO] [ApiClient226667548] : "v-c-merchant-id : bc_5808459559"
[2024-04-11T14:48:15.474Z] [INFO] [ApiClient226667548] : "date : Thu, 11 Apr 2024 14:48:15 GMT"
[2024-04-11T14:48:15.474Z] [INFO] [ApiClient226667548] : "host : apitest.cybersource.com"
[2024-04-11T14:48:15.474Z] [INFO] [ApiClient226667548] : "signature : keyid=\"ea34b9a9-fc29-46df-90c2-f6446f285bb1\", algorithm=\"HmacSHA256\", headers=\"host date request-target digest v-c-merchant-id\", signature=\"HpHRmSeoDWpWlXdSSM0lC6PH9THulK2Cv7V2p1Jc2Uw=\""
[2024-04-11T14:48:15.475Z] [INFO] [ApiClient226667548] : "User-Agent : Mozilla/5.0"
[2024-04-11T14:48:15.475Z] [INFO] [ApiClient226667548] : "************************  LOGGING END  ************************"
[2024-04-11T14:51:07.736Z] [INFO] [MerchantConfig239855838] : "************************ LOGGING START ************************"
[2024-04-11T14:51:07.741Z] [INFO] [ApiClient749293640] : "Authentication Type : http_signature"
[2024-04-11T14:51:07.741Z] [INFO] [ApiClient749293640] : "Request Type : POST"
[2024-04-11T14:51:07.742Z] [INFO] [ApiClient749293640] : "signatureHeader : keyid=\"ea34b9a9-fc29-46df-90c2-f6446f285bb1\", algorithm=\"HmacSHA256\", headers=\"host date request-target digest v-c-merchant-id\", signature=\"O7J+9ti7OA9zgTHX0zbVjlmrPNuqgtK9eJ4IpNy9CkU=\""
[2024-04-11T14:51:07.742Z] [INFO] [ApiClient749293640] : "digest : SHA-256=P04/qQjBeuXyVuSc39jS5/B17Tz27lI9G74vv2EOlTI="
[2024-04-11T14:51:07.742Z] [INFO] [ApiClient749293640] : "v-c-merchant-id : bc_5808459559"
[2024-04-11T14:51:07.742Z] [INFO] [ApiClient749293640] : "date : Thu, 11 Apr 2024 14:51:07 GMT"
[2024-04-11T14:51:07.742Z] [INFO] [ApiClient749293640] : "host : apitest.cybersource.com"
[2024-04-11T14:51:07.742Z] [INFO] [ApiClient749293640] : "signature : keyid=\"ea34b9a9-fc29-46df-90c2-f6446f285bb1\", algorithm=\"HmacSHA256\", headers=\"host date request-target digest v-c-merchant-id\", signature=\"O7J+9ti7OA9zgTHX0zbVjlmrPNuqgtK9eJ4IpNy9CkU=\""
[2024-04-11T14:51:07.742Z] [INFO] [ApiClient749293640] : "User-Agent : Mozilla/5.0"
[2024-04-11T14:51:07.743Z] [INFO] [ApiClient749293640] : "************************  LOGGING END  ************************"
[2024-04-11T14:51:59.511Z] [INFO] [MerchantConfig367380280] : "************************ LOGGING START ************************"
[2024-04-11T14:51:59.515Z] [INFO] [ApiClient918253521] : "Authentication Type : http_signature"
[2024-04-11T14:51:59.515Z] [INFO] [ApiClient918253521] : "Request Type : POST"
[2024-04-11T14:51:59.516Z] [INFO] [ApiClient918253521] : "signatureHeader : keyid=\"ea34b9a9-fc29-46df-90c2-f6446f285bb1\", algorithm=\"HmacSHA256\", headers=\"host date request-target digest v-c-merchant-id\", signature=\"ZRPdVuW/CHh6Vz9+9ecuHY9YpVMnHBVkG3sdcFvZeMU=\""
[2024-04-11T14:51:59.516Z] [INFO] [ApiClient918253521] : "digest : SHA-256=XlEEITOvZZy2mf71JPpQNniLtiveJ0CUUCy7nhTF8Js="
[2024-04-11T14:51:59.516Z] [INFO] [ApiClient918253521] : "v-c-merchant-id : bc_5808459559"
[2024-04-11T14:51:59.516Z] [INFO] [ApiClient918253521] : "date : Thu, 11 Apr 2024 14:51:59 GMT"
[2024-04-11T14:51:59.516Z] [INFO] [ApiClient918253521] : "host : apitest.cybersource.com"
[2024-04-11T14:51:59.516Z] [INFO] [ApiClient918253521] : "signature : keyid=\"ea34b9a9-fc29-46df-90c2-f6446f285bb1\", algorithm=\"HmacSHA256\", headers=\"host date request-target digest v-c-merchant-id\", signature=\"ZRPdVuW/CHh6Vz9+9ecuHY9YpVMnHBVkG3sdcFvZeMU=\""
[2024-04-11T14:51:59.517Z] [INFO] [ApiClient918253521] : "User-Agent : Mozilla/5.0"
[2024-04-11T14:51:59.517Z] [INFO] [ApiClient918253521] : "************************  LOGGING END  ************************"
[2024-04-11T14:54:25.601Z] [INFO] [MerchantConfig390738929] : "************************ LOGGING START ************************"
[2024-04-11T14:54:25.604Z] [INFO] [ApiClient354890661] : "Authentication Type : http_signature"
[2024-04-11T14:54:25.605Z] [INFO] [ApiClient354890661] : "Request Type : POST"
[2024-04-11T14:54:25.606Z] [INFO] [ApiClient354890661] : "signatureHeader : keyid=\"ea34b9a9-fc29-46df-90c2-f6446f285bb1\", algorithm=\"HmacSHA256\", headers=\"host date request-target digest v-c-merchant-id\", signature=\"Gec9wwgAcKrF4ZcxfXZlF1OfhCOLJSwApiOfBjkoi8I=\""
[2024-04-11T14:54:25.606Z] [INFO] [ApiClient354890661] : "digest : SHA-256=CN283nVpjCs85BAESDZ6eniRUqBi44es3SWVdMqYGg4="
[2024-04-11T14:54:25.607Z] [INFO] [ApiClient354890661] : "v-c-merchant-id : bc_5808459559"
[2024-04-11T14:54:25.607Z] [INFO] [ApiClient354890661] : "date : Thu, 11 Apr 2024 14:54:25 GMT"
[2024-04-11T14:54:25.607Z] [INFO] [ApiClient354890661] : "host : apitest.cybersource.com"
[2024-04-11T14:54:25.607Z] [INFO] [ApiClient354890661] : "signature : keyid=\"ea34b9a9-fc29-46df-90c2-f6446f285bb1\", algorithm=\"HmacSHA256\", headers=\"host date request-target digest v-c-merchant-id\", signature=\"Gec9wwgAcKrF4ZcxfXZlF1OfhCOLJSwApiOfBjkoi8I=\""
[2024-04-11T14:54:25.607Z] [INFO] [ApiClient354890661] : "User-Agent : Mozilla/5.0"
[2024-04-11T14:54:25.607Z] [INFO] [ApiClient354890661] : "************************  LOGGING END  ************************"
[2024-04-11T14:55:51.425Z] [INFO] [MerchantConfig897249961] : "************************ LOGGING START ************************"
[2024-04-11T14:55:51.432Z] [INFO] [ApiClient347470837] : "Authentication Type : http_signature"
[2024-04-11T14:55:51.432Z] [INFO] [ApiClient347470837] : "Request Type : POST"
[2024-04-11T14:55:51.434Z] [INFO] [ApiClient347470837] : "signatureHeader : keyid=\"ea34b9a9-fc29-46df-90c2-f6446f285bb1\", algorithm=\"HmacSHA256\", headers=\"host date request-target digest v-c-merchant-id\", signature=\"z3WCUQQGoc4nznEqe/hTHIbvv3PBWhkxrMkGRRHLPQ8=\""
[2024-04-11T14:55:51.435Z] [INFO] [ApiClient347470837] : "digest : SHA-256=lMWxNvY7dOnUVH9HTpZGAwRCWAItHov011U/2RMCq0g="
[2024-04-11T14:55:51.435Z] [INFO] [ApiClient347470837] : "v-c-merchant-id : bc_5808459559"
[2024-04-11T14:55:51.435Z] [INFO] [ApiClient347470837] : "date : Thu, 11 Apr 2024 14:55:51 GMT"
[2024-04-11T14:55:51.435Z] [INFO] [ApiClient347470837] : "host : apitest.cybersource.com"
[2024-04-11T14:55:51.436Z] [INFO] [ApiClient347470837] : "signature : keyid=\"ea34b9a9-fc29-46df-90c2-f6446f285bb1\", algorithm=\"HmacSHA256\", headers=\"host date request-target digest v-c-merchant-id\", signature=\"z3WCUQQGoc4nznEqe/hTHIbvv3PBWhkxrMkGRRHLPQ8=\""
[2024-04-11T14:55:51.436Z] [INFO] [ApiClient347470837] : "User-Agent : Mozilla/5.0"
[2024-04-11T14:55:51.436Z] [INFO] [ApiClient347470837] : "************************  LOGGING END  ************************"
[2024-04-11T14:56:57.752Z] [INFO] [MerchantConfig159456950] : "************************ LOGGING START ************************"
[2024-04-11T14:56:57.762Z] [INFO] [ApiClient583329133] : "Authentication Type : http_signature"
[2024-04-11T14:56:57.762Z] [INFO] [ApiClient583329133] : "Request Type : POST"
[2024-04-11T14:56:57.764Z] [INFO] [ApiClient583329133] : "signatureHeader : keyid=\"ea34b9a9-fc29-46df-90c2-f6446f285bb1\", algorithm=\"HmacSHA256\", headers=\"host date request-target digest v-c-merchant-id\", signature=\"z515UkbEzmXttdJ61MT7OV9sIwduup/21fcib50DVdo=\""
[2024-04-11T14:56:57.765Z] [INFO] [ApiClient583329133] : "digest : SHA-256=7XPIw3HZ8YyHa19vgTiXGZaKCR70d4HfH9RBor1Rfx4="
[2024-04-11T14:56:57.765Z] [INFO] [ApiClient583329133] : "v-c-merchant-id : bc_5808459559"
[2024-04-11T14:56:57.765Z] [INFO] [ApiClient583329133] : "date : Thu, 11 Apr 2024 14:56:57 GMT"
[2024-04-11T14:56:57.765Z] [INFO] [ApiClient583329133] : "host : apitest.cybersource.com"
[2024-04-11T14:56:57.766Z] [INFO] [ApiClient583329133] : "signature : keyid=\"ea34b9a9-fc29-46df-90c2-f6446f285bb1\", algorithm=\"HmacSHA256\", headers=\"host date request-target digest v-c-merchant-id\", signature=\"z515UkbEzmXttdJ61MT7OV9sIwduup/21fcib50DVdo=\""
[2024-04-11T14:56:57.766Z] [INFO] [ApiClient583329133] : "User-Agent : Mozilla/5.0"
[2024-04-11T14:56:57.766Z] [INFO] [ApiClient583329133] : "************************  LOGGING END  ************************"
[2024-04-11T14:58:21.492Z] [INFO] [MerchantConfig806631409] : "************************ LOGGING START ************************"
[2024-04-11T14:58:21.499Z] [INFO] [ApiClient945484385] : "Authentication Type : http_signature"
[2024-04-11T14:58:21.500Z] [INFO] [ApiClient945484385] : "Request Type : POST"
[2024-04-11T14:58:21.501Z] [INFO] [ApiClient945484385] : "signatureHeader : keyid=\"ea34b9a9-fc29-46df-90c2-f6446f285bb1\", algorithm=\"HmacSHA256\", headers=\"host date request-target digest v-c-merchant-id\", signature=\"N3p1cuUVsoOe6ujg9JNTHGWNI/sePXaM6gJMwq8uXks=\""
[2024-04-11T14:58:21.501Z] [INFO] [ApiClient945484385] : "digest : SHA-256=qbzWW+F/w4tnXJZAm8tPgrk3f2c4aFv3+j327Ybt+kE="
[2024-04-11T14:58:21.501Z] [INFO] [ApiClient945484385] : "v-c-merchant-id : bc_5808459559"
[2024-04-11T14:58:21.501Z] [INFO] [ApiClient945484385] : "date : Thu, 11 Apr 2024 14:58:21 GMT"
[2024-04-11T14:58:21.501Z] [INFO] [ApiClient945484385] : "host : apitest.cybersource.com"
[2024-04-11T14:58:21.502Z] [INFO] [ApiClient945484385] : "signature : keyid=\"ea34b9a9-fc29-46df-90c2-f6446f285bb1\", algorithm=\"HmacSHA256\", headers=\"host date request-target digest v-c-merchant-id\", signature=\"N3p1cuUVsoOe6ujg9JNTHGWNI/sePXaM6gJMwq8uXks=\""
[2024-04-11T14:58:21.502Z] [INFO] [ApiClient945484385] : "User-Agent : Mozilla/5.0"
[2024-04-11T14:58:21.502Z] [INFO] [ApiClient945484385] : "************************  LOGGING END  ************************"
[2024-04-11T15:01:12.440Z] [INFO] [MerchantConfig148159346] : "************************ LOGGING START ************************"
[2024-04-11T15:01:12.448Z] [INFO] [ApiClient962869557] : "Authentication Type : http_signature"
[2024-04-11T15:01:12.448Z] [INFO] [ApiClient962869557] : "Request Type : POST"
[2024-04-11T15:01:12.449Z] [INFO] [ApiClient962869557] : "signatureHeader : keyid=\"ea34b9a9-fc29-46df-90c2-f6446f285bb1\", algorithm=\"HmacSHA256\", headers=\"host date request-target digest v-c-merchant-id\", signature=\"bJpZ2JPIOcebNHaANXYzsoKbYTaTBlcUBBvIs32J/K0=\""
[2024-04-11T15:01:12.450Z] [INFO] [ApiClient962869557] : "digest : SHA-256=OjKDDWVh9IkCDlyGZW3KMaskm2opqDH9sBuJFc/Pp70="
[2024-04-11T15:01:12.450Z] [INFO] [ApiClient962869557] : "v-c-merchant-id : bc_5808459559"
[2024-04-11T15:01:12.450Z] [INFO] [ApiClient962869557] : "date : Thu, 11 Apr 2024 15:01:12 GMT"
[2024-04-11T15:01:12.450Z] [INFO] [ApiClient962869557] : "host : apitest.cybersource.com"
[2024-04-11T15:01:12.450Z] [INFO] [ApiClient962869557] : "signature : keyid=\"ea34b9a9-fc29-46df-90c2-f6446f285bb1\", algorithm=\"HmacSHA256\", headers=\"host date request-target digest v-c-merchant-id\", signature=\"bJpZ2JPIOcebNHaANXYzsoKbYTaTBlcUBBvIs32J/K0=\""
[2024-04-11T15:01:12.451Z] [INFO] [ApiClient962869557] : "User-Agent : Mozilla/5.0"
[2024-04-11T15:01:12.451Z] [INFO] [ApiClient962869557] : "************************  LOGGING END  ************************"
[2024-04-11T15:02:50.299Z] [INFO] [MerchantConfig396012520] : "************************ LOGGING START ************************"
[2024-04-11T15:02:50.307Z] [INFO] [ApiClient866119701] : "Authentication Type : http_signature"
[2024-04-11T15:02:50.308Z] [INFO] [ApiClient866119701] : "Request Type : POST"
[2024-04-11T15:02:50.311Z] [INFO] [ApiClient866119701] : "signatureHeader : keyid=\"ea34b9a9-fc29-46df-90c2-f6446f285bb1\", algorithm=\"HmacSHA256\", headers=\"host date request-target digest v-c-merchant-id\", signature=\"R9GZVARdotVHeoge3dOQua1niy/HVK9TbQKTYfyK+CM=\""
[2024-04-11T15:02:50.312Z] [INFO] [ApiClient866119701] : "digest : SHA-256=xBrplXuJPHcFsblBl8tO48my1qjq21S0ra0dTMT/BcU="
[2024-04-11T15:02:50.312Z] [INFO] [ApiClient866119701] : "v-c-merchant-id : bc_5808459559"
[2024-04-11T15:02:50.312Z] [INFO] [ApiClient866119701] : "date : Thu, 11 Apr 2024 15:02:50 GMT"
[2024-04-11T15:02:50.312Z] [INFO] [ApiClient866119701] : "host : apitest.cybersource.com"
[2024-04-11T15:02:50.312Z] [INFO] [ApiClient866119701] : "signature : keyid=\"ea34b9a9-fc29-46df-90c2-f6446f285bb1\", algorithm=\"HmacSHA256\", headers=\"host date request-target digest v-c-merchant-id\", signature=\"R9GZVARdotVHeoge3dOQua1niy/HVK9TbQKTYfyK+CM=\""
[2024-04-11T15:02:50.314Z] [INFO] [ApiClient866119701] : "User-Agent : Mozilla/5.0"
[2024-04-11T15:02:50.314Z] [INFO] [ApiClient866119701] : "************************  LOGGING END  ************************"
[2024-04-11T15:03:17.004Z] [INFO] [MerchantConfig666217792] : "************************ LOGGING START ************************"
[2024-04-11T15:03:17.009Z] [INFO] [ApiClient45596730] : "Authentication Type : http_signature"
[2024-04-11T15:03:17.009Z] [INFO] [ApiClient45596730] : "Request Type : POST"
[2024-04-11T15:03:17.010Z] [INFO] [ApiClient45596730] : "signatureHeader : keyid=\"ea34b9a9-fc29-46df-90c2-f6446f285bb1\", algorithm=\"HmacSHA256\", headers=\"host date request-target digest v-c-merchant-id\", signature=\"4G514sFj+F5w7kONtGjWXWsOZ+Ns3O+sg+3e65ii4Dw=\""
[2024-04-11T15:03:17.011Z] [INFO] [ApiClient45596730] : "digest : SHA-256=QofBTVdCsGV9OZ8gvhnfiQPykiNln8P/7T4hFqD7clg="
[2024-04-11T15:03:17.011Z] [INFO] [ApiClient45596730] : "v-c-merchant-id : bc_5808459559"
[2024-04-11T15:03:17.011Z] [INFO] [ApiClient45596730] : "date : Thu, 11 Apr 2024 15:03:17 GMT"
[2024-04-11T15:03:17.011Z] [INFO] [ApiClient45596730] : "host : apitest.cybersource.com"
[2024-04-11T15:03:17.011Z] [INFO] [ApiClient45596730] : "signature : keyid=\"ea34b9a9-fc29-46df-90c2-f6446f285bb1\", algorithm=\"HmacSHA256\", headers=\"host date request-target digest v-c-merchant-id\", signature=\"4G514sFj+F5w7kONtGjWXWsOZ+Ns3O+sg+3e65ii4Dw=\""
[2024-04-11T15:03:17.011Z] [INFO] [ApiClient45596730] : "User-Agent : Mozilla/5.0"
[2024-04-11T15:03:17.012Z] [INFO] [ApiClient45596730] : "************************  LOGGING END  ************************"
[2024-04-11T15:03:51.003Z] [INFO] [MerchantConfig447140387] : "************************ LOGGING START ************************"
[2024-04-11T15:03:51.012Z] [INFO] [ApiClient961432997] : "Authentication Type : http_signature"
[2024-04-11T15:03:51.012Z] [INFO] [ApiClient961432997] : "Request Type : POST"
[2024-04-11T15:03:51.013Z] [INFO] [ApiClient961432997] : "signatureHeader : keyid=\"ea34b9a9-fc29-46df-90c2-f6446f285bb1\", algorithm=\"HmacSHA256\", headers=\"host date request-target digest v-c-merchant-id\", signature=\"s1R9Rl4OgaILkun2vUGNPkMVy8vAXse9rzpKz+p8DzM=\""
[2024-04-11T15:03:51.014Z] [INFO] [ApiClient961432997] : "digest : SHA-256=mfq2QU7wkx9ohv5bb4GC6YHXZzYuz1Ni4c4LRx/XOqQ="
[2024-04-11T15:03:51.014Z] [INFO] [ApiClient961432997] : "v-c-merchant-id : bc_5808459559"
[2024-04-11T15:03:51.014Z] [INFO] [ApiClient961432997] : "date : Thu, 11 Apr 2024 15:03:51 GMT"
[2024-04-11T15:03:51.014Z] [INFO] [ApiClient961432997] : "host : apitest.cybersource.com"
[2024-04-11T15:03:51.014Z] [INFO] [ApiClient961432997] : "signature : keyid=\"ea34b9a9-fc29-46df-90c2-f6446f285bb1\", algorithm=\"HmacSHA256\", headers=\"host date request-target digest v-c-merchant-id\", signature=\"s1R9Rl4OgaILkun2vUGNPkMVy8vAXse9rzpKz+p8DzM=\""
[2024-04-11T15:03:51.014Z] [INFO] [ApiClient961432997] : "User-Agent : Mozilla/5.0"
[2024-04-11T15:03:51.015Z] [INFO] [ApiClient961432997] : "************************  LOGGING END  ************************"
[2024-04-11T15:04:42.407Z] [INFO] [MerchantConfig86529472] : "************************ LOGGING START ************************"
[2024-04-11T15:04:42.412Z] [INFO] [ApiClient225109127] : "Authentication Type : http_signature"
[2024-04-11T15:04:42.413Z] [INFO] [ApiClient225109127] : "Request Type : POST"
[2024-04-11T15:04:42.415Z] [INFO] [ApiClient225109127] : "signatureHeader : keyid=\"ea34b9a9-fc29-46df-90c2-f6446f285bb1\", algorithm=\"HmacSHA256\", headers=\"host date request-target digest v-c-merchant-id\", signature=\"FD+zuhlP1gTQZ3o/iW7zF/7nLthYxv/J/Q0UxRPCdyY=\""
[2024-04-11T15:04:42.415Z] [INFO] [ApiClient225109127] : "digest : SHA-256=ppeQadi50LX4K5utZBV1DkhpTNFS+XrAgpMwZOIcTLE="
[2024-04-11T15:04:42.416Z] [INFO] [ApiClient225109127] : "v-c-merchant-id : bc_5808459559"
[2024-04-11T15:04:42.416Z] [INFO] [ApiClient225109127] : "date : Thu, 11 Apr 2024 15:04:42 GMT"
[2024-04-11T15:04:42.416Z] [INFO] [ApiClient225109127] : "host : apitest.cybersource.com"
[2024-04-11T15:04:42.416Z] [INFO] [ApiClient225109127] : "signature : keyid=\"ea34b9a9-fc29-46df-90c2-f6446f285bb1\", algorithm=\"HmacSHA256\", headers=\"host date request-target digest v-c-merchant-id\", signature=\"FD+zuhlP1gTQZ3o/iW7zF/7nLthYxv/J/Q0UxRPCdyY=\""
[2024-04-11T15:04:42.416Z] [INFO] [ApiClient225109127] : "User-Agent : Mozilla/5.0"
[2024-04-11T15:04:42.417Z] [INFO] [ApiClient225109127] : "************************  LOGGING END  ************************"
[2024-04-11T15:05:29.751Z] [INFO] [MerchantConfig414533415] : "************************ LOGGING START ************************"
[2024-04-11T15:05:29.761Z] [INFO] [ApiClient162750155] : "Authentication Type : http_signature"
[2024-04-11T15:05:29.761Z] [INFO] [ApiClient162750155] : "Request Type : POST"
[2024-04-11T15:05:29.765Z] [INFO] [ApiClient162750155] : "signatureHeader : keyid=\"ea34b9a9-fc29-46df-90c2-f6446f285bb1\", algorithm=\"HmacSHA256\", headers=\"host date request-target digest v-c-merchant-id\", signature=\"ohrU9it1Mxaigy2LEJe0TnXZ8n+/fS+1JmuyUpq7ti4=\""
[2024-04-11T15:05:29.765Z] [INFO] [ApiClient162750155] : "digest : SHA-256=FOhibZS2f7fXgpmewAxowaiKQv/Fyo1EeOebtvOV6Uk="
[2024-04-11T15:05:29.766Z] [INFO] [ApiClient162750155] : "v-c-merchant-id : bc_5808459559"
[2024-04-11T15:05:29.766Z] [INFO] [ApiClient162750155] : "date : Thu, 11 Apr 2024 15:05:29 GMT"
[2024-04-11T15:05:29.766Z] [INFO] [ApiClient162750155] : "host : apitest.cybersource.com"
[2024-04-11T15:05:29.766Z] [INFO] [ApiClient162750155] : "signature : keyid=\"ea34b9a9-fc29-46df-90c2-f6446f285bb1\", algorithm=\"HmacSHA256\", headers=\"host date request-target digest v-c-merchant-id\", signature=\"ohrU9it1Mxaigy2LEJe0TnXZ8n+/fS+1JmuyUpq7ti4=\""
[2024-04-11T15:05:29.767Z] [INFO] [ApiClient162750155] : "User-Agent : Mozilla/5.0"
[2024-04-11T15:05:29.767Z] [INFO] [ApiClient162750155] : "************************  LOGGING END  ************************"
[2024-04-11T15:13:30.095Z] [INFO] [MerchantConfig201903497] : "************************ LOGGING START ************************"
[2024-04-11T15:13:30.101Z] [INFO] [ApiClient784220790] : "Authentication Type : http_signature"
[2024-04-11T15:13:30.102Z] [INFO] [ApiClient784220790] : "Request Type : POST"
[2024-04-11T15:13:30.106Z] [INFO] [ApiClient784220790] : "signatureHeader : keyid=\"ea34b9a9-fc29-46df-90c2-f6446f285bb1\", algorithm=\"HmacSHA256\", headers=\"host date request-target digest v-c-merchant-id\", signature=\"vjaQ2pW5z66ccOIhAr+H7GJcFPfBb4/UZBR4ZwYQ3p8=\""
[2024-04-11T15:13:30.106Z] [INFO] [ApiClient784220790] : "digest : SHA-256=UqoZn2DpLRFCCFdETgY+5rrEJP7oQIr0POivF8sZjT8="
[2024-04-11T15:13:30.106Z] [INFO] [ApiClient784220790] : "v-c-merchant-id : bc_5808459559"
[2024-04-11T15:13:30.107Z] [INFO] [ApiClient784220790] : "date : Thu, 11 Apr 2024 15:13:30 GMT"
[2024-04-11T15:13:30.107Z] [INFO] [ApiClient784220790] : "host : apitest.cybersource.com"
[2024-04-11T15:13:30.107Z] [INFO] [ApiClient784220790] : "signature : keyid=\"ea34b9a9-fc29-46df-90c2-f6446f285bb1\", algorithm=\"HmacSHA256\", headers=\"host date request-target digest v-c-merchant-id\", signature=\"vjaQ2pW5z66ccOIhAr+H7GJcFPfBb4/UZBR4ZwYQ3p8=\""
[2024-04-11T15:13:30.107Z] [INFO] [ApiClient784220790] : "User-Agent : Mozilla/5.0"
[2024-04-11T15:13:30.107Z] [INFO] [ApiClient784220790] : "************************  LOGGING END  ************************"
[2024-04-11T15:19:37.107Z] [INFO] [MerchantConfig411191667] : "************************ LOGGING START ************************"
[2024-04-11T15:19:37.109Z] [INFO] [ApiClient206590949] : "Authentication Type : http_signature"
[2024-04-11T15:19:37.110Z] [INFO] [ApiClient206590949] : "Request Type : POST"
[2024-04-11T15:19:37.111Z] [INFO] [ApiClient206590949] : "signatureHeader : keyid=\"ea34b9a9-fc29-46df-90c2-f6446f285bb1\", algorithm=\"HmacSHA256\", headers=\"host date request-target digest v-c-merchant-id\", signature=\"HlC2DQQDi8gCwIr0PK2+NWwjTa0HCwQdoNtKiBLMRls=\""
[2024-04-11T15:19:37.112Z] [INFO] [ApiClient206590949] : "digest : SHA-256=TuVvu6wi0bucRJ5k19Cebk1F/n3n9ZVdgHeoYb7CJ6w="
[2024-04-11T15:19:37.113Z] [INFO] [ApiClient206590949] : "v-c-merchant-id : bc_5808459559"
[2024-04-11T15:19:37.113Z] [INFO] [ApiClient206590949] : "date : Thu, 11 Apr 2024 15:19:37 GMT"
[2024-04-11T15:19:37.113Z] [INFO] [ApiClient206590949] : "host : apitest.cybersource.com"
[2024-04-11T15:19:37.113Z] [INFO] [ApiClient206590949] : "signature : keyid=\"ea34b9a9-fc29-46df-90c2-f6446f285bb1\", algorithm=\"HmacSHA256\", headers=\"host date request-target digest v-c-merchant-id\", signature=\"HlC2DQQDi8gCwIr0PK2+NWwjTa0HCwQdoNtKiBLMRls=\""
[2024-04-11T15:19:37.113Z] [INFO] [ApiClient206590949] : "User-Agent : Mozilla/5.0"
[2024-04-11T15:19:37.113Z] [INFO] [ApiClient206590949] : "************************  LOGGING END  ************************"
[2024-04-11T15:25:53.767Z] [INFO] [MerchantConfig884849315] : "************************ LOGGING START ************************"
[2024-04-11T15:25:53.772Z] [INFO] [ApiClient542908200] : "Authentication Type : http_signature"
[2024-04-11T15:25:53.773Z] [INFO] [ApiClient542908200] : "Request Type : POST"
[2024-04-11T15:25:53.776Z] [INFO] [ApiClient542908200] : "signatureHeader : keyid=\"ea34b9a9-fc29-46df-90c2-f6446f285bb1\", algorithm=\"HmacSHA256\", headers=\"host date request-target digest v-c-merchant-id\", signature=\"V7T/RdJF5cqMY6mP0UGomCkAFdezHCTKPG9Sey3dl+E=\""
[2024-04-11T15:25:53.777Z] [INFO] [ApiClient542908200] : "digest : SHA-256=qVlKyEFlZqSdxGXa5Y7vKOP7v0G9r/nc/p4FpsLtJbk="
[2024-04-11T15:25:53.777Z] [INFO] [ApiClient542908200] : "v-c-merchant-id : bc_5808459559"
[2024-04-11T15:25:53.778Z] [INFO] [ApiClient542908200] : "date : Thu, 11 Apr 2024 15:25:53 GMT"
[2024-04-11T15:25:53.778Z] [INFO] [ApiClient542908200] : "host : apitest.cybersource.com"
[2024-04-11T15:25:53.778Z] [INFO] [ApiClient542908200] : "signature : keyid=\"ea34b9a9-fc29-46df-90c2-f6446f285bb1\", algorithm=\"HmacSHA256\", headers=\"host date request-target digest v-c-merchant-id\", signature=\"V7T/RdJF5cqMY6mP0UGomCkAFdezHCTKPG9Sey3dl+E=\""
[2024-04-11T15:25:53.778Z] [INFO] [ApiClient542908200] : "User-Agent : Mozilla/5.0"
[2024-04-11T15:25:53.778Z] [INFO] [ApiClient542908200] : "************************  LOGGING END  ************************"
[2024-04-11T15:26:49.943Z] [INFO] [MerchantConfig371163997] : "************************ LOGGING START ************************"
[2024-04-11T15:26:49.946Z] [INFO] [ApiClient711111002] : "Authentication Type : http_signature"
[2024-04-11T15:26:49.946Z] [INFO] [ApiClient711111002] : "Request Type : POST"
[2024-04-11T15:26:49.947Z] [INFO] [ApiClient711111002] : "signatureHeader : keyid=\"ea34b9a9-fc29-46df-90c2-f6446f285bb1\", algorithm=\"HmacSHA256\", headers=\"host date request-target digest v-c-merchant-id\", signature=\"83iE9TCJpneBCrbWJt9OHtxbaJwgt4SzNPwpkS6Gyqw=\""
[2024-04-11T15:26:49.947Z] [INFO] [ApiClient711111002] : "digest : SHA-256=bCecnLIpTAlBpSXGCv5bvq8KtEDihsqfOQek3TIIkls="
[2024-04-11T15:26:49.948Z] [INFO] [ApiClient711111002] : "v-c-merchant-id : bc_5808459559"
[2024-04-11T15:26:49.948Z] [INFO] [ApiClient711111002] : "date : Thu, 11 Apr 2024 15:26:49 GMT"
[2024-04-11T15:26:49.948Z] [INFO] [ApiClient711111002] : "host : apitest.cybersource.com"
[2024-04-11T15:26:49.948Z] [INFO] [ApiClient711111002] : "signature : keyid=\"ea34b9a9-fc29-46df-90c2-f6446f285bb1\", algorithm=\"HmacSHA256\", headers=\"host date request-target digest v-c-merchant-id\", signature=\"83iE9TCJpneBCrbWJt9OHtxbaJwgt4SzNPwpkS6Gyqw=\""
[2024-04-11T15:26:49.948Z] [INFO] [ApiClient711111002] : "User-Agent : Mozilla/5.0"
[2024-04-11T15:26:49.948Z] [INFO] [ApiClient711111002] : "************************  LOGGING END  ************************"
