[2024-05-06T21:05:16.181Z] [INFO] [MerchantConfig235314478] : "************************ LOGGING START ************************"
[2024-05-06T21:05:16.194Z] [INFO] [ApiClient802356285] : "Authentication Type : http_signature"
[2024-05-06T21:05:16.195Z] [INFO] [ApiClient802356285] : "Request Type : POST"
[2024-05-06T21:05:16.200Z] [INFO] [ApiClient802356285] : "signatureHeader : keyid=\"ea34b9a9-fc29-46df-90c2-f6446f285bb1\", algorithm=\"HmacSHA256\", headers=\"host date request-target digest v-c-merchant-id\", signature=\"NogRu89dgy3UBz/fbHK/VuwTKtKokJ94Sf7pFEdG3dQ=\""
[2024-05-06T21:05:16.201Z] [INFO] [ApiClient802356285] : "digest : SHA-256=CWRB/SfguJdg44bdCX2P++WMKkVdyCLcHd9A865vvz0="
[2024-05-06T21:05:16.201Z] [INFO] [ApiClient802356285] : "v-c-merchant-id : bc_5808459559"
[2024-05-06T21:05:16.202Z] [INFO] [ApiClient802356285] : "date : Mon, 06 May 2024 21:05:16 GMT"
[2024-05-06T21:05:16.202Z] [INFO] [ApiClient802356285] : "host : apitest.cybersource.com"
[2024-05-06T21:05:16.202Z] [INFO] [ApiClient802356285] : "signature : keyid=\"ea34b9a9-fc29-46df-90c2-f6446f285bb1\", algorithm=\"HmacSHA256\", headers=\"host date request-target digest v-c-merchant-id\", signature=\"NogRu89dgy3UBz/fbHK/VuwTKtKokJ94Sf7pFEdG3dQ=\""
[2024-05-06T21:05:16.203Z] [INFO] [ApiClient802356285] : "User-Agent : Mozilla/5.0"
[2024-05-06T21:05:16.203Z] [INFO] [ApiClient802356285] : "************************  LOGGING END  ************************"
[2024-05-06T21:14:05.773Z] [INFO] [MerchantConfig813095366] : "************************ LOGGING START ************************"
[2024-05-06T21:14:05.793Z] [INFO] [ApiClient627370841] : "Authentication Type : http_signature"
[2024-05-06T21:14:05.793Z] [INFO] [ApiClient627370841] : "Request Type : POST"
[2024-05-06T21:14:05.796Z] [INFO] [ApiClient627370841] : "signatureHeader : keyid=\"ea34b9a9-fc29-46df-90c2-f6446f285bb1\", algorithm=\"HmacSHA256\", headers=\"host date request-target digest v-c-merchant-id\", signature=\"YnW2zAFr+QWfSaB7KKC7EBiLfi82MSaOGoyMDJT58Kc=\""
[2024-05-06T21:14:05.797Z] [INFO] [ApiClient627370841] : "digest : SHA-256=rdk0lu5ZAE/LmISnuMKrGrEEEhB2wjmsMKZS5jIIyXc="
[2024-05-06T21:14:05.797Z] [INFO] [ApiClient627370841] : "v-c-merchant-id : bc_5808459559"
[2024-05-06T21:14:05.798Z] [INFO] [ApiClient627370841] : "date : Mon, 06 May 2024 21:14:05 GMT"
[2024-05-06T21:14:05.798Z] [INFO] [ApiClient627370841] : "host : apitest.cybersource.com"
[2024-05-06T21:14:05.798Z] [INFO] [ApiClient627370841] : "signature : keyid=\"ea34b9a9-fc29-46df-90c2-f6446f285bb1\", algorithm=\"HmacSHA256\", headers=\"host date request-target digest v-c-merchant-id\", signature=\"YnW2zAFr+QWfSaB7KKC7EBiLfi82MSaOGoyMDJT58Kc=\""
[2024-05-06T21:14:05.798Z] [INFO] [ApiClient627370841] : "User-Agent : Mozilla/5.0"
[2024-05-06T21:14:05.798Z] [INFO] [ApiClient627370841] : "************************  LOGGING END  ************************"
[2024-05-06T21:19:13.598Z] [INFO] [MerchantConfig207357637] : "************************ LOGGING START ************************"
[2024-05-06T21:19:13.601Z] [INFO] [ApiClient410705266] : "Authentication Type : http_signature"
[2024-05-06T21:19:13.602Z] [INFO] [ApiClient410705266] : "Request Type : POST"
[2024-05-06T21:19:13.602Z] [INFO] [ApiClient410705266] : "signatureHeader : keyid=\"ea34b9a9-fc29-46df-90c2-f6446f285bb1\", algorithm=\"HmacSHA256\", headers=\"host date request-target digest v-c-merchant-id\", signature=\"UgEFdn9weJybVf3vgYEv6NVPnEDgXPB+GryoGZg5ptQ=\""
[2024-05-06T21:19:13.603Z] [INFO] [ApiClient410705266] : "digest : SHA-256=wNFeGH6rDK8u7AYuwRUGZEBlCs/J1zn7glcJWLOCBeU="
[2024-05-06T21:19:13.603Z] [INFO] [ApiClient410705266] : "v-c-merchant-id : bc_5808459559"
[2024-05-06T21:19:13.603Z] [INFO] [ApiClient410705266] : "date : Mon, 06 May 2024 21:19:13 GMT"
[2024-05-06T21:19:13.603Z] [INFO] [ApiClient410705266] : "host : apitest.cybersource.com"
[2024-05-06T21:19:13.604Z] [INFO] [ApiClient410705266] : "signature : keyid=\"ea34b9a9-fc29-46df-90c2-f6446f285bb1\", algorithm=\"HmacSHA256\", headers=\"host date request-target digest v-c-merchant-id\", signature=\"UgEFdn9weJybVf3vgYEv6NVPnEDgXPB+GryoGZg5ptQ=\""
[2024-05-06T21:19:13.610Z] [INFO] [ApiClient410705266] : "User-Agent : Mozilla/5.0"
[2024-05-06T21:19:13.610Z] [INFO] [ApiClient410705266] : "************************  LOGGING END  ************************"
